[2024-05-27T17:16:03.831+0000] {local_task_job_runner.py:120} INFO - ::group::Pre task execution logs
[2024-05-27T17:16:03.878+0000] {taskinstance.py:2076} INFO - Dependencies all met for dep_context=non-requeueable deps ti=<TaskInstance: oltp_to_olap_transform.load_gcs_to_bq manual__2024-05-27T17:15:40.475249+00:00 [queued]>
[2024-05-27T17:16:03.903+0000] {taskinstance.py:2076} INFO - Dependencies all met for dep_context=requeueable deps ti=<TaskInstance: oltp_to_olap_transform.load_gcs_to_bq manual__2024-05-27T17:15:40.475249+00:00 [queued]>
[2024-05-27T17:16:03.905+0000] {taskinstance.py:2306} INFO - Starting attempt 1 of 0
[2024-05-27T17:16:03.964+0000] {taskinstance.py:2330} INFO - Executing <Task(GCSToBigQueryOperator): load_gcs_to_bq> on 2024-05-27 17:15:40.475249+00:00
[2024-05-27T17:16:03.994+0000] {warnings.py:110} WARNING - /home/***/.local/lib/python3.12/site-packages/***/task/task_runner/standard_task_runner.py:61: DeprecationWarning: This process (pid=97) is multi-threaded, use of fork() may lead to deadlocks in the child.
  pid = os.fork()

[2024-05-27T17:16:04.000+0000] {standard_task_runner.py:63} INFO - Started process 99 to run task
[2024-05-27T17:16:04.000+0000] {standard_task_runner.py:90} INFO - Running: ['***', 'tasks', 'run', 'oltp_to_olap_transform', 'load_gcs_to_bq', 'manual__2024-05-27T17:15:40.475249+00:00', '--job-id', '106', '--raw', '--subdir', 'DAGS_FOLDER/datawarehouse.py', '--cfg-path', '/tmp/tmp5iz0ah88']
[2024-05-27T17:16:04.009+0000] {standard_task_runner.py:91} INFO - Job 106: Subtask load_gcs_to_bq
[2024-05-27T17:16:04.108+0000] {task_command.py:426} INFO - Running <TaskInstance: oltp_to_olap_transform.load_gcs_to_bq manual__2024-05-27T17:15:40.475249+00:00 [running]> on host 9b03efc10d80
[2024-05-27T17:16:04.352+0000] {taskinstance.py:2648} INFO - Exporting env vars: AIRFLOW_CTX_DAG_OWNER='ngquynh' AIRFLOW_CTX_DAG_ID='oltp_to_olap_transform' AIRFLOW_CTX_TASK_ID='load_gcs_to_bq' AIRFLOW_CTX_EXECUTION_DATE='2024-05-27T17:15:40.475249+00:00' AIRFLOW_CTX_TRY_NUMBER='1' AIRFLOW_CTX_DAG_RUN_ID='manual__2024-05-27T17:15:40.475249+00:00'
[2024-05-27T17:16:04.361+0000] {taskinstance.py:430} INFO - ::endgroup::
[2024-05-27T17:16:04.545+0000] {connection.py:274} WARNING - Connection schemes (type: google_cloud_platform) shall not contain '_' according to RFC3986.
[2024-05-27T17:16:04.554+0000] {base.py:84} INFO - Using connection ID 'google_cloud_default' for task execution.
[2024-05-27T17:16:04.559+0000] {gcs_to_bigquery.py:380} INFO - Using existing BigQuery table for storing data...
[2024-05-27T17:16:04.849+0000] {gcs_to_bigquery.py:384} INFO - Executing: {'load': {'autodetect': True, 'createDisposition': 'CREATE_IF_NEEDED', 'destinationTable': {'projectId': 'datawarehouse-423912', 'datasetId': 'warehouse', 'tableId': 'categories'}, 'sourceFormat': 'CSV', 'sourceUris': ['gs://warehouse8/dataupdated/categories.csv'], 'writeDisposition': 'WRITE_EMPTY', 'ignoreUnknownValues': True, 'schema': {'fields': [{'name': 'categoryID', 'type': 'INTEGER', 'mode': 'NULLABLE'}, {'name': 'categoryName', 'type': 'STRING', 'mode': 'NULLABLE'}, {'name': 'description', 'type': 'STRING', 'mode': 'NULLABLE'}]}, 'maxBadRecords': 10, 'skipLeadingRows': 1, 'fieldDelimiter': ';', 'quote': None, 'allowQuotedNewlines': False, 'encoding': 'UTF-8'}}
[2024-05-27T17:16:04.852+0000] {bigquery.py:1660} INFO - Inserting job ***_oltp_to_olap_transform_load_gcs_to_bq_2024_05_27T17_15_40_475249_00_00_ebc5e3c342a10d20151aabf0c48d309d
[2024-05-27T17:16:08.880+0000] {taskinstance.py:441} INFO - ::group::Post task execution logs
[2024-05-27T17:16:08.902+0000] {taskinstance.py:1206} INFO - Marking task as SUCCESS. dag_id=oltp_to_olap_transform, task_id=load_gcs_to_bq, run_id=manual__2024-05-27T17:15:40.475249+00:00, execution_date=20240527T171540, start_date=20240527T171603, end_date=20240527T171608
[2024-05-27T17:16:08.981+0000] {local_task_job_runner.py:240} INFO - Task exited with return code 0
[2024-05-27T17:16:09.027+0000] {taskinstance.py:3498} INFO - 1 downstream tasks scheduled from follow-on schedule check
[2024-05-27T17:16:09.032+0000] {local_task_job_runner.py:222} INFO - ::endgroup::
