[2024-05-27T09:33:46.054+0000] {local_task_job_runner.py:120} INFO - ::group::Pre task execution logs
[2024-05-27T09:33:46.128+0000] {taskinstance.py:2076} INFO - Dependencies all met for dep_context=non-requeueable deps ti=<TaskInstance: bigquery_example.run_bigquery_query manual__2024-05-27T09:33:03.473216+00:00 [queued]>
[2024-05-27T09:33:46.180+0000] {taskinstance.py:2076} INFO - Dependencies all met for dep_context=requeueable deps ti=<TaskInstance: bigquery_example.run_bigquery_query manual__2024-05-27T09:33:03.473216+00:00 [queued]>
[2024-05-27T09:33:46.182+0000] {taskinstance.py:2306} INFO - Starting attempt 1 of 2
[2024-05-27T09:33:46.295+0000] {taskinstance.py:2330} INFO - Executing <Task(BigQueryInsertJobOperator): run_bigquery_query> on 2024-05-27 09:33:03.473216+00:00
[2024-05-27T09:33:46.341+0000] {warnings.py:110} WARNING - /home/***/.local/lib/python3.12/site-packages/***/task/task_runner/standard_task_runner.py:61: DeprecationWarning: This process (pid=2570) is multi-threaded, use of fork() may lead to deadlocks in the child.
  pid = os.fork()

[2024-05-27T09:33:46.347+0000] {standard_task_runner.py:63} INFO - Started process 2579 to run task
[2024-05-27T09:33:46.357+0000] {standard_task_runner.py:90} INFO - Running: ['***', 'tasks', 'run', 'bigquery_example', 'run_bigquery_query', 'manual__2024-05-27T09:33:03.473216+00:00', '--job-id', '67', '--raw', '--subdir', 'DAGS_FOLDER/bigquerry_example.py', '--cfg-path', '/tmp/tmpj97eebdo']
[2024-05-27T09:33:46.369+0000] {standard_task_runner.py:91} INFO - Job 67: Subtask run_bigquery_query
[2024-05-27T09:33:46.588+0000] {task_command.py:426} INFO - Running <TaskInstance: bigquery_example.run_bigquery_query manual__2024-05-27T09:33:03.473216+00:00 [running]> on host 9b03efc10d80
[2024-05-27T09:33:46.922+0000] {taskinstance.py:2648} INFO - Exporting env vars: AIRFLOW_CTX_DAG_OWNER='nquynh' AIRFLOW_CTX_DAG_ID='bigquery_example' AIRFLOW_CTX_TASK_ID='run_bigquery_query' AIRFLOW_CTX_EXECUTION_DATE='2024-05-27T09:33:03.473216+00:00' AIRFLOW_CTX_TRY_NUMBER='1' AIRFLOW_CTX_DAG_RUN_ID='manual__2024-05-27T09:33:03.473216+00:00'
[2024-05-27T09:33:46.928+0000] {taskinstance.py:430} INFO - ::endgroup::
[2024-05-27T09:33:47.076+0000] {connection.py:274} WARNING - Connection schemes (type: google_cloud_platform) shall not contain '_' according to RFC3986.
[2024-05-27T09:33:47.107+0000] {base.py:84} INFO - Using connection ID 'google_cloud_default' for task execution.
[2024-05-27T09:33:47.367+0000] {bigquery.py:2832} INFO - Executing: {'query': {'query': ' \n                        INSERT INTO `datawarehouse-423912.1.categories`\n                        VALUES (3, "quynh")\n                    ', 'useLegacySql': False}}'
[2024-05-27T09:33:47.369+0000] {bigquery.py:1660} INFO - Inserting job ***_bigquery_example_run_bigquery_query_2024_05_27T09_33_03_473216_00_00_f80fed721a8c04f1c88da87109021e72
[2024-05-27T09:33:50.869+0000] {taskinstance.py:441} INFO - ::group::Post task execution logs
[2024-05-27T09:33:50.916+0000] {taskinstance.py:1206} INFO - Marking task as SUCCESS. dag_id=bigquery_example, task_id=run_bigquery_query, run_id=manual__2024-05-27T09:33:03.473216+00:00, execution_date=20240527T093303, start_date=20240527T093346, end_date=20240527T093350
[2024-05-27T09:33:51.019+0000] {local_task_job_runner.py:240} INFO - Task exited with return code 0
[2024-05-27T09:33:51.057+0000] {taskinstance.py:3498} INFO - 0 downstream tasks scheduled from follow-on schedule check
[2024-05-27T09:33:51.061+0000] {local_task_job_runner.py:222} INFO - ::endgroup::
