[2024-05-28T09:30:21.789+0000] {local_task_job_runner.py:120} INFO - ::group::Pre task execution logs
[2024-05-28T09:30:21.821+0000] {taskinstance.py:2076} INFO - Dependencies all met for dep_context=non-requeueable deps ti=<TaskInstance: oltp_to_olap_all_transform.create_Sale_Table manual__2024-05-28T09:29:06.040118+00:00 [queued]>
[2024-05-28T09:30:21.838+0000] {taskinstance.py:2076} INFO - Dependencies all met for dep_context=requeueable deps ti=<TaskInstance: oltp_to_olap_all_transform.create_Sale_Table manual__2024-05-28T09:29:06.040118+00:00 [queued]>
[2024-05-28T09:30:21.839+0000] {taskinstance.py:2306} INFO - Starting attempt 1 of 0
[2024-05-28T09:30:21.866+0000] {taskinstance.py:2330} INFO - Executing <Task(BigQueryInsertJobOperator): create_Sale_Table> on 2024-05-28 09:29:06.040118+00:00
[2024-05-28T09:30:21.875+0000] {warnings.py:110} WARNING - /home/***/.local/lib/python3.12/site-packages/***/task/task_runner/standard_task_runner.py:61: DeprecationWarning: This process (pid=1172) is multi-threaded, use of fork() may lead to deadlocks in the child.
  pid = os.fork()

[2024-05-28T09:30:21.879+0000] {standard_task_runner.py:63} INFO - Started process 1174 to run task
[2024-05-28T09:30:21.879+0000] {standard_task_runner.py:90} INFO - Running: ['***', 'tasks', 'run', 'oltp_to_olap_all_transform', 'create_Sale_Table', 'manual__2024-05-28T09:29:06.040118+00:00', '--job-id', '271', '--raw', '--subdir', 'DAGS_FOLDER/oltp_olap.py', '--cfg-path', '/tmp/tmp3c3ycz74']
[2024-05-28T09:30:21.883+0000] {standard_task_runner.py:91} INFO - Job 271: Subtask create_Sale_Table
[2024-05-28T09:30:21.955+0000] {task_command.py:426} INFO - Running <TaskInstance: oltp_to_olap_all_transform.create_Sale_Table manual__2024-05-28T09:29:06.040118+00:00 [running]> on host 9b03efc10d80
[2024-05-28T09:30:22.091+0000] {taskinstance.py:2648} INFO - Exporting env vars: AIRFLOW_CTX_DAG_OWNER='ngquynh' AIRFLOW_CTX_DAG_ID='oltp_to_olap_all_transform' AIRFLOW_CTX_TASK_ID='create_Sale_Table' AIRFLOW_CTX_EXECUTION_DATE='2024-05-28T09:29:06.040118+00:00' AIRFLOW_CTX_TRY_NUMBER='1' AIRFLOW_CTX_DAG_RUN_ID='manual__2024-05-28T09:29:06.040118+00:00'
[2024-05-28T09:30:22.094+0000] {taskinstance.py:430} INFO - ::endgroup::
[2024-05-28T09:30:22.121+0000] {connection.py:274} WARNING - Connection schemes (type: google_cloud_platform) shall not contain '_' according to RFC3986.
[2024-05-28T09:30:22.124+0000] {base.py:84} INFO - Using connection ID 'google_cloud_default' for task execution.
[2024-05-28T09:30:22.184+0000] {bigquery.py:2832} INFO - Executing: {'query': {'query': 'create or replace table `datawarehouse-423912.OLAP_dataset.Sale_table` AS\nSELECT \n    orderID,\n    SUM(quantity * unitprice * (1 - discount)) AS total_revenue\nFROM \n    `datawarehouse-423912.OLAP_dataset.Dim_Order_details`\nGROUP BY \n    orderID;', 'useLegacySql': False}}'
[2024-05-28T09:30:22.185+0000] {bigquery.py:1660} INFO - Inserting job ***_oltp_to_olap_all_transform_create_Sale_Table_2024_05_28T09_29_06_040118_00_00_81d753e813152bed0122f23e52286a6e
[2024-05-28T09:30:28.123+0000] {taskinstance.py:441} INFO - ::group::Post task execution logs
[2024-05-28T09:30:28.146+0000] {taskinstance.py:1206} INFO - Marking task as SUCCESS. dag_id=oltp_to_olap_all_transform, task_id=create_Sale_Table, run_id=manual__2024-05-28T09:29:06.040118+00:00, execution_date=20240528T092906, start_date=20240528T093021, end_date=20240528T093028
[2024-05-28T09:30:28.205+0000] {local_task_job_runner.py:240} INFO - Task exited with return code 0
[2024-05-28T09:30:28.229+0000] {taskinstance.py:3498} INFO - 1 downstream tasks scheduled from follow-on schedule check
[2024-05-28T09:30:28.233+0000] {local_task_job_runner.py:222} INFO - ::endgroup::
