[2024-05-28T03:57:58.081+0000] {processor.py:161} INFO - Started process (PID=36) to work on /opt/airflow/dags/datawarehouse.py
[2024-05-28T03:57:58.098+0000] {processor.py:830} INFO - Processing file /opt/airflow/dags/datawarehouse.py for tasks to queue
[2024-05-28T03:57:58.118+0000] {logging_mixin.py:188} INFO - [2024-05-28T03:57:58.116+0000] {dagbag.py:545} INFO - Filling up the DagBag from /opt/airflow/dags/datawarehouse.py
[2024-05-28T03:57:58.586+0000] {processor.py:840} INFO - DAG(s) 'oltp_to_olap_transform' retrieved from /opt/airflow/dags/datawarehouse.py
[2024-05-28T03:57:58.717+0000] {logging_mixin.py:188} INFO - [2024-05-28T03:57:58.716+0000] {dag.py:3096} INFO - Sync 1 DAGs
[2024-05-28T03:57:58.800+0000] {logging_mixin.py:188} INFO - [2024-05-28T03:57:58.799+0000] {dag.py:3954} INFO - Setting next_dagrun for oltp_to_olap_transform to None, run_after=None
[2024-05-28T03:57:58.869+0000] {processor.py:183} INFO - Processing /opt/airflow/dags/datawarehouse.py took 0.840 seconds
[2024-05-28T03:58:29.524+0000] {processor.py:161} INFO - Started process (PID=44) to work on /opt/airflow/dags/datawarehouse.py
[2024-05-28T03:58:29.527+0000] {processor.py:830} INFO - Processing file /opt/airflow/dags/datawarehouse.py for tasks to queue
[2024-05-28T03:58:29.534+0000] {logging_mixin.py:188} INFO - [2024-05-28T03:58:29.533+0000] {dagbag.py:545} INFO - Filling up the DagBag from /opt/airflow/dags/datawarehouse.py
[2024-05-28T03:58:29.625+0000] {processor.py:840} INFO - DAG(s) 'oltp_to_olap_transform' retrieved from /opt/airflow/dags/datawarehouse.py
[2024-05-28T03:58:29.716+0000] {logging_mixin.py:188} INFO - [2024-05-28T03:58:29.710+0000] {dag.py:3096} INFO - Sync 1 DAGs
[2024-05-28T03:58:29.767+0000] {logging_mixin.py:188} INFO - [2024-05-28T03:58:29.766+0000] {dag.py:3954} INFO - Setting next_dagrun for oltp_to_olap_transform to None, run_after=None
[2024-05-28T03:58:29.837+0000] {processor.py:183} INFO - Processing /opt/airflow/dags/datawarehouse.py took 0.335 seconds
[2024-05-28T03:59:00.118+0000] {processor.py:161} INFO - Started process (PID=52) to work on /opt/airflow/dags/datawarehouse.py
[2024-05-28T03:59:00.121+0000] {processor.py:830} INFO - Processing file /opt/airflow/dags/datawarehouse.py for tasks to queue
[2024-05-28T03:59:00.128+0000] {logging_mixin.py:188} INFO - [2024-05-28T03:59:00.127+0000] {dagbag.py:545} INFO - Filling up the DagBag from /opt/airflow/dags/datawarehouse.py
[2024-05-28T03:59:00.229+0000] {processor.py:840} INFO - DAG(s) 'oltp_to_olap_transform' retrieved from /opt/airflow/dags/datawarehouse.py
[2024-05-28T03:59:00.302+0000] {logging_mixin.py:188} INFO - [2024-05-28T03:59:00.300+0000] {dag.py:3096} INFO - Sync 1 DAGs
[2024-05-28T03:59:00.347+0000] {logging_mixin.py:188} INFO - [2024-05-28T03:59:00.345+0000] {dag.py:3954} INFO - Setting next_dagrun for oltp_to_olap_transform to None, run_after=None
[2024-05-28T03:59:00.457+0000] {processor.py:183} INFO - Processing /opt/airflow/dags/datawarehouse.py took 0.359 seconds
[2024-05-28T03:59:31.121+0000] {processor.py:161} INFO - Started process (PID=60) to work on /opt/airflow/dags/datawarehouse.py
[2024-05-28T03:59:31.124+0000] {processor.py:830} INFO - Processing file /opt/airflow/dags/datawarehouse.py for tasks to queue
[2024-05-28T03:59:31.128+0000] {logging_mixin.py:188} INFO - [2024-05-28T03:59:31.127+0000] {dagbag.py:545} INFO - Filling up the DagBag from /opt/airflow/dags/datawarehouse.py
[2024-05-28T03:59:31.195+0000] {processor.py:840} INFO - DAG(s) 'oltp_to_olap_transform' retrieved from /opt/airflow/dags/datawarehouse.py
[2024-05-28T03:59:31.259+0000] {logging_mixin.py:188} INFO - [2024-05-28T03:59:31.258+0000] {dag.py:3096} INFO - Sync 1 DAGs
[2024-05-28T03:59:31.300+0000] {logging_mixin.py:188} INFO - [2024-05-28T03:59:31.300+0000] {dag.py:3954} INFO - Setting next_dagrun for oltp_to_olap_transform to None, run_after=None
[2024-05-28T03:59:31.343+0000] {processor.py:183} INFO - Processing /opt/airflow/dags/datawarehouse.py took 0.235 seconds
[2024-05-28T04:00:01.767+0000] {processor.py:161} INFO - Started process (PID=68) to work on /opt/airflow/dags/datawarehouse.py
[2024-05-28T04:00:01.773+0000] {processor.py:830} INFO - Processing file /opt/airflow/dags/datawarehouse.py for tasks to queue
[2024-05-28T04:00:01.787+0000] {logging_mixin.py:188} INFO - [2024-05-28T04:00:01.784+0000] {dagbag.py:545} INFO - Filling up the DagBag from /opt/airflow/dags/datawarehouse.py
[2024-05-28T04:00:02.019+0000] {processor.py:840} INFO - DAG(s) 'oltp_to_olap_transform' retrieved from /opt/airflow/dags/datawarehouse.py
[2024-05-28T04:00:02.224+0000] {logging_mixin.py:188} INFO - [2024-05-28T04:00:02.219+0000] {dag.py:3096} INFO - Sync 1 DAGs
[2024-05-28T04:00:02.323+0000] {logging_mixin.py:188} INFO - [2024-05-28T04:00:02.323+0000] {dag.py:3954} INFO - Setting next_dagrun for oltp_to_olap_transform to None, run_after=None
[2024-05-28T04:00:02.409+0000] {processor.py:183} INFO - Processing /opt/airflow/dags/datawarehouse.py took 0.748 seconds
[2024-05-28T04:00:32.870+0000] {processor.py:161} INFO - Started process (PID=76) to work on /opt/airflow/dags/datawarehouse.py
[2024-05-28T04:00:32.874+0000] {processor.py:830} INFO - Processing file /opt/airflow/dags/datawarehouse.py for tasks to queue
[2024-05-28T04:00:32.884+0000] {logging_mixin.py:188} INFO - [2024-05-28T04:00:32.883+0000] {dagbag.py:545} INFO - Filling up the DagBag from /opt/airflow/dags/datawarehouse.py
[2024-05-28T04:00:32.959+0000] {processor.py:840} INFO - DAG(s) 'oltp_to_olap_transform' retrieved from /opt/airflow/dags/datawarehouse.py
[2024-05-28T04:00:33.020+0000] {logging_mixin.py:188} INFO - [2024-05-28T04:00:33.019+0000] {dag.py:3096} INFO - Sync 1 DAGs
[2024-05-28T04:00:33.061+0000] {logging_mixin.py:188} INFO - [2024-05-28T04:00:33.060+0000] {dag.py:3954} INFO - Setting next_dagrun for oltp_to_olap_transform to None, run_after=None
[2024-05-28T04:00:33.120+0000] {processor.py:183} INFO - Processing /opt/airflow/dags/datawarehouse.py took 0.266 seconds
[2024-05-28T04:01:03.339+0000] {processor.py:161} INFO - Started process (PID=84) to work on /opt/airflow/dags/datawarehouse.py
[2024-05-28T04:01:03.349+0000] {processor.py:830} INFO - Processing file /opt/airflow/dags/datawarehouse.py for tasks to queue
[2024-05-28T04:01:03.365+0000] {logging_mixin.py:188} INFO - [2024-05-28T04:01:03.363+0000] {dagbag.py:545} INFO - Filling up the DagBag from /opt/airflow/dags/datawarehouse.py
[2024-05-28T04:01:03.677+0000] {processor.py:840} INFO - DAG(s) 'oltp_to_olap_transform' retrieved from /opt/airflow/dags/datawarehouse.py
[2024-05-28T04:01:03.881+0000] {logging_mixin.py:188} INFO - [2024-05-28T04:01:03.872+0000] {dag.py:3096} INFO - Sync 1 DAGs
[2024-05-28T04:01:03.964+0000] {logging_mixin.py:188} INFO - [2024-05-28T04:01:03.964+0000] {dag.py:3954} INFO - Setting next_dagrun for oltp_to_olap_transform to None, run_after=None
[2024-05-28T04:01:04.029+0000] {processor.py:183} INFO - Processing /opt/airflow/dags/datawarehouse.py took 0.736 seconds
[2024-05-28T04:01:34.937+0000] {processor.py:161} INFO - Started process (PID=92) to work on /opt/airflow/dags/datawarehouse.py
[2024-05-28T04:01:34.971+0000] {processor.py:830} INFO - Processing file /opt/airflow/dags/datawarehouse.py for tasks to queue
[2024-05-28T04:01:35.102+0000] {logging_mixin.py:188} INFO - [2024-05-28T04:01:35.093+0000] {dagbag.py:545} INFO - Filling up the DagBag from /opt/airflow/dags/datawarehouse.py
[2024-05-28T04:01:35.712+0000] {processor.py:840} INFO - DAG(s) 'oltp_to_olap_transform' retrieved from /opt/airflow/dags/datawarehouse.py
[2024-05-28T04:01:35.900+0000] {logging_mixin.py:188} INFO - [2024-05-28T04:01:35.898+0000] {dag.py:3096} INFO - Sync 1 DAGs
[2024-05-28T04:01:35.974+0000] {logging_mixin.py:188} INFO - [2024-05-28T04:01:35.973+0000] {dag.py:3954} INFO - Setting next_dagrun for oltp_to_olap_transform to None, run_after=None
[2024-05-28T04:01:36.043+0000] {processor.py:183} INFO - Processing /opt/airflow/dags/datawarehouse.py took 1.387 seconds
[2024-05-28T04:02:06.568+0000] {processor.py:161} INFO - Started process (PID=100) to work on /opt/airflow/dags/datawarehouse.py
[2024-05-28T04:02:06.569+0000] {processor.py:830} INFO - Processing file /opt/airflow/dags/datawarehouse.py for tasks to queue
[2024-05-28T04:02:06.572+0000] {logging_mixin.py:188} INFO - [2024-05-28T04:02:06.572+0000] {dagbag.py:545} INFO - Filling up the DagBag from /opt/airflow/dags/datawarehouse.py
[2024-05-28T04:02:06.612+0000] {processor.py:840} INFO - DAG(s) 'oltp_to_olap_transform' retrieved from /opt/airflow/dags/datawarehouse.py
[2024-05-28T04:02:06.653+0000] {logging_mixin.py:188} INFO - [2024-05-28T04:02:06.653+0000] {dag.py:3096} INFO - Sync 1 DAGs
[2024-05-28T04:02:06.672+0000] {logging_mixin.py:188} INFO - [2024-05-28T04:02:06.671+0000] {dag.py:3954} INFO - Setting next_dagrun for oltp_to_olap_transform to None, run_after=None
[2024-05-28T04:02:06.701+0000] {processor.py:183} INFO - Processing /opt/airflow/dags/datawarehouse.py took 0.151 seconds
[2024-05-28T04:02:37.633+0000] {processor.py:161} INFO - Started process (PID=108) to work on /opt/airflow/dags/datawarehouse.py
[2024-05-28T04:02:37.636+0000] {processor.py:830} INFO - Processing file /opt/airflow/dags/datawarehouse.py for tasks to queue
[2024-05-28T04:02:37.652+0000] {logging_mixin.py:188} INFO - [2024-05-28T04:02:37.650+0000] {dagbag.py:545} INFO - Filling up the DagBag from /opt/airflow/dags/datawarehouse.py
[2024-05-28T04:02:37.786+0000] {processor.py:840} INFO - DAG(s) 'oltp_to_olap_transform' retrieved from /opt/airflow/dags/datawarehouse.py
[2024-05-28T04:02:37.879+0000] {logging_mixin.py:188} INFO - [2024-05-28T04:02:37.878+0000] {dag.py:3096} INFO - Sync 1 DAGs
[2024-05-28T04:02:37.934+0000] {logging_mixin.py:188} INFO - [2024-05-28T04:02:37.934+0000] {dag.py:3954} INFO - Setting next_dagrun for oltp_to_olap_transform to None, run_after=None
[2024-05-28T04:02:37.986+0000] {processor.py:183} INFO - Processing /opt/airflow/dags/datawarehouse.py took 0.389 seconds
