[2024-05-28T03:57:58.081+0000] {processor.py:161} INFO - Started process (PID=37) to work on /opt/airflow/dags/orderslte.py
[2024-05-28T03:57:58.098+0000] {processor.py:830} INFO - Processing file /opt/airflow/dags/orderslte.py for tasks to queue
[2024-05-28T03:57:58.119+0000] {logging_mixin.py:188} INFO - [2024-05-28T03:57:58.117+0000] {dagbag.py:545} INFO - Filling up the DagBag from /opt/airflow/dags/orderslte.py
[2024-05-28T03:57:58.512+0000] {logging_mixin.py:188} INFO - CREATE OR REPLACE TABLE `datawarehouse-423912.OLAP_dataset.orders` AS
SELECT
  SAFE_CAST(order_date AS DATE) AS order_date,
  EXTRACT(MONTH FROM SAFE_CAST(order_date AS DATE)) AS month,
  EXTRACT(QUARTER FROM SAFE_CAST(order_date AS DATE)) AS quarter,
  EXTRACT(YEAR FROM SAFE_CAST(order_date AS DATE)) AS year,
  CASE
    WHEN EXTRACT(DAYOFWEEK FROM SAFE_CAST(order_date AS DATE)) IN (1, 7) THEN TRUE
    ELSE FALSE
  END AS weekend_flag
FROM
  `datawarehouse-423912.warehouse.orders`
WHERE
  SAFE_CAST(order_date AS DATE) IS NOT NULL;
[2024-05-28T03:57:58.585+0000] {processor.py:840} INFO - DAG(s) 'oltp_to_olap_oders_transform' retrieved from /opt/airflow/dags/orderslte.py
[2024-05-28T03:57:58.747+0000] {logging_mixin.py:188} INFO - [2024-05-28T03:57:58.746+0000] {dag.py:3096} INFO - Sync 1 DAGs
[2024-05-28T03:57:58.801+0000] {logging_mixin.py:188} INFO - [2024-05-28T03:57:58.801+0000] {dag.py:3954} INFO - Setting next_dagrun for oltp_to_olap_oders_transform to None, run_after=None
[2024-05-28T03:57:58.869+0000] {processor.py:183} INFO - Processing /opt/airflow/dags/orderslte.py took 0.818 seconds
[2024-05-28T03:58:29.542+0000] {processor.py:161} INFO - Started process (PID=45) to work on /opt/airflow/dags/orderslte.py
[2024-05-28T03:58:29.544+0000] {processor.py:830} INFO - Processing file /opt/airflow/dags/orderslte.py for tasks to queue
[2024-05-28T03:58:29.551+0000] {logging_mixin.py:188} INFO - [2024-05-28T03:58:29.550+0000] {dagbag.py:545} INFO - Filling up the DagBag from /opt/airflow/dags/orderslte.py
[2024-05-28T03:58:29.612+0000] {logging_mixin.py:188} INFO - CREATE OR REPLACE TABLE `datawarehouse-423912.OLAP_dataset.orders` AS
SELECT
  SAFE_CAST(order_date AS DATE) AS order_date,
  EXTRACT(MONTH FROM SAFE_CAST(order_date AS DATE)) AS month,
  EXTRACT(QUARTER FROM SAFE_CAST(order_date AS DATE)) AS quarter,
  EXTRACT(YEAR FROM SAFE_CAST(order_date AS DATE)) AS year,
  CASE
    WHEN EXTRACT(DAYOFWEEK FROM SAFE_CAST(order_date AS DATE)) IN (1, 7) THEN TRUE
    ELSE FALSE
  END AS weekend_flag
FROM
  `datawarehouse-423912.warehouse.orders`
WHERE
  SAFE_CAST(order_date AS DATE) IS NOT NULL;
[2024-05-28T03:58:29.644+0000] {processor.py:840} INFO - DAG(s) 'oltp_to_olap_oders_transform' retrieved from /opt/airflow/dags/orderslte.py
[2024-05-28T03:58:29.733+0000] {logging_mixin.py:188} INFO - [2024-05-28T03:58:29.733+0000] {dag.py:3096} INFO - Sync 1 DAGs
[2024-05-28T03:58:29.778+0000] {logging_mixin.py:188} INFO - [2024-05-28T03:58:29.778+0000] {dag.py:3954} INFO - Setting next_dagrun for oltp_to_olap_oders_transform to None, run_after=None
[2024-05-28T03:58:29.839+0000] {processor.py:183} INFO - Processing /opt/airflow/dags/orderslte.py took 0.312 seconds
[2024-05-28T03:59:00.137+0000] {processor.py:161} INFO - Started process (PID=53) to work on /opt/airflow/dags/orderslte.py
[2024-05-28T03:59:00.141+0000] {processor.py:830} INFO - Processing file /opt/airflow/dags/orderslte.py for tasks to queue
[2024-05-28T03:59:00.148+0000] {logging_mixin.py:188} INFO - [2024-05-28T03:59:00.147+0000] {dagbag.py:545} INFO - Filling up the DagBag from /opt/airflow/dags/orderslte.py
[2024-05-28T03:59:00.223+0000] {logging_mixin.py:188} INFO - CREATE OR REPLACE TABLE `datawarehouse-423912.OLAP_dataset.orders` AS
SELECT
  SAFE_CAST(order_date AS DATE) AS order_date,
  EXTRACT(MONTH FROM SAFE_CAST(order_date AS DATE)) AS month,
  EXTRACT(QUARTER FROM SAFE_CAST(order_date AS DATE)) AS quarter,
  EXTRACT(YEAR FROM SAFE_CAST(order_date AS DATE)) AS year,
  CASE
    WHEN EXTRACT(DAYOFWEEK FROM SAFE_CAST(order_date AS DATE)) IN (1, 7) THEN TRUE
    ELSE FALSE
  END AS weekend_flag
FROM
  `datawarehouse-423912.warehouse.orders`
WHERE
  SAFE_CAST(order_date AS DATE) IS NOT NULL;
[2024-05-28T03:59:00.257+0000] {processor.py:840} INFO - DAG(s) 'oltp_to_olap_oders_transform' retrieved from /opt/airflow/dags/orderslte.py
[2024-05-28T03:59:00.331+0000] {logging_mixin.py:188} INFO - [2024-05-28T03:59:00.330+0000] {dag.py:3096} INFO - Sync 1 DAGs
[2024-05-28T03:59:00.392+0000] {logging_mixin.py:188} INFO - [2024-05-28T03:59:00.390+0000] {dag.py:3954} INFO - Setting next_dagrun for oltp_to_olap_oders_transform to None, run_after=None
[2024-05-28T03:59:00.511+0000] {processor.py:183} INFO - Processing /opt/airflow/dags/orderslte.py took 0.392 seconds
[2024-05-28T03:59:31.130+0000] {processor.py:161} INFO - Started process (PID=61) to work on /opt/airflow/dags/orderslte.py
[2024-05-28T03:59:31.132+0000] {processor.py:830} INFO - Processing file /opt/airflow/dags/orderslte.py for tasks to queue
[2024-05-28T03:59:31.136+0000] {logging_mixin.py:188} INFO - [2024-05-28T03:59:31.135+0000] {dagbag.py:545} INFO - Filling up the DagBag from /opt/airflow/dags/orderslte.py
[2024-05-28T03:59:31.186+0000] {logging_mixin.py:188} INFO - CREATE OR REPLACE TABLE `datawarehouse-423912.OLAP_dataset.orders` AS
SELECT
  SAFE_CAST(order_date AS DATE) AS order_date,
  EXTRACT(MONTH FROM SAFE_CAST(order_date AS DATE)) AS month,
  EXTRACT(QUARTER FROM SAFE_CAST(order_date AS DATE)) AS quarter,
  EXTRACT(YEAR FROM SAFE_CAST(order_date AS DATE)) AS year,
  CASE
    WHEN EXTRACT(DAYOFWEEK FROM SAFE_CAST(order_date AS DATE)) IN (1, 7) THEN TRUE
    ELSE FALSE
  END AS weekend_flag
FROM
  `datawarehouse-423912.warehouse.orders`
WHERE
  SAFE_CAST(order_date AS DATE) IS NOT NULL;
[2024-05-28T03:59:31.212+0000] {processor.py:840} INFO - DAG(s) 'oltp_to_olap_oders_transform' retrieved from /opt/airflow/dags/orderslte.py
[2024-05-28T03:59:31.270+0000] {logging_mixin.py:188} INFO - [2024-05-28T03:59:31.269+0000] {dag.py:3096} INFO - Sync 1 DAGs
[2024-05-28T03:59:31.308+0000] {logging_mixin.py:188} INFO - [2024-05-28T03:59:31.308+0000] {dag.py:3954} INFO - Setting next_dagrun for oltp_to_olap_oders_transform to None, run_after=None
[2024-05-28T03:59:31.347+0000] {processor.py:183} INFO - Processing /opt/airflow/dags/orderslte.py took 0.227 seconds
[2024-05-28T04:00:01.843+0000] {processor.py:161} INFO - Started process (PID=69) to work on /opt/airflow/dags/orderslte.py
[2024-05-28T04:00:01.849+0000] {processor.py:830} INFO - Processing file /opt/airflow/dags/orderslte.py for tasks to queue
[2024-05-28T04:00:01.861+0000] {logging_mixin.py:188} INFO - [2024-05-28T04:00:01.860+0000] {dagbag.py:545} INFO - Filling up the DagBag from /opt/airflow/dags/orderslte.py
[2024-05-28T04:00:01.964+0000] {logging_mixin.py:188} INFO - CREATE OR REPLACE TABLE `datawarehouse-423912.OLAP_dataset.orders` AS
SELECT
  SAFE_CAST(order_date AS DATE) AS order_date,
  EXTRACT(MONTH FROM SAFE_CAST(order_date AS DATE)) AS month,
  EXTRACT(QUARTER FROM SAFE_CAST(order_date AS DATE)) AS quarter,
  EXTRACT(YEAR FROM SAFE_CAST(order_date AS DATE)) AS year,
  CASE
    WHEN EXTRACT(DAYOFWEEK FROM SAFE_CAST(order_date AS DATE)) IN (1, 7) THEN TRUE
    ELSE FALSE
  END AS weekend_flag
FROM
  `datawarehouse-423912.warehouse.orders`
WHERE
  SAFE_CAST(order_date AS DATE) IS NOT NULL;
[2024-05-28T04:00:02.035+0000] {processor.py:840} INFO - DAG(s) 'oltp_to_olap_oders_transform' retrieved from /opt/airflow/dags/orderslte.py
[2024-05-28T04:00:02.223+0000] {logging_mixin.py:188} INFO - [2024-05-28T04:00:02.222+0000] {dag.py:3096} INFO - Sync 1 DAGs
[2024-05-28T04:00:02.290+0000] {logging_mixin.py:188} INFO - [2024-05-28T04:00:02.289+0000] {dag.py:3954} INFO - Setting next_dagrun for oltp_to_olap_oders_transform to None, run_after=None
[2024-05-28T04:00:02.386+0000] {processor.py:183} INFO - Processing /opt/airflow/dags/orderslte.py took 0.585 seconds
[2024-05-28T04:00:32.919+0000] {processor.py:161} INFO - Started process (PID=77) to work on /opt/airflow/dags/orderslte.py
[2024-05-28T04:00:32.925+0000] {processor.py:830} INFO - Processing file /opt/airflow/dags/orderslte.py for tasks to queue
[2024-05-28T04:00:32.930+0000] {logging_mixin.py:188} INFO - [2024-05-28T04:00:32.930+0000] {dagbag.py:545} INFO - Filling up the DagBag from /opt/airflow/dags/orderslte.py
[2024-05-28T04:00:32.971+0000] {logging_mixin.py:188} INFO - CREATE OR REPLACE TABLE `datawarehouse-423912.OLAP_dataset.orders` AS
SELECT
  SAFE_CAST(order_date AS DATE) AS order_date,
  EXTRACT(MONTH FROM SAFE_CAST(order_date AS DATE)) AS month,
  EXTRACT(QUARTER FROM SAFE_CAST(order_date AS DATE)) AS quarter,
  EXTRACT(YEAR FROM SAFE_CAST(order_date AS DATE)) AS year,
  CASE
    WHEN EXTRACT(DAYOFWEEK FROM SAFE_CAST(order_date AS DATE)) IN (1, 7) THEN TRUE
    ELSE FALSE
  END AS weekend_flag
FROM
  `datawarehouse-423912.warehouse.orders`
WHERE
  SAFE_CAST(order_date AS DATE) IS NOT NULL;
[2024-05-28T04:00:32.995+0000] {processor.py:840} INFO - DAG(s) 'oltp_to_olap_oders_transform' retrieved from /opt/airflow/dags/orderslte.py
[2024-05-28T04:00:33.058+0000] {logging_mixin.py:188} INFO - [2024-05-28T04:00:33.057+0000] {dag.py:3096} INFO - Sync 1 DAGs
[2024-05-28T04:00:33.097+0000] {logging_mixin.py:188} INFO - [2024-05-28T04:00:33.096+0000] {dag.py:3954} INFO - Setting next_dagrun for oltp_to_olap_oders_transform to None, run_after=None
[2024-05-28T04:00:37.781+0000] {processor.py:183} INFO - Processing /opt/airflow/dags/orderslte.py took 4.875 seconds
[2024-05-28T04:01:08.238+0000] {processor.py:161} INFO - Started process (PID=85) to work on /opt/airflow/dags/orderslte.py
[2024-05-28T04:01:08.257+0000] {processor.py:830} INFO - Processing file /opt/airflow/dags/orderslte.py for tasks to queue
[2024-05-28T04:01:08.262+0000] {logging_mixin.py:188} INFO - [2024-05-28T04:01:08.261+0000] {dagbag.py:545} INFO - Filling up the DagBag from /opt/airflow/dags/orderslte.py
[2024-05-28T04:01:08.456+0000] {logging_mixin.py:188} INFO - CREATE OR REPLACE TABLE `datawarehouse-423912.OLAP_dataset.orders` AS
SELECT
  SAFE_CAST(order_date AS DATE) AS order_date,
  EXTRACT(MONTH FROM SAFE_CAST(order_date AS DATE)) AS month,
  EXTRACT(QUARTER FROM SAFE_CAST(order_date AS DATE)) AS quarter,
  EXTRACT(YEAR FROM SAFE_CAST(order_date AS DATE)) AS year,
  CASE
    WHEN EXTRACT(DAYOFWEEK FROM SAFE_CAST(order_date AS DATE)) IN (1, 7) THEN TRUE
    ELSE FALSE
  END AS weekend_flag
FROM
  `datawarehouse-423912.warehouse.orders`
WHERE
  SAFE_CAST(order_date AS DATE) IS NOT NULL;
[2024-05-28T04:01:08.546+0000] {processor.py:840} INFO - DAG(s) 'oltp_to_olap_oders_transform' retrieved from /opt/airflow/dags/orderslte.py
[2024-05-28T04:01:08.700+0000] {logging_mixin.py:188} INFO - [2024-05-28T04:01:08.699+0000] {dag.py:3096} INFO - Sync 1 DAGs
[2024-05-28T04:01:08.778+0000] {logging_mixin.py:188} INFO - [2024-05-28T04:01:08.777+0000] {dag.py:3954} INFO - Setting next_dagrun for oltp_to_olap_oders_transform to None, run_after=None
[2024-05-28T04:01:08.901+0000] {processor.py:183} INFO - Processing /opt/airflow/dags/orderslte.py took 0.711 seconds
[2024-05-28T04:01:39.535+0000] {processor.py:161} INFO - Started process (PID=93) to work on /opt/airflow/dags/orderslte.py
[2024-05-28T04:01:39.556+0000] {processor.py:830} INFO - Processing file /opt/airflow/dags/orderslte.py for tasks to queue
[2024-05-28T04:01:39.635+0000] {logging_mixin.py:188} INFO - [2024-05-28T04:01:39.627+0000] {dagbag.py:545} INFO - Filling up the DagBag from /opt/airflow/dags/orderslte.py
[2024-05-28T04:01:39.756+0000] {logging_mixin.py:188} INFO - CREATE OR REPLACE TABLE `datawarehouse-423912.OLAP_dataset.orders` AS
SELECT
  SAFE_CAST(order_date AS DATE) AS order_date,
  EXTRACT(MONTH FROM SAFE_CAST(order_date AS DATE)) AS month,
  EXTRACT(QUARTER FROM SAFE_CAST(order_date AS DATE)) AS quarter,
  EXTRACT(YEAR FROM SAFE_CAST(order_date AS DATE)) AS year,
  CASE
    WHEN EXTRACT(DAYOFWEEK FROM SAFE_CAST(order_date AS DATE)) IN (1, 7) THEN TRUE
    ELSE FALSE
  END AS weekend_flag
FROM
  `datawarehouse-423912.warehouse.orders`
WHERE
  SAFE_CAST(order_date AS DATE) IS NOT NULL;
[2024-05-28T04:01:39.837+0000] {processor.py:840} INFO - DAG(s) 'oltp_to_olap_oders_transform' retrieved from /opt/airflow/dags/orderslte.py
[2024-05-28T04:01:40.105+0000] {logging_mixin.py:188} INFO - [2024-05-28T04:01:40.103+0000] {dag.py:3096} INFO - Sync 1 DAGs
[2024-05-28T04:01:40.247+0000] {logging_mixin.py:188} INFO - [2024-05-28T04:01:40.247+0000] {dag.py:3954} INFO - Setting next_dagrun for oltp_to_olap_oders_transform to None, run_after=None
[2024-05-28T04:01:40.348+0000] {processor.py:183} INFO - Processing /opt/airflow/dags/orderslte.py took 1.155 seconds
[2024-05-28T04:02:10.981+0000] {processor.py:161} INFO - Started process (PID=101) to work on /opt/airflow/dags/orderslte.py
[2024-05-28T04:02:10.992+0000] {processor.py:830} INFO - Processing file /opt/airflow/dags/orderslte.py for tasks to queue
[2024-05-28T04:02:11.019+0000] {logging_mixin.py:188} INFO - [2024-05-28T04:02:11.017+0000] {dagbag.py:545} INFO - Filling up the DagBag from /opt/airflow/dags/orderslte.py
[2024-05-28T04:02:11.111+0000] {logging_mixin.py:188} INFO - CREATE OR REPLACE TABLE `datawarehouse-423912.OLAP_dataset.orders` AS
SELECT
  SAFE_CAST(order_date AS DATE) AS order_date,
  EXTRACT(MONTH FROM SAFE_CAST(order_date AS DATE)) AS month,
  EXTRACT(QUARTER FROM SAFE_CAST(order_date AS DATE)) AS quarter,
  EXTRACT(YEAR FROM SAFE_CAST(order_date AS DATE)) AS year,
  CASE
    WHEN EXTRACT(DAYOFWEEK FROM SAFE_CAST(order_date AS DATE)) IN (1, 7) THEN TRUE
    ELSE FALSE
  END AS weekend_flag
FROM
  `datawarehouse-423912.warehouse.orders`
WHERE
  SAFE_CAST(order_date AS DATE) IS NOT NULL;
[2024-05-28T04:02:11.182+0000] {processor.py:840} INFO - DAG(s) 'oltp_to_olap_oders_transform' retrieved from /opt/airflow/dags/orderslte.py
[2024-05-28T04:02:11.335+0000] {logging_mixin.py:188} INFO - [2024-05-28T04:02:11.332+0000] {dag.py:3096} INFO - Sync 1 DAGs
[2024-05-28T04:02:11.547+0000] {logging_mixin.py:188} INFO - [2024-05-28T04:02:11.547+0000] {dag.py:3954} INFO - Setting next_dagrun for oltp_to_olap_oders_transform to None, run_after=None
[2024-05-28T04:02:11.627+0000] {processor.py:183} INFO - Processing /opt/airflow/dags/orderslte.py took 0.800 seconds
[2024-05-28T04:02:42.199+0000] {processor.py:161} INFO - Started process (PID=109) to work on /opt/airflow/dags/orderslte.py
[2024-05-28T04:02:42.203+0000] {processor.py:830} INFO - Processing file /opt/airflow/dags/orderslte.py for tasks to queue
[2024-05-28T04:02:42.211+0000] {logging_mixin.py:188} INFO - [2024-05-28T04:02:42.209+0000] {dagbag.py:545} INFO - Filling up the DagBag from /opt/airflow/dags/orderslte.py
[2024-05-28T04:02:42.302+0000] {logging_mixin.py:188} INFO - CREATE OR REPLACE TABLE `datawarehouse-423912.OLAP_dataset.orders` AS
SELECT
  SAFE_CAST(order_date AS DATE) AS order_date,
  EXTRACT(MONTH FROM SAFE_CAST(order_date AS DATE)) AS month,
  EXTRACT(QUARTER FROM SAFE_CAST(order_date AS DATE)) AS quarter,
  EXTRACT(YEAR FROM SAFE_CAST(order_date AS DATE)) AS year,
  CASE
    WHEN EXTRACT(DAYOFWEEK FROM SAFE_CAST(order_date AS DATE)) IN (1, 7) THEN TRUE
    ELSE FALSE
  END AS weekend_flag
FROM
  `datawarehouse-423912.warehouse.orders`
WHERE
  SAFE_CAST(order_date AS DATE) IS NOT NULL;
[2024-05-28T04:02:42.346+0000] {processor.py:840} INFO - DAG(s) 'oltp_to_olap_oders_transform' retrieved from /opt/airflow/dags/orderslte.py
[2024-05-28T04:02:42.441+0000] {logging_mixin.py:188} INFO - [2024-05-28T04:02:42.440+0000] {dag.py:3096} INFO - Sync 1 DAGs
[2024-05-28T04:02:42.475+0000] {logging_mixin.py:188} INFO - [2024-05-28T04:02:42.475+0000] {dag.py:3954} INFO - Setting next_dagrun for oltp_to_olap_oders_transform to None, run_after=None
[2024-05-28T04:02:42.529+0000] {processor.py:183} INFO - Processing /opt/airflow/dags/orderslte.py took 0.368 seconds
