[2024-05-28T09:26:44.067+0000] {local_task_job_runner.py:120} INFO - ::group::Pre task execution logs
[2024-05-28T09:26:44.132+0000] {taskinstance.py:2076} INFO - Dependencies all met for dep_context=non-requeueable deps ti=<TaskInstance: oltp_to_olap_all_transform.transform_dim_orders_details manual__2024-05-28T09:25:48.355557+00:00 [queued]>
[2024-05-28T09:26:44.156+0000] {taskinstance.py:2076} INFO - Dependencies all met for dep_context=requeueable deps ti=<TaskInstance: oltp_to_olap_all_transform.transform_dim_orders_details manual__2024-05-28T09:25:48.355557+00:00 [queued]>
[2024-05-28T09:26:44.158+0000] {taskinstance.py:2306} INFO - Starting attempt 1 of 0
[2024-05-28T09:26:44.232+0000] {taskinstance.py:2330} INFO - Executing <Task(BigQueryInsertJobOperator): transform_dim_orders_details> on 2024-05-28 09:25:48.355557+00:00
[2024-05-28T09:26:44.275+0000] {warnings.py:110} WARNING - /home/***/.local/lib/python3.12/site-packages/***/task/task_runner/standard_task_runner.py:61: DeprecationWarning: This process (pid=1083) is multi-threaded, use of fork() may lead to deadlocks in the child.
  pid = os.fork()

[2024-05-28T09:26:44.287+0000] {standard_task_runner.py:63} INFO - Started process 1094 to run task
[2024-05-28T09:26:44.290+0000] {standard_task_runner.py:90} INFO - Running: ['***', 'tasks', 'run', 'oltp_to_olap_all_transform', 'transform_dim_orders_details', 'manual__2024-05-28T09:25:48.355557+00:00', '--job-id', '259', '--raw', '--subdir', 'DAGS_FOLDER/oltp_olap.py', '--cfg-path', '/tmp/tmp6x0672y6']
[2024-05-28T09:26:44.310+0000] {standard_task_runner.py:91} INFO - Job 259: Subtask transform_dim_orders_details
[2024-05-28T09:26:44.572+0000] {task_command.py:426} INFO - Running <TaskInstance: oltp_to_olap_all_transform.transform_dim_orders_details manual__2024-05-28T09:25:48.355557+00:00 [running]> on host 9b03efc10d80
[2024-05-28T09:26:45.231+0000] {taskinstance.py:2648} INFO - Exporting env vars: AIRFLOW_CTX_DAG_OWNER='ngquynh' AIRFLOW_CTX_DAG_ID='oltp_to_olap_all_transform' AIRFLOW_CTX_TASK_ID='transform_dim_orders_details' AIRFLOW_CTX_EXECUTION_DATE='2024-05-28T09:25:48.355557+00:00' AIRFLOW_CTX_TRY_NUMBER='1' AIRFLOW_CTX_DAG_RUN_ID='manual__2024-05-28T09:25:48.355557+00:00'
[2024-05-28T09:26:45.235+0000] {taskinstance.py:430} INFO - ::endgroup::
[2024-05-28T09:26:45.354+0000] {connection.py:274} WARNING - Connection schemes (type: google_cloud_platform) shall not contain '_' according to RFC3986.
[2024-05-28T09:26:45.373+0000] {base.py:84} INFO - Using connection ID 'google_cloud_default' for task execution.
[2024-05-28T09:26:45.584+0000] {bigquery.py:2832} INFO - Executing: {'query': {'query': 'create or replace table `datawarehouse-423912.OLAP_dataset.Dim_Order_details` as\nselect \n*\nfrom\n`datawarehouse-423912.warehouse.orderdetails`', 'useLegacySql': False}}'
[2024-05-28T09:26:45.588+0000] {bigquery.py:1660} INFO - Inserting job ***_oltp_to_olap_all_transform_transform_dim_orders_details_2024_05_28T09_25_48_355557_00_00_24e3eb4ae8c8a5ac98fe0cf243dc0215
[2024-05-28T09:26:57.688+0000] {taskinstance.py:441} INFO - ::group::Post task execution logs
[2024-05-28T09:26:57.731+0000] {taskinstance.py:1206} INFO - Marking task as SUCCESS. dag_id=oltp_to_olap_all_transform, task_id=transform_dim_orders_details, run_id=manual__2024-05-28T09:25:48.355557+00:00, execution_date=20240528T092548, start_date=20240528T092644, end_date=20240528T092657
[2024-05-28T09:26:57.817+0000] {local_task_job_runner.py:240} INFO - Task exited with return code 0
[2024-05-28T09:26:57.863+0000] {local_task_job_runner.py:222} INFO - ::endgroup::
