[2024-05-28T09:29:42.274+0000] {local_task_job_runner.py:120} INFO - ::group::Pre task execution logs
[2024-05-28T09:29:42.318+0000] {taskinstance.py:2076} INFO - Dependencies all met for dep_context=non-requeueable deps ti=<TaskInstance: oltp_to_olap_all_transform.transform_dim_customer manual__2024-05-28T09:29:06.040118+00:00 [queued]>
[2024-05-28T09:29:42.333+0000] {taskinstance.py:2076} INFO - Dependencies all met for dep_context=requeueable deps ti=<TaskInstance: oltp_to_olap_all_transform.transform_dim_customer manual__2024-05-28T09:29:06.040118+00:00 [queued]>
[2024-05-28T09:29:42.334+0000] {taskinstance.py:2306} INFO - Starting attempt 1 of 0
[2024-05-28T09:29:42.362+0000] {taskinstance.py:2330} INFO - Executing <Task(BigQueryInsertJobOperator): transform_dim_customer> on 2024-05-28 09:29:06.040118+00:00
[2024-05-28T09:29:42.373+0000] {warnings.py:110} WARNING - /home/***/.local/lib/python3.12/site-packages/***/task/task_runner/standard_task_runner.py:61: DeprecationWarning: This process (pid=1148) is multi-threaded, use of fork() may lead to deadlocks in the child.
  pid = os.fork()

[2024-05-28T09:29:42.394+0000] {standard_task_runner.py:63} INFO - Started process 1156 to run task
[2024-05-28T09:29:42.394+0000] {standard_task_runner.py:90} INFO - Running: ['***', 'tasks', 'run', 'oltp_to_olap_all_transform', 'transform_dim_customer', 'manual__2024-05-28T09:29:06.040118+00:00', '--job-id', '266', '--raw', '--subdir', 'DAGS_FOLDER/oltp_olap.py', '--cfg-path', '/tmp/tmp4_7tlbuy']
[2024-05-28T09:29:42.403+0000] {standard_task_runner.py:91} INFO - Job 266: Subtask transform_dim_customer
[2024-05-28T09:29:42.523+0000] {task_command.py:426} INFO - Running <TaskInstance: oltp_to_olap_all_transform.transform_dim_customer manual__2024-05-28T09:29:06.040118+00:00 [running]> on host 9b03efc10d80
[2024-05-28T09:29:42.951+0000] {taskinstance.py:2648} INFO - Exporting env vars: AIRFLOW_CTX_DAG_OWNER='ngquynh' AIRFLOW_CTX_DAG_ID='oltp_to_olap_all_transform' AIRFLOW_CTX_TASK_ID='transform_dim_customer' AIRFLOW_CTX_EXECUTION_DATE='2024-05-28T09:29:06.040118+00:00' AIRFLOW_CTX_TRY_NUMBER='1' AIRFLOW_CTX_DAG_RUN_ID='manual__2024-05-28T09:29:06.040118+00:00'
[2024-05-28T09:29:42.955+0000] {taskinstance.py:430} INFO - ::endgroup::
[2024-05-28T09:29:43.088+0000] {connection.py:274} WARNING - Connection schemes (type: google_cloud_platform) shall not contain '_' according to RFC3986.
[2024-05-28T09:29:43.098+0000] {base.py:84} INFO - Using connection ID 'google_cloud_default' for task execution.
[2024-05-28T09:29:43.250+0000] {bigquery.py:2832} INFO - Executing: {'query': {'query': '-- dây là tạo từ oltp sang olap\ncreate or replace table `datawarehouse-423912.OLAP_dataset.Dim_customer` as\nselect \ncustomerID,\ncontactName,\naddress,\ncity,\nphone,\ncountry\nfrom\n`datawarehouse-423912.warehouse.newupdated_customers`', 'useLegacySql': False}}'
[2024-05-28T09:29:43.253+0000] {bigquery.py:1660} INFO - Inserting job ***_oltp_to_olap_all_transform_transform_dim_customer_2024_05_28T09_29_06_040118_00_00_daeae2dc7dd4bde9a8fc2bbbffaf8a2d
[2024-05-28T09:29:51.495+0000] {taskinstance.py:441} INFO - ::group::Post task execution logs
[2024-05-28T09:29:51.538+0000] {taskinstance.py:1206} INFO - Marking task as SUCCESS. dag_id=oltp_to_olap_all_transform, task_id=transform_dim_customer, run_id=manual__2024-05-28T09:29:06.040118+00:00, execution_date=20240528T092906, start_date=20240528T092942, end_date=20240528T092951
[2024-05-28T09:29:51.610+0000] {local_task_job_runner.py:240} INFO - Task exited with return code 0
[2024-05-28T09:29:51.645+0000] {taskinstance.py:3498} INFO - 0 downstream tasks scheduled from follow-on schedule check
[2024-05-28T09:29:51.650+0000] {local_task_job_runner.py:222} INFO - ::endgroup::
