[2024-05-28T09:29:17.975+0000] {local_task_job_runner.py:120} INFO - ::group::Pre task execution logs
[2024-05-28T09:29:18.013+0000] {taskinstance.py:2076} INFO - Dependencies all met for dep_context=non-requeueable deps ti=<TaskInstance: oltp_to_olap_all_transform.update_customer manual__2024-05-28T09:29:06.040118+00:00 [queued]>
[2024-05-28T09:29:18.032+0000] {taskinstance.py:2076} INFO - Dependencies all met for dep_context=requeueable deps ti=<TaskInstance: oltp_to_olap_all_transform.update_customer manual__2024-05-28T09:29:06.040118+00:00 [queued]>
[2024-05-28T09:29:18.033+0000] {taskinstance.py:2306} INFO - Starting attempt 1 of 0
[2024-05-28T09:29:18.060+0000] {taskinstance.py:2330} INFO - Executing <Task(BigQueryInsertJobOperator): update_customer> on 2024-05-28 09:29:06.040118+00:00
[2024-05-28T09:29:18.072+0000] {warnings.py:110} WARNING - /home/***/.local/lib/python3.12/site-packages/***/task/task_runner/standard_task_runner.py:61: DeprecationWarning: This process (pid=1133) is multi-threaded, use of fork() may lead to deadlocks in the child.
  pid = os.fork()

[2024-05-28T09:29:18.076+0000] {standard_task_runner.py:63} INFO - Started process 1144 to run task
[2024-05-28T09:29:18.076+0000] {standard_task_runner.py:90} INFO - Running: ['***', 'tasks', 'run', 'oltp_to_olap_all_transform', 'update_customer', 'manual__2024-05-28T09:29:06.040118+00:00', '--job-id', '263', '--raw', '--subdir', 'DAGS_FOLDER/oltp_olap.py', '--cfg-path', '/tmp/tmpg1uwhmoa']
[2024-05-28T09:29:18.081+0000] {standard_task_runner.py:91} INFO - Job 263: Subtask update_customer
[2024-05-28T09:29:18.189+0000] {task_command.py:426} INFO - Running <TaskInstance: oltp_to_olap_all_transform.update_customer manual__2024-05-28T09:29:06.040118+00:00 [running]> on host 9b03efc10d80
[2024-05-28T09:29:18.481+0000] {taskinstance.py:2648} INFO - Exporting env vars: AIRFLOW_CTX_DAG_OWNER='ngquynh' AIRFLOW_CTX_DAG_ID='oltp_to_olap_all_transform' AIRFLOW_CTX_TASK_ID='update_customer' AIRFLOW_CTX_EXECUTION_DATE='2024-05-28T09:29:06.040118+00:00' AIRFLOW_CTX_TRY_NUMBER='1' AIRFLOW_CTX_DAG_RUN_ID='manual__2024-05-28T09:29:06.040118+00:00'
[2024-05-28T09:29:18.486+0000] {taskinstance.py:430} INFO - ::endgroup::
[2024-05-28T09:29:18.597+0000] {connection.py:274} WARNING - Connection schemes (type: google_cloud_platform) shall not contain '_' according to RFC3986.
[2024-05-28T09:29:18.609+0000] {base.py:84} INFO - Using connection ID 'google_cloud_default' for task execution.
[2024-05-28T09:29:18.947+0000] {bigquery.py:2832} INFO - Executing: {'query': {'query': '-- quá trình upload dataset lên bogquerry, header của mỗi cột bị sai thành field 0_1_2... nên cần query để đổi lại tên cho mỗi header\ncreate or replace table `datawarehouse-423912.warehouse.newupdated_customers`\nas \nselect string_field_0 as customerID,\nstring_field_1 as companyName,\nstring_field_2 as contactName,\nstring_field_3 as contactTitle,\nstring_field_4 as address,\nstring_field_5 as city,\nstring_field_6 as region,\nstring_field_7 as postalCode,\nstring_field_8 as country,\nstring_field_9 as phone,\nstring_field_10 as fax\nfrom `datawarehouse-423912.warehouse.customers`\n', 'useLegacySql': False}}'
[2024-05-28T09:29:18.956+0000] {bigquery.py:1660} INFO - Inserting job ***_oltp_to_olap_all_transform_update_customer_2024_05_28T09_29_06_040118_00_00_218fdcb6d221949d0985fad1b72d9eaf
[2024-05-28T09:29:37.446+0000] {taskinstance.py:441} INFO - ::group::Post task execution logs
[2024-05-28T09:29:37.470+0000] {taskinstance.py:1206} INFO - Marking task as SUCCESS. dag_id=oltp_to_olap_all_transform, task_id=update_customer, run_id=manual__2024-05-28T09:29:06.040118+00:00, execution_date=20240528T092906, start_date=20240528T092918, end_date=20240528T092937
[2024-05-28T09:29:37.533+0000] {local_task_job_runner.py:240} INFO - Task exited with return code 0
[2024-05-28T09:29:37.569+0000] {taskinstance.py:3498} INFO - 4 downstream tasks scheduled from follow-on schedule check
[2024-05-28T09:29:37.573+0000] {local_task_job_runner.py:222} INFO - ::endgroup::
