[2024-05-28T09:26:26.106+0000] {local_task_job_runner.py:120} INFO - ::group::Pre task execution logs
[2024-05-28T09:26:26.275+0000] {taskinstance.py:2076} INFO - Dependencies all met for dep_context=non-requeueable deps ti=<TaskInstance: oltp_to_olap_all_transform.delay_bash_task manual__2024-05-28T09:25:48.355557+00:00 [queued]>
[2024-05-28T09:26:26.314+0000] {taskinstance.py:2076} INFO - Dependencies all met for dep_context=requeueable deps ti=<TaskInstance: oltp_to_olap_all_transform.delay_bash_task manual__2024-05-28T09:25:48.355557+00:00 [queued]>
[2024-05-28T09:26:26.321+0000] {taskinstance.py:2306} INFO - Starting attempt 1 of 0
[2024-05-28T09:26:26.391+0000] {taskinstance.py:2330} INFO - Executing <Task(BashOperator): delay_bash_task> on 2024-05-28 09:25:48.355557+00:00
[2024-05-28T09:26:26.419+0000] {warnings.py:110} WARNING - /home/***/.local/lib/python3.12/site-packages/***/task/task_runner/standard_task_runner.py:61: DeprecationWarning: This process (pid=1066) is multi-threaded, use of fork() may lead to deadlocks in the child.
  pid = os.fork()

[2024-05-28T09:26:26.430+0000] {standard_task_runner.py:63} INFO - Started process 1080 to run task
[2024-05-28T09:26:26.456+0000] {standard_task_runner.py:90} INFO - Running: ['***', 'tasks', 'run', 'oltp_to_olap_all_transform', 'delay_bash_task', 'manual__2024-05-28T09:25:48.355557+00:00', '--job-id', '254', '--raw', '--subdir', 'DAGS_FOLDER/oltp_olap.py', '--cfg-path', '/tmp/tmpficadl8z']
[2024-05-28T09:26:26.504+0000] {standard_task_runner.py:91} INFO - Job 254: Subtask delay_bash_task
[2024-05-28T09:26:27.387+0000] {task_command.py:426} INFO - Running <TaskInstance: oltp_to_olap_all_transform.delay_bash_task manual__2024-05-28T09:25:48.355557+00:00 [running]> on host 9b03efc10d80
[2024-05-28T09:26:27.860+0000] {taskinstance.py:2648} INFO - Exporting env vars: AIRFLOW_CTX_DAG_OWNER='ngquynh' AIRFLOW_CTX_DAG_ID='oltp_to_olap_all_transform' AIRFLOW_CTX_TASK_ID='delay_bash_task' AIRFLOW_CTX_EXECUTION_DATE='2024-05-28T09:25:48.355557+00:00' AIRFLOW_CTX_TRY_NUMBER='1' AIRFLOW_CTX_DAG_RUN_ID='manual__2024-05-28T09:25:48.355557+00:00'
[2024-05-28T09:26:27.873+0000] {taskinstance.py:430} INFO - ::endgroup::
[2024-05-28T09:26:27.980+0000] {subprocess.py:63} INFO - Tmp dir root location: /tmp
[2024-05-28T09:26:27.982+0000] {subprocess.py:75} INFO - Running command: ['/usr/bin/bash', '-c', 'sleep 5s']
[2024-05-28T09:26:28.049+0000] {subprocess.py:86} INFO - Output:
[2024-05-28T09:26:32.961+0000] {subprocess.py:97} INFO - Command exited with return code 0
[2024-05-28T09:26:32.963+0000] {taskinstance.py:441} INFO - ::group::Post task execution logs
[2024-05-28T09:26:32.994+0000] {taskinstance.py:1206} INFO - Marking task as SUCCESS. dag_id=oltp_to_olap_all_transform, task_id=delay_bash_task, run_id=manual__2024-05-28T09:25:48.355557+00:00, execution_date=20240528T092548, start_date=20240528T092626, end_date=20240528T092632
[2024-05-28T09:26:33.050+0000] {local_task_job_runner.py:240} INFO - Task exited with return code 0
[2024-05-28T09:26:33.080+0000] {taskinstance.py:3498} INFO - 0 downstream tasks scheduled from follow-on schedule check
[2024-05-28T09:26:33.083+0000] {local_task_job_runner.py:222} INFO - ::endgroup::
