[2024-05-28T08:47:46.319+0000] {local_task_job_runner.py:120} INFO - ::group::Pre task execution logs
[2024-05-28T08:47:46.430+0000] {taskinstance.py:2076} INFO - Dependencies all met for dep_context=non-requeueable deps ti=<TaskInstance: oltp_to_olap_all_transform.load_dim_product manual__2024-05-28T08:46:54.254296+00:00 [queued]>
[2024-05-28T08:47:46.474+0000] {taskinstance.py:2076} INFO - Dependencies all met for dep_context=requeueable deps ti=<TaskInstance: oltp_to_olap_all_transform.load_dim_product manual__2024-05-28T08:46:54.254296+00:00 [queued]>
[2024-05-28T08:47:46.477+0000] {taskinstance.py:2306} INFO - Starting attempt 1 of 0
[2024-05-28T08:47:46.613+0000] {taskinstance.py:2330} INFO - Executing <Task(BigQueryInsertJobOperator): load_dim_product> on 2024-05-28 08:46:54.254296+00:00
[2024-05-28T08:47:46.760+0000] {warnings.py:110} WARNING - /home/***/.local/lib/python3.12/site-packages/***/task/task_runner/standard_task_runner.py:61: DeprecationWarning: This process (pid=399) is multi-threaded, use of fork() may lead to deadlocks in the child.
  pid = os.fork()

[2024-05-28T08:47:46.826+0000] {standard_task_runner.py:63} INFO - Started process 407 to run task
[2024-05-28T08:47:46.844+0000] {standard_task_runner.py:90} INFO - Running: ['***', 'tasks', 'run', 'oltp_to_olap_all_transform', 'load_dim_product', 'manual__2024-05-28T08:46:54.254296+00:00', '--job-id', '187', '--raw', '--subdir', 'DAGS_FOLDER/oltp_olap.py', '--cfg-path', '/tmp/tmpinajafrj']
[2024-05-28T08:47:47.019+0000] {standard_task_runner.py:91} INFO - Job 187: Subtask load_dim_product
[2024-05-28T08:47:48.937+0000] {task_command.py:426} INFO - Running <TaskInstance: oltp_to_olap_all_transform.load_dim_product manual__2024-05-28T08:46:54.254296+00:00 [running]> on host 9b03efc10d80
[2024-05-28T08:47:50.035+0000] {taskinstance.py:2648} INFO - Exporting env vars: AIRFLOW_CTX_DAG_OWNER='ngquynh' AIRFLOW_CTX_DAG_ID='oltp_to_olap_all_transform' AIRFLOW_CTX_TASK_ID='load_dim_product' AIRFLOW_CTX_EXECUTION_DATE='2024-05-28T08:46:54.254296+00:00' AIRFLOW_CTX_TRY_NUMBER='1' AIRFLOW_CTX_DAG_RUN_ID='manual__2024-05-28T08:46:54.254296+00:00'
[2024-05-28T08:47:50.039+0000] {taskinstance.py:430} INFO - ::endgroup::
[2024-05-28T08:47:50.208+0000] {connection.py:274} WARNING - Connection schemes (type: google_cloud_platform) shall not contain '_' according to RFC3986.
[2024-05-28T08:47:50.215+0000] {base.py:84} INFO - Using connection ID 'google_cloud_default' for task execution.
[2024-05-28T08:47:50.525+0000] {bigquery.py:2832} INFO - Executing: {'query': {'query': 'create or replace table `datawarehouse-423912.OLAP_dataset.Dim_Products` as\nselect \nproducts.productID,\nproducts.productname,\nproducts.unitPrice,\ncategories.categoryID,\ncategories.categoryName,\nfrom\n`datawarehouse-423912.warehouse.products` as products\ninner join`datawarehouse-423912.warehouse.categories` as categories\non categories.categoryID = products.categoryID', 'useLegacySql': False}}'
[2024-05-28T08:47:50.547+0000] {bigquery.py:1660} INFO - Inserting job ***_oltp_to_olap_all_transform_load_dim_product_2024_05_28T08_46_54_254296_00_00_2c3d0d41fa03b1c5bdb7621327d7eb88
[2024-05-28T08:47:59.754+0000] {taskinstance.py:441} INFO - ::group::Post task execution logs
[2024-05-28T08:47:59.906+0000] {taskinstance.py:1206} INFO - Marking task as SUCCESS. dag_id=oltp_to_olap_all_transform, task_id=load_dim_product, run_id=manual__2024-05-28T08:46:54.254296+00:00, execution_date=20240528T084654, start_date=20240528T084746, end_date=20240528T084759
[2024-05-28T08:48:00.024+0000] {local_task_job_runner.py:240} INFO - Task exited with return code 0
[2024-05-28T08:48:00.083+0000] {local_task_job_runner.py:222} INFO - ::endgroup::
