[2024-05-28T09:03:48.000+0000] {local_task_job_runner.py:120} INFO - ::group::Pre task execution logs
[2024-05-28T09:03:48.170+0000] {taskinstance.py:2076} INFO - Dependencies all met for dep_context=non-requeueable deps ti=<TaskInstance: oltp_to_olap_all_transform.transform_dim_customer manual__2024-05-28T09:03:12.641308+00:00 [queued]>
[2024-05-28T09:03:48.235+0000] {taskinstance.py:2076} INFO - Dependencies all met for dep_context=requeueable deps ti=<TaskInstance: oltp_to_olap_all_transform.transform_dim_customer manual__2024-05-28T09:03:12.641308+00:00 [queued]>
[2024-05-28T09:03:48.240+0000] {taskinstance.py:2306} INFO - Starting attempt 1 of 0
[2024-05-28T09:03:48.313+0000] {taskinstance.py:2330} INFO - Executing <Task(BigQueryInsertJobOperator): transform_dim_customer> on 2024-05-28 09:03:12.641308+00:00
[2024-05-28T09:03:48.383+0000] {warnings.py:110} WARNING - /home/***/.local/lib/python3.12/site-packages/***/task/task_runner/standard_task_runner.py:61: DeprecationWarning: This process (pid=671) is multi-threaded, use of fork() may lead to deadlocks in the child.
  pid = os.fork()

[2024-05-28T09:03:48.396+0000] {standard_task_runner.py:63} INFO - Started process 680 to run task
[2024-05-28T09:03:48.487+0000] {standard_task_runner.py:90} INFO - Running: ['***', 'tasks', 'run', 'oltp_to_olap_all_transform', 'transform_dim_customer', 'manual__2024-05-28T09:03:12.641308+00:00', '--job-id', '217', '--raw', '--subdir', 'DAGS_FOLDER/oltp_olap.py', '--cfg-path', '/tmp/tmp_fsev12v']
[2024-05-28T09:03:48.594+0000] {standard_task_runner.py:91} INFO - Job 217: Subtask transform_dim_customer
[2024-05-28T09:03:49.335+0000] {task_command.py:426} INFO - Running <TaskInstance: oltp_to_olap_all_transform.transform_dim_customer manual__2024-05-28T09:03:12.641308+00:00 [running]> on host 9b03efc10d80
[2024-05-28T09:03:50.129+0000] {taskinstance.py:2648} INFO - Exporting env vars: AIRFLOW_CTX_DAG_OWNER='ngquynh' AIRFLOW_CTX_DAG_ID='oltp_to_olap_all_transform' AIRFLOW_CTX_TASK_ID='transform_dim_customer' AIRFLOW_CTX_EXECUTION_DATE='2024-05-28T09:03:12.641308+00:00' AIRFLOW_CTX_TRY_NUMBER='1' AIRFLOW_CTX_DAG_RUN_ID='manual__2024-05-28T09:03:12.641308+00:00'
[2024-05-28T09:03:50.161+0000] {taskinstance.py:430} INFO - ::endgroup::
[2024-05-28T09:03:50.382+0000] {connection.py:274} WARNING - Connection schemes (type: google_cloud_platform) shall not contain '_' according to RFC3986.
[2024-05-28T09:03:50.397+0000] {base.py:84} INFO - Using connection ID 'google_cloud_default' for task execution.
[2024-05-28T09:03:50.730+0000] {bigquery.py:2832} INFO - Executing: {'query': {'query': '-- dây là tạo từ oltp sang olap\ncreate or replace table `datawarehouse-423912.OLAP_dataset.Dim_customer` as\nselect \ncustomerID,\ncontactName,\naddress,\ncity,\nphone,\ncountry\nfrom\n`datawarehouse-423912.warehouse.newupdated_customers`', 'useLegacySql': False}}'
[2024-05-28T09:03:50.737+0000] {bigquery.py:1660} INFO - Inserting job ***_oltp_to_olap_all_transform_transform_dim_customer_2024_05_28T09_03_12_641308_00_00_d4edf5717c2a1732be6ddef42c022b61
[2024-05-28T09:03:57.777+0000] {taskinstance.py:441} INFO - ::group::Post task execution logs
[2024-05-28T09:03:57.835+0000] {taskinstance.py:1206} INFO - Marking task as SUCCESS. dag_id=oltp_to_olap_all_transform, task_id=transform_dim_customer, run_id=manual__2024-05-28T09:03:12.641308+00:00, execution_date=20240528T090312, start_date=20240528T090348, end_date=20240528T090357
[2024-05-28T09:03:57.917+0000] {local_task_job_runner.py:240} INFO - Task exited with return code 0
[2024-05-28T09:03:58.010+0000] {taskinstance.py:3498} INFO - 1 downstream tasks scheduled from follow-on schedule check
[2024-05-28T09:03:58.018+0000] {local_task_job_runner.py:222} INFO - ::endgroup::
