[2024-05-28T08:54:41.811+0000] {local_task_job_runner.py:120} INFO - ::group::Pre task execution logs
[2024-05-28T08:54:41.884+0000] {taskinstance.py:2076} INFO - Dependencies all met for dep_context=non-requeueable deps ti=<TaskInstance: oltp_to_olap_all_transform.transform_dim_date manual__2024-05-28T08:54:22.880138+00:00 [queued]>
[2024-05-28T08:54:41.914+0000] {taskinstance.py:2076} INFO - Dependencies all met for dep_context=requeueable deps ti=<TaskInstance: oltp_to_olap_all_transform.transform_dim_date manual__2024-05-28T08:54:22.880138+00:00 [queued]>
[2024-05-28T08:54:41.919+0000] {taskinstance.py:2306} INFO - Starting attempt 1 of 0
[2024-05-28T08:54:41.974+0000] {taskinstance.py:2330} INFO - Executing <Task(BigQueryInsertJobOperator): transform_dim_date> on 2024-05-28 08:54:22.880138+00:00
[2024-05-28T08:54:41.992+0000] {warnings.py:110} WARNING - /home/***/.local/lib/python3.12/site-packages/***/task/task_runner/standard_task_runner.py:61: DeprecationWarning: This process (pid=518) is multi-threaded, use of fork() may lead to deadlocks in the child.
  pid = os.fork()

[2024-05-28T08:54:42.001+0000] {standard_task_runner.py:63} INFO - Started process 526 to run task
[2024-05-28T08:54:42.010+0000] {standard_task_runner.py:90} INFO - Running: ['***', 'tasks', 'run', 'oltp_to_olap_all_transform', 'transform_dim_date', 'manual__2024-05-28T08:54:22.880138+00:00', '--job-id', '200', '--raw', '--subdir', 'DAGS_FOLDER/oltp_olap.py', '--cfg-path', '/tmp/tmpq0u86_u7']
[2024-05-28T08:54:42.046+0000] {standard_task_runner.py:91} INFO - Job 200: Subtask transform_dim_date
[2024-05-28T08:54:42.358+0000] {task_command.py:426} INFO - Running <TaskInstance: oltp_to_olap_all_transform.transform_dim_date manual__2024-05-28T08:54:22.880138+00:00 [running]> on host 9b03efc10d80
[2024-05-28T08:54:42.982+0000] {taskinstance.py:2648} INFO - Exporting env vars: AIRFLOW_CTX_DAG_OWNER='ngquynh' AIRFLOW_CTX_DAG_ID='oltp_to_olap_all_transform' AIRFLOW_CTX_TASK_ID='transform_dim_date' AIRFLOW_CTX_EXECUTION_DATE='2024-05-28T08:54:22.880138+00:00' AIRFLOW_CTX_TRY_NUMBER='1' AIRFLOW_CTX_DAG_RUN_ID='manual__2024-05-28T08:54:22.880138+00:00'
[2024-05-28T08:54:42.993+0000] {taskinstance.py:430} INFO - ::endgroup::
[2024-05-28T08:54:43.102+0000] {connection.py:274} WARNING - Connection schemes (type: google_cloud_platform) shall not contain '_' according to RFC3986.
[2024-05-28T08:54:43.112+0000] {base.py:84} INFO - Using connection ID 'google_cloud_default' for task execution.
[2024-05-28T08:54:43.410+0000] {bigquery.py:2832} INFO - Executing: {'query': {'query': 'CREATE OR REPLACE TABLE `datawarehouse-423912.OLAP_dataset.Dim_date` AS\nSELECT\n  SAFE_CAST(order_date AS DATE) AS order_date,\n  EXTRACT(MONTH FROM SAFE_CAST(order_date AS DATE)) AS month,\n  EXTRACT(QUARTER FROM SAFE_CAST(order_date AS DATE)) AS quarter,\n  EXTRACT(YEAR FROM SAFE_CAST(order_date AS DATE)) AS year,\n  CASE\n    WHEN EXTRACT(DAYOFWEEK FROM SAFE_CAST(order_date AS DATE)) IN (1, 7) THEN TRUE\n    ELSE FALSE\n  END AS weekend_flag\nFROM\n  `datawarehouse-423912.warehouse.orders`\nWHERE\n  SAFE_CAST(order_date AS DATE) IS NOT NULL;', 'useLegacySql': False}}'
[2024-05-28T08:54:43.424+0000] {bigquery.py:1660} INFO - Inserting job ***_oltp_to_olap_all_transform_transform_dim_date_2024_05_28T08_54_22_880138_00_00_67502787deba8857c379c04a4e9a5f7f
[2024-05-28T08:54:51.858+0000] {taskinstance.py:441} INFO - ::group::Post task execution logs
[2024-05-28T08:54:51.898+0000] {taskinstance.py:1206} INFO - Marking task as SUCCESS. dag_id=oltp_to_olap_all_transform, task_id=transform_dim_date, run_id=manual__2024-05-28T08:54:22.880138+00:00, execution_date=20240528T085422, start_date=20240528T085441, end_date=20240528T085451
[2024-05-28T08:54:51.959+0000] {local_task_job_runner.py:240} INFO - Task exited with return code 0
[2024-05-28T08:54:52.022+0000] {taskinstance.py:3498} INFO - 0 downstream tasks scheduled from follow-on schedule check
[2024-05-28T08:54:52.024+0000] {local_task_job_runner.py:222} INFO - ::endgroup::
