[2024-05-28T13:23:10.848+0000] {local_task_job_runner.py:120} INFO - ::group::Pre task execution logs
[2024-05-28T13:23:10.900+0000] {taskinstance.py:2076} INFO - Dependencies all met for dep_context=non-requeueable deps ti=<TaskInstance: loading_to_bigquerry.transform_dim_product manual__2024-05-28T13:20:47.490019+00:00 [queued]>
[2024-05-28T13:23:10.925+0000] {taskinstance.py:2076} INFO - Dependencies all met for dep_context=requeueable deps ti=<TaskInstance: loading_to_bigquerry.transform_dim_product manual__2024-05-28T13:20:47.490019+00:00 [queued]>
[2024-05-28T13:23:10.927+0000] {taskinstance.py:2306} INFO - Starting attempt 1 of 0
[2024-05-28T13:23:10.955+0000] {taskinstance.py:2330} INFO - Executing <Task(BigQueryInsertJobOperator): transform_dim_product> on 2024-05-28 13:20:47.490019+00:00
[2024-05-28T13:23:10.977+0000] {warnings.py:110} WARNING - /home/***/.local/lib/python3.12/site-packages/***/task/task_runner/standard_task_runner.py:61: DeprecationWarning: This process (pid=2764) is multi-threaded, use of fork() may lead to deadlocks in the child.
  pid = os.fork()

[2024-05-28T13:23:10.980+0000] {standard_task_runner.py:63} INFO - Started process 2778 to run task
[2024-05-28T13:23:10.981+0000] {standard_task_runner.py:90} INFO - Running: ['***', 'tasks', 'run', 'loading_to_bigquerry', 'transform_dim_product', 'manual__2024-05-28T13:20:47.490019+00:00', '--job-id', '402', '--raw', '--subdir', 'DAGS_FOLDER/load_to_bigquerry.py', '--cfg-path', '/tmp/tmp58_3f5hd']
[2024-05-28T13:23:10.987+0000] {standard_task_runner.py:91} INFO - Job 402: Subtask transform_dim_product
[2024-05-28T13:23:11.126+0000] {task_command.py:426} INFO - Running <TaskInstance: loading_to_bigquerry.transform_dim_product manual__2024-05-28T13:20:47.490019+00:00 [running]> on host 9b03efc10d80
[2024-05-28T13:23:11.366+0000] {taskinstance.py:2648} INFO - Exporting env vars: AIRFLOW_CTX_DAG_OWNER='ngquynh' AIRFLOW_CTX_DAG_ID='loading_to_bigquerry' AIRFLOW_CTX_TASK_ID='transform_dim_product' AIRFLOW_CTX_EXECUTION_DATE='2024-05-28T13:20:47.490019+00:00' AIRFLOW_CTX_TRY_NUMBER='1' AIRFLOW_CTX_DAG_RUN_ID='manual__2024-05-28T13:20:47.490019+00:00'
[2024-05-28T13:23:11.371+0000] {taskinstance.py:430} INFO - ::endgroup::
[2024-05-28T13:23:11.427+0000] {connection.py:274} WARNING - Connection schemes (type: google_cloud_platform) shall not contain '_' according to RFC3986.
[2024-05-28T13:23:11.432+0000] {base.py:84} INFO - Using connection ID 'google_cloud_default' for task execution.
[2024-05-28T13:23:11.525+0000] {bigquery.py:2832} INFO - Executing: {'query': {'query': 'create or replace table `datawarehouse-423912.OLAP_dataset.Dim_Products` as\nselect \nproducts.productID,\nproducts.productname,\nproducts.unitPrice,\ncategories.categoryID,\ncategories.categoryName,\nfrom\n`datawarehouse-423912.warehouse.products` as products\ninner join`datawarehouse-423912.warehouse.categories` as categories\non categories.categoryID = products.categoryID', 'useLegacySql': False}}'
[2024-05-28T13:23:11.527+0000] {bigquery.py:1660} INFO - Inserting job ***_loading_to_bigquerry_transform_dim_product_2024_05_28T13_20_47_490019_00_00_26a9184b5a8a6f941f8ebe771e17c89f
[2024-05-28T13:23:15.971+0000] {taskinstance.py:441} INFO - ::group::Post task execution logs
[2024-05-28T13:23:16.001+0000] {taskinstance.py:1206} INFO - Marking task as SUCCESS. dag_id=loading_to_bigquerry, task_id=transform_dim_product, run_id=manual__2024-05-28T13:20:47.490019+00:00, execution_date=20240528T132047, start_date=20240528T132310, end_date=20240528T132316
[2024-05-28T13:23:16.060+0000] {local_task_job_runner.py:240} INFO - Task exited with return code 0
[2024-05-28T13:23:16.102+0000] {taskinstance.py:3498} INFO - 0 downstream tasks scheduled from follow-on schedule check
[2024-05-28T13:23:16.105+0000] {local_task_job_runner.py:222} INFO - ::endgroup::
