[2024-05-28T12:42:49.157+0000] {local_task_job_runner.py:120} INFO - ::group::Pre task execution logs
[2024-05-28T12:42:49.185+0000] {taskinstance.py:2076} INFO - Dependencies all met for dep_context=non-requeueable deps ti=<TaskInstance: loading_to_bigquerry.load_regions_to_bq manual__2024-05-28T12:41:09.696164+00:00 [queued]>
[2024-05-28T12:42:49.201+0000] {taskinstance.py:2076} INFO - Dependencies all met for dep_context=requeueable deps ti=<TaskInstance: loading_to_bigquerry.load_regions_to_bq manual__2024-05-28T12:41:09.696164+00:00 [queued]>
[2024-05-28T12:42:49.202+0000] {taskinstance.py:2306} INFO - Starting attempt 1 of 0
[2024-05-28T12:42:49.225+0000] {taskinstance.py:2330} INFO - Executing <Task(GCSToBigQueryOperator): load_regions_to_bq> on 2024-05-28 12:41:09.696164+00:00
[2024-05-28T12:42:49.235+0000] {warnings.py:110} WARNING - /home/***/.local/lib/python3.12/site-packages/***/task/task_runner/standard_task_runner.py:61: DeprecationWarning: This process (pid=2300) is multi-threaded, use of fork() may lead to deadlocks in the child.
  pid = os.fork()

[2024-05-28T12:42:49.238+0000] {standard_task_runner.py:63} INFO - Started process 2302 to run task
[2024-05-28T12:42:49.239+0000] {standard_task_runner.py:90} INFO - Running: ['***', 'tasks', 'run', 'loading_to_bigquerry', 'load_regions_to_bq', 'manual__2024-05-28T12:41:09.696164+00:00', '--job-id', '346', '--raw', '--subdir', 'DAGS_FOLDER/load_to_bigquerry.py', '--cfg-path', '/tmp/tmpv0ynq69q']
[2024-05-28T12:42:49.243+0000] {standard_task_runner.py:91} INFO - Job 346: Subtask load_regions_to_bq
[2024-05-28T12:42:49.310+0000] {task_command.py:426} INFO - Running <TaskInstance: loading_to_bigquerry.load_regions_to_bq manual__2024-05-28T12:41:09.696164+00:00 [running]> on host 9b03efc10d80
[2024-05-28T12:42:49.446+0000] {taskinstance.py:2648} INFO - Exporting env vars: AIRFLOW_CTX_DAG_OWNER='ngquynh' AIRFLOW_CTX_DAG_ID='loading_to_bigquerry' AIRFLOW_CTX_TASK_ID='load_regions_to_bq' AIRFLOW_CTX_EXECUTION_DATE='2024-05-28T12:41:09.696164+00:00' AIRFLOW_CTX_TRY_NUMBER='1' AIRFLOW_CTX_DAG_RUN_ID='manual__2024-05-28T12:41:09.696164+00:00'
[2024-05-28T12:42:49.449+0000] {taskinstance.py:430} INFO - ::endgroup::
[2024-05-28T12:42:49.478+0000] {connection.py:274} WARNING - Connection schemes (type: google_cloud_platform) shall not contain '_' according to RFC3986.
[2024-05-28T12:42:49.481+0000] {base.py:84} INFO - Using connection ID 'google_cloud_default' for task execution.
[2024-05-28T12:42:49.483+0000] {gcs_to_bigquery.py:380} INFO - Using existing BigQuery table for storing data...
[2024-05-28T12:42:49.552+0000] {gcs_to_bigquery.py:384} INFO - Executing: {'load': {'autodetect': True, 'createDisposition': 'CREATE_IF_NEEDED', 'destinationTable': {'projectId': 'datawarehouse-423912', 'datasetId': 'warehouse', 'tableId': 'regions'}, 'sourceFormat': 'CSV', 'sourceUris': ['gs://warehouse8/dataupdated/regions.csv'], 'writeDisposition': 'WRITE_TRUNCATE', 'ignoreUnknownValues': True, 'schema': {'fields': [{'name': 'regionID', 'type': 'INTEGER', 'mode': 'NULLABLE'}, {'name': 'regionDescription', 'type': 'STRING', 'mode': 'NULLABLE'}]}, 'maxBadRecords': 10, 'skipLeadingRows': 1, 'fieldDelimiter': ',', 'quote': None, 'allowQuotedNewlines': False, 'encoding': 'UTF-8'}}
[2024-05-28T12:42:49.555+0000] {bigquery.py:1660} INFO - Inserting job ***_loading_to_bigquerry_load_regions_to_bq_2024_05_28T12_41_09_696164_00_00_88e56572f9467689c957f648c93bec30
[2024-05-28T12:42:57.786+0000] {taskinstance.py:441} INFO - ::group::Post task execution logs
[2024-05-28T12:42:57.798+0000] {taskinstance.py:1206} INFO - Marking task as SUCCESS. dag_id=loading_to_bigquerry, task_id=load_regions_to_bq, run_id=manual__2024-05-28T12:41:09.696164+00:00, execution_date=20240528T124109, start_date=20240528T124249, end_date=20240528T124257
[2024-05-28T12:42:57.851+0000] {local_task_job_runner.py:240} INFO - Task exited with return code 0
[2024-05-28T12:42:57.881+0000] {taskinstance.py:3498} INFO - 1 downstream tasks scheduled from follow-on schedule check
[2024-05-28T12:42:57.885+0000] {local_task_job_runner.py:222} INFO - ::endgroup::
