[2024-05-28T09:30:11.746+0000] {local_task_job_runner.py:120} INFO - ::group::Pre task execution logs
[2024-05-28T09:30:11.775+0000] {taskinstance.py:2076} INFO - Dependencies all met for dep_context=non-requeueable deps ti=<TaskInstance: oltp_to_olap_all_transform.create_FRM_table manual__2024-05-28T09:29:06.040118+00:00 [queued]>
[2024-05-28T09:30:11.789+0000] {taskinstance.py:2076} INFO - Dependencies all met for dep_context=requeueable deps ti=<TaskInstance: oltp_to_olap_all_transform.create_FRM_table manual__2024-05-28T09:29:06.040118+00:00 [queued]>
[2024-05-28T09:30:11.790+0000] {taskinstance.py:2306} INFO - Starting attempt 1 of 0
[2024-05-28T09:30:11.812+0000] {taskinstance.py:2330} INFO - Executing <Task(BigQueryInsertJobOperator): create_FRM_table> on 2024-05-28 09:29:06.040118+00:00
[2024-05-28T09:30:11.821+0000] {warnings.py:110} WARNING - /home/***/.local/lib/python3.12/site-packages/***/task/task_runner/standard_task_runner.py:61: DeprecationWarning: This process (pid=1169) is multi-threaded, use of fork() may lead to deadlocks in the child.
  pid = os.fork()

[2024-05-28T09:30:11.825+0000] {standard_task_runner.py:63} INFO - Started process 1171 to run task
[2024-05-28T09:30:11.825+0000] {standard_task_runner.py:90} INFO - Running: ['***', 'tasks', 'run', 'oltp_to_olap_all_transform', 'create_FRM_table', 'manual__2024-05-28T09:29:06.040118+00:00', '--job-id', '270', '--raw', '--subdir', 'DAGS_FOLDER/oltp_olap.py', '--cfg-path', '/tmp/tmpbyjku8fi']
[2024-05-28T09:30:11.829+0000] {standard_task_runner.py:91} INFO - Job 270: Subtask create_FRM_table
[2024-05-28T09:30:11.890+0000] {task_command.py:426} INFO - Running <TaskInstance: oltp_to_olap_all_transform.create_FRM_table manual__2024-05-28T09:29:06.040118+00:00 [running]> on host 9b03efc10d80
[2024-05-28T09:30:12.015+0000] {taskinstance.py:2648} INFO - Exporting env vars: AIRFLOW_CTX_DAG_OWNER='ngquynh' AIRFLOW_CTX_DAG_ID='oltp_to_olap_all_transform' AIRFLOW_CTX_TASK_ID='create_FRM_table' AIRFLOW_CTX_EXECUTION_DATE='2024-05-28T09:29:06.040118+00:00' AIRFLOW_CTX_TRY_NUMBER='1' AIRFLOW_CTX_DAG_RUN_ID='manual__2024-05-28T09:29:06.040118+00:00'
[2024-05-28T09:30:12.017+0000] {taskinstance.py:430} INFO - ::endgroup::
[2024-05-28T09:30:12.045+0000] {connection.py:274} WARNING - Connection schemes (type: google_cloud_platform) shall not contain '_' according to RFC3986.
[2024-05-28T09:30:12.050+0000] {base.py:84} INFO - Using connection ID 'google_cloud_default' for task execution.
[2024-05-28T09:30:12.123+0000] {bigquery.py:2832} INFO - Executing: {'query': {'query': "DECLARE today_date DATE DEFAULT DATE '1998-05-06';\n\n-- Tạo bảng RFM_table\nCREATE OR REPLACE TABLE `datawarehouse-423912.OLAP_dataset.RFM_table` AS\nWITH RFM_table AS (\n  SELECT\n    orders.customer_id,\n    MAX(CAST(orders.order_date AS DATE)) AS LastPurchaseDate,\n    COUNT(DISTINCT orders.order_id) AS TotalTransaction,\n    SUM(order_details.quantity * order_details.unitPrice * (1 - order_details.discount)) AS Monetary\n  FROM\n    `datawarehouse-423912.warehouse.orders` AS orders\n  JOIN\n    `datawarehouse-423912.OLAP_dataset.Dim_Order_details` AS order_details\n  ON\n    orders.order_id = order_details.orderID\n  GROUP BY\n    orders.customer_id\n)\n\n-- Thêm các cột điểm vào bảng mới\nSELECT\n  customer_id,\n  DATE_DIFF(today_date, LastPurchaseDate, DAY) AS Recency,\n  TotalTransaction AS Frequency,\n  Monetary,\n  NULL AS recency_score, -- Khởi tạo cột recency_score với giá trị NULL\n  NULL AS frequency_score, -- Khởi tạo cột frequency_score với giá trị NULL\n  NULL AS monetary_score -- Khởi tạo cột monetary_score với giá trị NULL\nFROM\n  RFM_table\nWHERE\n  Monetary > 0;\n\nselect * from `datawarehouse-423912.OLAP_dataset.RFM_table`\nwhere customer_id = 'ANTON'", 'useLegacySql': False}}'
[2024-05-28T09:30:12.125+0000] {bigquery.py:1660} INFO - Inserting job ***_oltp_to_olap_all_transform_create_FRM_table_2024_05_28T09_29_06_040118_00_00_a57b9af3cf1e29cf780e749f2852292c
[2024-05-28T09:30:18.841+0000] {taskinstance.py:441} INFO - ::group::Post task execution logs
[2024-05-28T09:30:18.869+0000] {taskinstance.py:1206} INFO - Marking task as SUCCESS. dag_id=oltp_to_olap_all_transform, task_id=create_FRM_table, run_id=manual__2024-05-28T09:29:06.040118+00:00, execution_date=20240528T092906, start_date=20240528T093011, end_date=20240528T093018
[2024-05-28T09:30:18.938+0000] {local_task_job_runner.py:240} INFO - Task exited with return code 0
[2024-05-28T09:30:18.973+0000] {taskinstance.py:3498} INFO - 1 downstream tasks scheduled from follow-on schedule check
[2024-05-28T09:30:18.977+0000] {local_task_job_runner.py:222} INFO - ::endgroup::
