[2024-05-28T12:07:24.083+0000] {local_task_job_runner.py:120} INFO - ::group::Pre task execution logs
[2024-05-28T12:07:24.103+0000] {taskinstance.py:2076} INFO - Dependencies all met for dep_context=non-requeueable deps ti=<TaskInstance: loading_to_bigquerry.load_customers_to_bq manual__2024-05-28T12:06:50.557096+00:00 [queued]>
[2024-05-28T12:07:24.113+0000] {taskinstance.py:2076} INFO - Dependencies all met for dep_context=requeueable deps ti=<TaskInstance: loading_to_bigquerry.load_customers_to_bq manual__2024-05-28T12:06:50.557096+00:00 [queued]>
[2024-05-28T12:07:24.114+0000] {taskinstance.py:2306} INFO - Starting attempt 1 of 0
[2024-05-28T12:07:24.130+0000] {taskinstance.py:2330} INFO - Executing <Task(GCSToBigQueryOperator): load_customers_to_bq> on 2024-05-28 12:06:50.557096+00:00
[2024-05-28T12:07:24.143+0000] {warnings.py:110} WARNING - /home/***/.local/lib/python3.12/site-packages/***/task/task_runner/standard_task_runner.py:61: DeprecationWarning: This process (pid=1717) is multi-threaded, use of fork() may lead to deadlocks in the child.
  pid = os.fork()

[2024-05-28T12:07:24.146+0000] {standard_task_runner.py:63} INFO - Started process 1719 to run task
[2024-05-28T12:07:24.146+0000] {standard_task_runner.py:90} INFO - Running: ['***', 'tasks', 'run', 'loading_to_bigquerry', 'load_customers_to_bq', 'manual__2024-05-28T12:06:50.557096+00:00', '--job-id', '330', '--raw', '--subdir', 'DAGS_FOLDER/load_to_bigquerry.py', '--cfg-path', '/tmp/tmpl01nkszw']
[2024-05-28T12:07:24.152+0000] {standard_task_runner.py:91} INFO - Job 330: Subtask load_customers_to_bq
[2024-05-28T12:07:24.211+0000] {task_command.py:426} INFO - Running <TaskInstance: loading_to_bigquerry.load_customers_to_bq manual__2024-05-28T12:06:50.557096+00:00 [running]> on host 9b03efc10d80
[2024-05-28T12:07:24.333+0000] {taskinstance.py:2648} INFO - Exporting env vars: AIRFLOW_CTX_DAG_OWNER='ngquynh' AIRFLOW_CTX_DAG_ID='loading_to_bigquerry' AIRFLOW_CTX_TASK_ID='load_customers_to_bq' AIRFLOW_CTX_EXECUTION_DATE='2024-05-28T12:06:50.557096+00:00' AIRFLOW_CTX_TRY_NUMBER='1' AIRFLOW_CTX_DAG_RUN_ID='manual__2024-05-28T12:06:50.557096+00:00'
[2024-05-28T12:07:24.335+0000] {taskinstance.py:430} INFO - ::endgroup::
[2024-05-28T12:07:24.371+0000] {connection.py:274} WARNING - Connection schemes (type: google_cloud_platform) shall not contain '_' according to RFC3986.
[2024-05-28T12:07:24.375+0000] {base.py:84} INFO - Using connection ID 'google_cloud_default' for task execution.
[2024-05-28T12:07:24.377+0000] {gcs_to_bigquery.py:380} INFO - Using existing BigQuery table for storing data...
[2024-05-28T12:07:24.439+0000] {gcs_to_bigquery.py:384} INFO - Executing: {'load': {'autodetect': True, 'createDisposition': 'CREATE_IF_NEEDED', 'destinationTable': {'projectId': 'datawarehouse-423912', 'datasetId': 'warehouse', 'tableId': 'customers'}, 'sourceFormat': 'CSV', 'sourceUris': ['gs://warehouse8/dataupdated/customers.csv'], 'writeDisposition': 'WRITE_TRUNCATE', 'ignoreUnknownValues': True, 'schema': {'fields': [{'name': 'customerId', 'type': 'STRING', 'mode': 'NULLABLE'}, {'name': 'companyName', 'type': 'STRING', 'mode': 'NULLABLE'}, {'name': 'contactName', 'type': 'STRING', 'mode': 'NULLABLE'}, {'name': 'contactTitle', 'type': 'STRING', 'mode': 'NULLABLE'}, {'name': 'address', 'type': 'STRING', 'mode': 'NULLABLE'}, {'name': 'city', 'type': 'STRING', 'mode': 'NULLABLE'}, {'name': 'region', 'type': 'STRING', 'mode': 'NULLABLE'}, {'name': 'postalCode', 'type': 'STRING', 'mode': 'NULLABLE'}, {'name': 'country', 'type': 'STRING', 'mode': 'NULLABLE'}, {'name': 'phone', 'type': 'STRING', 'mode': 'NULLABLE'}, {'name': 'fax', 'type': 'STRING', 'mode': 'NULLABLE'}]}, 'maxBadRecords': 10, 'skipLeadingRows': 1, 'fieldDelimiter': ',', 'quote': None, 'allowQuotedNewlines': False, 'encoding': 'UTF-8'}}
[2024-05-28T12:07:24.442+0000] {bigquery.py:1660} INFO - Inserting job ***_loading_to_bigquerry_load_customers_to_bq_2024_05_28T12_06_50_557096_00_00_7139452cc8067fadb11f84d7958ad8c6
[2024-05-28T12:07:31.086+0000] {taskinstance.py:441} INFO - ::group::Post task execution logs
[2024-05-28T12:07:31.099+0000] {taskinstance.py:1206} INFO - Marking task as SUCCESS. dag_id=loading_to_bigquerry, task_id=load_customers_to_bq, run_id=manual__2024-05-28T12:06:50.557096+00:00, execution_date=20240528T120650, start_date=20240528T120724, end_date=20240528T120731
[2024-05-28T12:07:31.154+0000] {local_task_job_runner.py:240} INFO - Task exited with return code 0
[2024-05-28T12:07:31.166+0000] {local_task_job_runner.py:222} INFO - ::endgroup::
