[2024-05-28T13:22:59.006+0000] {local_task_job_runner.py:120} INFO - ::group::Pre task execution logs
[2024-05-28T13:22:59.072+0000] {taskinstance.py:2076} INFO - Dependencies all met for dep_context=non-requeueable deps ti=<TaskInstance: loading_to_bigquerry.transform_dim_customer manual__2024-05-28T13:20:47.490019+00:00 [queued]>
[2024-05-28T13:22:59.107+0000] {taskinstance.py:2076} INFO - Dependencies all met for dep_context=requeueable deps ti=<TaskInstance: loading_to_bigquerry.transform_dim_customer manual__2024-05-28T13:20:47.490019+00:00 [queued]>
[2024-05-28T13:22:59.109+0000] {taskinstance.py:2306} INFO - Starting attempt 1 of 0
[2024-05-28T13:22:59.170+0000] {taskinstance.py:2330} INFO - Executing <Task(BigQueryInsertJobOperator): transform_dim_customer> on 2024-05-28 13:20:47.490019+00:00
[2024-05-28T13:22:59.196+0000] {warnings.py:110} WARNING - /home/***/.local/lib/python3.12/site-packages/***/task/task_runner/standard_task_runner.py:61: DeprecationWarning: This process (pid=2761) is multi-threaded, use of fork() may lead to deadlocks in the child.
  pid = os.fork()

[2024-05-28T13:22:59.224+0000] {standard_task_runner.py:63} INFO - Started process 2773 to run task
[2024-05-28T13:22:59.296+0000] {standard_task_runner.py:90} INFO - Running: ['***', 'tasks', 'run', 'loading_to_bigquerry', 'transform_dim_customer', 'manual__2024-05-28T13:20:47.490019+00:00', '--job-id', '399', '--raw', '--subdir', 'DAGS_FOLDER/load_to_bigquerry.py', '--cfg-path', '/tmp/tmp0vz42xl9']
[2024-05-28T13:22:59.306+0000] {standard_task_runner.py:91} INFO - Job 399: Subtask transform_dim_customer
[2024-05-28T13:23:01.076+0000] {task_command.py:426} INFO - Running <TaskInstance: loading_to_bigquerry.transform_dim_customer manual__2024-05-28T13:20:47.490019+00:00 [running]> on host 9b03efc10d80
[2024-05-28T13:23:01.616+0000] {taskinstance.py:2648} INFO - Exporting env vars: AIRFLOW_CTX_DAG_OWNER='ngquynh' AIRFLOW_CTX_DAG_ID='loading_to_bigquerry' AIRFLOW_CTX_TASK_ID='transform_dim_customer' AIRFLOW_CTX_EXECUTION_DATE='2024-05-28T13:20:47.490019+00:00' AIRFLOW_CTX_TRY_NUMBER='1' AIRFLOW_CTX_DAG_RUN_ID='manual__2024-05-28T13:20:47.490019+00:00'
[2024-05-28T13:23:01.631+0000] {taskinstance.py:430} INFO - ::endgroup::
[2024-05-28T13:23:01.771+0000] {connection.py:274} WARNING - Connection schemes (type: google_cloud_platform) shall not contain '_' according to RFC3986.
[2024-05-28T13:23:01.776+0000] {base.py:84} INFO - Using connection ID 'google_cloud_default' for task execution.
[2024-05-28T13:23:02.026+0000] {bigquery.py:2832} INFO - Executing: {'query': {'query': '-- dây là tạo từ oltp sang olap\ncreate or replace table `datawarehouse-423912.OLAP_dataset.Dim_customer` as\nselect \ncustomerID,\ncontactName,\naddress,\ncity,\nphone,\ncountry\nfrom\n`datawarehouse-423912.warehouse.customers`', 'useLegacySql': False}}'
[2024-05-28T13:23:02.054+0000] {bigquery.py:1660} INFO - Inserting job ***_loading_to_bigquerry_transform_dim_customer_2024_05_28T13_20_47_490019_00_00_3f2f8c66e79740b1b07c8a34dbc51d3f
[2024-05-28T13:23:06.900+0000] {taskinstance.py:441} INFO - ::group::Post task execution logs
[2024-05-28T13:23:07.016+0000] {taskinstance.py:1206} INFO - Marking task as SUCCESS. dag_id=loading_to_bigquerry, task_id=transform_dim_customer, run_id=manual__2024-05-28T13:20:47.490019+00:00, execution_date=20240528T132047, start_date=20240528T132259, end_date=20240528T132307
[2024-05-28T13:23:07.105+0000] {local_task_job_runner.py:240} INFO - Task exited with return code 0
[2024-05-28T13:23:07.189+0000] {taskinstance.py:3498} INFO - 0 downstream tasks scheduled from follow-on schedule check
[2024-05-28T13:23:07.194+0000] {local_task_job_runner.py:222} INFO - ::endgroup::
