[2024-05-28T08:48:25.769+0000] {local_task_job_runner.py:120} INFO - ::group::Pre task execution logs
[2024-05-28T08:48:25.807+0000] {taskinstance.py:2076} INFO - Dependencies all met for dep_context=non-requeueable deps ti=<TaskInstance: oltp_to_olap_all_transform.load_fact_table manual__2024-05-28T08:46:54.254296+00:00 [queued]>
[2024-05-28T08:48:25.826+0000] {taskinstance.py:2076} INFO - Dependencies all met for dep_context=requeueable deps ti=<TaskInstance: oltp_to_olap_all_transform.load_fact_table manual__2024-05-28T08:46:54.254296+00:00 [queued]>
[2024-05-28T08:48:25.829+0000] {taskinstance.py:2306} INFO - Starting attempt 1 of 0
[2024-05-28T08:48:25.853+0000] {taskinstance.py:2330} INFO - Executing <Task(BigQueryInsertJobOperator): load_fact_table> on 2024-05-28 08:46:54.254296+00:00
[2024-05-28T08:48:25.864+0000] {warnings.py:110} WARNING - /home/***/.local/lib/python3.12/site-packages/***/task/task_runner/standard_task_runner.py:61: DeprecationWarning: This process (pid=418) is multi-threaded, use of fork() may lead to deadlocks in the child.
  pid = os.fork()

[2024-05-28T08:48:25.866+0000] {standard_task_runner.py:63} INFO - Started process 420 to run task
[2024-05-28T08:48:25.867+0000] {standard_task_runner.py:90} INFO - Running: ['***', 'tasks', 'run', 'oltp_to_olap_all_transform', 'load_fact_table', 'manual__2024-05-28T08:46:54.254296+00:00', '--job-id', '191', '--raw', '--subdir', 'DAGS_FOLDER/oltp_olap.py', '--cfg-path', '/tmp/tmppeix7d5r']
[2024-05-28T08:48:25.871+0000] {standard_task_runner.py:91} INFO - Job 191: Subtask load_fact_table
[2024-05-28T08:48:25.950+0000] {task_command.py:426} INFO - Running <TaskInstance: oltp_to_olap_all_transform.load_fact_table manual__2024-05-28T08:46:54.254296+00:00 [running]> on host 9b03efc10d80
[2024-05-28T08:48:26.244+0000] {taskinstance.py:2648} INFO - Exporting env vars: AIRFLOW_CTX_DAG_OWNER='ngquynh' AIRFLOW_CTX_DAG_ID='oltp_to_olap_all_transform' AIRFLOW_CTX_TASK_ID='load_fact_table' AIRFLOW_CTX_EXECUTION_DATE='2024-05-28T08:46:54.254296+00:00' AIRFLOW_CTX_TRY_NUMBER='1' AIRFLOW_CTX_DAG_RUN_ID='manual__2024-05-28T08:46:54.254296+00:00'
[2024-05-28T08:48:26.247+0000] {taskinstance.py:430} INFO - ::endgroup::
[2024-05-28T08:48:26.298+0000] {connection.py:274} WARNING - Connection schemes (type: google_cloud_platform) shall not contain '_' according to RFC3986.
[2024-05-28T08:48:26.302+0000] {base.py:84} INFO - Using connection ID 'google_cloud_default' for task execution.
[2024-05-28T08:48:26.431+0000] {bigquery.py:2832} INFO - Executing: {'query': {'query': "DECLARE today_date DATE DEFAULT DATE '1998-05-06';\n\ncreate or replace table `datawarehouse-423912.OLAP_dataset.Fact_table_temp`\nas \nselect\norders.order_id,\norders.customer_id,\norders.order_date\nfrom\n`datawarehouse-423912.warehouse.orders` as orders\njoin\n`datawarehouse-423912.OLAP_dataset.Dim_Order_details` as order_details\non\norders. order_id = order_details.orderID", 'useLegacySql': False}}'
[2024-05-28T08:48:26.439+0000] {bigquery.py:1660} INFO - Inserting job ***_oltp_to_olap_all_transform_load_fact_table_2024_05_28T08_46_54_254296_00_00_a363d5d53ec7e5628124075144dc1c9b
[2024-05-28T08:48:34.412+0000] {taskinstance.py:441} INFO - ::group::Post task execution logs
[2024-05-28T08:48:34.438+0000] {taskinstance.py:1206} INFO - Marking task as SUCCESS. dag_id=oltp_to_olap_all_transform, task_id=load_fact_table, run_id=manual__2024-05-28T08:46:54.254296+00:00, execution_date=20240528T084654, start_date=20240528T084825, end_date=20240528T084834
[2024-05-28T08:48:34.490+0000] {local_task_job_runner.py:240} INFO - Task exited with return code 0
[2024-05-28T08:48:34.512+0000] {taskinstance.py:3498} INFO - 0 downstream tasks scheduled from follow-on schedule check
[2024-05-28T08:48:34.514+0000] {local_task_job_runner.py:222} INFO - ::endgroup::
