[2024-05-28T12:07:15.186+0000] {local_task_job_runner.py:120} INFO - ::group::Pre task execution logs
[2024-05-28T12:07:15.208+0000] {taskinstance.py:2076} INFO - Dependencies all met for dep_context=non-requeueable deps ti=<TaskInstance: loading_to_bigquerry.load_orders_to_bq manual__2024-05-28T12:06:50.557096+00:00 [queued]>
[2024-05-28T12:07:15.218+0000] {taskinstance.py:2076} INFO - Dependencies all met for dep_context=requeueable deps ti=<TaskInstance: loading_to_bigquerry.load_orders_to_bq manual__2024-05-28T12:06:50.557096+00:00 [queued]>
[2024-05-28T12:07:15.218+0000] {taskinstance.py:2306} INFO - Starting attempt 1 of 0
[2024-05-28T12:07:15.234+0000] {taskinstance.py:2330} INFO - Executing <Task(GCSToBigQueryOperator): load_orders_to_bq> on 2024-05-28 12:06:50.557096+00:00
[2024-05-28T12:07:15.242+0000] {warnings.py:110} WARNING - /home/***/.local/lib/python3.12/site-packages/***/task/task_runner/standard_task_runner.py:61: DeprecationWarning: This process (pid=1714) is multi-threaded, use of fork() may lead to deadlocks in the child.
  pid = os.fork()

[2024-05-28T12:07:15.243+0000] {standard_task_runner.py:63} INFO - Started process 1716 to run task
[2024-05-28T12:07:15.244+0000] {standard_task_runner.py:90} INFO - Running: ['***', 'tasks', 'run', 'loading_to_bigquerry', 'load_orders_to_bq', 'manual__2024-05-28T12:06:50.557096+00:00', '--job-id', '329', '--raw', '--subdir', 'DAGS_FOLDER/load_to_bigquerry.py', '--cfg-path', '/tmp/tmpoirweag3']
[2024-05-28T12:07:15.247+0000] {standard_task_runner.py:91} INFO - Job 329: Subtask load_orders_to_bq
[2024-05-28T12:07:15.300+0000] {task_command.py:426} INFO - Running <TaskInstance: loading_to_bigquerry.load_orders_to_bq manual__2024-05-28T12:06:50.557096+00:00 [running]> on host 9b03efc10d80
[2024-05-28T12:07:15.416+0000] {taskinstance.py:2648} INFO - Exporting env vars: AIRFLOW_CTX_DAG_OWNER='ngquynh' AIRFLOW_CTX_DAG_ID='loading_to_bigquerry' AIRFLOW_CTX_TASK_ID='load_orders_to_bq' AIRFLOW_CTX_EXECUTION_DATE='2024-05-28T12:06:50.557096+00:00' AIRFLOW_CTX_TRY_NUMBER='1' AIRFLOW_CTX_DAG_RUN_ID='manual__2024-05-28T12:06:50.557096+00:00'
[2024-05-28T12:07:15.418+0000] {taskinstance.py:430} INFO - ::endgroup::
[2024-05-28T12:07:15.450+0000] {connection.py:274} WARNING - Connection schemes (type: google_cloud_platform) shall not contain '_' according to RFC3986.
[2024-05-28T12:07:15.454+0000] {base.py:84} INFO - Using connection ID 'google_cloud_default' for task execution.
[2024-05-28T12:07:15.456+0000] {gcs_to_bigquery.py:380} INFO - Using existing BigQuery table for storing data...
[2024-05-28T12:07:15.520+0000] {gcs_to_bigquery.py:384} INFO - Executing: {'load': {'autodetect': True, 'createDisposition': 'CREATE_IF_NEEDED', 'destinationTable': {'projectId': 'datawarehouse-423912', 'datasetId': 'warehouse', 'tableId': 'orders'}, 'sourceFormat': 'CSV', 'sourceUris': ['gs://warehouse8/dataupdated/orders.csv'], 'writeDisposition': 'WRITE_TRUNCATE', 'ignoreUnknownValues': True, 'schema': {'fields': [{'name': 'order_id', 'type': 'INTEGER', 'mode': 'NULLABLE'}, {'name': 'customer_id', 'type': 'STRING', 'mode': 'NULLABLE'}, {'name': 'employee_id', 'type': 'STRING', 'mode': 'NULLABLE'}, {'name': 'order_date', 'type': 'DATE', 'mode': 'NULLABLE'}, {'name': 'required_date', 'type': 'DATE', 'mode': 'NULLABLE'}, {'name': 'shipped_date', 'type': 'DATE', 'mode': 'NULLABLE'}, {'name': 'ship_via', 'type': 'INTEGER', 'mode': 'NULLABLE'}, {'name': 'freight', 'type': 'STRING', 'mode': 'NULLABLE'}, {'name': 'ship_name', 'type': 'STRING', 'mode': 'NULLABLE'}, {'name': 'ship_address', 'type': 'STRING', 'mode': 'NULLABLE'}, {'name': 'ship_region', 'type': 'STRING', 'mode': 'NULLABLE'}, {'name': 'ship_postal_code', 'type': 'STRING', 'mode': 'NULLABLE'}, {'name': 'ship_country', 'type': 'STRING', 'mode': 'NULLABLE'}]}, 'maxBadRecords': 10, 'skipLeadingRows': 1, 'fieldDelimiter': ',', 'quote': None, 'allowQuotedNewlines': False, 'encoding': 'UTF-8'}}
[2024-05-28T12:07:15.521+0000] {bigquery.py:1660} INFO - Inserting job ***_loading_to_bigquerry_load_orders_to_bq_2024_05_28T12_06_50_557096_00_00_5f4891a41412f710c4c82881ea4bb253
[2024-05-28T12:07:21.497+0000] {taskinstance.py:441} INFO - ::group::Post task execution logs
[2024-05-28T12:07:21.544+0000] {taskinstance.py:1206} INFO - Marking task as SUCCESS. dag_id=loading_to_bigquerry, task_id=load_orders_to_bq, run_id=manual__2024-05-28T12:06:50.557096+00:00, execution_date=20240528T120650, start_date=20240528T120715, end_date=20240528T120721
[2024-05-28T12:07:21.599+0000] {local_task_job_runner.py:240} INFO - Task exited with return code 0
[2024-05-28T12:07:21.644+0000] {taskinstance.py:3498} INFO - 1 downstream tasks scheduled from follow-on schedule check
[2024-05-28T12:07:21.646+0000] {local_task_job_runner.py:222} INFO - ::endgroup::
