[2024-05-28T09:12:39.403+0000] {local_task_job_runner.py:120} INFO - ::group::Pre task execution logs
[2024-05-28T09:12:39.426+0000] {taskinstance.py:2076} INFO - Dependencies all met for dep_context=non-requeueable deps ti=<TaskInstance: oltp_to_olap_all_transform.create_Sale_Table manual__2024-05-28T09:11:27.328375+00:00 [queued]>
[2024-05-28T09:12:39.438+0000] {taskinstance.py:2076} INFO - Dependencies all met for dep_context=requeueable deps ti=<TaskInstance: oltp_to_olap_all_transform.create_Sale_Table manual__2024-05-28T09:11:27.328375+00:00 [queued]>
[2024-05-28T09:12:39.439+0000] {taskinstance.py:2306} INFO - Starting attempt 1 of 0
[2024-05-28T09:12:39.458+0000] {taskinstance.py:2330} INFO - Executing <Task(BigQueryInsertJobOperator): create_Sale_Table> on 2024-05-28 09:11:27.328375+00:00
[2024-05-28T09:12:39.467+0000] {warnings.py:110} WARNING - /home/***/.local/lib/python3.12/site-packages/***/task/task_runner/standard_task_runner.py:61: DeprecationWarning: This process (pid=839) is multi-threaded, use of fork() may lead to deadlocks in the child.
  pid = os.fork()

[2024-05-28T09:12:39.469+0000] {standard_task_runner.py:63} INFO - Started process 841 to run task
[2024-05-28T09:12:39.470+0000] {standard_task_runner.py:90} INFO - Running: ['***', 'tasks', 'run', 'oltp_to_olap_all_transform', 'create_Sale_Table', 'manual__2024-05-28T09:11:27.328375+00:00', '--job-id', '236', '--raw', '--subdir', 'DAGS_FOLDER/oltp_olap.py', '--cfg-path', '/tmp/tmpn89fm2l9']
[2024-05-28T09:12:39.474+0000] {standard_task_runner.py:91} INFO - Job 236: Subtask create_Sale_Table
[2024-05-28T09:12:39.537+0000] {task_command.py:426} INFO - Running <TaskInstance: oltp_to_olap_all_transform.create_Sale_Table manual__2024-05-28T09:11:27.328375+00:00 [running]> on host 9b03efc10d80
[2024-05-28T09:12:39.663+0000] {taskinstance.py:2648} INFO - Exporting env vars: AIRFLOW_CTX_DAG_OWNER='ngquynh' AIRFLOW_CTX_DAG_ID='oltp_to_olap_all_transform' AIRFLOW_CTX_TASK_ID='create_Sale_Table' AIRFLOW_CTX_EXECUTION_DATE='2024-05-28T09:11:27.328375+00:00' AIRFLOW_CTX_TRY_NUMBER='1' AIRFLOW_CTX_DAG_RUN_ID='manual__2024-05-28T09:11:27.328375+00:00'
[2024-05-28T09:12:39.665+0000] {taskinstance.py:430} INFO - ::endgroup::
[2024-05-28T09:12:39.693+0000] {connection.py:274} WARNING - Connection schemes (type: google_cloud_platform) shall not contain '_' according to RFC3986.
[2024-05-28T09:12:39.696+0000] {base.py:84} INFO - Using connection ID 'google_cloud_default' for task execution.
[2024-05-28T09:12:39.751+0000] {bigquery.py:2832} INFO - Executing: {'query': {'query': 'CREATE TABLE `datawarehouse-423912.OLAP_dataset.Sale_table` AS\nSELECT \n    orderID,\n    SUM(quantity * unitprice * (1 - discount)) AS total_revenue\nFROM \n    `datawarehouse-423912.OLAP_dataset.Dim_Order_details`\nGROUP BY \n    orderID;', 'useLegacySql': False}}'
[2024-05-28T09:12:39.753+0000] {bigquery.py:1660} INFO - Inserting job ***_oltp_to_olap_all_transform_create_Sale_Table_2024_05_28T09_11_27_328375_00_00_2cf3144bea7ba9ee4c73b8b4d1295ea1
[2024-05-28T09:12:52.820+0000] {taskinstance.py:441} INFO - ::group::Post task execution logs
[2024-05-28T09:12:52.842+0000] {taskinstance.py:1206} INFO - Marking task as SUCCESS. dag_id=oltp_to_olap_all_transform, task_id=create_Sale_Table, run_id=manual__2024-05-28T09:11:27.328375+00:00, execution_date=20240528T091127, start_date=20240528T091239, end_date=20240528T091252
[2024-05-28T09:12:52.874+0000] {local_task_job_runner.py:240} INFO - Task exited with return code 0
[2024-05-28T09:12:52.892+0000] {taskinstance.py:3498} INFO - 0 downstream tasks scheduled from follow-on schedule check
[2024-05-28T09:12:52.894+0000] {local_task_job_runner.py:222} INFO - ::endgroup::
