[2024-05-28T08:54:42.378+0000] {local_task_job_runner.py:120} INFO - ::group::Pre task execution logs
[2024-05-28T08:54:42.472+0000] {taskinstance.py:2076} INFO - Dependencies all met for dep_context=non-requeueable deps ti=<TaskInstance: oltp_to_olap_all_transform.transform_dim_customer manual__2024-05-28T08:54:22.880138+00:00 [queued]>
[2024-05-28T08:54:42.510+0000] {taskinstance.py:2076} INFO - Dependencies all met for dep_context=requeueable deps ti=<TaskInstance: oltp_to_olap_all_transform.transform_dim_customer manual__2024-05-28T08:54:22.880138+00:00 [queued]>
[2024-05-28T08:54:42.515+0000] {taskinstance.py:2306} INFO - Starting attempt 1 of 0
[2024-05-28T08:54:42.590+0000] {taskinstance.py:2330} INFO - Executing <Task(BigQueryInsertJobOperator): transform_dim_customer> on 2024-05-28 08:54:22.880138+00:00
[2024-05-28T08:54:42.627+0000] {warnings.py:110} WARNING - /home/***/.local/lib/python3.12/site-packages/***/task/task_runner/standard_task_runner.py:61: DeprecationWarning: This process (pid=520) is multi-threaded, use of fork() may lead to deadlocks in the child.
  pid = os.fork()

[2024-05-28T08:54:42.635+0000] {standard_task_runner.py:63} INFO - Started process 528 to run task
[2024-05-28T08:54:42.667+0000] {standard_task_runner.py:90} INFO - Running: ['***', 'tasks', 'run', 'oltp_to_olap_all_transform', 'transform_dim_customer', 'manual__2024-05-28T08:54:22.880138+00:00', '--job-id', '202', '--raw', '--subdir', 'DAGS_FOLDER/oltp_olap.py', '--cfg-path', '/tmp/tmp6hy4ija1']
[2024-05-28T08:54:42.698+0000] {standard_task_runner.py:91} INFO - Job 202: Subtask transform_dim_customer
[2024-05-28T08:54:43.048+0000] {task_command.py:426} INFO - Running <TaskInstance: oltp_to_olap_all_transform.transform_dim_customer manual__2024-05-28T08:54:22.880138+00:00 [running]> on host 9b03efc10d80
[2024-05-28T08:54:43.544+0000] {taskinstance.py:2648} INFO - Exporting env vars: AIRFLOW_CTX_DAG_OWNER='ngquynh' AIRFLOW_CTX_DAG_ID='oltp_to_olap_all_transform' AIRFLOW_CTX_TASK_ID='transform_dim_customer' AIRFLOW_CTX_EXECUTION_DATE='2024-05-28T08:54:22.880138+00:00' AIRFLOW_CTX_TRY_NUMBER='1' AIRFLOW_CTX_DAG_RUN_ID='manual__2024-05-28T08:54:22.880138+00:00'
[2024-05-28T08:54:43.547+0000] {taskinstance.py:430} INFO - ::endgroup::
[2024-05-28T08:54:43.794+0000] {connection.py:274} WARNING - Connection schemes (type: google_cloud_platform) shall not contain '_' according to RFC3986.
[2024-05-28T08:54:43.822+0000] {base.py:84} INFO - Using connection ID 'google_cloud_default' for task execution.
[2024-05-28T08:54:44.097+0000] {bigquery.py:2832} INFO - Executing: {'query': {'query': '-- dây là tạo từ oltp sang olap\ncreate or replace table `datawarehouse-423912.OLAP_dataset.Dim_customer` as\nselect \ncustomerID,\ncontactName,\naddress,\ncity,\nphone,\ncountry\nfrom\n`datawarehouse-423912.warehouse.newupdated_customers`', 'useLegacySql': False}}'
[2024-05-28T08:54:44.105+0000] {bigquery.py:1660} INFO - Inserting job ***_oltp_to_olap_all_transform_transform_dim_customer_2024_05_28T08_54_22_880138_00_00_8e9ff0cce9b90fb83b7a18598571f263
[2024-05-28T08:54:52.969+0000] {taskinstance.py:441} INFO - ::group::Post task execution logs
[2024-05-28T08:54:53.013+0000] {taskinstance.py:1206} INFO - Marking task as SUCCESS. dag_id=oltp_to_olap_all_transform, task_id=transform_dim_customer, run_id=manual__2024-05-28T08:54:22.880138+00:00, execution_date=20240528T085422, start_date=20240528T085442, end_date=20240528T085453
[2024-05-28T08:54:53.097+0000] {local_task_job_runner.py:240} INFO - Task exited with return code 0
[2024-05-28T08:54:53.114+0000] {local_task_job_runner.py:222} INFO - ::endgroup::
