[2024-05-28T08:57:33.481+0000] {local_task_job_runner.py:120} INFO - ::group::Pre task execution logs
[2024-05-28T08:57:33.552+0000] {taskinstance.py:2076} INFO - Dependencies all met for dep_context=non-requeueable deps ti=<TaskInstance: oltp_to_olap_all_transform.transform_dim_date manual__2024-05-28T08:57:03.962198+00:00 [queued]>
[2024-05-28T08:57:33.591+0000] {taskinstance.py:2076} INFO - Dependencies all met for dep_context=requeueable deps ti=<TaskInstance: oltp_to_olap_all_transform.transform_dim_date manual__2024-05-28T08:57:03.962198+00:00 [queued]>
[2024-05-28T08:57:33.592+0000] {taskinstance.py:2306} INFO - Starting attempt 1 of 0
[2024-05-28T08:57:33.647+0000] {taskinstance.py:2330} INFO - Executing <Task(BigQueryInsertJobOperator): transform_dim_date> on 2024-05-28 08:57:03.962198+00:00
[2024-05-28T08:57:33.724+0000] {warnings.py:110} WARNING - /home/***/.local/lib/python3.12/site-packages/***/task/task_runner/standard_task_runner.py:61: DeprecationWarning: This process (pid=579) is multi-threaded, use of fork() may lead to deadlocks in the child.
  pid = os.fork()

[2024-05-28T08:57:33.794+0000] {standard_task_runner.py:63} INFO - Started process 586 to run task
[2024-05-28T08:57:33.787+0000] {standard_task_runner.py:90} INFO - Running: ['***', 'tasks', 'run', 'oltp_to_olap_all_transform', 'transform_dim_date', 'manual__2024-05-28T08:57:03.962198+00:00', '--job-id', '210', '--raw', '--subdir', 'DAGS_FOLDER/oltp_olap.py', '--cfg-path', '/tmp/tmpjckrs2si']
[2024-05-28T08:57:33.835+0000] {standard_task_runner.py:91} INFO - Job 210: Subtask transform_dim_date
[2024-05-28T08:57:34.283+0000] {task_command.py:426} INFO - Running <TaskInstance: oltp_to_olap_all_transform.transform_dim_date manual__2024-05-28T08:57:03.962198+00:00 [running]> on host 9b03efc10d80
[2024-05-28T08:57:34.870+0000] {taskinstance.py:2648} INFO - Exporting env vars: AIRFLOW_CTX_DAG_OWNER='ngquynh' AIRFLOW_CTX_DAG_ID='oltp_to_olap_all_transform' AIRFLOW_CTX_TASK_ID='transform_dim_date' AIRFLOW_CTX_EXECUTION_DATE='2024-05-28T08:57:03.962198+00:00' AIRFLOW_CTX_TRY_NUMBER='1' AIRFLOW_CTX_DAG_RUN_ID='manual__2024-05-28T08:57:03.962198+00:00'
[2024-05-28T08:57:34.893+0000] {taskinstance.py:430} INFO - ::endgroup::
[2024-05-28T08:57:35.334+0000] {connection.py:274} WARNING - Connection schemes (type: google_cloud_platform) shall not contain '_' according to RFC3986.
[2024-05-28T08:57:35.375+0000] {base.py:84} INFO - Using connection ID 'google_cloud_default' for task execution.
[2024-05-28T08:57:35.852+0000] {bigquery.py:2832} INFO - Executing: {'query': {'query': 'CREATE OR REPLACE TABLE `datawarehouse-423912.OLAP_dataset.Dim_date` AS\nSELECT\n  SAFE_CAST(order_date AS DATE) AS order_date,\n  EXTRACT(MONTH FROM SAFE_CAST(order_date AS DATE)) AS month,\n  EXTRACT(QUARTER FROM SAFE_CAST(order_date AS DATE)) AS quarter,\n  EXTRACT(YEAR FROM SAFE_CAST(order_date AS DATE)) AS year,\n  CASE\n    WHEN EXTRACT(DAYOFWEEK FROM SAFE_CAST(order_date AS DATE)) IN (1, 7) THEN TRUE\n    ELSE FALSE\n  END AS weekend_flag\nFROM\n  `datawarehouse-423912.warehouse.orders`\nWHERE\n  SAFE_CAST(order_date AS DATE) IS NOT NULL;', 'useLegacySql': False}}'
[2024-05-28T08:57:35.921+0000] {bigquery.py:1660} INFO - Inserting job ***_oltp_to_olap_all_transform_transform_dim_date_2024_05_28T08_57_03_962198_00_00_e8008b21d8be3264f98a4a604958d55d
[2024-05-28T08:57:52.143+0000] {taskinstance.py:441} INFO - ::group::Post task execution logs
[2024-05-28T08:57:52.253+0000] {taskinstance.py:1206} INFO - Marking task as SUCCESS. dag_id=oltp_to_olap_all_transform, task_id=transform_dim_date, run_id=manual__2024-05-28T08:57:03.962198+00:00, execution_date=20240528T085703, start_date=20240528T085733, end_date=20240528T085752
[2024-05-28T08:57:52.482+0000] {local_task_job_runner.py:240} INFO - Task exited with return code 0
[2024-05-28T08:57:52.602+0000] {taskinstance.py:3498} INFO - 1 downstream tasks scheduled from follow-on schedule check
[2024-05-28T08:57:52.614+0000] {local_task_job_runner.py:222} INFO - ::endgroup::
