[2024-05-28T10:06:59.258+0000] {local_task_job_runner.py:120} INFO - ::group::Pre task execution logs
[2024-05-28T10:06:59.286+0000] {taskinstance.py:2076} INFO - Dependencies all met for dep_context=non-requeueable deps ti=<TaskInstance: loading_to_bigquerry.load_orders_to_bq manual__2024-05-28T10:06:43.890129+00:00 [queued]>
[2024-05-28T10:06:59.300+0000] {taskinstance.py:2076} INFO - Dependencies all met for dep_context=requeueable deps ti=<TaskInstance: loading_to_bigquerry.load_orders_to_bq manual__2024-05-28T10:06:43.890129+00:00 [queued]>
[2024-05-28T10:06:59.301+0000] {taskinstance.py:2306} INFO - Starting attempt 1 of 0
[2024-05-28T10:06:59.322+0000] {taskinstance.py:2330} INFO - Executing <Task(GCSToBigQueryOperator): load_orders_to_bq> on 2024-05-28 10:06:43.890129+00:00
[2024-05-28T10:06:59.334+0000] {warnings.py:110} WARNING - /home/***/.local/lib/python3.12/site-packages/***/task/task_runner/standard_task_runner.py:61: DeprecationWarning: This process (pid=246) is multi-threaded, use of fork() may lead to deadlocks in the child.
  pid = os.fork()

[2024-05-28T10:06:59.337+0000] {standard_task_runner.py:63} INFO - Started process 248 to run task
[2024-05-28T10:06:59.337+0000] {standard_task_runner.py:90} INFO - Running: ['***', 'tasks', 'run', 'loading_to_bigquerry', 'load_orders_to_bq', 'manual__2024-05-28T10:06:43.890129+00:00', '--job-id', '287', '--raw', '--subdir', 'DAGS_FOLDER/load_to_bigquerry.py', '--cfg-path', '/tmp/tmp2ioj2ik4']
[2024-05-28T10:06:59.341+0000] {standard_task_runner.py:91} INFO - Job 287: Subtask load_orders_to_bq
[2024-05-28T10:06:59.405+0000] {task_command.py:426} INFO - Running <TaskInstance: loading_to_bigquerry.load_orders_to_bq manual__2024-05-28T10:06:43.890129+00:00 [running]> on host 9b03efc10d80
[2024-05-28T10:06:59.547+0000] {taskinstance.py:2648} INFO - Exporting env vars: AIRFLOW_CTX_DAG_OWNER='ngquynh' AIRFLOW_CTX_DAG_ID='loading_to_bigquerry' AIRFLOW_CTX_TASK_ID='load_orders_to_bq' AIRFLOW_CTX_EXECUTION_DATE='2024-05-28T10:06:43.890129+00:00' AIRFLOW_CTX_TRY_NUMBER='1' AIRFLOW_CTX_DAG_RUN_ID='manual__2024-05-28T10:06:43.890129+00:00'
[2024-05-28T10:06:59.549+0000] {taskinstance.py:430} INFO - ::endgroup::
[2024-05-28T10:06:59.592+0000] {connection.py:274} WARNING - Connection schemes (type: google_cloud_platform) shall not contain '_' according to RFC3986.
[2024-05-28T10:06:59.596+0000] {base.py:84} INFO - Using connection ID 'google_cloud_default' for task execution.
[2024-05-28T10:06:59.597+0000] {gcs_to_bigquery.py:380} INFO - Using existing BigQuery table for storing data...
[2024-05-28T10:06:59.679+0000] {gcs_to_bigquery.py:384} INFO - Executing: {'load': {'autodetect': True, 'createDisposition': 'CREATE_IF_NEEDED', 'destinationTable': {'projectId': 'datawarehouse-423912', 'datasetId': 'warehouse', 'tableId': 'orders'}, 'sourceFormat': 'CSV', 'sourceUris': ['gs://warehouse8/dataupdated/orders.csv'], 'writeDisposition': 'WRITE_TRUNCATE', 'ignoreUnknownValues': True, 'schema': {'fields': [{'name': 'order_id', 'type': 'INTEGER', 'mode': 'NULLABLE'}, {'name': 'customer_id', 'type': 'STRING', 'mode': 'NULLABLE'}, {'name': 'employee_id', 'type': 'STRING', 'mode': 'NULLABLE'}, {'name': 'order_date', 'type': 'DATE', 'mode': 'NULLABLE'}, {'name': 'required_date', 'type': 'DATE', 'mode': 'NULLABLE'}, {'name': 'shipped_date', 'type': 'DATE', 'mode': 'NULLABLE'}, {'name': 'ship_via', 'type': 'INTEGER', 'mode': 'NULLABLE'}, {'name': 'freight', 'type': 'STRING', 'mode': 'NULLABLE'}, {'name': 'ship_name', 'type': 'STRING', 'mode': 'NULLABLE'}, {'name': 'ship_address', 'type': 'STRING', 'mode': 'NULLABLE'}, {'name': 'ship_region', 'type': 'STRING', 'mode': 'NULLABLE'}, {'name': 'ship_postal_code', 'type': 'STRING', 'mode': 'NULLABLE'}, {'name': 'ship_country', 'type': 'STRING', 'mode': 'NULLABLE'}]}, 'maxBadRecords': 10, 'skipLeadingRows': 1, 'fieldDelimiter': ',', 'quote': None, 'allowQuotedNewlines': False, 'encoding': 'UTF-8'}}
[2024-05-28T10:06:59.683+0000] {bigquery.py:1660} INFO - Inserting job ***_loading_to_bigquerry_load_orders_to_bq_2024_05_28T10_06_43_890129_00_00_4812754e26f1c50520ff1c5a406c341d
[2024-05-28T10:07:04.608+0000] {taskinstance.py:441} INFO - ::group::Post task execution logs
[2024-05-28T10:07:04.626+0000] {taskinstance.py:1206} INFO - Marking task as SUCCESS. dag_id=loading_to_bigquerry, task_id=load_orders_to_bq, run_id=manual__2024-05-28T10:06:43.890129+00:00, execution_date=20240528T100643, start_date=20240528T100659, end_date=20240528T100704
[2024-05-28T10:07:04.680+0000] {local_task_job_runner.py:240} INFO - Task exited with return code 0
[2024-05-28T10:07:04.704+0000] {taskinstance.py:3498} INFO - 0 downstream tasks scheduled from follow-on schedule check
[2024-05-28T10:07:04.706+0000] {local_task_job_runner.py:222} INFO - ::endgroup::
