[2024-05-28T13:22:59.039+0000] {local_task_job_runner.py:120} INFO - ::group::Pre task execution logs
[2024-05-28T13:22:59.107+0000] {taskinstance.py:2076} INFO - Dependencies all met for dep_context=non-requeueable deps ti=<TaskInstance: loading_to_bigquerry.transform_dim_date manual__2024-05-28T13:20:47.490019+00:00 [queued]>
[2024-05-28T13:22:59.132+0000] {taskinstance.py:2076} INFO - Dependencies all met for dep_context=requeueable deps ti=<TaskInstance: loading_to_bigquerry.transform_dim_date manual__2024-05-28T13:20:47.490019+00:00 [queued]>
[2024-05-28T13:22:59.134+0000] {taskinstance.py:2306} INFO - Starting attempt 1 of 0
[2024-05-28T13:22:59.184+0000] {taskinstance.py:2330} INFO - Executing <Task(BigQueryInsertJobOperator): transform_dim_date> on 2024-05-28 13:20:47.490019+00:00
[2024-05-28T13:22:59.259+0000] {warnings.py:110} WARNING - /home/***/.local/lib/python3.12/site-packages/***/task/task_runner/standard_task_runner.py:61: DeprecationWarning: This process (pid=2760) is multi-threaded, use of fork() may lead to deadlocks in the child.
  pid = os.fork()

[2024-05-28T13:22:59.266+0000] {standard_task_runner.py:63} INFO - Started process 2774 to run task
[2024-05-28T13:22:59.269+0000] {standard_task_runner.py:90} INFO - Running: ['***', 'tasks', 'run', 'loading_to_bigquerry', 'transform_dim_date', 'manual__2024-05-28T13:20:47.490019+00:00', '--job-id', '400', '--raw', '--subdir', 'DAGS_FOLDER/load_to_bigquerry.py', '--cfg-path', '/tmp/tmp8tya49fp']
[2024-05-28T13:22:59.296+0000] {standard_task_runner.py:91} INFO - Job 400: Subtask transform_dim_date
[2024-05-28T13:23:00.831+0000] {task_command.py:426} INFO - Running <TaskInstance: loading_to_bigquerry.transform_dim_date manual__2024-05-28T13:20:47.490019+00:00 [running]> on host 9b03efc10d80
[2024-05-28T13:23:01.494+0000] {taskinstance.py:2648} INFO - Exporting env vars: AIRFLOW_CTX_DAG_OWNER='ngquynh' AIRFLOW_CTX_DAG_ID='loading_to_bigquerry' AIRFLOW_CTX_TASK_ID='transform_dim_date' AIRFLOW_CTX_EXECUTION_DATE='2024-05-28T13:20:47.490019+00:00' AIRFLOW_CTX_TRY_NUMBER='1' AIRFLOW_CTX_DAG_RUN_ID='manual__2024-05-28T13:20:47.490019+00:00'
[2024-05-28T13:23:01.519+0000] {taskinstance.py:430} INFO - ::endgroup::
[2024-05-28T13:23:01.671+0000] {connection.py:274} WARNING - Connection schemes (type: google_cloud_platform) shall not contain '_' according to RFC3986.
[2024-05-28T13:23:01.676+0000] {base.py:84} INFO - Using connection ID 'google_cloud_default' for task execution.
[2024-05-28T13:23:01.875+0000] {bigquery.py:2832} INFO - Executing: {'query': {'query': 'CREATE OR REPLACE TABLE `datawarehouse-423912.OLAP_dataset.Dim_date` AS\nSELECT\n  SAFE_CAST(order_date AS DATE) AS order_date,\n  EXTRACT(MONTH FROM SAFE_CAST(order_date AS DATE)) AS month,\n  EXTRACT(QUARTER FROM SAFE_CAST(order_date AS DATE)) AS quarter,\n  EXTRACT(YEAR FROM SAFE_CAST(order_date AS DATE)) AS year,\n  CASE\n    WHEN EXTRACT(DAYOFWEEK FROM SAFE_CAST(order_date AS DATE)) IN (1, 7) THEN TRUE\n    ELSE FALSE\n  END AS weekend_flag\nFROM\n  `datawarehouse-423912.warehouse.orders`\nWHERE\n  SAFE_CAST(order_date AS DATE) IS NOT NULL;', 'useLegacySql': False}}'
[2024-05-28T13:23:01.903+0000] {bigquery.py:1660} INFO - Inserting job ***_loading_to_bigquerry_transform_dim_date_2024_05_28T13_20_47_490019_00_00_5a070c24dd718208c63a952d11735108
[2024-05-28T13:23:06.902+0000] {taskinstance.py:441} INFO - ::group::Post task execution logs
[2024-05-28T13:23:07.863+0000] {taskinstance.py:1206} INFO - Marking task as SUCCESS. dag_id=loading_to_bigquerry, task_id=transform_dim_date, run_id=manual__2024-05-28T13:20:47.490019+00:00, execution_date=20240528T132047, start_date=20240528T132259, end_date=20240528T132307
[2024-05-28T13:23:08.044+0000] {local_task_job_runner.py:240} INFO - Task exited with return code 0
[2024-05-28T13:23:08.233+0000] {taskinstance.py:3498} INFO - 0 downstream tasks scheduled from follow-on schedule check
[2024-05-28T13:23:08.245+0000] {local_task_job_runner.py:222} INFO - ::endgroup::
