[2024-05-28T13:23:48.027+0000] {local_task_job_runner.py:120} INFO - ::group::Pre task execution logs
[2024-05-28T13:23:48.058+0000] {taskinstance.py:2076} INFO - Dependencies all met for dep_context=non-requeueable deps ti=<TaskInstance: loading_to_bigquerry.transform_Order_Fact_Table manual__2024-05-28T13:20:47.490019+00:00 [queued]>
[2024-05-28T13:23:48.088+0000] {taskinstance.py:2076} INFO - Dependencies all met for dep_context=requeueable deps ti=<TaskInstance: loading_to_bigquerry.transform_Order_Fact_Table manual__2024-05-28T13:20:47.490019+00:00 [queued]>
[2024-05-28T13:23:48.092+0000] {taskinstance.py:2306} INFO - Starting attempt 1 of 0
[2024-05-28T13:23:48.133+0000] {taskinstance.py:2330} INFO - Executing <Task(BigQueryInsertJobOperator): transform_Order_Fact_Table> on 2024-05-28 13:20:47.490019+00:00
[2024-05-28T13:23:48.150+0000] {warnings.py:110} WARNING - /home/***/.local/lib/python3.12/site-packages/***/task/task_runner/standard_task_runner.py:61: DeprecationWarning: This process (pid=2795) is multi-threaded, use of fork() may lead to deadlocks in the child.
  pid = os.fork()

[2024-05-28T13:23:48.154+0000] {standard_task_runner.py:63} INFO - Started process 2797 to run task
[2024-05-28T13:23:48.154+0000] {standard_task_runner.py:90} INFO - Running: ['***', 'tasks', 'run', 'loading_to_bigquerry', 'transform_Order_Fact_Table', 'manual__2024-05-28T13:20:47.490019+00:00', '--job-id', '406', '--raw', '--subdir', 'DAGS_FOLDER/load_to_bigquerry.py', '--cfg-path', '/tmp/tmpx7oxx4go']
[2024-05-28T13:23:48.159+0000] {standard_task_runner.py:91} INFO - Job 406: Subtask transform_Order_Fact_Table
[2024-05-28T13:23:48.245+0000] {task_command.py:426} INFO - Running <TaskInstance: loading_to_bigquerry.transform_Order_Fact_Table manual__2024-05-28T13:20:47.490019+00:00 [running]> on host 9b03efc10d80
[2024-05-28T13:23:48.434+0000] {taskinstance.py:2648} INFO - Exporting env vars: AIRFLOW_CTX_DAG_OWNER='ngquynh' AIRFLOW_CTX_DAG_ID='loading_to_bigquerry' AIRFLOW_CTX_TASK_ID='transform_Order_Fact_Table' AIRFLOW_CTX_EXECUTION_DATE='2024-05-28T13:20:47.490019+00:00' AIRFLOW_CTX_TRY_NUMBER='1' AIRFLOW_CTX_DAG_RUN_ID='manual__2024-05-28T13:20:47.490019+00:00'
[2024-05-28T13:23:48.438+0000] {taskinstance.py:430} INFO - ::endgroup::
[2024-05-28T13:23:48.554+0000] {connection.py:274} WARNING - Connection schemes (type: google_cloud_platform) shall not contain '_' according to RFC3986.
[2024-05-28T13:23:48.560+0000] {base.py:84} INFO - Using connection ID 'google_cloud_default' for task execution.
[2024-05-28T13:23:48.709+0000] {bigquery.py:2832} INFO - Executing: {'query': {'query': 'create or replace table `datawarehouse-423912.OLAP_dataset.Order_fact_table` as\nwith RFM_table as (\n  select\n  fact.customer_id,\n  fact.order_id,\n  fact.order_date,\n  rfm.Recency,\n  rfm.Frequency,\n  rfm.Monetary,\n  sale.total_revenue\n  from\n  `datawarehouse-423912.OLAP_dataset.Fact_table` as fact\n  join\n  `datawarehouse-423912.OLAP_dataset.RFM_table` as rfm\n  on \n fact.customer_id = rfm.customer_id\n  JOIN\n  `datawarehouse-423912.OLAP_dataset.Sale_table` as sale\n  ON\n  fact.order_id = sale.orderID\n)\n\nselect * from RFM_table;', 'useLegacySql': False}}'
[2024-05-28T13:23:48.712+0000] {bigquery.py:1660} INFO - Inserting job ***_loading_to_bigquerry_transform_Order_Fact_Table_2024_05_28T13_20_47_490019_00_00_320abfa41d275a8a704976e094f8aa50
[2024-05-28T13:23:54.792+0000] {taskinstance.py:441} INFO - ::group::Post task execution logs
[2024-05-28T13:23:54.838+0000] {taskinstance.py:1206} INFO - Marking task as SUCCESS. dag_id=loading_to_bigquerry, task_id=transform_Order_Fact_Table, run_id=manual__2024-05-28T13:20:47.490019+00:00, execution_date=20240528T132047, start_date=20240528T132348, end_date=20240528T132354
[2024-05-28T13:23:54.916+0000] {local_task_job_runner.py:240} INFO - Task exited with return code 0
[2024-05-28T13:23:54.962+0000] {taskinstance.py:3498} INFO - 0 downstream tasks scheduled from follow-on schedule check
[2024-05-28T13:23:54.966+0000] {local_task_job_runner.py:222} INFO - ::endgroup::
