[2024-05-28T06:10:38.281+0000] {local_task_job_runner.py:120} INFO - ::group::Pre task execution logs
[2024-05-28T06:10:38.361+0000] {taskinstance.py:2076} INFO - Dependencies all met for dep_context=non-requeueable deps ti=<TaskInstance: oltp_to_olap_all_transform.load_dim_orders_details manual__2024-05-28T06:09:58.151472+00:00 [queued]>
[2024-05-28T06:10:38.409+0000] {taskinstance.py:2076} INFO - Dependencies all met for dep_context=requeueable deps ti=<TaskInstance: oltp_to_olap_all_transform.load_dim_orders_details manual__2024-05-28T06:09:58.151472+00:00 [queued]>
[2024-05-28T06:10:38.411+0000] {taskinstance.py:2306} INFO - Starting attempt 1 of 0
[2024-05-28T06:10:38.481+0000] {taskinstance.py:2330} INFO - Executing <Task(BigQueryInsertJobOperator): load_dim_orders_details> on 2024-05-28 06:09:58.151472+00:00
[2024-05-28T06:10:38.562+0000] {warnings.py:110} WARNING - /home/***/.local/lib/python3.12/site-packages/***/task/task_runner/standard_task_runner.py:61: DeprecationWarning: This process (pid=1197) is multi-threaded, use of fork() may lead to deadlocks in the child.
  pid = os.fork()

[2024-05-28T06:10:38.647+0000] {standard_task_runner.py:63} INFO - Started process 1203 to run task
[2024-05-28T06:10:38.634+0000] {standard_task_runner.py:90} INFO - Running: ['***', 'tasks', 'run', 'oltp_to_olap_all_transform', 'load_dim_orders_details', 'manual__2024-05-28T06:09:58.151472+00:00', '--job-id', '144', '--raw', '--subdir', 'DAGS_FOLDER/oltp_olap.py', '--cfg-path', '/tmp/tmp96tvtxm8']
[2024-05-28T06:10:38.690+0000] {standard_task_runner.py:91} INFO - Job 144: Subtask load_dim_orders_details
[2024-05-28T06:10:39.083+0000] {task_command.py:426} INFO - Running <TaskInstance: oltp_to_olap_all_transform.load_dim_orders_details manual__2024-05-28T06:09:58.151472+00:00 [running]> on host 9b03efc10d80
[2024-05-28T06:10:39.672+0000] {taskinstance.py:2648} INFO - Exporting env vars: AIRFLOW_CTX_DAG_OWNER='ngquynh' AIRFLOW_CTX_DAG_ID='oltp_to_olap_all_transform' AIRFLOW_CTX_TASK_ID='load_dim_orders_details' AIRFLOW_CTX_EXECUTION_DATE='2024-05-28T06:09:58.151472+00:00' AIRFLOW_CTX_TRY_NUMBER='1' AIRFLOW_CTX_DAG_RUN_ID='manual__2024-05-28T06:09:58.151472+00:00'
[2024-05-28T06:10:39.681+0000] {taskinstance.py:430} INFO - ::endgroup::
[2024-05-28T06:10:39.782+0000] {connection.py:274} WARNING - Connection schemes (type: google_cloud_platform) shall not contain '_' according to RFC3986.
[2024-05-28T06:10:39.815+0000] {base.py:84} INFO - Using connection ID 'google_cloud_default' for task execution.
[2024-05-28T06:10:40.230+0000] {bigquery.py:2832} INFO - Executing: {'query': {'query': 'create or replace table `datawarehouse-423912.OLAP_dataset.Dim_Order_details` as\nselect \n*\nfrom\n`datawarehouse-423912.warehouse.orderdetails`', 'useLegacySql': False}}'
[2024-05-28T06:10:40.262+0000] {bigquery.py:1660} INFO - Inserting job ***_oltp_to_olap_all_transform_load_dim_orders_details_2024_05_28T06_09_58_151472_00_00_ecb7324d681a89f5295fbe1aa7ad0bce
[2024-05-28T06:10:44.345+0000] {taskinstance.py:441} INFO - ::group::Post task execution logs
[2024-05-28T06:10:44.397+0000] {taskinstance.py:1206} INFO - Marking task as SUCCESS. dag_id=oltp_to_olap_all_transform, task_id=load_dim_orders_details, run_id=manual__2024-05-28T06:09:58.151472+00:00, execution_date=20240528T060958, start_date=20240528T061038, end_date=20240528T061044
[2024-05-28T06:10:44.483+0000] {local_task_job_runner.py:240} INFO - Task exited with return code 0
[2024-05-28T06:10:44.564+0000] {taskinstance.py:3498} INFO - 1 downstream tasks scheduled from follow-on schedule check
[2024-05-28T06:10:44.569+0000] {local_task_job_runner.py:222} INFO - ::endgroup::
