[2024-05-28T12:47:15.639+0000] {local_task_job_runner.py:120} INFO - ::group::Pre task execution logs
[2024-05-28T12:47:15.670+0000] {taskinstance.py:2076} INFO - Dependencies all met for dep_context=non-requeueable deps ti=<TaskInstance: loading_to_bigquerry.load_employees_to_bq manual__2024-05-28T12:46:33.285134+00:00 [queued]>
[2024-05-28T12:47:15.685+0000] {taskinstance.py:2076} INFO - Dependencies all met for dep_context=requeueable deps ti=<TaskInstance: loading_to_bigquerry.load_employees_to_bq manual__2024-05-28T12:46:33.285134+00:00 [queued]>
[2024-05-28T12:47:15.686+0000] {taskinstance.py:2306} INFO - Starting attempt 1 of 0
[2024-05-28T12:47:15.710+0000] {taskinstance.py:2330} INFO - Executing <Task(GCSToBigQueryOperator): load_employees_to_bq> on 2024-05-28 12:46:33.285134+00:00
[2024-05-28T12:47:15.782+0000] {warnings.py:110} WARNING - /home/***/.local/lib/python3.12/site-packages/***/task/task_runner/standard_task_runner.py:61: DeprecationWarning: This process (pid=2371) is multi-threaded, use of fork() may lead to deadlocks in the child.
  pid = os.fork()

[2024-05-28T12:47:15.785+0000] {standard_task_runner.py:63} INFO - Started process 2373 to run task
[2024-05-28T12:47:15.785+0000] {standard_task_runner.py:90} INFO - Running: ['***', 'tasks', 'run', 'loading_to_bigquerry', 'load_employees_to_bq', 'manual__2024-05-28T12:46:33.285134+00:00', '--job-id', '353', '--raw', '--subdir', 'DAGS_FOLDER/load_to_bigquerry.py', '--cfg-path', '/tmp/tmp2s9mozhb']
[2024-05-28T12:47:15.790+0000] {standard_task_runner.py:91} INFO - Job 353: Subtask load_employees_to_bq
[2024-05-28T12:47:15.860+0000] {task_command.py:426} INFO - Running <TaskInstance: loading_to_bigquerry.load_employees_to_bq manual__2024-05-28T12:46:33.285134+00:00 [running]> on host 9b03efc10d80
[2024-05-28T12:47:16.106+0000] {taskinstance.py:2648} INFO - Exporting env vars: AIRFLOW_CTX_DAG_OWNER='ngquynh' AIRFLOW_CTX_DAG_ID='loading_to_bigquerry' AIRFLOW_CTX_TASK_ID='load_employees_to_bq' AIRFLOW_CTX_EXECUTION_DATE='2024-05-28T12:46:33.285134+00:00' AIRFLOW_CTX_TRY_NUMBER='1' AIRFLOW_CTX_DAG_RUN_ID='manual__2024-05-28T12:46:33.285134+00:00'
[2024-05-28T12:47:16.108+0000] {taskinstance.py:430} INFO - ::endgroup::
[2024-05-28T12:47:16.142+0000] {connection.py:274} WARNING - Connection schemes (type: google_cloud_platform) shall not contain '_' according to RFC3986.
[2024-05-28T12:47:16.146+0000] {base.py:84} INFO - Using connection ID 'google_cloud_default' for task execution.
[2024-05-28T12:47:16.148+0000] {gcs_to_bigquery.py:380} INFO - Using existing BigQuery table for storing data...
[2024-05-28T12:47:16.217+0000] {gcs_to_bigquery.py:384} INFO - Executing: {'load': {'autodetect': True, 'createDisposition': 'CREATE_IF_NEEDED', 'destinationTable': {'projectId': 'datawarehouse-423912', 'datasetId': 'warehouse', 'tableId': 'employees'}, 'sourceFormat': 'CSV', 'sourceUris': ['gs://warehouse8/dataupdated/employees.csv'], 'writeDisposition': 'WRITE_TRUNCATE', 'ignoreUnknownValues': True, 'schema': {'fields': [{'name': 'employeeID', 'type': 'INTEGER', 'mode': 'NULLABLE'}, {'name': 'lastName', 'type': 'STRING', 'mode': 'NULLABLE'}, {'name': 'firstName', 'type': 'STRING', 'mode': 'NULLABLE'}, {'name': 'title', 'type': 'STRING', 'mode': 'NULLABLE'}, {'name': 'titleOfCourtesy', 'type': 'STRING', 'mode': 'NULLABLE'}, {'name': 'birthDate', 'type': 'TIMESTAMP', 'mode': 'NULLABLE'}, {'name': 'hireDate', 'type': 'TIMESTAMP', 'mode': 'NULLABLE'}, {'name': 'address', 'type': 'STRING', 'mode': 'NULLABLE'}, {'name': 'city', 'type': 'STRING', 'mode': 'NULLABLE'}, {'name': 'region', 'type': 'STRING', 'mode': 'NULLABLE'}, {'name': 'postalCode', 'type': 'STRING', 'mode': 'NULLABLE'}, {'name': 'country', 'type': 'STRING', 'mode': 'NULLABLE'}, {'name': 'homePhone', 'type': 'STRING', 'mode': 'NULLABLE'}, {'name': 'extension', 'type': 'INTEGER', 'mode': 'NULLABLE'}, {'name': 'photo', 'type': 'FLOAT', 'mode': 'NULLABLE'}, {'name': 'notes', 'type': 'STRING', 'mode': 'NULLABLE'}, {'name': 'reportsTo', 'type': 'STRING', 'mode': 'NULLABLE'}, {'name': 'photoPath', 'type': 'STRING', 'mode': 'NULLABLE'}]}, 'maxBadRecords': 10, 'skipLeadingRows': 1, 'fieldDelimiter': ',', 'quote': None, 'allowQuotedNewlines': False, 'encoding': 'UTF-8'}}
[2024-05-28T12:47:16.220+0000] {bigquery.py:1660} INFO - Inserting job ***_loading_to_bigquerry_load_employees_to_bq_2024_05_28T12_46_33_285134_00_00_0aafa9d0222ff3973fd77109bc3e80aa
[2024-05-28T12:47:21.863+0000] {taskinstance.py:441} INFO - ::group::Post task execution logs
[2024-05-28T12:47:21.891+0000] {taskinstance.py:1206} INFO - Marking task as SUCCESS. dag_id=loading_to_bigquerry, task_id=load_employees_to_bq, run_id=manual__2024-05-28T12:46:33.285134+00:00, execution_date=20240528T124633, start_date=20240528T124715, end_date=20240528T124721
[2024-05-28T12:47:21.972+0000] {local_task_job_runner.py:240} INFO - Task exited with return code 0
[2024-05-28T12:47:22.092+0000] {taskinstance.py:3498} INFO - 1 downstream tasks scheduled from follow-on schedule check
[2024-05-28T12:47:22.098+0000] {local_task_job_runner.py:222} INFO - ::endgroup::
