[2024-05-28T08:53:19.774+0000] {local_task_job_runner.py:120} INFO - ::group::Pre task execution logs
[2024-05-28T08:53:19.844+0000] {taskinstance.py:2076} INFO - Dependencies all met for dep_context=non-requeueable deps ti=<TaskInstance: oltp_to_olap_all_transform.load_fact_table manual__2024-05-28T08:52:34.028619+00:00 [queued]>
[2024-05-28T08:53:19.871+0000] {taskinstance.py:2076} INFO - Dependencies all met for dep_context=requeueable deps ti=<TaskInstance: oltp_to_olap_all_transform.load_fact_table manual__2024-05-28T08:52:34.028619+00:00 [queued]>
[2024-05-28T08:53:19.874+0000] {taskinstance.py:2306} INFO - Starting attempt 1 of 0
[2024-05-28T08:53:19.899+0000] {taskinstance.py:2330} INFO - Executing <Task(BigQueryInsertJobOperator): load_fact_table> on 2024-05-28 08:52:34.028619+00:00
[2024-05-28T08:53:19.910+0000] {warnings.py:110} WARNING - /home/***/.local/lib/python3.12/site-packages/***/task/task_runner/standard_task_runner.py:61: DeprecationWarning: This process (pid=493) is multi-threaded, use of fork() may lead to deadlocks in the child.
  pid = os.fork()

[2024-05-28T08:53:19.913+0000] {standard_task_runner.py:63} INFO - Started process 495 to run task
[2024-05-28T08:53:19.913+0000] {standard_task_runner.py:90} INFO - Running: ['***', 'tasks', 'run', 'oltp_to_olap_all_transform', 'load_fact_table', 'manual__2024-05-28T08:52:34.028619+00:00', '--job-id', '197', '--raw', '--subdir', 'DAGS_FOLDER/oltp_olap.py', '--cfg-path', '/tmp/tmpg_ebsocy']
[2024-05-28T08:53:19.918+0000] {standard_task_runner.py:91} INFO - Job 197: Subtask load_fact_table
[2024-05-28T08:53:19.998+0000] {task_command.py:426} INFO - Running <TaskInstance: oltp_to_olap_all_transform.load_fact_table manual__2024-05-28T08:52:34.028619+00:00 [running]> on host 9b03efc10d80
[2024-05-28T08:53:20.160+0000] {taskinstance.py:2648} INFO - Exporting env vars: AIRFLOW_CTX_DAG_OWNER='ngquynh' AIRFLOW_CTX_DAG_ID='oltp_to_olap_all_transform' AIRFLOW_CTX_TASK_ID='load_fact_table' AIRFLOW_CTX_EXECUTION_DATE='2024-05-28T08:52:34.028619+00:00' AIRFLOW_CTX_TRY_NUMBER='1' AIRFLOW_CTX_DAG_RUN_ID='manual__2024-05-28T08:52:34.028619+00:00'
[2024-05-28T08:53:20.162+0000] {taskinstance.py:430} INFO - ::endgroup::
[2024-05-28T08:53:20.196+0000] {connection.py:274} WARNING - Connection schemes (type: google_cloud_platform) shall not contain '_' according to RFC3986.
[2024-05-28T08:53:20.200+0000] {base.py:84} INFO - Using connection ID 'google_cloud_default' for task execution.
[2024-05-28T08:53:20.268+0000] {bigquery.py:2832} INFO - Executing: {'query': {'query': "DECLARE today_date DATE DEFAULT DATE '1998-05-06';\n\ncreate or replace table `datawarehouse-423912.OLAP_dataset.Fact_table_temp`\nas \nselect\norders.order_id,\norders.customer_id,\norders.order_date\nfrom\n`datawarehouse-423912.warehouse.orders` as orders\njoin\n`datawarehouse-423912.OLAP_dataset.Dim_Order_details` as order_details\non\norders. order_id = order_details.orderID", 'useLegacySql': False}}'
[2024-05-28T08:53:20.271+0000] {bigquery.py:1660} INFO - Inserting job ***_oltp_to_olap_all_transform_load_fact_table_2024_05_28T08_52_34_028619_00_00_92706a3b878ee3d0db88a952364756d0
[2024-05-28T08:53:24.842+0000] {taskinstance.py:441} INFO - ::group::Post task execution logs
[2024-05-28T08:53:24.919+0000] {taskinstance.py:1206} INFO - Marking task as SUCCESS. dag_id=oltp_to_olap_all_transform, task_id=load_fact_table, run_id=manual__2024-05-28T08:52:34.028619+00:00, execution_date=20240528T085234, start_date=20240528T085319, end_date=20240528T085324
[2024-05-28T08:53:25.022+0000] {local_task_job_runner.py:240} INFO - Task exited with return code 0
[2024-05-28T08:53:25.068+0000] {taskinstance.py:3498} INFO - 1 downstream tasks scheduled from follow-on schedule check
[2024-05-28T08:53:25.071+0000] {local_task_job_runner.py:222} INFO - ::endgroup::
