[2024-05-28T11:23:02.547+0000] {local_task_job_runner.py:120} INFO - ::group::Pre task execution logs
[2024-05-28T11:23:02.582+0000] {taskinstance.py:2076} INFO - Dependencies all met for dep_context=non-requeueable deps ti=<TaskInstance: loading_to_bigquerry.load_categories_to_bq manual__2024-05-28T11:22:57.820915+00:00 [queued]>
[2024-05-28T11:23:02.600+0000] {taskinstance.py:2076} INFO - Dependencies all met for dep_context=requeueable deps ti=<TaskInstance: loading_to_bigquerry.load_categories_to_bq manual__2024-05-28T11:22:57.820915+00:00 [queued]>
[2024-05-28T11:23:02.602+0000] {taskinstance.py:2306} INFO - Starting attempt 1 of 0
[2024-05-28T11:23:02.626+0000] {taskinstance.py:2330} INFO - Executing <Task(GCSToBigQueryOperator): load_categories_to_bq> on 2024-05-28 11:22:57.820915+00:00
[2024-05-28T11:23:02.643+0000] {warnings.py:110} WARNING - /home/***/.local/lib/python3.12/site-packages/***/task/task_runner/standard_task_runner.py:61: DeprecationWarning: This process (pid=1103) is multi-threaded, use of fork() may lead to deadlocks in the child.
  pid = os.fork()

[2024-05-28T11:23:02.659+0000] {standard_task_runner.py:63} INFO - Started process 1105 to run task
[2024-05-28T11:23:02.655+0000] {standard_task_runner.py:90} INFO - Running: ['***', 'tasks', 'run', 'loading_to_bigquerry', 'load_categories_to_bq', 'manual__2024-05-28T11:22:57.820915+00:00', '--job-id', '309', '--raw', '--subdir', 'DAGS_FOLDER/load_to_bigquerry.py', '--cfg-path', '/tmp/tmphq9cu8mq']
[2024-05-28T11:23:02.673+0000] {standard_task_runner.py:91} INFO - Job 309: Subtask load_categories_to_bq
[2024-05-28T11:23:02.807+0000] {task_command.py:426} INFO - Running <TaskInstance: loading_to_bigquerry.load_categories_to_bq manual__2024-05-28T11:22:57.820915+00:00 [running]> on host 9b03efc10d80
[2024-05-28T11:23:03.257+0000] {taskinstance.py:2648} INFO - Exporting env vars: AIRFLOW_CTX_DAG_OWNER='ngquynh' AIRFLOW_CTX_DAG_ID='loading_to_bigquerry' AIRFLOW_CTX_TASK_ID='load_categories_to_bq' AIRFLOW_CTX_EXECUTION_DATE='2024-05-28T11:22:57.820915+00:00' AIRFLOW_CTX_TRY_NUMBER='1' AIRFLOW_CTX_DAG_RUN_ID='manual__2024-05-28T11:22:57.820915+00:00'
[2024-05-28T11:23:03.275+0000] {taskinstance.py:430} INFO - ::endgroup::
[2024-05-28T11:23:03.506+0000] {connection.py:274} WARNING - Connection schemes (type: google_cloud_platform) shall not contain '_' according to RFC3986.
[2024-05-28T11:23:03.554+0000] {base.py:84} INFO - Using connection ID 'google_cloud_default' for task execution.
[2024-05-28T11:23:03.561+0000] {gcs_to_bigquery.py:380} INFO - Using existing BigQuery table for storing data...
[2024-05-28T11:23:03.955+0000] {gcs_to_bigquery.py:384} INFO - Executing: {'load': {'autodetect': True, 'createDisposition': 'CREATE_IF_NEEDED', 'destinationTable': {'projectId': 'datawarehouse-423912', 'datasetId': 'warehouse', 'tableId': 'categories'}, 'sourceFormat': 'CSV', 'sourceUris': ['gs://warehouse8/dataupdated/categories.csv'], 'writeDisposition': 'WRITE_TRUNCATE', 'ignoreUnknownValues': True, 'schema': {'fields': [{'name': 'categoryID', 'type': 'INTEGER', 'mode': 'NULLABLE'}, {'name': 'categoryName', 'type': 'STRING', 'mode': 'NULLABLE'}, {'name': 'description', 'type': 'STRING', 'mode': 'NULLABLE'}]}, 'maxBadRecords': 10, 'skipLeadingRows': 1, 'fieldDelimiter': ';', 'quote': None, 'allowQuotedNewlines': False, 'encoding': 'UTF-8'}}
[2024-05-28T11:23:03.972+0000] {bigquery.py:1660} INFO - Inserting job ***_loading_to_bigquerry_load_categories_to_bq_2024_05_28T11_22_57_820915_00_00_5a47a0e16f1a8c046647ad2aafff7c6d
[2024-05-28T11:23:10.486+0000] {taskinstance.py:441} INFO - ::group::Post task execution logs
[2024-05-28T11:23:10.507+0000] {taskinstance.py:1206} INFO - Marking task as SUCCESS. dag_id=loading_to_bigquerry, task_id=load_categories_to_bq, run_id=manual__2024-05-28T11:22:57.820915+00:00, execution_date=20240528T112257, start_date=20240528T112302, end_date=20240528T112310
[2024-05-28T11:23:10.583+0000] {local_task_job_runner.py:240} INFO - Task exited with return code 0
[2024-05-28T11:23:10.654+0000] {taskinstance.py:3498} INFO - 1 downstream tasks scheduled from follow-on schedule check
[2024-05-28T11:23:10.657+0000] {local_task_job_runner.py:222} INFO - ::endgroup::
