[2024-05-28T09:11:34.237+0000] {local_task_job_runner.py:120} INFO - ::group::Pre task execution logs
[2024-05-28T09:11:34.261+0000] {taskinstance.py:2076} INFO - Dependencies all met for dep_context=non-requeueable deps ti=<TaskInstance: oltp_to_olap_all_transform.update_customer manual__2024-05-28T09:11:27.328375+00:00 [queued]>
[2024-05-28T09:11:34.276+0000] {taskinstance.py:2076} INFO - Dependencies all met for dep_context=requeueable deps ti=<TaskInstance: oltp_to_olap_all_transform.update_customer manual__2024-05-28T09:11:27.328375+00:00 [queued]>
[2024-05-28T09:11:34.277+0000] {taskinstance.py:2306} INFO - Starting attempt 1 of 0
[2024-05-28T09:11:34.296+0000] {taskinstance.py:2330} INFO - Executing <Task(BigQueryInsertJobOperator): update_customer> on 2024-05-28 09:11:27.328375+00:00
[2024-05-28T09:11:34.308+0000] {warnings.py:110} WARNING - /home/***/.local/lib/python3.12/site-packages/***/task/task_runner/standard_task_runner.py:61: DeprecationWarning: This process (pid=804) is multi-threaded, use of fork() may lead to deadlocks in the child.
  pid = os.fork()

[2024-05-28T09:11:34.315+0000] {standard_task_runner.py:63} INFO - Started process 806 to run task
[2024-05-28T09:11:34.313+0000] {standard_task_runner.py:90} INFO - Running: ['***', 'tasks', 'run', 'oltp_to_olap_all_transform', 'update_customer', 'manual__2024-05-28T09:11:27.328375+00:00', '--job-id', '229', '--raw', '--subdir', 'DAGS_FOLDER/oltp_olap.py', '--cfg-path', '/tmp/tmpvcvboxj5']
[2024-05-28T09:11:34.323+0000] {standard_task_runner.py:91} INFO - Job 229: Subtask update_customer
[2024-05-28T09:11:34.477+0000] {task_command.py:426} INFO - Running <TaskInstance: oltp_to_olap_all_transform.update_customer manual__2024-05-28T09:11:27.328375+00:00 [running]> on host 9b03efc10d80
[2024-05-28T09:11:34.612+0000] {taskinstance.py:2648} INFO - Exporting env vars: AIRFLOW_CTX_DAG_OWNER='ngquynh' AIRFLOW_CTX_DAG_ID='oltp_to_olap_all_transform' AIRFLOW_CTX_TASK_ID='update_customer' AIRFLOW_CTX_EXECUTION_DATE='2024-05-28T09:11:27.328375+00:00' AIRFLOW_CTX_TRY_NUMBER='1' AIRFLOW_CTX_DAG_RUN_ID='manual__2024-05-28T09:11:27.328375+00:00'
[2024-05-28T09:11:34.615+0000] {taskinstance.py:430} INFO - ::endgroup::
[2024-05-28T09:11:34.645+0000] {connection.py:274} WARNING - Connection schemes (type: google_cloud_platform) shall not contain '_' according to RFC3986.
[2024-05-28T09:11:34.648+0000] {base.py:84} INFO - Using connection ID 'google_cloud_default' for task execution.
[2024-05-28T09:11:34.737+0000] {bigquery.py:2832} INFO - Executing: {'query': {'query': '-- quá trình upload dataset lên bogquerry, header của mỗi cột bị sai thành field 0_1_2... nên cần query để đổi lại tên cho mỗi header\ncreate or replace table `datawarehouse-423912.warehouse.newupdated_customers`\nas \nselect string_field_0 as customerID,\nstring_field_1 as companyName,\nstring_field_2 as contactName,\nstring_field_3 as contactTitle,\nstring_field_4 as address,\nstring_field_5 as city,\nstring_field_6 as region,\nstring_field_7 as postalCode,\nstring_field_8 as country,\nstring_field_9 as phone,\nstring_field_10 as fax\nfrom `datawarehouse-423912.warehouse.customers`\n', 'useLegacySql': False}}'
[2024-05-28T09:11:34.739+0000] {bigquery.py:1660} INFO - Inserting job ***_oltp_to_olap_all_transform_update_customer_2024_05_28T09_11_27_328375_00_00_02d1eadd44c2c5ee84e247720e3cf12e
[2024-05-28T09:11:44.318+0000] {taskinstance.py:441} INFO - ::group::Post task execution logs
[2024-05-28T09:11:44.339+0000] {taskinstance.py:1206} INFO - Marking task as SUCCESS. dag_id=oltp_to_olap_all_transform, task_id=update_customer, run_id=manual__2024-05-28T09:11:27.328375+00:00, execution_date=20240528T091127, start_date=20240528T091134, end_date=20240528T091144
[2024-05-28T09:11:44.380+0000] {local_task_job_runner.py:240} INFO - Task exited with return code 0
[2024-05-28T09:11:44.414+0000] {taskinstance.py:3498} INFO - 4 downstream tasks scheduled from follow-on schedule check
[2024-05-28T09:11:44.416+0000] {local_task_job_runner.py:222} INFO - ::endgroup::
