[2024-05-28T09:25:29.963+0000] {local_task_job_runner.py:120} INFO - ::group::Pre task execution logs
[2024-05-28T09:25:30.023+0000] {taskinstance.py:2076} INFO - Dependencies all met for dep_context=non-requeueable deps ti=<TaskInstance: oltp_to_olap_all_transform.delay_bash_task manual__2024-05-28T09:25:13.221692+00:00 [queued]>
[2024-05-28T09:25:30.054+0000] {taskinstance.py:2076} INFO - Dependencies all met for dep_context=requeueable deps ti=<TaskInstance: oltp_to_olap_all_transform.delay_bash_task manual__2024-05-28T09:25:13.221692+00:00 [queued]>
[2024-05-28T09:25:30.056+0000] {taskinstance.py:2306} INFO - Starting attempt 1 of 0
[2024-05-28T09:25:30.095+0000] {taskinstance.py:2330} INFO - Executing <Task(BashOperator): delay_bash_task> on 2024-05-28 09:25:13.221692+00:00
[2024-05-28T09:25:30.114+0000] {warnings.py:110} WARNING - /home/***/.local/lib/python3.12/site-packages/***/task/task_runner/standard_task_runner.py:61: DeprecationWarning: This process (pid=1032) is multi-threaded, use of fork() may lead to deadlocks in the child.
  pid = os.fork()

[2024-05-28T09:25:30.177+0000] {standard_task_runner.py:63} INFO - Started process 1041 to run task
[2024-05-28T09:25:30.179+0000] {standard_task_runner.py:90} INFO - Running: ['***', 'tasks', 'run', 'oltp_to_olap_all_transform', 'delay_bash_task', 'manual__2024-05-28T09:25:13.221692+00:00', '--job-id', '249', '--raw', '--subdir', 'DAGS_FOLDER/oltp_olap.py', '--cfg-path', '/tmp/tmp8kq15unq']
[2024-05-28T09:25:30.215+0000] {standard_task_runner.py:91} INFO - Job 249: Subtask delay_bash_task
[2024-05-28T09:25:30.693+0000] {task_command.py:426} INFO - Running <TaskInstance: oltp_to_olap_all_transform.delay_bash_task manual__2024-05-28T09:25:13.221692+00:00 [running]> on host 9b03efc10d80
[2024-05-28T09:25:31.652+0000] {taskinstance.py:2648} INFO - Exporting env vars: AIRFLOW_CTX_DAG_OWNER='ngquynh' AIRFLOW_CTX_DAG_ID='oltp_to_olap_all_transform' AIRFLOW_CTX_TASK_ID='delay_bash_task' AIRFLOW_CTX_EXECUTION_DATE='2024-05-28T09:25:13.221692+00:00' AIRFLOW_CTX_TRY_NUMBER='1' AIRFLOW_CTX_DAG_RUN_ID='manual__2024-05-28T09:25:13.221692+00:00'
[2024-05-28T09:25:31.659+0000] {taskinstance.py:430} INFO - ::endgroup::
[2024-05-28T09:25:31.827+0000] {subprocess.py:63} INFO - Tmp dir root location: /tmp
[2024-05-28T09:25:31.835+0000] {subprocess.py:75} INFO - Running command: ['/usr/bin/bash', '-c', 'sleep 5s']
[2024-05-28T09:25:31.944+0000] {subprocess.py:86} INFO - Output:
[2024-05-28T09:25:36.999+0000] {subprocess.py:97} INFO - Command exited with return code 0
[2024-05-28T09:25:37.002+0000] {taskinstance.py:441} INFO - ::group::Post task execution logs
[2024-05-28T09:25:37.078+0000] {taskinstance.py:1206} INFO - Marking task as SUCCESS. dag_id=oltp_to_olap_all_transform, task_id=delay_bash_task, run_id=manual__2024-05-28T09:25:13.221692+00:00, execution_date=20240528T092513, start_date=20240528T092530, end_date=20240528T092537
[2024-05-28T09:25:37.155+0000] {local_task_job_runner.py:240} INFO - Task exited with return code 0
[2024-05-28T09:25:37.194+0000] {taskinstance.py:3498} INFO - 0 downstream tasks scheduled from follow-on schedule check
[2024-05-28T09:25:37.199+0000] {local_task_job_runner.py:222} INFO - ::endgroup::
