[2024-05-27T09:38:39.853+0000] {local_task_job_runner.py:120} INFO - ::group::Pre task execution logs
[2024-05-27T09:38:39.910+0000] {taskinstance.py:2076} INFO - Dependencies all met for dep_context=non-requeueable deps ti=<TaskInstance: bigquery_example.438 manual__2024-05-27T09:38:26.665027+00:00 [queued]>
[2024-05-27T09:38:39.927+0000] {taskinstance.py:2076} INFO - Dependencies all met for dep_context=requeueable deps ti=<TaskInstance: bigquery_example.438 manual__2024-05-27T09:38:26.665027+00:00 [queued]>
[2024-05-27T09:38:39.928+0000] {taskinstance.py:2306} INFO - Starting attempt 1 of 2
[2024-05-27T09:38:39.956+0000] {taskinstance.py:2330} INFO - Executing <Task(BigQueryInsertJobOperator): 438> on 2024-05-27 09:38:26.665027+00:00
[2024-05-27T09:38:39.981+0000] {warnings.py:110} WARNING - /home/***/.local/lib/python3.12/site-packages/***/task/task_runner/standard_task_runner.py:61: DeprecationWarning: This process (pid=2638) is multi-threaded, use of fork() may lead to deadlocks in the child.
  pid = os.fork()

[2024-05-27T09:38:39.986+0000] {standard_task_runner.py:63} INFO - Started process 2640 to run task
[2024-05-27T09:38:39.985+0000] {standard_task_runner.py:90} INFO - Running: ['***', 'tasks', 'run', 'bigquery_example', '438', 'manual__2024-05-27T09:38:26.665027+00:00', '--job-id', '68', '--raw', '--subdir', 'DAGS_FOLDER/bigquerry_example.py', '--cfg-path', '/tmp/tmp6x0jgp2e']
[2024-05-27T09:38:39.994+0000] {standard_task_runner.py:91} INFO - Job 68: Subtask 438
[2024-05-27T09:38:40.126+0000] {task_command.py:426} INFO - Running <TaskInstance: bigquery_example.438 manual__2024-05-27T09:38:26.665027+00:00 [running]> on host 9b03efc10d80
[2024-05-27T09:38:40.381+0000] {taskinstance.py:2648} INFO - Exporting env vars: AIRFLOW_CTX_DAG_OWNER='nquynh' AIRFLOW_CTX_DAG_ID='bigquery_example' AIRFLOW_CTX_TASK_ID='438' AIRFLOW_CTX_EXECUTION_DATE='2024-05-27T09:38:26.665027+00:00' AIRFLOW_CTX_TRY_NUMBER='1' AIRFLOW_CTX_DAG_RUN_ID='manual__2024-05-27T09:38:26.665027+00:00'
[2024-05-27T09:38:40.389+0000] {taskinstance.py:430} INFO - ::endgroup::
[2024-05-27T09:38:40.474+0000] {connection.py:274} WARNING - Connection schemes (type: google_cloud_platform) shall not contain '_' according to RFC3986.
[2024-05-27T09:38:40.509+0000] {base.py:84} INFO - Using connection ID 'google_cloud_default' for task execution.
[2024-05-27T09:38:40.647+0000] {bigquery.py:2832} INFO - Executing: {'query': {'query': ' \n                        INSERT INTO `datawarehouse-423912.1.categories`\n                        VALUES (3, "quynh")\n                    ', 'useLegacySql': False}}'
[2024-05-27T09:38:40.649+0000] {bigquery.py:1660} INFO - Inserting job ***_bigquery_example_438_2024_05_27T09_38_26_665027_00_00_3f10dd74d23f3fd7ff0105c8009be2d1
[2024-05-27T09:38:43.785+0000] {taskinstance.py:441} INFO - ::group::Post task execution logs
[2024-05-27T09:38:43.867+0000] {taskinstance.py:1206} INFO - Marking task as SUCCESS. dag_id=bigquery_example, task_id=438, run_id=manual__2024-05-27T09:38:26.665027+00:00, execution_date=20240527T093826, start_date=20240527T093839, end_date=20240527T093843
[2024-05-27T09:38:43.908+0000] {local_task_job_runner.py:240} INFO - Task exited with return code 0
[2024-05-27T09:38:43.937+0000] {taskinstance.py:3498} INFO - 0 downstream tasks scheduled from follow-on schedule check
[2024-05-27T09:38:43.940+0000] {local_task_job_runner.py:222} INFO - ::endgroup::
