[2024-05-28T08:58:13.824+0000] {local_task_job_runner.py:120} INFO - ::group::Pre task execution logs
[2024-05-28T08:58:13.850+0000] {taskinstance.py:2076} INFO - Dependencies all met for dep_context=non-requeueable deps ti=<TaskInstance: oltp_to_olap_all_transform.create_FRM_table manual__2024-05-28T08:57:03.962198+00:00 [queued]>
[2024-05-28T08:58:13.862+0000] {taskinstance.py:2076} INFO - Dependencies all met for dep_context=requeueable deps ti=<TaskInstance: oltp_to_olap_all_transform.create_FRM_table manual__2024-05-28T08:57:03.962198+00:00 [queued]>
[2024-05-28T08:58:13.864+0000] {taskinstance.py:2306} INFO - Starting attempt 1 of 0
[2024-05-28T08:58:13.887+0000] {taskinstance.py:2330} INFO - Executing <Task(BigQueryInsertJobOperator): create_FRM_table> on 2024-05-28 08:57:03.962198+00:00
[2024-05-28T08:58:13.898+0000] {warnings.py:110} WARNING - /home/***/.local/lib/python3.12/site-packages/***/task/task_runner/standard_task_runner.py:61: DeprecationWarning: This process (pid=598) is multi-threaded, use of fork() may lead to deadlocks in the child.
  pid = os.fork()

[2024-05-28T08:58:13.901+0000] {standard_task_runner.py:63} INFO - Started process 600 to run task
[2024-05-28T08:58:13.899+0000] {standard_task_runner.py:90} INFO - Running: ['***', 'tasks', 'run', 'oltp_to_olap_all_transform', 'create_FRM_table', 'manual__2024-05-28T08:57:03.962198+00:00', '--job-id', '212', '--raw', '--subdir', 'DAGS_FOLDER/oltp_olap.py', '--cfg-path', '/tmp/tmpedzeksd1']
[2024-05-28T08:58:13.903+0000] {standard_task_runner.py:91} INFO - Job 212: Subtask create_FRM_table
[2024-05-28T08:58:13.976+0000] {task_command.py:426} INFO - Running <TaskInstance: oltp_to_olap_all_transform.create_FRM_table manual__2024-05-28T08:57:03.962198+00:00 [running]> on host 9b03efc10d80
[2024-05-28T08:58:14.224+0000] {taskinstance.py:2648} INFO - Exporting env vars: AIRFLOW_CTX_DAG_OWNER='ngquynh' AIRFLOW_CTX_DAG_ID='oltp_to_olap_all_transform' AIRFLOW_CTX_TASK_ID='create_FRM_table' AIRFLOW_CTX_EXECUTION_DATE='2024-05-28T08:57:03.962198+00:00' AIRFLOW_CTX_TRY_NUMBER='1' AIRFLOW_CTX_DAG_RUN_ID='manual__2024-05-28T08:57:03.962198+00:00'
[2024-05-28T08:58:14.227+0000] {taskinstance.py:430} INFO - ::endgroup::
[2024-05-28T08:58:14.266+0000] {connection.py:274} WARNING - Connection schemes (type: google_cloud_platform) shall not contain '_' according to RFC3986.
[2024-05-28T08:58:14.270+0000] {base.py:84} INFO - Using connection ID 'google_cloud_default' for task execution.
[2024-05-28T08:58:14.431+0000] {bigquery.py:2832} INFO - Executing: {'query': {'query': "DECLARE today_date DATE DEFAULT DATE '1998-05-06';\n\n-- Tạo bảng RFM_table\nCREATE OR REPLACE TABLE `datawarehouse-423912.OLAP_dataset.RFM_table` AS\nWITH RFM_table AS (\n  SELECT\n    orders.customer_id,\n    MAX(CAST(orders.order_date AS DATE)) AS LastPurchaseDate,\n    COUNT(DISTINCT orders.order_id) AS TotalTransaction,\n    SUM(order_details.quantity * order_details.unitPrice * (1 - order_details.discount)) AS Monetary\n  FROM\n    `datawarehouse-423912.warehouse.orders` AS orders\n  JOIN\n    `datawarehouse-423912.OLAP_dataset.Dim_Order_details` AS order_details\n  ON\n    orders.order_id = order_details.orderID\n  GROUP BY\n    orders.customer_id\n)\n\n-- Thêm các cột điểm vào bảng mới\nSELECT\n  customer_id,\n  DATE_DIFF(today_date, LastPurchaseDate, DAY) AS Recency,\n  TotalTransaction AS Frequency,\n  Monetary,\n  NULL AS recency_score, -- Khởi tạo cột recency_score với giá trị NULL\n  NULL AS frequency_score, -- Khởi tạo cột frequency_score với giá trị NULL\n  NULL AS monetary_score -- Khởi tạo cột monetary_score với giá trị NULL\nFROM\n  RFM_table\nWHERE\n  Monetary > 0;\n\nselect * from `datawarehouse-423912.OLAP_dataset.RFM_table`\nwhere customer_id = 'ANTON'", 'useLegacySql': False}}'
[2024-05-28T08:58:14.435+0000] {bigquery.py:1660} INFO - Inserting job ***_oltp_to_olap_all_transform_create_FRM_table_2024_05_28T08_57_03_962198_00_00_5a5d68d896a8307fd0e86aad0a4f56eb
[2024-05-28T08:58:25.115+0000] {taskinstance.py:441} INFO - ::group::Post task execution logs
[2024-05-28T08:58:25.147+0000] {taskinstance.py:1206} INFO - Marking task as SUCCESS. dag_id=oltp_to_olap_all_transform, task_id=create_FRM_table, run_id=manual__2024-05-28T08:57:03.962198+00:00, execution_date=20240528T085703, start_date=20240528T085813, end_date=20240528T085825
[2024-05-28T08:58:25.192+0000] {local_task_job_runner.py:240} INFO - Task exited with return code 0
[2024-05-28T08:58:25.212+0000] {taskinstance.py:3498} INFO - 0 downstream tasks scheduled from follow-on schedule check
[2024-05-28T08:58:25.217+0000] {local_task_job_runner.py:222} INFO - ::endgroup::
