[2024-05-28T13:23:10.837+0000] {local_task_job_runner.py:120} INFO - ::group::Pre task execution logs
[2024-05-28T13:23:10.894+0000] {taskinstance.py:2076} INFO - Dependencies all met for dep_context=non-requeueable deps ti=<TaskInstance: loading_to_bigquerry.transform_dim_orders_details manual__2024-05-28T13:20:47.490019+00:00 [queued]>
[2024-05-28T13:23:10.917+0000] {taskinstance.py:2076} INFO - Dependencies all met for dep_context=requeueable deps ti=<TaskInstance: loading_to_bigquerry.transform_dim_orders_details manual__2024-05-28T13:20:47.490019+00:00 [queued]>
[2024-05-28T13:23:10.919+0000] {taskinstance.py:2306} INFO - Starting attempt 1 of 0
[2024-05-28T13:23:10.957+0000] {taskinstance.py:2330} INFO - Executing <Task(BigQueryInsertJobOperator): transform_dim_orders_details> on 2024-05-28 13:20:47.490019+00:00
[2024-05-28T13:23:10.973+0000] {warnings.py:110} WARNING - /home/***/.local/lib/python3.12/site-packages/***/task/task_runner/standard_task_runner.py:61: DeprecationWarning: This process (pid=2765) is multi-threaded, use of fork() may lead to deadlocks in the child.
  pid = os.fork()

[2024-05-28T13:23:10.976+0000] {standard_task_runner.py:63} INFO - Started process 2777 to run task
[2024-05-28T13:23:10.976+0000] {standard_task_runner.py:90} INFO - Running: ['***', 'tasks', 'run', 'loading_to_bigquerry', 'transform_dim_orders_details', 'manual__2024-05-28T13:20:47.490019+00:00', '--job-id', '401', '--raw', '--subdir', 'DAGS_FOLDER/load_to_bigquerry.py', '--cfg-path', '/tmp/tmp7we4bn0k']
[2024-05-28T13:23:10.983+0000] {standard_task_runner.py:91} INFO - Job 401: Subtask transform_dim_orders_details
[2024-05-28T13:23:11.127+0000] {task_command.py:426} INFO - Running <TaskInstance: loading_to_bigquerry.transform_dim_orders_details manual__2024-05-28T13:20:47.490019+00:00 [running]> on host 9b03efc10d80
[2024-05-28T13:23:11.364+0000] {taskinstance.py:2648} INFO - Exporting env vars: AIRFLOW_CTX_DAG_OWNER='ngquynh' AIRFLOW_CTX_DAG_ID='loading_to_bigquerry' AIRFLOW_CTX_TASK_ID='transform_dim_orders_details' AIRFLOW_CTX_EXECUTION_DATE='2024-05-28T13:20:47.490019+00:00' AIRFLOW_CTX_TRY_NUMBER='1' AIRFLOW_CTX_DAG_RUN_ID='manual__2024-05-28T13:20:47.490019+00:00'
[2024-05-28T13:23:11.368+0000] {taskinstance.py:430} INFO - ::endgroup::
[2024-05-28T13:23:11.425+0000] {connection.py:274} WARNING - Connection schemes (type: google_cloud_platform) shall not contain '_' according to RFC3986.
[2024-05-28T13:23:11.430+0000] {base.py:84} INFO - Using connection ID 'google_cloud_default' for task execution.
[2024-05-28T13:23:11.540+0000] {bigquery.py:2832} INFO - Executing: {'query': {'query': 'create or replace table `datawarehouse-423912.OLAP_dataset.Dim_Order_details` as\nselect \n*\nfrom\n`datawarehouse-423912.warehouse.orderdetails`', 'useLegacySql': False}}'
[2024-05-28T13:23:11.542+0000] {bigquery.py:1660} INFO - Inserting job ***_loading_to_bigquerry_transform_dim_orders_details_2024_05_28T13_20_47_490019_00_00_c6181c9a72e5b435b84ba21cf6a5f987
[2024-05-28T13:23:16.583+0000] {taskinstance.py:441} INFO - ::group::Post task execution logs
[2024-05-28T13:23:16.617+0000] {taskinstance.py:1206} INFO - Marking task as SUCCESS. dag_id=loading_to_bigquerry, task_id=transform_dim_orders_details, run_id=manual__2024-05-28T13:20:47.490019+00:00, execution_date=20240528T132047, start_date=20240528T132310, end_date=20240528T132316
[2024-05-28T13:23:16.671+0000] {local_task_job_runner.py:240} INFO - Task exited with return code 0
[2024-05-28T13:23:16.718+0000] {taskinstance.py:3498} INFO - 1 downstream tasks scheduled from follow-on schedule check
[2024-05-28T13:23:16.720+0000] {local_task_job_runner.py:222} INFO - ::endgroup::
