[2024-05-27T17:45:53.393+0000] {local_task_job_runner.py:120} INFO - ::group::Pre task execution logs
[2024-05-27T17:45:53.446+0000] {taskinstance.py:2076} INFO - Dependencies all met for dep_context=non-requeueable deps ti=<TaskInstance: oltp_to_olap_transform.load_categories_to_bq manual__2024-05-27T17:45:28.662942+00:00 [queued]>
[2024-05-27T17:45:53.482+0000] {taskinstance.py:2076} INFO - Dependencies all met for dep_context=requeueable deps ti=<TaskInstance: oltp_to_olap_transform.load_categories_to_bq manual__2024-05-27T17:45:28.662942+00:00 [queued]>
[2024-05-27T17:45:53.486+0000] {taskinstance.py:2306} INFO - Starting attempt 1 of 0
[2024-05-27T17:45:53.537+0000] {taskinstance.py:2330} INFO - Executing <Task(GCSToBigQueryOperator): load_categories_to_bq> on 2024-05-27 17:45:28.662942+00:00
[2024-05-27T17:45:53.564+0000] {warnings.py:110} WARNING - /home/***/.local/lib/python3.12/site-packages/***/task/task_runner/standard_task_runner.py:61: DeprecationWarning: This process (pid=76) is multi-threaded, use of fork() may lead to deadlocks in the child.
  pid = os.fork()

[2024-05-27T17:45:53.572+0000] {standard_task_runner.py:63} INFO - Started process 78 to run task
[2024-05-27T17:45:53.571+0000] {standard_task_runner.py:90} INFO - Running: ['***', 'tasks', 'run', 'oltp_to_olap_transform', 'load_categories_to_bq', 'manual__2024-05-27T17:45:28.662942+00:00', '--job-id', '112', '--raw', '--subdir', 'DAGS_FOLDER/datawarehouse.py', '--cfg-path', '/tmp/tmp4phgt_5k']
[2024-05-27T17:45:53.586+0000] {standard_task_runner.py:91} INFO - Job 112: Subtask load_categories_to_bq
[2024-05-27T17:45:53.734+0000] {task_command.py:426} INFO - Running <TaskInstance: oltp_to_olap_transform.load_categories_to_bq manual__2024-05-27T17:45:28.662942+00:00 [running]> on host 9b03efc10d80
[2024-05-27T17:45:54.092+0000] {taskinstance.py:2648} INFO - Exporting env vars: AIRFLOW_CTX_DAG_OWNER='ngquynh' AIRFLOW_CTX_DAG_ID='oltp_to_olap_transform' AIRFLOW_CTX_TASK_ID='load_categories_to_bq' AIRFLOW_CTX_EXECUTION_DATE='2024-05-27T17:45:28.662942+00:00' AIRFLOW_CTX_TRY_NUMBER='1' AIRFLOW_CTX_DAG_RUN_ID='manual__2024-05-27T17:45:28.662942+00:00'
[2024-05-27T17:45:54.098+0000] {taskinstance.py:430} INFO - ::endgroup::
[2024-05-27T17:45:54.229+0000] {connection.py:274} WARNING - Connection schemes (type: google_cloud_platform) shall not contain '_' according to RFC3986.
[2024-05-27T17:45:54.237+0000] {base.py:84} INFO - Using connection ID 'google_cloud_default' for task execution.
[2024-05-27T17:45:54.244+0000] {gcs_to_bigquery.py:380} INFO - Using existing BigQuery table for storing data...
[2024-05-27T17:45:54.412+0000] {gcs_to_bigquery.py:384} INFO - Executing: {'load': {'autodetect': True, 'createDisposition': 'CREATE_IF_NEEDED', 'destinationTable': {'projectId': 'datawarehouse-423912', 'datasetId': 'warehouse', 'tableId': 'categories'}, 'sourceFormat': 'CSV', 'sourceUris': ['gs://warehouse8/dataupdated/categories.csv'], 'writeDisposition': 'WRITE_EMPTY', 'ignoreUnknownValues': True, 'schema': {'fields': [{'name': 'categoryID', 'type': 'INTEGER', 'mode': 'NULLABLE'}, {'name': 'categoryName', 'type': 'STRING', 'mode': 'NULLABLE'}, {'name': 'description', 'type': 'STRING', 'mode': 'NULLABLE'}]}, 'maxBadRecords': 10, 'skipLeadingRows': 1, 'fieldDelimiter': ';', 'quote': None, 'allowQuotedNewlines': False, 'encoding': 'UTF-8'}}
[2024-05-27T17:45:54.416+0000] {bigquery.py:1660} INFO - Inserting job ***_oltp_to_olap_transform_load_categories_to_bq_2024_05_27T17_45_28_662942_00_00_061ad9b4a5a65dedb6f0c459892d6b51
[2024-05-27T17:45:56.149+0000] {taskinstance.py:441} INFO - ::group::Post task execution logs
[2024-05-27T17:45:56.150+0000] {taskinstance.py:2905} ERROR - Task failed with exception
Traceback (most recent call last):
  File "/home/airflow/.local/lib/python3.12/site-packages/airflow/models/taskinstance.py", line 465, in _execute_task
    result = _execute_callable(context=context, **execute_callable_kwargs)
             ^^^^^^^^^^^^^^^^^^^^^^^^^^^^^^^^^^^^^^^^^^^^^^^^^^^^^^^^^^^^^
  File "/home/airflow/.local/lib/python3.12/site-packages/airflow/models/taskinstance.py", line 432, in _execute_callable
    return execute_callable(context=context, **execute_callable_kwargs)
           ^^^^^^^^^^^^^^^^^^^^^^^^^^^^^^^^^^^^^^^^^^^^^^^^^^^^^^^^^^^^
  File "/home/airflow/.local/lib/python3.12/site-packages/airflow/models/baseoperator.py", line 400, in wrapper
    return func(self, *args, **kwargs)
           ^^^^^^^^^^^^^^^^^^^^^^^^^^^
  File "/home/airflow/.local/lib/python3.12/site-packages/airflow/providers/google/cloud/transfers/gcs_to_bigquery.py", line 445, in execute
    job.result(timeout=self.result_timeout, retry=self.result_retry)
  File "/home/airflow/.local/lib/python3.12/site-packages/google/cloud/bigquery/job/base.py", line 971, in result
    return super(_AsyncJob, self).result(timeout=timeout, **kwargs)
           ^^^^^^^^^^^^^^^^^^^^^^^^^^^^^^^^^^^^^^^^^^^^^^^^^^^^^^^^
  File "/home/airflow/.local/lib/python3.12/site-packages/google/api_core/future/polling.py", line 261, in result
    raise self._exception
google.api_core.exceptions.Conflict: 409 Already Exists: Table datawarehouse-423912:warehouse.categories; reason: duplicate, message: Already Exists: Table datawarehouse-423912:warehouse.categories
[2024-05-27T17:45:56.195+0000] {taskinstance.py:1206} INFO - Marking task as FAILED. dag_id=oltp_to_olap_transform, task_id=load_categories_to_bq, run_id=manual__2024-05-27T17:45:28.662942+00:00, execution_date=20240527T174528, start_date=20240527T174553, end_date=20240527T174556
[2024-05-27T17:45:56.234+0000] {standard_task_runner.py:110} ERROR - Failed to execute job 112 for task load_categories_to_bq (409 Already Exists: Table datawarehouse-423912:warehouse.categories; reason: duplicate, message: Already Exists: Table datawarehouse-423912:warehouse.categories; 78)
[2024-05-27T17:45:56.345+0000] {local_task_job_runner.py:240} INFO - Task exited with return code 1
[2024-05-27T17:45:56.454+0000] {taskinstance.py:3498} INFO - 0 downstream tasks scheduled from follow-on schedule check
[2024-05-27T17:45:56.474+0000] {local_task_job_runner.py:222} INFO - ::endgroup::
