[2024-05-27T16:42:22.730+0000] {local_task_job_runner.py:120} INFO - ::group::Pre task execution logs
[2024-05-27T16:42:22.779+0000] {taskinstance.py:2076} INFO - Dependencies all met for dep_context=non-requeueable deps ti=<TaskInstance: oltp_to_olap_transform.load_dim_date manual__2024-05-27T16:41:58.400821+00:00 [queued]>
[2024-05-27T16:42:22.806+0000] {taskinstance.py:2076} INFO - Dependencies all met for dep_context=requeueable deps ti=<TaskInstance: oltp_to_olap_transform.load_dim_date manual__2024-05-27T16:41:58.400821+00:00 [queued]>
[2024-05-27T16:42:22.807+0000] {taskinstance.py:2306} INFO - Starting attempt 1 of 0
[2024-05-27T16:42:22.867+0000] {taskinstance.py:2330} INFO - Executing <Task(BigQueryInsertJobOperator): load_dim_date> on 2024-05-27 16:41:58.400821+00:00
[2024-05-27T16:42:22.907+0000] {warnings.py:110} WARNING - /home/***/.local/lib/python3.12/site-packages/***/task/task_runner/standard_task_runner.py:61: DeprecationWarning: This process (pid=94) is multi-threaded, use of fork() may lead to deadlocks in the child.
  pid = os.fork()

[2024-05-27T16:42:22.913+0000] {standard_task_runner.py:63} INFO - Started process 97 to run task
[2024-05-27T16:42:22.908+0000] {standard_task_runner.py:90} INFO - Running: ['***', 'tasks', 'run', 'oltp_to_olap_transform', 'load_dim_date', 'manual__2024-05-27T16:41:58.400821+00:00', '--job-id', '92', '--raw', '--subdir', 'DAGS_FOLDER/datawarehouse.py', '--cfg-path', '/tmp/tmpgvh1y1sy']
[2024-05-27T16:42:22.915+0000] {standard_task_runner.py:91} INFO - Job 92: Subtask load_dim_date
[2024-05-27T16:42:23.340+0000] {task_command.py:426} INFO - Running <TaskInstance: oltp_to_olap_transform.load_dim_date manual__2024-05-27T16:41:58.400821+00:00 [running]> on host 9b03efc10d80
[2024-05-27T16:42:24.718+0000] {taskinstance.py:2648} INFO - Exporting env vars: AIRFLOW_CTX_DAG_OWNER='ngquynh' AIRFLOW_CTX_DAG_ID='oltp_to_olap_transform' AIRFLOW_CTX_TASK_ID='load_dim_date' AIRFLOW_CTX_EXECUTION_DATE='2024-05-27T16:41:58.400821+00:00' AIRFLOW_CTX_TRY_NUMBER='1' AIRFLOW_CTX_DAG_RUN_ID='manual__2024-05-27T16:41:58.400821+00:00'
[2024-05-27T16:42:24.730+0000] {taskinstance.py:430} INFO - ::endgroup::
[2024-05-27T16:42:24.868+0000] {connection.py:274} WARNING - Connection schemes (type: google_cloud_platform) shall not contain '_' according to RFC3986.
[2024-05-27T16:42:24.879+0000] {base.py:84} INFO - Using connection ID 'google_cloud_default' for task execution.
[2024-05-27T16:42:25.239+0000] {bigquery.py:2832} INFO - Executing: {'query': {'query': 'CREATE OR REPLACE TABLE `datawarehouse-423912.OLAP_dataset.orders` AS\nSELECT\n  SAFE_CAST(order_date AS DATE) AS order_date,\n  EXTRACT(MONTH FROM SAFE_CAST(order_date AS DATE)) AS month,\n  EXTRACT(QUARTER FROM SAFE_CAST(order_date AS DATE)) AS quarter,\n  EXTRACT(YEAR FROM SAFE_CAST(order_date AS DATE)) AS year,\n  CASE\n    WHEN EXTRACT(DAYOFWEEK FROM SAFE_CAST(order_date AS DATE)) IN (1, 7) THEN TRUE\n    ELSE FALSE\n  END AS weekend_flag\nFROM\n  `datawarehouse-423912.warehouse.orders`\nWHERE\n  SAFE_CAST(order_date AS DATE) IS NOT NULL;', 'useLegacySql': False}}'
[2024-05-27T16:42:25.253+0000] {bigquery.py:1660} INFO - Inserting job ***_oltp_to_olap_transform_load_dim_date_2024_05_27T16_41_58_400821_00_00_0ae70937ca252b9ae6e41e59ecbbe473
[2024-05-27T16:42:27.228+0000] {taskinstance.py:441} INFO - ::group::Post task execution logs
[2024-05-27T16:42:27.231+0000] {taskinstance.py:2905} ERROR - Task failed with exception
Traceback (most recent call last):
  File "/home/airflow/.local/lib/python3.12/site-packages/airflow/models/taskinstance.py", line 465, in _execute_task
    result = _execute_callable(context=context, **execute_callable_kwargs)
             ^^^^^^^^^^^^^^^^^^^^^^^^^^^^^^^^^^^^^^^^^^^^^^^^^^^^^^^^^^^^^
  File "/home/airflow/.local/lib/python3.12/site-packages/airflow/models/taskinstance.py", line 432, in _execute_callable
    return execute_callable(context=context, **execute_callable_kwargs)
           ^^^^^^^^^^^^^^^^^^^^^^^^^^^^^^^^^^^^^^^^^^^^^^^^^^^^^^^^^^^^
  File "/home/airflow/.local/lib/python3.12/site-packages/airflow/models/baseoperator.py", line 400, in wrapper
    return func(self, *args, **kwargs)
           ^^^^^^^^^^^^^^^^^^^^^^^^^^^
  File "/home/airflow/.local/lib/python3.12/site-packages/airflow/providers/google/cloud/operators/bigquery.py", line 2891, in execute
    job.result(timeout=self.result_timeout, retry=self.result_retry)
  File "/home/airflow/.local/lib/python3.12/site-packages/google/cloud/bigquery/job/query.py", line 1626, in result
    while not is_job_done():
              ^^^^^^^^^^^^^
  File "/home/airflow/.local/lib/python3.12/site-packages/google/cloud/bigquery/job/query.py", line 1577, in is_job_done
    raise job_failed_exception
google.api_core.exceptions.NotFound: 404 Not found: Table datawarehouse-423912:warehouse.orders was not found in location US; reason: notFound, message: Not found: Table datawarehouse-423912:warehouse.orders was not found in location US

Location: US
Job ID: airflow_oltp_to_olap_transform_load_dim_date_2024_05_27T16_41_58_400821_00_00_0ae70937ca252b9ae6e41e59ecbbe473

[2024-05-27T16:42:27.351+0000] {taskinstance.py:1206} INFO - Marking task as FAILED. dag_id=oltp_to_olap_transform, task_id=load_dim_date, run_id=manual__2024-05-27T16:41:58.400821+00:00, execution_date=20240527T164158, start_date=20240527T164222, end_date=20240527T164227
[2024-05-27T16:42:27.440+0000] {standard_task_runner.py:110} ERROR - Failed to execute job 92 for task load_dim_date (404 Not found: Table datawarehouse-423912:warehouse.orders was not found in location US; reason: notFound, message: Not found: Table datawarehouse-423912:warehouse.orders was not found in location US

Location: US
Job ID: airflow_oltp_to_olap_transform_load_dim_date_2024_05_27T16_41_58_400821_00_00_0ae70937ca252b9ae6e41e59ecbbe473
; 97)
[2024-05-27T16:42:27.494+0000] {local_task_job_runner.py:240} INFO - Task exited with return code 1
[2024-05-27T16:42:27.619+0000] {taskinstance.py:3498} INFO - 0 downstream tasks scheduled from follow-on schedule check
[2024-05-27T16:42:27.651+0000] {local_task_job_runner.py:222} INFO - ::endgroup::
