[2024-05-28T11:23:13.846+0000] {local_task_job_runner.py:120} INFO - ::group::Pre task execution logs
[2024-05-28T11:23:13.929+0000] {taskinstance.py:2076} INFO - Dependencies all met for dep_context=non-requeueable deps ti=<TaskInstance: loading_to_bigquerry.load_orders_to_bq manual__2024-05-28T11:22:57.820915+00:00 [queued]>
[2024-05-28T11:23:13.957+0000] {taskinstance.py:2076} INFO - Dependencies all met for dep_context=requeueable deps ti=<TaskInstance: loading_to_bigquerry.load_orders_to_bq manual__2024-05-28T11:22:57.820915+00:00 [queued]>
[2024-05-28T11:23:13.958+0000] {taskinstance.py:2306} INFO - Starting attempt 1 of 0
[2024-05-28T11:23:14.020+0000] {taskinstance.py:2330} INFO - Executing <Task(GCSToBigQueryOperator): load_orders_to_bq> on 2024-05-28 11:22:57.820915+00:00
[2024-05-28T11:23:14.041+0000] {warnings.py:110} WARNING - /home/***/.local/lib/python3.12/site-packages/***/task/task_runner/standard_task_runner.py:61: DeprecationWarning: This process (pid=1106) is multi-threaded, use of fork() may lead to deadlocks in the child.
  pid = os.fork()

[2024-05-28T11:23:14.047+0000] {standard_task_runner.py:63} INFO - Started process 1108 to run task
[2024-05-28T11:23:14.048+0000] {standard_task_runner.py:90} INFO - Running: ['***', 'tasks', 'run', 'loading_to_bigquerry', 'load_orders_to_bq', 'manual__2024-05-28T11:22:57.820915+00:00', '--job-id', '310', '--raw', '--subdir', 'DAGS_FOLDER/load_to_bigquerry.py', '--cfg-path', '/tmp/tmpknnyv2lt']
[2024-05-28T11:23:14.057+0000] {standard_task_runner.py:91} INFO - Job 310: Subtask load_orders_to_bq
[2024-05-28T11:23:14.165+0000] {task_command.py:426} INFO - Running <TaskInstance: loading_to_bigquerry.load_orders_to_bq manual__2024-05-28T11:22:57.820915+00:00 [running]> on host 9b03efc10d80
[2024-05-28T11:23:14.364+0000] {taskinstance.py:2648} INFO - Exporting env vars: AIRFLOW_CTX_DAG_OWNER='ngquynh' AIRFLOW_CTX_DAG_ID='loading_to_bigquerry' AIRFLOW_CTX_TASK_ID='load_orders_to_bq' AIRFLOW_CTX_EXECUTION_DATE='2024-05-28T11:22:57.820915+00:00' AIRFLOW_CTX_TRY_NUMBER='1' AIRFLOW_CTX_DAG_RUN_ID='manual__2024-05-28T11:22:57.820915+00:00'
[2024-05-28T11:23:14.367+0000] {taskinstance.py:430} INFO - ::endgroup::
[2024-05-28T11:23:14.401+0000] {connection.py:274} WARNING - Connection schemes (type: google_cloud_platform) shall not contain '_' according to RFC3986.
[2024-05-28T11:23:14.405+0000] {base.py:84} INFO - Using connection ID 'google_cloud_default' for task execution.
[2024-05-28T11:23:14.407+0000] {gcs_to_bigquery.py:380} INFO - Using existing BigQuery table for storing data...
[2024-05-28T11:23:14.476+0000] {gcs_to_bigquery.py:384} INFO - Executing: {'load': {'autodetect': True, 'createDisposition': 'CREATE_IF_NEEDED', 'destinationTable': {'projectId': 'datawarehouse-423912', 'datasetId': 'warehouse', 'tableId': 'orders'}, 'sourceFormat': 'CSV', 'sourceUris': ['gs://warehouse8/dataupdated/orders.csv'], 'writeDisposition': 'WRITE_TRUNCATE', 'ignoreUnknownValues': True, 'schema': {'fields': [{'name': 'order_id', 'type': 'INTEGER', 'mode': 'NULLABLE'}, {'name': 'customer_id', 'type': 'STRING', 'mode': 'NULLABLE'}, {'name': 'employee_id', 'type': 'STRING', 'mode': 'NULLABLE'}, {'name': 'order_date', 'type': 'DATE', 'mode': 'NULLABLE'}, {'name': 'required_date', 'type': 'DATE', 'mode': 'NULLABLE'}, {'name': 'shipped_date', 'type': 'DATE', 'mode': 'NULLABLE'}, {'name': 'ship_via', 'type': 'INTEGER', 'mode': 'NULLABLE'}, {'name': 'freight', 'type': 'STRING', 'mode': 'NULLABLE'}, {'name': 'ship_name', 'type': 'STRING', 'mode': 'NULLABLE'}, {'name': 'ship_address', 'type': 'STRING', 'mode': 'NULLABLE'}, {'name': 'ship_region', 'type': 'STRING', 'mode': 'NULLABLE'}, {'name': 'ship_postal_code', 'type': 'STRING', 'mode': 'NULLABLE'}, {'name': 'ship_country', 'type': 'STRING', 'mode': 'NULLABLE'}]}, 'maxBadRecords': 10, 'skipLeadingRows': 1, 'fieldDelimiter': ',', 'quote': None, 'allowQuotedNewlines': False, 'encoding': 'UTF-8'}}
[2024-05-28T11:23:14.478+0000] {bigquery.py:1660} INFO - Inserting job ***_loading_to_bigquerry_load_orders_to_bq_2024_05_28T11_22_57_820915_00_00_588f5bf32b3c3b0c804f6bc970789e36
[2024-05-28T11:23:21.812+0000] {taskinstance.py:441} INFO - ::group::Post task execution logs
[2024-05-28T11:23:21.823+0000] {taskinstance.py:1206} INFO - Marking task as SUCCESS. dag_id=loading_to_bigquerry, task_id=load_orders_to_bq, run_id=manual__2024-05-28T11:22:57.820915+00:00, execution_date=20240528T112257, start_date=20240528T112313, end_date=20240528T112321
[2024-05-28T11:23:21.886+0000] {local_task_job_runner.py:240} INFO - Task exited with return code 0
[2024-05-28T11:23:21.922+0000] {taskinstance.py:3498} INFO - 1 downstream tasks scheduled from follow-on schedule check
[2024-05-28T11:23:21.924+0000] {local_task_job_runner.py:222} INFO - ::endgroup::
