[2024-05-27T05:27:28.326+0000] {local_task_job_runner.py:120} INFO - ::group::Pre task execution logs
[2024-05-27T05:27:28.360+0000] {taskinstance.py:2076} INFO - Dependencies all met for dep_context=non-requeueable deps ti=<TaskInstance: bigquery_example.run_bigquery_query manual__2024-05-27T05:27:10.839008+00:00 [queued]>
[2024-05-27T05:27:28.375+0000] {taskinstance.py:2076} INFO - Dependencies all met for dep_context=requeueable deps ti=<TaskInstance: bigquery_example.run_bigquery_query manual__2024-05-27T05:27:10.839008+00:00 [queued]>
[2024-05-27T05:27:28.376+0000] {taskinstance.py:2306} INFO - Starting attempt 1 of 2
[2024-05-27T05:27:28.401+0000] {taskinstance.py:2330} INFO - Executing <Task(BigQueryInsertJobOperator): run_bigquery_query> on 2024-05-27 05:27:10.839008+00:00
[2024-05-27T05:27:28.412+0000] {warnings.py:110} WARNING - /home/***/.local/lib/python3.12/site-packages/***/task/task_runner/standard_task_runner.py:61: DeprecationWarning: This process (pid=69) is multi-threaded, use of fork() may lead to deadlocks in the child.
  pid = os.fork()

[2024-05-27T05:27:28.416+0000] {standard_task_runner.py:63} INFO - Started process 71 to run task
[2024-05-27T05:27:28.418+0000] {standard_task_runner.py:90} INFO - Running: ['***', 'tasks', 'run', 'bigquery_example', 'run_bigquery_query', 'manual__2024-05-27T05:27:10.839008+00:00', '--job-id', '66', '--raw', '--subdir', 'DAGS_FOLDER/test.py', '--cfg-path', '/tmp/tmpwuem1mdy']
[2024-05-27T05:27:28.440+0000] {standard_task_runner.py:91} INFO - Job 66: Subtask run_bigquery_query
[2024-05-27T05:27:28.630+0000] {task_command.py:426} INFO - Running <TaskInstance: bigquery_example.run_bigquery_query manual__2024-05-27T05:27:10.839008+00:00 [running]> on host 9b03efc10d80
[2024-05-27T05:27:28.818+0000] {taskinstance.py:2648} INFO - Exporting env vars: AIRFLOW_CTX_DAG_OWNER='nquynh' AIRFLOW_CTX_DAG_ID='bigquery_example' AIRFLOW_CTX_TASK_ID='run_bigquery_query' AIRFLOW_CTX_EXECUTION_DATE='2024-05-27T05:27:10.839008+00:00' AIRFLOW_CTX_TRY_NUMBER='1' AIRFLOW_CTX_DAG_RUN_ID='manual__2024-05-27T05:27:10.839008+00:00'
[2024-05-27T05:27:28.821+0000] {taskinstance.py:430} INFO - ::endgroup::
[2024-05-27T05:27:28.905+0000] {connection.py:274} WARNING - Connection schemes (type: google_cloud_platform) shall not contain '_' according to RFC3986.
[2024-05-27T05:27:28.910+0000] {base.py:84} INFO - Using connection ID 'google_cloud_default' for task execution.
[2024-05-27T05:27:29.178+0000] {bigquery.py:2832} INFO - Executing: {'query': {'query': ' \n                        INSERT INTO `datawarehouse-423912.1.categories`\n                        VALUES (2, "quynh")\n                    ', 'useLegacySql': False}}'
[2024-05-27T05:27:29.185+0000] {bigquery.py:1660} INFO - Inserting job ***_bigquery_example_run_bigquery_query_2024_05_27T05_27_10_839008_00_00_a88b1d6950bdd0b8bf20e0933d056672
[2024-05-27T05:27:33.649+0000] {taskinstance.py:441} INFO - ::group::Post task execution logs
[2024-05-27T05:27:33.754+0000] {taskinstance.py:1206} INFO - Marking task as SUCCESS. dag_id=bigquery_example, task_id=run_bigquery_query, run_id=manual__2024-05-27T05:27:10.839008+00:00, execution_date=20240527T052710, start_date=20240527T052728, end_date=20240527T052733
[2024-05-27T05:27:33.828+0000] {local_task_job_runner.py:240} INFO - Task exited with return code 0
[2024-05-27T05:27:33.874+0000] {taskinstance.py:3498} INFO - 0 downstream tasks scheduled from follow-on schedule check
[2024-05-27T05:27:33.882+0000] {local_task_job_runner.py:222} INFO - ::endgroup::
