[2024-05-28T12:08:16.623+0000] {local_task_job_runner.py:120} INFO - ::group::Pre task execution logs
[2024-05-28T12:08:16.645+0000] {taskinstance.py:2076} INFO - Dependencies all met for dep_context=non-requeueable deps ti=<TaskInstance: loading_to_bigquerry.load_regions_to_bq manual__2024-05-28T12:06:50.557096+00:00 [queued]>
[2024-05-28T12:08:16.657+0000] {taskinstance.py:2076} INFO - Dependencies all met for dep_context=requeueable deps ti=<TaskInstance: loading_to_bigquerry.load_regions_to_bq manual__2024-05-28T12:06:50.557096+00:00 [queued]>
[2024-05-28T12:08:16.658+0000] {taskinstance.py:2306} INFO - Starting attempt 1 of 0
[2024-05-28T12:08:16.673+0000] {taskinstance.py:2330} INFO - Executing <Task(GCSToBigQueryOperator): load_regions_to_bq> on 2024-05-28 12:06:50.557096+00:00
[2024-05-28T12:08:16.681+0000] {warnings.py:110} WARNING - /home/***/.local/lib/python3.12/site-packages/***/task/task_runner/standard_task_runner.py:61: DeprecationWarning: This process (pid=1746) is multi-threaded, use of fork() may lead to deadlocks in the child.
  pid = os.fork()

[2024-05-28T12:08:16.683+0000] {standard_task_runner.py:63} INFO - Started process 1748 to run task
[2024-05-28T12:08:16.684+0000] {standard_task_runner.py:90} INFO - Running: ['***', 'tasks', 'run', 'loading_to_bigquerry', 'load_regions_to_bq', 'manual__2024-05-28T12:06:50.557096+00:00', '--job-id', '335', '--raw', '--subdir', 'DAGS_FOLDER/load_to_bigquerry.py', '--cfg-path', '/tmp/tmp55zdk_6l']
[2024-05-28T12:08:16.686+0000] {standard_task_runner.py:91} INFO - Job 335: Subtask load_regions_to_bq
[2024-05-28T12:08:16.741+0000] {task_command.py:426} INFO - Running <TaskInstance: loading_to_bigquerry.load_regions_to_bq manual__2024-05-28T12:06:50.557096+00:00 [running]> on host 9b03efc10d80
[2024-05-28T12:08:16.845+0000] {taskinstance.py:2648} INFO - Exporting env vars: AIRFLOW_CTX_DAG_OWNER='ngquynh' AIRFLOW_CTX_DAG_ID='loading_to_bigquerry' AIRFLOW_CTX_TASK_ID='load_regions_to_bq' AIRFLOW_CTX_EXECUTION_DATE='2024-05-28T12:06:50.557096+00:00' AIRFLOW_CTX_TRY_NUMBER='1' AIRFLOW_CTX_DAG_RUN_ID='manual__2024-05-28T12:06:50.557096+00:00'
[2024-05-28T12:08:16.846+0000] {taskinstance.py:430} INFO - ::endgroup::
[2024-05-28T12:08:16.874+0000] {connection.py:274} WARNING - Connection schemes (type: google_cloud_platform) shall not contain '_' according to RFC3986.
[2024-05-28T12:08:16.877+0000] {base.py:84} INFO - Using connection ID 'google_cloud_default' for task execution.
[2024-05-28T12:08:16.878+0000] {gcs_to_bigquery.py:380} INFO - Using existing BigQuery table for storing data...
[2024-05-28T12:08:16.931+0000] {gcs_to_bigquery.py:384} INFO - Executing: {'load': {'autodetect': True, 'createDisposition': 'CREATE_IF_NEEDED', 'destinationTable': {'projectId': 'datawarehouse-423912', 'datasetId': 'warehouse', 'tableId': 'regions'}, 'sourceFormat': 'CSV', 'sourceUris': ['gs://warehouse8/dataupdated/regions.csv'], 'writeDisposition': 'WRITE_TRUNCATE', 'ignoreUnknownValues': True, 'schema': {'fields': [{'name': 'regionID', 'type': 'INTEGER', 'mode': 'NULLABLE'}, {'name': 'regionDescription', 'type': 'STRING', 'mode': 'NULLABLE'}]}, 'maxBadRecords': 10, 'skipLeadingRows': 1, 'fieldDelimiter': ',', 'quote': None, 'allowQuotedNewlines': False, 'encoding': 'UTF-8'}}
[2024-05-28T12:08:16.933+0000] {bigquery.py:1660} INFO - Inserting job ***_loading_to_bigquerry_load_regions_to_bq_2024_05_28T12_06_50_557096_00_00_47f375cde821523d5125104b81b780d9
[2024-05-28T12:08:22.520+0000] {taskinstance.py:441} INFO - ::group::Post task execution logs
[2024-05-28T12:08:22.530+0000] {taskinstance.py:1206} INFO - Marking task as SUCCESS. dag_id=loading_to_bigquerry, task_id=load_regions_to_bq, run_id=manual__2024-05-28T12:06:50.557096+00:00, execution_date=20240528T120650, start_date=20240528T120816, end_date=20240528T120822
[2024-05-28T12:08:22.561+0000] {local_task_job_runner.py:240} INFO - Task exited with return code 0
[2024-05-28T12:08:22.581+0000] {taskinstance.py:3498} INFO - 1 downstream tasks scheduled from follow-on schedule check
[2024-05-28T12:08:22.583+0000] {local_task_job_runner.py:222} INFO - ::endgroup::
