[2024-05-28T06:46:53.739+0000] {local_task_job_runner.py:120} INFO - ::group::Pre task execution logs
[2024-05-28T06:46:53.774+0000] {taskinstance.py:2076} INFO - Dependencies all met for dep_context=non-requeueable deps ti=<TaskInstance: oltp_to_olap_all_transform.update_customer manual__2024-05-28T06:46:44.375049+00:00 [queued]>
[2024-05-28T06:46:53.792+0000] {taskinstance.py:2076} INFO - Dependencies all met for dep_context=requeueable deps ti=<TaskInstance: oltp_to_olap_all_transform.update_customer manual__2024-05-28T06:46:44.375049+00:00 [queued]>
[2024-05-28T06:46:53.794+0000] {taskinstance.py:2306} INFO - Starting attempt 1 of 0
[2024-05-28T06:46:53.827+0000] {taskinstance.py:2330} INFO - Executing <Task(BigQueryInsertJobOperator): update_customer> on 2024-05-28 06:46:44.375049+00:00
[2024-05-28T06:46:53.902+0000] {warnings.py:110} WARNING - /home/***/.local/lib/python3.12/site-packages/***/task/task_runner/standard_task_runner.py:61: DeprecationWarning: This process (pid=265) is multi-threaded, use of fork() may lead to deadlocks in the child.
  pid = os.fork()

[2024-05-28T06:46:53.913+0000] {standard_task_runner.py:63} INFO - Started process 267 to run task
[2024-05-28T06:46:53.911+0000] {standard_task_runner.py:90} INFO - Running: ['***', 'tasks', 'run', 'oltp_to_olap_all_transform', 'update_customer', 'manual__2024-05-28T06:46:44.375049+00:00', '--job-id', '179', '--raw', '--subdir', 'DAGS_FOLDER/oltp_olap.py', '--cfg-path', '/tmp/tmp92src77w']
[2024-05-28T06:46:53.925+0000] {standard_task_runner.py:91} INFO - Job 179: Subtask update_customer
[2024-05-28T06:46:54.048+0000] {task_command.py:426} INFO - Running <TaskInstance: oltp_to_olap_all_transform.update_customer manual__2024-05-28T06:46:44.375049+00:00 [running]> on host 9b03efc10d80
[2024-05-28T06:46:54.199+0000] {taskinstance.py:2648} INFO - Exporting env vars: AIRFLOW_CTX_DAG_OWNER='ngquynh' AIRFLOW_CTX_DAG_ID='oltp_to_olap_all_transform' AIRFLOW_CTX_TASK_ID='update_customer' AIRFLOW_CTX_EXECUTION_DATE='2024-05-28T06:46:44.375049+00:00' AIRFLOW_CTX_TRY_NUMBER='1' AIRFLOW_CTX_DAG_RUN_ID='manual__2024-05-28T06:46:44.375049+00:00'
[2024-05-28T06:46:54.203+0000] {taskinstance.py:430} INFO - ::endgroup::
[2024-05-28T06:46:54.256+0000] {connection.py:274} WARNING - Connection schemes (type: google_cloud_platform) shall not contain '_' according to RFC3986.
[2024-05-28T06:46:54.261+0000] {base.py:84} INFO - Using connection ID 'google_cloud_default' for task execution.
[2024-05-28T06:46:54.375+0000] {bigquery.py:2832} INFO - Executing: {'query': {'query': '-- quá trình upload dataset lên bogquerry, header của mỗi cột bị sai thành field 0_1_2... nên cần query để đổi lại tên cho mỗi header\ncreate or replace table `datawarehouse-423912.warehouse.newupdated_customers`\nas \nselect string_field_0 as customerID,\nstring_field_1 as companyName,\nstring_field_2 as contactName,\nstring_field_3 as contactTitle,\nstring_field_4 as address,\nstring_field_5 as city,\nstring_field_6 as region,\nstring_field_7 as postalCode,\nstring_field_8 as country,\nstring_field_9 as phone,\nstring_field_10 as fax\nfrom `datawarehouse-423912.warehouse.customers`\n', 'useLegacySql': False}}'
[2024-05-28T06:46:54.381+0000] {bigquery.py:1660} INFO - Inserting job ***_oltp_to_olap_all_transform_update_customer_2024_05_28T06_46_44_375049_00_00_de0288842dff0452517a6f81cf8824ed
[2024-05-28T06:46:57.760+0000] {taskinstance.py:441} INFO - ::group::Post task execution logs
[2024-05-28T06:46:57.781+0000] {taskinstance.py:1206} INFO - Marking task as SUCCESS. dag_id=oltp_to_olap_all_transform, task_id=update_customer, run_id=manual__2024-05-28T06:46:44.375049+00:00, execution_date=20240528T064644, start_date=20240528T064653, end_date=20240528T064657
[2024-05-28T06:46:57.829+0000] {local_task_job_runner.py:240} INFO - Task exited with return code 0
[2024-05-28T06:46:57.851+0000] {taskinstance.py:3498} INFO - 4 downstream tasks scheduled from follow-on schedule check
[2024-05-28T06:46:57.854+0000] {local_task_job_runner.py:222} INFO - ::endgroup::
