[2024-05-28T06:10:48.261+0000] {local_task_job_runner.py:120} INFO - ::group::Pre task execution logs
[2024-05-28T06:10:48.299+0000] {taskinstance.py:2076} INFO - Dependencies all met for dep_context=non-requeueable deps ti=<TaskInstance: oltp_to_olap_all_transform.load_dim_customer manual__2024-05-28T06:09:57.314479+00:00 [queued]>
[2024-05-28T06:10:48.320+0000] {taskinstance.py:2076} INFO - Dependencies all met for dep_context=requeueable deps ti=<TaskInstance: oltp_to_olap_all_transform.load_dim_customer manual__2024-05-28T06:09:57.314479+00:00 [queued]>
[2024-05-28T06:10:48.322+0000] {taskinstance.py:2306} INFO - Starting attempt 1 of 0
[2024-05-28T06:10:48.360+0000] {taskinstance.py:2330} INFO - Executing <Task(BigQueryInsertJobOperator): load_dim_customer> on 2024-05-28 06:09:57.314479+00:00
[2024-05-28T06:10:48.384+0000] {warnings.py:110} WARNING - /home/***/.local/lib/python3.12/site-packages/***/task/task_runner/standard_task_runner.py:61: DeprecationWarning: This process (pid=1204) is multi-threaded, use of fork() may lead to deadlocks in the child.
  pid = os.fork()

[2024-05-28T06:10:48.391+0000] {standard_task_runner.py:63} INFO - Started process 1209 to run task
[2024-05-28T06:10:48.390+0000] {standard_task_runner.py:90} INFO - Running: ['***', 'tasks', 'run', 'oltp_to_olap_all_transform', 'load_dim_customer', 'manual__2024-05-28T06:09:57.314479+00:00', '--job-id', '145', '--raw', '--subdir', 'DAGS_FOLDER/oltp_olap.py', '--cfg-path', '/tmp/tmp0mf9mytt']
[2024-05-28T06:10:48.401+0000] {standard_task_runner.py:91} INFO - Job 145: Subtask load_dim_customer
[2024-05-28T06:10:48.545+0000] {task_command.py:426} INFO - Running <TaskInstance: oltp_to_olap_all_transform.load_dim_customer manual__2024-05-28T06:09:57.314479+00:00 [running]> on host 9b03efc10d80
[2024-05-28T06:10:48.820+0000] {taskinstance.py:2648} INFO - Exporting env vars: AIRFLOW_CTX_DAG_OWNER='ngquynh' AIRFLOW_CTX_DAG_ID='oltp_to_olap_all_transform' AIRFLOW_CTX_TASK_ID='load_dim_customer' AIRFLOW_CTX_EXECUTION_DATE='2024-05-28T06:09:57.314479+00:00' AIRFLOW_CTX_TRY_NUMBER='1' AIRFLOW_CTX_DAG_RUN_ID='manual__2024-05-28T06:09:57.314479+00:00'
[2024-05-28T06:10:48.824+0000] {taskinstance.py:430} INFO - ::endgroup::
[2024-05-28T06:10:48.875+0000] {connection.py:274} WARNING - Connection schemes (type: google_cloud_platform) shall not contain '_' according to RFC3986.
[2024-05-28T06:10:48.884+0000] {base.py:84} INFO - Using connection ID 'google_cloud_default' for task execution.
[2024-05-28T06:10:48.996+0000] {bigquery.py:2832} INFO - Executing: {'query': {'query': '-- quá trình upload dataset lên bogquerry, header của mỗi cột bị sai thành field 0_1_2... nên cần query để đổi lại tên cho mỗi header\ncreate or replace table `datawarehouse-423912.warehouse.newupdated_customers`\nas \nselect string_field_0 as customerID,\nstring_field_1 as companyName,\nstring_field_2 as contactName,\nstring_field_3 as contactTitle,\nstring_field_4 as address,\nstring_field_5 as city,\nstring_field_6 as region,\nstring_field_7 as postalCode,\nstring_field_8 as country,\nstring_field_9 as phone,\nstring_field_10 as fax\nfrom `datawarehouse-423912.warehouse.customers`\n\n-- -- dây là tạo từ oltp sang olap\n-- create or replace table `datawarehouse-423912.OLAP_dataset.Dim_customer` as\n-- select \n-- customerID,\n-- contactName,\n-- address,\n-- city,\n-- phone,\n-- country\n-- from\n-- `datawarehouse-423912.warehouse.newupdated_customers`', 'useLegacySql': False}}'
[2024-05-28T06:10:49.001+0000] {bigquery.py:1660} INFO - Inserting job ***_oltp_to_olap_all_transform_load_dim_customer_2024_05_28T06_09_57_314479_00_00_21714f080214a8ae5a4709169d02059a
[2024-05-28T06:10:52.028+0000] {taskinstance.py:441} INFO - ::group::Post task execution logs
[2024-05-28T06:10:52.087+0000] {taskinstance.py:1206} INFO - Marking task as SUCCESS. dag_id=oltp_to_olap_all_transform, task_id=load_dim_customer, run_id=manual__2024-05-28T06:09:57.314479+00:00, execution_date=20240528T060957, start_date=20240528T061048, end_date=20240528T061052
[2024-05-28T06:10:52.150+0000] {local_task_job_runner.py:240} INFO - Task exited with return code 0
[2024-05-28T06:10:52.231+0000] {taskinstance.py:3498} INFO - 0 downstream tasks scheduled from follow-on schedule check
[2024-05-28T06:10:52.235+0000] {local_task_job_runner.py:222} INFO - ::endgroup::
