[2024-05-28T09:23:07.505+0000] {local_task_job_runner.py:120} INFO - ::group::Pre task execution logs
[2024-05-28T09:23:07.574+0000] {taskinstance.py:2076} INFO - Dependencies all met for dep_context=non-requeueable deps ti=<TaskInstance: oltp_to_olap_all_transform.transform_dim_product manual__2024-05-28T09:22:38.757554+00:00 [queued]>
[2024-05-28T09:23:07.602+0000] {taskinstance.py:2076} INFO - Dependencies all met for dep_context=requeueable deps ti=<TaskInstance: oltp_to_olap_all_transform.transform_dim_product manual__2024-05-28T09:22:38.757554+00:00 [queued]>
[2024-05-28T09:23:07.604+0000] {taskinstance.py:2306} INFO - Starting attempt 1 of 0
[2024-05-28T09:23:07.634+0000] {taskinstance.py:2330} INFO - Executing <Task(BigQueryInsertJobOperator): transform_dim_product> on 2024-05-28 09:22:38.757554+00:00
[2024-05-28T09:23:07.650+0000] {warnings.py:110} WARNING - /home/***/.local/lib/python3.12/site-packages/***/task/task_runner/standard_task_runner.py:61: DeprecationWarning: This process (pid=980) is multi-threaded, use of fork() may lead to deadlocks in the child.
  pid = os.fork()

[2024-05-28T09:23:07.654+0000] {standard_task_runner.py:63} INFO - Started process 996 to run task
[2024-05-28T09:23:07.654+0000] {standard_task_runner.py:90} INFO - Running: ['***', 'tasks', 'run', 'oltp_to_olap_all_transform', 'transform_dim_product', 'manual__2024-05-28T09:22:38.757554+00:00', '--job-id', '239', '--raw', '--subdir', 'DAGS_FOLDER/oltp_olap.py', '--cfg-path', '/tmp/tmps3vmigk5']
[2024-05-28T09:23:07.673+0000] {standard_task_runner.py:91} INFO - Job 239: Subtask transform_dim_product
[2024-05-28T09:23:07.814+0000] {task_command.py:426} INFO - Running <TaskInstance: oltp_to_olap_all_transform.transform_dim_product manual__2024-05-28T09:22:38.757554+00:00 [running]> on host 9b03efc10d80
[2024-05-28T09:23:08.116+0000] {taskinstance.py:2648} INFO - Exporting env vars: AIRFLOW_CTX_DAG_OWNER='ngquynh' AIRFLOW_CTX_DAG_ID='oltp_to_olap_all_transform' AIRFLOW_CTX_TASK_ID='transform_dim_product' AIRFLOW_CTX_EXECUTION_DATE='2024-05-28T09:22:38.757554+00:00' AIRFLOW_CTX_TRY_NUMBER='1' AIRFLOW_CTX_DAG_RUN_ID='manual__2024-05-28T09:22:38.757554+00:00'
[2024-05-28T09:23:08.124+0000] {taskinstance.py:430} INFO - ::endgroup::
[2024-05-28T09:23:08.214+0000] {connection.py:274} WARNING - Connection schemes (type: google_cloud_platform) shall not contain '_' according to RFC3986.
[2024-05-28T09:23:08.224+0000] {base.py:84} INFO - Using connection ID 'google_cloud_default' for task execution.
[2024-05-28T09:23:08.401+0000] {bigquery.py:2832} INFO - Executing: {'query': {'query': 'create or replace table `datawarehouse-423912.OLAP_dataset.Dim_Products` as\nselect \nproducts.productID,\nproducts.productname,\nproducts.unitPrice,\ncategories.categoryID,\ncategories.categoryName,\nfrom\n`datawarehouse-423912.warehouse.products` as products\ninner join`datawarehouse-423912.warehouse.categories` as categories\non categories.categoryID = products.categoryID', 'useLegacySql': False}}'
[2024-05-28T09:23:08.404+0000] {bigquery.py:1660} INFO - Inserting job ***_oltp_to_olap_all_transform_transform_dim_product_2024_05_28T09_22_38_757554_00_00_0b35eac3ce8da1183119b33ee36d9364
[2024-05-28T09:23:15.697+0000] {taskinstance.py:441} INFO - ::group::Post task execution logs
[2024-05-28T09:23:15.803+0000] {taskinstance.py:1206} INFO - Marking task as SUCCESS. dag_id=oltp_to_olap_all_transform, task_id=transform_dim_product, run_id=manual__2024-05-28T09:22:38.757554+00:00, execution_date=20240528T092238, start_date=20240528T092307, end_date=20240528T092315
[2024-05-28T09:23:15.919+0000] {local_task_job_runner.py:240} INFO - Task exited with return code 0
[2024-05-28T09:23:16.017+0000] {taskinstance.py:3498} INFO - 0 downstream tasks scheduled from follow-on schedule check
[2024-05-28T09:23:16.021+0000] {local_task_job_runner.py:222} INFO - ::endgroup::
