[2024-05-28T13:22:42.453+0000] {local_task_job_runner.py:120} INFO - ::group::Pre task execution logs
[2024-05-28T13:22:42.478+0000] {taskinstance.py:2076} INFO - Dependencies all met for dep_context=non-requeueable deps ti=<TaskInstance: loading_to_bigquerry.load_territories_to_bq manual__2024-05-28T13:20:47.490019+00:00 [queued]>
[2024-05-28T13:22:42.492+0000] {taskinstance.py:2076} INFO - Dependencies all met for dep_context=requeueable deps ti=<TaskInstance: loading_to_bigquerry.load_territories_to_bq manual__2024-05-28T13:20:47.490019+00:00 [queued]>
[2024-05-28T13:22:42.493+0000] {taskinstance.py:2306} INFO - Starting attempt 1 of 0
[2024-05-28T13:22:42.515+0000] {taskinstance.py:2330} INFO - Executing <Task(GCSToBigQueryOperator): load_territories_to_bq> on 2024-05-28 13:20:47.490019+00:00
[2024-05-28T13:22:42.526+0000] {warnings.py:110} WARNING - /home/***/.local/lib/python3.12/site-packages/***/task/task_runner/standard_task_runner.py:61: DeprecationWarning: This process (pid=2753) is multi-threaded, use of fork() may lead to deadlocks in the child.
  pid = os.fork()

[2024-05-28T13:22:42.530+0000] {standard_task_runner.py:63} INFO - Started process 2755 to run task
[2024-05-28T13:22:42.528+0000] {standard_task_runner.py:90} INFO - Running: ['***', 'tasks', 'run', 'loading_to_bigquerry', 'load_territories_to_bq', 'manual__2024-05-28T13:20:47.490019+00:00', '--job-id', '397', '--raw', '--subdir', 'DAGS_FOLDER/load_to_bigquerry.py', '--cfg-path', '/tmp/tmpij_d9lgm']
[2024-05-28T13:22:42.533+0000] {standard_task_runner.py:91} INFO - Job 397: Subtask load_territories_to_bq
[2024-05-28T13:22:42.608+0000] {task_command.py:426} INFO - Running <TaskInstance: loading_to_bigquerry.load_territories_to_bq manual__2024-05-28T13:20:47.490019+00:00 [running]> on host 9b03efc10d80
[2024-05-28T13:22:42.782+0000] {taskinstance.py:2648} INFO - Exporting env vars: AIRFLOW_CTX_DAG_OWNER='ngquynh' AIRFLOW_CTX_DAG_ID='loading_to_bigquerry' AIRFLOW_CTX_TASK_ID='load_territories_to_bq' AIRFLOW_CTX_EXECUTION_DATE='2024-05-28T13:20:47.490019+00:00' AIRFLOW_CTX_TRY_NUMBER='1' AIRFLOW_CTX_DAG_RUN_ID='manual__2024-05-28T13:20:47.490019+00:00'
[2024-05-28T13:22:42.785+0000] {taskinstance.py:430} INFO - ::endgroup::
[2024-05-28T13:22:42.817+0000] {connection.py:274} WARNING - Connection schemes (type: google_cloud_platform) shall not contain '_' according to RFC3986.
[2024-05-28T13:22:42.820+0000] {base.py:84} INFO - Using connection ID 'google_cloud_default' for task execution.
[2024-05-28T13:22:42.822+0000] {gcs_to_bigquery.py:380} INFO - Using existing BigQuery table for storing data...
[2024-05-28T13:22:42.894+0000] {gcs_to_bigquery.py:384} INFO - Executing: {'load': {'autodetect': True, 'createDisposition': 'CREATE_IF_NEEDED', 'destinationTable': {'projectId': 'datawarehouse-423912', 'datasetId': 'warehouse', 'tableId': 'territories'}, 'sourceFormat': 'CSV', 'sourceUris': ['gs://warehouse8/dataupdated/territories.csv'], 'writeDisposition': 'WRITE_TRUNCATE', 'ignoreUnknownValues': True, 'schema': {'fields': [{'name': 'territoryID', 'type': 'INTEGER', 'mode': 'NULLABLE'}, {'name': 'territoryDescription', 'type': 'STRING', 'mode': 'NULLABLE'}, {'name': 'regionID', 'type': 'INTEGER', 'mode': 'NULLABLE'}]}, 'maxBadRecords': 10, 'skipLeadingRows': 1, 'fieldDelimiter': ',', 'quote': None, 'allowQuotedNewlines': False, 'encoding': 'UTF-8'}}
[2024-05-28T13:22:42.897+0000] {bigquery.py:1660} INFO - Inserting job ***_loading_to_bigquerry_load_territories_to_bq_2024_05_28T13_20_47_490019_00_00_58326119bba4bb1b3a56968692ecd5de
[2024-05-28T13:22:46.161+0000] {taskinstance.py:441} INFO - ::group::Post task execution logs
[2024-05-28T13:22:46.172+0000] {taskinstance.py:1206} INFO - Marking task as SUCCESS. dag_id=loading_to_bigquerry, task_id=load_territories_to_bq, run_id=manual__2024-05-28T13:20:47.490019+00:00, execution_date=20240528T132047, start_date=20240528T132242, end_date=20240528T132246
[2024-05-28T13:22:46.200+0000] {local_task_job_runner.py:240} INFO - Task exited with return code 0
[2024-05-28T13:22:46.213+0000] {local_task_job_runner.py:222} INFO - ::endgroup::
