[2024-05-27T17:16:14.239+0000] {local_task_job_runner.py:120} INFO - ::group::Pre task execution logs
[2024-05-27T17:16:14.285+0000] {taskinstance.py:2076} INFO - Dependencies all met for dep_context=non-requeueable deps ti=<TaskInstance: oltp_to_olap_transform.load_dim_date manual__2024-05-27T17:15:40.475249+00:00 [queued]>
[2024-05-27T17:16:14.307+0000] {taskinstance.py:2076} INFO - Dependencies all met for dep_context=requeueable deps ti=<TaskInstance: oltp_to_olap_transform.load_dim_date manual__2024-05-27T17:15:40.475249+00:00 [queued]>
[2024-05-27T17:16:14.308+0000] {taskinstance.py:2306} INFO - Starting attempt 1 of 0
[2024-05-27T17:16:14.338+0000] {taskinstance.py:2330} INFO - Executing <Task(BigQueryInsertJobOperator): load_dim_date> on 2024-05-27 17:15:40.475249+00:00
[2024-05-27T17:16:14.360+0000] {warnings.py:110} WARNING - /home/***/.local/lib/python3.12/site-packages/***/task/task_runner/standard_task_runner.py:61: DeprecationWarning: This process (pid=107) is multi-threaded, use of fork() may lead to deadlocks in the child.
  pid = os.fork()

[2024-05-27T17:16:14.365+0000] {standard_task_runner.py:63} INFO - Started process 109 to run task
[2024-05-27T17:16:14.366+0000] {standard_task_runner.py:90} INFO - Running: ['***', 'tasks', 'run', 'oltp_to_olap_transform', 'load_dim_date', 'manual__2024-05-27T17:15:40.475249+00:00', '--job-id', '107', '--raw', '--subdir', 'DAGS_FOLDER/datawarehouse.py', '--cfg-path', '/tmp/tmp3chzlbgk']
[2024-05-27T17:16:14.379+0000] {standard_task_runner.py:91} INFO - Job 107: Subtask load_dim_date
[2024-05-27T17:16:14.517+0000] {task_command.py:426} INFO - Running <TaskInstance: oltp_to_olap_transform.load_dim_date manual__2024-05-27T17:15:40.475249+00:00 [running]> on host 9b03efc10d80
[2024-05-27T17:16:14.958+0000] {taskinstance.py:2648} INFO - Exporting env vars: AIRFLOW_CTX_DAG_OWNER='ngquynh' AIRFLOW_CTX_DAG_ID='oltp_to_olap_transform' AIRFLOW_CTX_TASK_ID='load_dim_date' AIRFLOW_CTX_EXECUTION_DATE='2024-05-27T17:15:40.475249+00:00' AIRFLOW_CTX_TRY_NUMBER='1' AIRFLOW_CTX_DAG_RUN_ID='manual__2024-05-27T17:15:40.475249+00:00'
[2024-05-27T17:16:14.961+0000] {taskinstance.py:430} INFO - ::endgroup::
[2024-05-27T17:16:15.037+0000] {connection.py:274} WARNING - Connection schemes (type: google_cloud_platform) shall not contain '_' according to RFC3986.
[2024-05-27T17:16:15.052+0000] {base.py:84} INFO - Using connection ID 'google_cloud_default' for task execution.
[2024-05-27T17:16:15.190+0000] {bigquery.py:2832} INFO - Executing: {'query': {'query': 'CREATE OR REPLACE TABLE `datawarehouse-423912.OLAP_dataset.orders` AS\nSELECT\n  SAFE_CAST(order_date AS DATE) AS order_date,\n  EXTRACT(MONTH FROM SAFE_CAST(order_date AS DATE)) AS month,\n  EXTRACT(QUARTER FROM SAFE_CAST(order_date AS DATE)) AS quarter,\n  EXTRACT(YEAR FROM SAFE_CAST(order_date AS DATE)) AS year,\n  CASE\n    WHEN EXTRACT(DAYOFWEEK FROM SAFE_CAST(order_date AS DATE)) IN (1, 7) THEN TRUE\n    ELSE FALSE\n  END AS weekend_flag\nFROM\n  `datawarehouse-423912.warehouse.orders`\nWHERE\n  SAFE_CAST(order_date AS DATE) IS NOT NULL;', 'useLegacySql': False}}'
[2024-05-27T17:16:15.193+0000] {bigquery.py:1660} INFO - Inserting job ***_oltp_to_olap_transform_load_dim_date_2024_05_27T17_15_40_475249_00_00_e8b6f56cf3f49ea717a747c070c85273
[2024-05-27T17:16:16.601+0000] {taskinstance.py:441} INFO - ::group::Post task execution logs
[2024-05-27T17:16:16.603+0000] {taskinstance.py:2905} ERROR - Task failed with exception
Traceback (most recent call last):
  File "/home/airflow/.local/lib/python3.12/site-packages/airflow/models/taskinstance.py", line 465, in _execute_task
    result = _execute_callable(context=context, **execute_callable_kwargs)
             ^^^^^^^^^^^^^^^^^^^^^^^^^^^^^^^^^^^^^^^^^^^^^^^^^^^^^^^^^^^^^
  File "/home/airflow/.local/lib/python3.12/site-packages/airflow/models/taskinstance.py", line 432, in _execute_callable
    return execute_callable(context=context, **execute_callable_kwargs)
           ^^^^^^^^^^^^^^^^^^^^^^^^^^^^^^^^^^^^^^^^^^^^^^^^^^^^^^^^^^^^
  File "/home/airflow/.local/lib/python3.12/site-packages/airflow/models/baseoperator.py", line 400, in wrapper
    return func(self, *args, **kwargs)
           ^^^^^^^^^^^^^^^^^^^^^^^^^^^
  File "/home/airflow/.local/lib/python3.12/site-packages/airflow/providers/google/cloud/operators/bigquery.py", line 2891, in execute
    job.result(timeout=self.result_timeout, retry=self.result_retry)
  File "/home/airflow/.local/lib/python3.12/site-packages/google/cloud/bigquery/job/query.py", line 1626, in result
    while not is_job_done():
              ^^^^^^^^^^^^^
  File "/home/airflow/.local/lib/python3.12/site-packages/google/cloud/bigquery/job/query.py", line 1577, in is_job_done
    raise job_failed_exception
google.api_core.exceptions.NotFound: 404 Not found: Table datawarehouse-423912:warehouse.orders was not found in location US; reason: notFound, message: Not found: Table datawarehouse-423912:warehouse.orders was not found in location US

Location: US
Job ID: airflow_oltp_to_olap_transform_load_dim_date_2024_05_27T17_15_40_475249_00_00_e8b6f56cf3f49ea717a747c070c85273

[2024-05-27T17:16:16.658+0000] {taskinstance.py:1206} INFO - Marking task as FAILED. dag_id=oltp_to_olap_transform, task_id=load_dim_date, run_id=manual__2024-05-27T17:15:40.475249+00:00, execution_date=20240527T171540, start_date=20240527T171614, end_date=20240527T171616
[2024-05-27T17:16:16.698+0000] {standard_task_runner.py:110} ERROR - Failed to execute job 107 for task load_dim_date (404 Not found: Table datawarehouse-423912:warehouse.orders was not found in location US; reason: notFound, message: Not found: Table datawarehouse-423912:warehouse.orders was not found in location US

Location: US
Job ID: airflow_oltp_to_olap_transform_load_dim_date_2024_05_27T17_15_40_475249_00_00_e8b6f56cf3f49ea717a747c070c85273
; 109)
[2024-05-27T17:16:16.722+0000] {local_task_job_runner.py:240} INFO - Task exited with return code 1
[2024-05-27T17:16:16.778+0000] {taskinstance.py:3498} INFO - 0 downstream tasks scheduled from follow-on schedule check
[2024-05-27T17:16:16.783+0000] {local_task_job_runner.py:222} INFO - ::endgroup::
