[2024-05-28T09:29:44.681+0000] {local_task_job_runner.py:120} INFO - ::group::Pre task execution logs
[2024-05-28T09:29:44.716+0000] {taskinstance.py:2076} INFO - Dependencies all met for dep_context=non-requeueable deps ti=<TaskInstance: oltp_to_olap_all_transform.transform_dim_product manual__2024-05-28T09:29:06.040118+00:00 [queued]>
[2024-05-28T09:29:44.734+0000] {taskinstance.py:2076} INFO - Dependencies all met for dep_context=requeueable deps ti=<TaskInstance: oltp_to_olap_all_transform.transform_dim_product manual__2024-05-28T09:29:06.040118+00:00 [queued]>
[2024-05-28T09:29:44.736+0000] {taskinstance.py:2306} INFO - Starting attempt 1 of 0
[2024-05-28T09:29:44.773+0000] {taskinstance.py:2330} INFO - Executing <Task(BigQueryInsertJobOperator): transform_dim_product> on 2024-05-28 09:29:06.040118+00:00
[2024-05-28T09:29:44.804+0000] {warnings.py:110} WARNING - /home/***/.local/lib/python3.12/site-packages/***/task/task_runner/standard_task_runner.py:61: DeprecationWarning: This process (pid=1149) is multi-threaded, use of fork() may lead to deadlocks in the child.
  pid = os.fork()

[2024-05-28T09:29:44.839+0000] {standard_task_runner.py:63} INFO - Started process 1157 to run task
[2024-05-28T09:29:44.806+0000] {standard_task_runner.py:90} INFO - Running: ['***', 'tasks', 'run', 'oltp_to_olap_all_transform', 'transform_dim_product', 'manual__2024-05-28T09:29:06.040118+00:00', '--job-id', '268', '--raw', '--subdir', 'DAGS_FOLDER/oltp_olap.py', '--cfg-path', '/tmp/tmpfigq87fv']
[2024-05-28T09:29:44.843+0000] {standard_task_runner.py:91} INFO - Job 268: Subtask transform_dim_product
[2024-05-28T09:29:45.278+0000] {task_command.py:426} INFO - Running <TaskInstance: oltp_to_olap_all_transform.transform_dim_product manual__2024-05-28T09:29:06.040118+00:00 [running]> on host 9b03efc10d80
[2024-05-28T09:29:45.563+0000] {taskinstance.py:2648} INFO - Exporting env vars: AIRFLOW_CTX_DAG_OWNER='ngquynh' AIRFLOW_CTX_DAG_ID='oltp_to_olap_all_transform' AIRFLOW_CTX_TASK_ID='transform_dim_product' AIRFLOW_CTX_EXECUTION_DATE='2024-05-28T09:29:06.040118+00:00' AIRFLOW_CTX_TRY_NUMBER='1' AIRFLOW_CTX_DAG_RUN_ID='manual__2024-05-28T09:29:06.040118+00:00'
[2024-05-28T09:29:45.575+0000] {taskinstance.py:430} INFO - ::endgroup::
[2024-05-28T09:29:45.649+0000] {connection.py:274} WARNING - Connection schemes (type: google_cloud_platform) shall not contain '_' according to RFC3986.
[2024-05-28T09:29:45.666+0000] {base.py:84} INFO - Using connection ID 'google_cloud_default' for task execution.
[2024-05-28T09:29:45.765+0000] {bigquery.py:2832} INFO - Executing: {'query': {'query': 'create or replace table `datawarehouse-423912.OLAP_dataset.Dim_Products` as\nselect \nproducts.productID,\nproducts.productname,\nproducts.unitPrice,\ncategories.categoryID,\ncategories.categoryName,\nfrom\n`datawarehouse-423912.warehouse.products` as products\ninner join`datawarehouse-423912.warehouse.categories` as categories\non categories.categoryID = products.categoryID', 'useLegacySql': False}}'
[2024-05-28T09:29:45.784+0000] {bigquery.py:1660} INFO - Inserting job ***_oltp_to_olap_all_transform_transform_dim_product_2024_05_28T09_29_06_040118_00_00_b8718cfc1b4ae3f26409ee759db10bdc
[2024-05-28T09:29:55.471+0000] {taskinstance.py:441} INFO - ::group::Post task execution logs
[2024-05-28T09:29:55.507+0000] {taskinstance.py:1206} INFO - Marking task as SUCCESS. dag_id=oltp_to_olap_all_transform, task_id=transform_dim_product, run_id=manual__2024-05-28T09:29:06.040118+00:00, execution_date=20240528T092906, start_date=20240528T092944, end_date=20240528T092955
[2024-05-28T09:29:55.591+0000] {local_task_job_runner.py:240} INFO - Task exited with return code 0
[2024-05-28T09:29:55.610+0000] {local_task_job_runner.py:222} INFO - ::endgroup::
