[2024-05-27T06:09:29.167+0000] {processor.py:161} INFO - Started process (PID=243) to work on /opt/airflow/dags/bigquerry_example.py
[2024-05-27T06:09:29.173+0000] {processor.py:830} INFO - Processing file /opt/airflow/dags/bigquerry_example.py for tasks to queue
[2024-05-27T06:09:29.180+0000] {logging_mixin.py:188} INFO - [2024-05-27T06:09:29.177+0000] {dagbag.py:545} INFO - Filling up the DagBag from /opt/airflow/dags/bigquerry_example.py
[2024-05-27T06:09:29.361+0000] {processor.py:840} INFO - DAG(s) 'bigquery_example' retrieved from /opt/airflow/dags/bigquerry_example.py
[2024-05-27T06:09:30.847+0000] {logging_mixin.py:188} INFO - [2024-05-27T06:09:30.846+0000] {dag.py:3096} INFO - Sync 1 DAGs
[2024-05-27T06:09:30.878+0000] {logging_mixin.py:188} INFO - [2024-05-27T06:09:30.877+0000] {dag.py:3954} INFO - Setting next_dagrun for bigquery_example to None, run_after=None
[2024-05-27T06:09:30.951+0000] {processor.py:183} INFO - Processing /opt/airflow/dags/bigquerry_example.py took 1.813 seconds
[2024-05-27T06:10:01.468+0000] {processor.py:161} INFO - Started process (PID=250) to work on /opt/airflow/dags/bigquerry_example.py
[2024-05-27T06:10:01.470+0000] {processor.py:830} INFO - Processing file /opt/airflow/dags/bigquerry_example.py for tasks to queue
[2024-05-27T06:10:01.473+0000] {logging_mixin.py:188} INFO - [2024-05-27T06:10:01.472+0000] {dagbag.py:545} INFO - Filling up the DagBag from /opt/airflow/dags/bigquerry_example.py
[2024-05-27T06:10:01.568+0000] {processor.py:840} INFO - DAG(s) 'bigquery_example' retrieved from /opt/airflow/dags/bigquerry_example.py
[2024-05-27T06:10:01.641+0000] {logging_mixin.py:188} INFO - [2024-05-27T06:10:01.639+0000] {dag.py:3096} INFO - Sync 1 DAGs
[2024-05-27T06:10:01.964+0000] {logging_mixin.py:188} INFO - [2024-05-27T06:10:01.964+0000] {dag.py:3954} INFO - Setting next_dagrun for bigquery_example to None, run_after=None
[2024-05-27T06:10:02.014+0000] {processor.py:183} INFO - Processing /opt/airflow/dags/bigquerry_example.py took 0.561 seconds
[2024-05-27T06:10:32.617+0000] {processor.py:161} INFO - Started process (PID=257) to work on /opt/airflow/dags/bigquerry_example.py
[2024-05-27T06:10:32.620+0000] {processor.py:830} INFO - Processing file /opt/airflow/dags/bigquerry_example.py for tasks to queue
[2024-05-27T06:10:32.624+0000] {logging_mixin.py:188} INFO - [2024-05-27T06:10:32.623+0000] {dagbag.py:545} INFO - Filling up the DagBag from /opt/airflow/dags/bigquerry_example.py
[2024-05-27T06:10:32.701+0000] {processor.py:840} INFO - DAG(s) 'bigquery_example' retrieved from /opt/airflow/dags/bigquerry_example.py
[2024-05-27T06:10:32.758+0000] {logging_mixin.py:188} INFO - [2024-05-27T06:10:32.756+0000] {dag.py:3096} INFO - Sync 1 DAGs
[2024-05-27T06:10:32.824+0000] {logging_mixin.py:188} INFO - [2024-05-27T06:10:32.824+0000] {dag.py:3954} INFO - Setting next_dagrun for bigquery_example to None, run_after=None
[2024-05-27T06:10:32.869+0000] {processor.py:183} INFO - Processing /opt/airflow/dags/bigquerry_example.py took 0.276 seconds
[2024-05-27T06:11:03.294+0000] {processor.py:161} INFO - Started process (PID=264) to work on /opt/airflow/dags/bigquerry_example.py
[2024-05-27T06:11:03.295+0000] {processor.py:830} INFO - Processing file /opt/airflow/dags/bigquerry_example.py for tasks to queue
[2024-05-27T06:11:03.297+0000] {logging_mixin.py:188} INFO - [2024-05-27T06:11:03.297+0000] {dagbag.py:545} INFO - Filling up the DagBag from /opt/airflow/dags/bigquerry_example.py
[2024-05-27T06:11:03.364+0000] {processor.py:840} INFO - DAG(s) 'bigquery_example' retrieved from /opt/airflow/dags/bigquerry_example.py
[2024-05-27T06:11:03.475+0000] {logging_mixin.py:188} INFO - [2024-05-27T06:11:03.474+0000] {dag.py:3096} INFO - Sync 1 DAGs
[2024-05-27T06:11:03.525+0000] {logging_mixin.py:188} INFO - [2024-05-27T06:11:03.525+0000] {dag.py:3954} INFO - Setting next_dagrun for bigquery_example to None, run_after=None
[2024-05-27T06:11:03.573+0000] {processor.py:183} INFO - Processing /opt/airflow/dags/bigquerry_example.py took 0.292 seconds
[2024-05-27T06:11:33.773+0000] {processor.py:161} INFO - Started process (PID=271) to work on /opt/airflow/dags/bigquerry_example.py
[2024-05-27T06:11:33.778+0000] {processor.py:830} INFO - Processing file /opt/airflow/dags/bigquerry_example.py for tasks to queue
[2024-05-27T06:11:33.784+0000] {logging_mixin.py:188} INFO - [2024-05-27T06:11:33.782+0000] {dagbag.py:545} INFO - Filling up the DagBag from /opt/airflow/dags/bigquerry_example.py
[2024-05-27T06:11:33.924+0000] {processor.py:840} INFO - DAG(s) 'bigquery_example' retrieved from /opt/airflow/dags/bigquerry_example.py
[2024-05-27T06:11:34.027+0000] {logging_mixin.py:188} INFO - [2024-05-27T06:11:34.026+0000] {dag.py:3096} INFO - Sync 1 DAGs
[2024-05-27T06:11:34.082+0000] {logging_mixin.py:188} INFO - [2024-05-27T06:11:34.082+0000] {dag.py:3954} INFO - Setting next_dagrun for bigquery_example to None, run_after=None
[2024-05-27T06:11:34.208+0000] {processor.py:183} INFO - Processing /opt/airflow/dags/bigquerry_example.py took 0.468 seconds
[2024-05-27T06:11:57.311+0000] {processor.py:161} INFO - Started process (PID=278) to work on /opt/airflow/dags/bigquerry_example.py
[2024-05-27T06:11:57.314+0000] {processor.py:830} INFO - Processing file /opt/airflow/dags/bigquerry_example.py for tasks to queue
[2024-05-27T06:11:57.317+0000] {logging_mixin.py:188} INFO - [2024-05-27T06:11:57.316+0000] {dagbag.py:545} INFO - Filling up the DagBag from /opt/airflow/dags/bigquerry_example.py
[2024-05-27T06:11:57.423+0000] {processor.py:840} INFO - DAG(s) 'bigquery_example' retrieved from /opt/airflow/dags/bigquerry_example.py
[2024-05-27T06:11:57.475+0000] {logging_mixin.py:188} INFO - [2024-05-27T06:11:57.474+0000] {dag.py:3096} INFO - Sync 1 DAGs
[2024-05-27T06:11:57.502+0000] {logging_mixin.py:188} INFO - [2024-05-27T06:11:57.501+0000] {dag.py:3954} INFO - Setting next_dagrun for bigquery_example to None, run_after=None
[2024-05-27T06:11:57.611+0000] {processor.py:183} INFO - Processing /opt/airflow/dags/bigquerry_example.py took 0.317 seconds
[2024-05-27T06:12:28.029+0000] {processor.py:161} INFO - Started process (PID=285) to work on /opt/airflow/dags/bigquerry_example.py
[2024-05-27T06:12:28.033+0000] {processor.py:830} INFO - Processing file /opt/airflow/dags/bigquerry_example.py for tasks to queue
[2024-05-27T06:12:28.037+0000] {logging_mixin.py:188} INFO - [2024-05-27T06:12:28.036+0000] {dagbag.py:545} INFO - Filling up the DagBag from /opt/airflow/dags/bigquerry_example.py
[2024-05-27T06:12:28.158+0000] {processor.py:840} INFO - DAG(s) 'bigquery_example' retrieved from /opt/airflow/dags/bigquerry_example.py
[2024-05-27T06:12:28.255+0000] {logging_mixin.py:188} INFO - [2024-05-27T06:12:28.253+0000] {dag.py:3096} INFO - Sync 1 DAGs
[2024-05-27T06:12:28.315+0000] {logging_mixin.py:188} INFO - [2024-05-27T06:12:28.314+0000] {dag.py:3954} INFO - Setting next_dagrun for bigquery_example to None, run_after=None
[2024-05-27T06:12:28.409+0000] {processor.py:183} INFO - Processing /opt/airflow/dags/bigquerry_example.py took 0.407 seconds
[2024-05-27T06:12:58.548+0000] {processor.py:161} INFO - Started process (PID=292) to work on /opt/airflow/dags/bigquerry_example.py
[2024-05-27T06:12:58.550+0000] {processor.py:830} INFO - Processing file /opt/airflow/dags/bigquerry_example.py for tasks to queue
[2024-05-27T06:12:58.552+0000] {logging_mixin.py:188} INFO - [2024-05-27T06:12:58.551+0000] {dagbag.py:545} INFO - Filling up the DagBag from /opt/airflow/dags/bigquerry_example.py
[2024-05-27T06:12:58.627+0000] {processor.py:840} INFO - DAG(s) 'bigquery_example' retrieved from /opt/airflow/dags/bigquerry_example.py
[2024-05-27T06:12:58.668+0000] {logging_mixin.py:188} INFO - [2024-05-27T06:12:58.667+0000] {dag.py:3096} INFO - Sync 1 DAGs
[2024-05-27T06:12:58.692+0000] {logging_mixin.py:188} INFO - [2024-05-27T06:12:58.692+0000] {dag.py:3954} INFO - Setting next_dagrun for bigquery_example to None, run_after=None
[2024-05-27T06:12:59.148+0000] {processor.py:183} INFO - Processing /opt/airflow/dags/bigquerry_example.py took 0.612 seconds
[2024-05-27T06:13:29.257+0000] {processor.py:161} INFO - Started process (PID=299) to work on /opt/airflow/dags/bigquerry_example.py
[2024-05-27T06:13:29.259+0000] {processor.py:830} INFO - Processing file /opt/airflow/dags/bigquerry_example.py for tasks to queue
[2024-05-27T06:13:29.261+0000] {logging_mixin.py:188} INFO - [2024-05-27T06:13:29.260+0000] {dagbag.py:545} INFO - Filling up the DagBag from /opt/airflow/dags/bigquerry_example.py
[2024-05-27T06:13:29.305+0000] {processor.py:840} INFO - DAG(s) 'bigquery_example' retrieved from /opt/airflow/dags/bigquerry_example.py
[2024-05-27T06:13:29.340+0000] {logging_mixin.py:188} INFO - [2024-05-27T06:13:29.339+0000] {dag.py:3096} INFO - Sync 1 DAGs
[2024-05-27T06:13:29.359+0000] {logging_mixin.py:188} INFO - [2024-05-27T06:13:29.359+0000] {dag.py:3954} INFO - Setting next_dagrun for bigquery_example to None, run_after=None
[2024-05-27T06:13:29.393+0000] {processor.py:183} INFO - Processing /opt/airflow/dags/bigquerry_example.py took 0.145 seconds
[2024-05-27T06:13:59.800+0000] {processor.py:161} INFO - Started process (PID=306) to work on /opt/airflow/dags/bigquerry_example.py
[2024-05-27T06:13:59.809+0000] {processor.py:830} INFO - Processing file /opt/airflow/dags/bigquerry_example.py for tasks to queue
[2024-05-27T06:13:59.823+0000] {logging_mixin.py:188} INFO - [2024-05-27T06:13:59.814+0000] {dagbag.py:545} INFO - Filling up the DagBag from /opt/airflow/dags/bigquerry_example.py
[2024-05-27T06:13:59.936+0000] {processor.py:840} INFO - DAG(s) 'bigquery_example' retrieved from /opt/airflow/dags/bigquerry_example.py
[2024-05-27T06:13:59.994+0000] {logging_mixin.py:188} INFO - [2024-05-27T06:13:59.993+0000] {dag.py:3096} INFO - Sync 1 DAGs
[2024-05-27T06:14:00.032+0000] {logging_mixin.py:188} INFO - [2024-05-27T06:14:00.031+0000] {dag.py:3954} INFO - Setting next_dagrun for bigquery_example to None, run_after=None
[2024-05-27T06:14:00.070+0000] {processor.py:183} INFO - Processing /opt/airflow/dags/bigquerry_example.py took 0.300 seconds
[2024-05-27T06:14:30.667+0000] {processor.py:161} INFO - Started process (PID=313) to work on /opt/airflow/dags/bigquerry_example.py
[2024-05-27T06:14:30.672+0000] {processor.py:830} INFO - Processing file /opt/airflow/dags/bigquerry_example.py for tasks to queue
[2024-05-27T06:14:30.678+0000] {logging_mixin.py:188} INFO - [2024-05-27T06:14:30.677+0000] {dagbag.py:545} INFO - Filling up the DagBag from /opt/airflow/dags/bigquerry_example.py
[2024-05-27T06:14:30.805+0000] {processor.py:840} INFO - DAG(s) 'bigquery_example' retrieved from /opt/airflow/dags/bigquerry_example.py
[2024-05-27T06:14:30.865+0000] {logging_mixin.py:188} INFO - [2024-05-27T06:14:30.864+0000] {dag.py:3096} INFO - Sync 1 DAGs
[2024-05-27T06:14:30.892+0000] {logging_mixin.py:188} INFO - [2024-05-27T06:14:30.891+0000] {dag.py:3954} INFO - Setting next_dagrun for bigquery_example to None, run_after=None
[2024-05-27T06:14:30.972+0000] {processor.py:183} INFO - Processing /opt/airflow/dags/bigquerry_example.py took 0.347 seconds
[2024-05-27T06:15:01.465+0000] {processor.py:161} INFO - Started process (PID=320) to work on /opt/airflow/dags/bigquerry_example.py
[2024-05-27T06:15:01.470+0000] {processor.py:830} INFO - Processing file /opt/airflow/dags/bigquerry_example.py for tasks to queue
[2024-05-27T06:15:01.474+0000] {logging_mixin.py:188} INFO - [2024-05-27T06:15:01.473+0000] {dagbag.py:545} INFO - Filling up the DagBag from /opt/airflow/dags/bigquerry_example.py
[2024-05-27T06:15:01.601+0000] {processor.py:840} INFO - DAG(s) 'bigquery_example' retrieved from /opt/airflow/dags/bigquerry_example.py
[2024-05-27T06:15:01.668+0000] {logging_mixin.py:188} INFO - [2024-05-27T06:15:01.667+0000] {dag.py:3096} INFO - Sync 1 DAGs
[2024-05-27T06:15:01.696+0000] {logging_mixin.py:188} INFO - [2024-05-27T06:15:01.696+0000] {dag.py:3954} INFO - Setting next_dagrun for bigquery_example to None, run_after=None
[2024-05-27T06:15:01.727+0000] {processor.py:183} INFO - Processing /opt/airflow/dags/bigquerry_example.py took 0.289 seconds
[2024-05-27T06:15:19.682+0000] {processor.py:161} INFO - Started process (PID=321) to work on /opt/airflow/dags/bigquerry_example.py
[2024-05-27T06:15:19.685+0000] {processor.py:830} INFO - Processing file /opt/airflow/dags/bigquerry_example.py for tasks to queue
[2024-05-27T06:15:19.687+0000] {logging_mixin.py:188} INFO - [2024-05-27T06:15:19.686+0000] {dagbag.py:545} INFO - Filling up the DagBag from /opt/airflow/dags/bigquerry_example.py
[2024-05-27T06:15:19.757+0000] {processor.py:840} INFO - DAG(s) 'bigquery_example' retrieved from /opt/airflow/dags/bigquerry_example.py
[2024-05-27T06:15:19.797+0000] {logging_mixin.py:188} INFO - [2024-05-27T06:15:19.796+0000] {dag.py:3096} INFO - Sync 1 DAGs
[2024-05-27T06:15:19.818+0000] {logging_mixin.py:188} INFO - [2024-05-27T06:15:19.818+0000] {dag.py:3954} INFO - Setting next_dagrun for bigquery_example to None, run_after=None
[2024-05-27T06:15:19.859+0000] {processor.py:183} INFO - Processing /opt/airflow/dags/bigquerry_example.py took 0.188 seconds
[2024-05-27T06:15:50.102+0000] {processor.py:161} INFO - Started process (PID=328) to work on /opt/airflow/dags/bigquerry_example.py
[2024-05-27T06:15:50.105+0000] {processor.py:830} INFO - Processing file /opt/airflow/dags/bigquerry_example.py for tasks to queue
[2024-05-27T06:15:50.107+0000] {logging_mixin.py:188} INFO - [2024-05-27T06:15:50.106+0000] {dagbag.py:545} INFO - Filling up the DagBag from /opt/airflow/dags/bigquerry_example.py
[2024-05-27T06:15:50.165+0000] {processor.py:840} INFO - DAG(s) 'bigquery_example' retrieved from /opt/airflow/dags/bigquerry_example.py
[2024-05-27T06:15:50.214+0000] {logging_mixin.py:188} INFO - [2024-05-27T06:15:50.213+0000] {dag.py:3096} INFO - Sync 1 DAGs
[2024-05-27T06:15:50.243+0000] {logging_mixin.py:188} INFO - [2024-05-27T06:15:50.243+0000] {dag.py:3954} INFO - Setting next_dagrun for bigquery_example to None, run_after=None
[2024-05-27T06:15:50.563+0000] {processor.py:183} INFO - Processing /opt/airflow/dags/bigquerry_example.py took 0.473 seconds
[2024-05-27T06:16:20.775+0000] {processor.py:161} INFO - Started process (PID=335) to work on /opt/airflow/dags/bigquerry_example.py
[2024-05-27T06:16:20.779+0000] {processor.py:830} INFO - Processing file /opt/airflow/dags/bigquerry_example.py for tasks to queue
[2024-05-27T06:16:20.786+0000] {logging_mixin.py:188} INFO - [2024-05-27T06:16:20.783+0000] {dagbag.py:545} INFO - Filling up the DagBag from /opt/airflow/dags/bigquerry_example.py
[2024-05-27T06:16:20.916+0000] {processor.py:840} INFO - DAG(s) 'bigquery_example' retrieved from /opt/airflow/dags/bigquerry_example.py
[2024-05-27T06:16:20.982+0000] {logging_mixin.py:188} INFO - [2024-05-27T06:16:20.980+0000] {dag.py:3096} INFO - Sync 1 DAGs
[2024-05-27T06:16:21.301+0000] {logging_mixin.py:188} INFO - [2024-05-27T06:16:21.301+0000] {dag.py:3954} INFO - Setting next_dagrun for bigquery_example to None, run_after=None
[2024-05-27T06:16:21.333+0000] {processor.py:183} INFO - Processing /opt/airflow/dags/bigquerry_example.py took 0.591 seconds
[2024-05-27T06:16:51.872+0000] {processor.py:161} INFO - Started process (PID=343) to work on /opt/airflow/dags/bigquerry_example.py
[2024-05-27T06:16:51.876+0000] {processor.py:830} INFO - Processing file /opt/airflow/dags/bigquerry_example.py for tasks to queue
[2024-05-27T06:16:51.882+0000] {logging_mixin.py:188} INFO - [2024-05-27T06:16:51.880+0000] {dagbag.py:545} INFO - Filling up the DagBag from /opt/airflow/dags/bigquerry_example.py
[2024-05-27T06:16:52.057+0000] {processor.py:840} INFO - DAG(s) 'bigquery_example' retrieved from /opt/airflow/dags/bigquerry_example.py
[2024-05-27T06:16:52.185+0000] {logging_mixin.py:188} INFO - [2024-05-27T06:16:52.183+0000] {dag.py:3096} INFO - Sync 1 DAGs
[2024-05-27T06:16:52.281+0000] {logging_mixin.py:188} INFO - [2024-05-27T06:16:52.280+0000] {dag.py:3954} INFO - Setting next_dagrun for bigquery_example to None, run_after=None
[2024-05-27T06:16:52.411+0000] {processor.py:183} INFO - Processing /opt/airflow/dags/bigquerry_example.py took 0.567 seconds
[2024-05-27T06:17:22.945+0000] {processor.py:161} INFO - Started process (PID=351) to work on /opt/airflow/dags/bigquerry_example.py
[2024-05-27T06:17:22.950+0000] {processor.py:830} INFO - Processing file /opt/airflow/dags/bigquerry_example.py for tasks to queue
[2024-05-27T06:17:22.955+0000] {logging_mixin.py:188} INFO - [2024-05-27T06:17:22.953+0000] {dagbag.py:545} INFO - Filling up the DagBag from /opt/airflow/dags/bigquerry_example.py
[2024-05-27T06:17:23.089+0000] {processor.py:840} INFO - DAG(s) 'bigquery_example' retrieved from /opt/airflow/dags/bigquerry_example.py
[2024-05-27T06:17:23.192+0000] {logging_mixin.py:188} INFO - [2024-05-27T06:17:23.189+0000] {dag.py:3096} INFO - Sync 1 DAGs
[2024-05-27T06:17:23.241+0000] {logging_mixin.py:188} INFO - [2024-05-27T06:17:23.241+0000] {dag.py:3954} INFO - Setting next_dagrun for bigquery_example to None, run_after=None
[2024-05-27T06:17:23.284+0000] {processor.py:183} INFO - Processing /opt/airflow/dags/bigquerry_example.py took 0.368 seconds
[2024-05-27T06:17:53.795+0000] {processor.py:161} INFO - Started process (PID=358) to work on /opt/airflow/dags/bigquerry_example.py
[2024-05-27T06:17:53.797+0000] {processor.py:830} INFO - Processing file /opt/airflow/dags/bigquerry_example.py for tasks to queue
[2024-05-27T06:17:53.801+0000] {logging_mixin.py:188} INFO - [2024-05-27T06:17:53.800+0000] {dagbag.py:545} INFO - Filling up the DagBag from /opt/airflow/dags/bigquerry_example.py
[2024-05-27T06:17:53.853+0000] {processor.py:840} INFO - DAG(s) 'bigquery_example' retrieved from /opt/airflow/dags/bigquerry_example.py
[2024-05-27T06:17:53.890+0000] {logging_mixin.py:188} INFO - [2024-05-27T06:17:53.890+0000] {dag.py:3096} INFO - Sync 1 DAGs
[2024-05-27T06:17:53.917+0000] {logging_mixin.py:188} INFO - [2024-05-27T06:17:53.916+0000] {dag.py:3954} INFO - Setting next_dagrun for bigquery_example to None, run_after=None
[2024-05-27T06:17:53.956+0000] {processor.py:183} INFO - Processing /opt/airflow/dags/bigquerry_example.py took 0.176 seconds
[2024-05-27T06:18:24.367+0000] {processor.py:161} INFO - Started process (PID=365) to work on /opt/airflow/dags/bigquerry_example.py
[2024-05-27T06:18:24.369+0000] {processor.py:830} INFO - Processing file /opt/airflow/dags/bigquerry_example.py for tasks to queue
[2024-05-27T06:18:24.374+0000] {logging_mixin.py:188} INFO - [2024-05-27T06:18:24.372+0000] {dagbag.py:545} INFO - Filling up the DagBag from /opt/airflow/dags/bigquerry_example.py
[2024-05-27T06:18:24.446+0000] {processor.py:840} INFO - DAG(s) 'bigquery_example' retrieved from /opt/airflow/dags/bigquerry_example.py
[2024-05-27T06:18:24.498+0000] {logging_mixin.py:188} INFO - [2024-05-27T06:18:24.497+0000] {dag.py:3096} INFO - Sync 1 DAGs
[2024-05-27T06:18:24.536+0000] {logging_mixin.py:188} INFO - [2024-05-27T06:18:24.536+0000] {dag.py:3954} INFO - Setting next_dagrun for bigquery_example to None, run_after=None
[2024-05-27T06:18:24.575+0000] {processor.py:183} INFO - Processing /opt/airflow/dags/bigquerry_example.py took 0.225 seconds
[2024-05-27T06:18:54.858+0000] {processor.py:161} INFO - Started process (PID=372) to work on /opt/airflow/dags/bigquerry_example.py
[2024-05-27T06:18:54.861+0000] {processor.py:830} INFO - Processing file /opt/airflow/dags/bigquerry_example.py for tasks to queue
[2024-05-27T06:18:54.863+0000] {logging_mixin.py:188} INFO - [2024-05-27T06:18:54.862+0000] {dagbag.py:545} INFO - Filling up the DagBag from /opt/airflow/dags/bigquerry_example.py
[2024-05-27T06:18:54.949+0000] {processor.py:840} INFO - DAG(s) 'bigquery_example' retrieved from /opt/airflow/dags/bigquerry_example.py
[2024-05-27T06:18:55.084+0000] {logging_mixin.py:188} INFO - [2024-05-27T06:18:55.083+0000] {dag.py:3096} INFO - Sync 1 DAGs
[2024-05-27T06:18:55.150+0000] {logging_mixin.py:188} INFO - [2024-05-27T06:18:55.149+0000] {dag.py:3954} INFO - Setting next_dagrun for bigquery_example to None, run_after=None
[2024-05-27T06:18:55.526+0000] {processor.py:183} INFO - Processing /opt/airflow/dags/bigquerry_example.py took 0.693 seconds
[2024-05-27T06:19:26.187+0000] {processor.py:161} INFO - Started process (PID=379) to work on /opt/airflow/dags/bigquerry_example.py
[2024-05-27T06:19:26.199+0000] {processor.py:830} INFO - Processing file /opt/airflow/dags/bigquerry_example.py for tasks to queue
[2024-05-27T06:19:26.208+0000] {logging_mixin.py:188} INFO - [2024-05-27T06:19:26.206+0000] {dagbag.py:545} INFO - Filling up the DagBag from /opt/airflow/dags/bigquerry_example.py
[2024-05-27T06:19:26.286+0000] {processor.py:840} INFO - DAG(s) 'bigquery_example' retrieved from /opt/airflow/dags/bigquerry_example.py
[2024-05-27T06:19:26.353+0000] {logging_mixin.py:188} INFO - [2024-05-27T06:19:26.352+0000] {dag.py:3096} INFO - Sync 1 DAGs
[2024-05-27T06:19:26.899+0000] {logging_mixin.py:188} INFO - [2024-05-27T06:19:26.898+0000] {dag.py:3954} INFO - Setting next_dagrun for bigquery_example to None, run_after=None
[2024-05-27T06:19:26.940+0000] {processor.py:183} INFO - Processing /opt/airflow/dags/bigquerry_example.py took 0.799 seconds
[2024-05-27T06:19:57.481+0000] {processor.py:161} INFO - Started process (PID=386) to work on /opt/airflow/dags/bigquerry_example.py
[2024-05-27T06:19:57.485+0000] {processor.py:830} INFO - Processing file /opt/airflow/dags/bigquerry_example.py for tasks to queue
[2024-05-27T06:19:57.490+0000] {logging_mixin.py:188} INFO - [2024-05-27T06:19:57.488+0000] {dagbag.py:545} INFO - Filling up the DagBag from /opt/airflow/dags/bigquerry_example.py
[2024-05-27T06:19:57.588+0000] {processor.py:840} INFO - DAG(s) 'bigquery_example' retrieved from /opt/airflow/dags/bigquerry_example.py
[2024-05-27T06:19:57.668+0000] {logging_mixin.py:188} INFO - [2024-05-27T06:19:57.667+0000] {dag.py:3096} INFO - Sync 1 DAGs
[2024-05-27T06:19:57.715+0000] {logging_mixin.py:188} INFO - [2024-05-27T06:19:57.714+0000] {dag.py:3954} INFO - Setting next_dagrun for bigquery_example to None, run_after=None
[2024-05-27T06:19:57.779+0000] {processor.py:183} INFO - Processing /opt/airflow/dags/bigquerry_example.py took 0.322 seconds
[2024-05-27T06:20:28.350+0000] {processor.py:161} INFO - Started process (PID=394) to work on /opt/airflow/dags/bigquerry_example.py
[2024-05-27T06:20:28.355+0000] {processor.py:830} INFO - Processing file /opt/airflow/dags/bigquerry_example.py for tasks to queue
[2024-05-27T06:20:28.358+0000] {logging_mixin.py:188} INFO - [2024-05-27T06:20:28.357+0000] {dagbag.py:545} INFO - Filling up the DagBag from /opt/airflow/dags/bigquerry_example.py
[2024-05-27T06:20:28.425+0000] {processor.py:840} INFO - DAG(s) 'bigquery_example' retrieved from /opt/airflow/dags/bigquerry_example.py
[2024-05-27T06:20:28.487+0000] {logging_mixin.py:188} INFO - [2024-05-27T06:20:28.486+0000] {dag.py:3096} INFO - Sync 1 DAGs
[2024-05-27T06:20:28.521+0000] {logging_mixin.py:188} INFO - [2024-05-27T06:20:28.520+0000] {dag.py:3954} INFO - Setting next_dagrun for bigquery_example to None, run_after=None
[2024-05-27T06:20:28.568+0000] {processor.py:183} INFO - Processing /opt/airflow/dags/bigquerry_example.py took 0.243 seconds
[2024-05-27T06:20:59.119+0000] {processor.py:161} INFO - Started process (PID=401) to work on /opt/airflow/dags/bigquerry_example.py
[2024-05-27T06:20:59.126+0000] {processor.py:830} INFO - Processing file /opt/airflow/dags/bigquerry_example.py for tasks to queue
[2024-05-27T06:20:59.134+0000] {logging_mixin.py:188} INFO - [2024-05-27T06:20:59.131+0000] {dagbag.py:545} INFO - Filling up the DagBag from /opt/airflow/dags/bigquerry_example.py
[2024-05-27T06:20:59.333+0000] {processor.py:840} INFO - DAG(s) 'bigquery_example' retrieved from /opt/airflow/dags/bigquerry_example.py
[2024-05-27T06:20:59.426+0000] {logging_mixin.py:188} INFO - [2024-05-27T06:20:59.425+0000] {dag.py:3096} INFO - Sync 1 DAGs
[2024-05-27T06:20:59.460+0000] {logging_mixin.py:188} INFO - [2024-05-27T06:20:59.460+0000] {dag.py:3954} INFO - Setting next_dagrun for bigquery_example to None, run_after=None
[2024-05-27T06:20:59.523+0000] {processor.py:183} INFO - Processing /opt/airflow/dags/bigquerry_example.py took 0.445 seconds
[2024-05-27T06:21:29.991+0000] {processor.py:161} INFO - Started process (PID=414) to work on /opt/airflow/dags/bigquerry_example.py
[2024-05-27T06:21:29.994+0000] {processor.py:830} INFO - Processing file /opt/airflow/dags/bigquerry_example.py for tasks to queue
[2024-05-27T06:21:29.997+0000] {logging_mixin.py:188} INFO - [2024-05-27T06:21:29.996+0000] {dagbag.py:545} INFO - Filling up the DagBag from /opt/airflow/dags/bigquerry_example.py
[2024-05-27T06:21:30.104+0000] {processor.py:840} INFO - DAG(s) 'bigquery_example' retrieved from /opt/airflow/dags/bigquerry_example.py
[2024-05-27T06:21:30.187+0000] {logging_mixin.py:188} INFO - [2024-05-27T06:21:30.186+0000] {dag.py:3096} INFO - Sync 1 DAGs
[2024-05-27T06:21:30.232+0000] {logging_mixin.py:188} INFO - [2024-05-27T06:21:30.231+0000] {dag.py:3954} INFO - Setting next_dagrun for bigquery_example to None, run_after=None
[2024-05-27T06:21:30.313+0000] {processor.py:183} INFO - Processing /opt/airflow/dags/bigquerry_example.py took 0.340 seconds
[2024-05-27T06:22:00.842+0000] {processor.py:161} INFO - Started process (PID=421) to work on /opt/airflow/dags/bigquerry_example.py
[2024-05-27T06:22:00.846+0000] {processor.py:830} INFO - Processing file /opt/airflow/dags/bigquerry_example.py for tasks to queue
[2024-05-27T06:22:00.850+0000] {logging_mixin.py:188} INFO - [2024-05-27T06:22:00.849+0000] {dagbag.py:545} INFO - Filling up the DagBag from /opt/airflow/dags/bigquerry_example.py
[2024-05-27T06:22:00.960+0000] {processor.py:840} INFO - DAG(s) 'bigquery_example' retrieved from /opt/airflow/dags/bigquerry_example.py
[2024-05-27T06:22:01.026+0000] {logging_mixin.py:188} INFO - [2024-05-27T06:22:01.025+0000] {dag.py:3096} INFO - Sync 1 DAGs
[2024-05-27T06:22:01.066+0000] {logging_mixin.py:188} INFO - [2024-05-27T06:22:01.066+0000] {dag.py:3954} INFO - Setting next_dagrun for bigquery_example to None, run_after=None
[2024-05-27T06:22:01.431+0000] {processor.py:183} INFO - Processing /opt/airflow/dags/bigquerry_example.py took 0.618 seconds
[2024-05-27T06:22:31.786+0000] {processor.py:161} INFO - Started process (PID=429) to work on /opt/airflow/dags/bigquerry_example.py
[2024-05-27T06:22:31.790+0000] {processor.py:830} INFO - Processing file /opt/airflow/dags/bigquerry_example.py for tasks to queue
[2024-05-27T06:22:31.796+0000] {logging_mixin.py:188} INFO - [2024-05-27T06:22:31.795+0000] {dagbag.py:545} INFO - Filling up the DagBag from /opt/airflow/dags/bigquerry_example.py
[2024-05-27T06:22:31.867+0000] {processor.py:840} INFO - DAG(s) 'bigquery_example' retrieved from /opt/airflow/dags/bigquerry_example.py
[2024-05-27T06:22:31.921+0000] {logging_mixin.py:188} INFO - [2024-05-27T06:22:31.920+0000] {dag.py:3096} INFO - Sync 1 DAGs
[2024-05-27T06:22:32.434+0000] {logging_mixin.py:188} INFO - [2024-05-27T06:22:32.434+0000] {dag.py:3954} INFO - Setting next_dagrun for bigquery_example to None, run_after=None
[2024-05-27T06:22:32.492+0000] {processor.py:183} INFO - Processing /opt/airflow/dags/bigquerry_example.py took 0.718 seconds
[2024-05-27T06:23:03.082+0000] {processor.py:161} INFO - Started process (PID=436) to work on /opt/airflow/dags/bigquerry_example.py
[2024-05-27T06:23:03.088+0000] {processor.py:830} INFO - Processing file /opt/airflow/dags/bigquerry_example.py for tasks to queue
[2024-05-27T06:23:03.094+0000] {logging_mixin.py:188} INFO - [2024-05-27T06:23:03.091+0000] {dagbag.py:545} INFO - Filling up the DagBag from /opt/airflow/dags/bigquerry_example.py
[2024-05-27T06:23:03.224+0000] {processor.py:840} INFO - DAG(s) 'bigquery_example' retrieved from /opt/airflow/dags/bigquerry_example.py
[2024-05-27T06:23:03.342+0000] {logging_mixin.py:188} INFO - [2024-05-27T06:23:03.341+0000] {dag.py:3096} INFO - Sync 1 DAGs
[2024-05-27T06:23:03.382+0000] {logging_mixin.py:188} INFO - [2024-05-27T06:23:03.381+0000] {dag.py:3954} INFO - Setting next_dagrun for bigquery_example to None, run_after=None
[2024-05-27T06:23:03.435+0000] {processor.py:183} INFO - Processing /opt/airflow/dags/bigquerry_example.py took 0.398 seconds
[2024-05-27T06:23:33.684+0000] {processor.py:161} INFO - Started process (PID=443) to work on /opt/airflow/dags/bigquerry_example.py
[2024-05-27T06:23:33.686+0000] {processor.py:830} INFO - Processing file /opt/airflow/dags/bigquerry_example.py for tasks to queue
[2024-05-27T06:23:33.689+0000] {logging_mixin.py:188} INFO - [2024-05-27T06:23:33.688+0000] {dagbag.py:545} INFO - Filling up the DagBag from /opt/airflow/dags/bigquerry_example.py
[2024-05-27T06:23:33.753+0000] {processor.py:840} INFO - DAG(s) 'bigquery_example' retrieved from /opt/airflow/dags/bigquerry_example.py
[2024-05-27T06:23:33.811+0000] {logging_mixin.py:188} INFO - [2024-05-27T06:23:33.810+0000] {dag.py:3096} INFO - Sync 1 DAGs
[2024-05-27T06:23:33.844+0000] {logging_mixin.py:188} INFO - [2024-05-27T06:23:33.843+0000] {dag.py:3954} INFO - Setting next_dagrun for bigquery_example to None, run_after=None
[2024-05-27T06:23:33.891+0000] {processor.py:183} INFO - Processing /opt/airflow/dags/bigquerry_example.py took 0.223 seconds
[2024-05-27T06:24:04.284+0000] {processor.py:161} INFO - Started process (PID=451) to work on /opt/airflow/dags/bigquerry_example.py
[2024-05-27T06:24:04.286+0000] {processor.py:830} INFO - Processing file /opt/airflow/dags/bigquerry_example.py for tasks to queue
[2024-05-27T06:24:04.288+0000] {logging_mixin.py:188} INFO - [2024-05-27T06:24:04.287+0000] {dagbag.py:545} INFO - Filling up the DagBag from /opt/airflow/dags/bigquerry_example.py
[2024-05-27T06:24:04.333+0000] {processor.py:840} INFO - DAG(s) 'bigquery_example' retrieved from /opt/airflow/dags/bigquerry_example.py
[2024-05-27T06:24:04.368+0000] {logging_mixin.py:188} INFO - [2024-05-27T06:24:04.367+0000] {dag.py:3096} INFO - Sync 1 DAGs
[2024-05-27T06:24:04.387+0000] {logging_mixin.py:188} INFO - [2024-05-27T06:24:04.387+0000] {dag.py:3954} INFO - Setting next_dagrun for bigquery_example to None, run_after=None
[2024-05-27T06:24:04.421+0000] {processor.py:183} INFO - Processing /opt/airflow/dags/bigquerry_example.py took 0.146 seconds
[2024-05-27T06:24:34.952+0000] {processor.py:161} INFO - Started process (PID=458) to work on /opt/airflow/dags/bigquerry_example.py
[2024-05-27T06:24:34.956+0000] {processor.py:830} INFO - Processing file /opt/airflow/dags/bigquerry_example.py for tasks to queue
[2024-05-27T06:24:34.960+0000] {logging_mixin.py:188} INFO - [2024-05-27T06:24:34.958+0000] {dagbag.py:545} INFO - Filling up the DagBag from /opt/airflow/dags/bigquerry_example.py
[2024-05-27T06:24:35.061+0000] {processor.py:840} INFO - DAG(s) 'bigquery_example' retrieved from /opt/airflow/dags/bigquerry_example.py
[2024-05-27T06:24:35.170+0000] {logging_mixin.py:188} INFO - [2024-05-27T06:24:35.167+0000] {dag.py:3096} INFO - Sync 1 DAGs
[2024-05-27T06:24:35.239+0000] {logging_mixin.py:188} INFO - [2024-05-27T06:24:35.238+0000] {dag.py:3954} INFO - Setting next_dagrun for bigquery_example to None, run_after=None
[2024-05-27T06:24:35.324+0000] {processor.py:183} INFO - Processing /opt/airflow/dags/bigquerry_example.py took 0.392 seconds
[2024-05-27T06:25:05.867+0000] {processor.py:161} INFO - Started process (PID=465) to work on /opt/airflow/dags/bigquerry_example.py
[2024-05-27T06:25:05.871+0000] {processor.py:830} INFO - Processing file /opt/airflow/dags/bigquerry_example.py for tasks to queue
[2024-05-27T06:25:05.874+0000] {logging_mixin.py:188} INFO - [2024-05-27T06:25:05.873+0000] {dagbag.py:545} INFO - Filling up the DagBag from /opt/airflow/dags/bigquerry_example.py
[2024-05-27T06:25:05.935+0000] {processor.py:840} INFO - DAG(s) 'bigquery_example' retrieved from /opt/airflow/dags/bigquerry_example.py
[2024-05-27T06:25:05.984+0000] {logging_mixin.py:188} INFO - [2024-05-27T06:25:05.984+0000] {dag.py:3096} INFO - Sync 1 DAGs
[2024-05-27T06:25:06.272+0000] {logging_mixin.py:188} INFO - [2024-05-27T06:25:06.271+0000] {dag.py:3954} INFO - Setting next_dagrun for bigquery_example to None, run_after=None
[2024-05-27T06:25:06.334+0000] {processor.py:183} INFO - Processing /opt/airflow/dags/bigquerry_example.py took 0.492 seconds
[2024-05-27T06:25:36.785+0000] {processor.py:161} INFO - Started process (PID=472) to work on /opt/airflow/dags/bigquerry_example.py
[2024-05-27T06:25:36.789+0000] {processor.py:830} INFO - Processing file /opt/airflow/dags/bigquerry_example.py for tasks to queue
[2024-05-27T06:25:36.794+0000] {logging_mixin.py:188} INFO - [2024-05-27T06:25:36.793+0000] {dagbag.py:545} INFO - Filling up the DagBag from /opt/airflow/dags/bigquerry_example.py
[2024-05-27T06:25:36.916+0000] {processor.py:840} INFO - DAG(s) 'bigquery_example' retrieved from /opt/airflow/dags/bigquerry_example.py
[2024-05-27T06:25:36.985+0000] {logging_mixin.py:188} INFO - [2024-05-27T06:25:36.984+0000] {dag.py:3096} INFO - Sync 1 DAGs
[2024-05-27T06:25:37.026+0000] {logging_mixin.py:188} INFO - [2024-05-27T06:25:37.025+0000] {dag.py:3954} INFO - Setting next_dagrun for bigquery_example to None, run_after=None
[2024-05-27T06:25:37.093+0000] {processor.py:183} INFO - Processing /opt/airflow/dags/bigquerry_example.py took 0.332 seconds
[2024-05-27T06:26:07.545+0000] {processor.py:161} INFO - Started process (PID=479) to work on /opt/airflow/dags/bigquerry_example.py
[2024-05-27T06:26:07.547+0000] {processor.py:830} INFO - Processing file /opt/airflow/dags/bigquerry_example.py for tasks to queue
[2024-05-27T06:26:07.549+0000] {logging_mixin.py:188} INFO - [2024-05-27T06:26:07.548+0000] {dagbag.py:545} INFO - Filling up the DagBag from /opt/airflow/dags/bigquerry_example.py
[2024-05-27T06:26:07.595+0000] {processor.py:840} INFO - DAG(s) 'bigquery_example' retrieved from /opt/airflow/dags/bigquerry_example.py
[2024-05-27T06:26:07.629+0000] {logging_mixin.py:188} INFO - [2024-05-27T06:26:07.628+0000] {dag.py:3096} INFO - Sync 1 DAGs
[2024-05-27T06:26:07.648+0000] {logging_mixin.py:188} INFO - [2024-05-27T06:26:07.647+0000] {dag.py:3954} INFO - Setting next_dagrun for bigquery_example to None, run_after=None
[2024-05-27T06:26:07.675+0000] {processor.py:183} INFO - Processing /opt/airflow/dags/bigquerry_example.py took 0.138 seconds
[2024-05-27T06:26:38.078+0000] {processor.py:161} INFO - Started process (PID=487) to work on /opt/airflow/dags/bigquerry_example.py
[2024-05-27T06:26:38.083+0000] {processor.py:830} INFO - Processing file /opt/airflow/dags/bigquerry_example.py for tasks to queue
[2024-05-27T06:26:38.088+0000] {logging_mixin.py:188} INFO - [2024-05-27T06:26:38.086+0000] {dagbag.py:545} INFO - Filling up the DagBag from /opt/airflow/dags/bigquerry_example.py
[2024-05-27T06:26:38.212+0000] {processor.py:840} INFO - DAG(s) 'bigquery_example' retrieved from /opt/airflow/dags/bigquerry_example.py
[2024-05-27T06:26:38.326+0000] {logging_mixin.py:188} INFO - [2024-05-27T06:26:38.323+0000] {dag.py:3096} INFO - Sync 1 DAGs
[2024-05-27T06:26:38.406+0000] {logging_mixin.py:188} INFO - [2024-05-27T06:26:38.406+0000] {dag.py:3954} INFO - Setting next_dagrun for bigquery_example to None, run_after=None
[2024-05-27T06:26:38.463+0000] {processor.py:183} INFO - Processing /opt/airflow/dags/bigquerry_example.py took 0.419 seconds
[2024-05-27T06:27:08.976+0000] {processor.py:161} INFO - Started process (PID=494) to work on /opt/airflow/dags/bigquerry_example.py
[2024-05-27T06:27:08.981+0000] {processor.py:830} INFO - Processing file /opt/airflow/dags/bigquerry_example.py for tasks to queue
[2024-05-27T06:27:08.986+0000] {logging_mixin.py:188} INFO - [2024-05-27T06:27:08.984+0000] {dagbag.py:545} INFO - Filling up the DagBag from /opt/airflow/dags/bigquerry_example.py
[2024-05-27T06:27:09.125+0000] {processor.py:840} INFO - DAG(s) 'bigquery_example' retrieved from /opt/airflow/dags/bigquerry_example.py
[2024-05-27T06:27:09.234+0000] {logging_mixin.py:188} INFO - [2024-05-27T06:27:09.232+0000] {dag.py:3096} INFO - Sync 1 DAGs
[2024-05-27T06:27:09.259+0000] {logging_mixin.py:188} INFO - [2024-05-27T06:27:09.259+0000] {dag.py:3954} INFO - Setting next_dagrun for bigquery_example to None, run_after=None
[2024-05-27T06:27:09.294+0000] {processor.py:183} INFO - Processing /opt/airflow/dags/bigquerry_example.py took 0.343 seconds
[2024-05-27T06:27:39.823+0000] {processor.py:161} INFO - Started process (PID=502) to work on /opt/airflow/dags/bigquerry_example.py
[2024-05-27T06:27:39.828+0000] {processor.py:830} INFO - Processing file /opt/airflow/dags/bigquerry_example.py for tasks to queue
[2024-05-27T06:27:39.835+0000] {logging_mixin.py:188} INFO - [2024-05-27T06:27:39.831+0000] {dagbag.py:545} INFO - Filling up the DagBag from /opt/airflow/dags/bigquerry_example.py
[2024-05-27T06:27:39.914+0000] {processor.py:840} INFO - DAG(s) 'bigquery_example' retrieved from /opt/airflow/dags/bigquerry_example.py
[2024-05-27T06:27:39.996+0000] {logging_mixin.py:188} INFO - [2024-05-27T06:27:39.994+0000] {dag.py:3096} INFO - Sync 1 DAGs
[2024-05-27T06:27:40.049+0000] {logging_mixin.py:188} INFO - [2024-05-27T06:27:40.048+0000] {dag.py:3954} INFO - Setting next_dagrun for bigquery_example to None, run_after=None
[2024-05-27T06:27:40.098+0000] {processor.py:183} INFO - Processing /opt/airflow/dags/bigquerry_example.py took 0.313 seconds
[2024-05-27T06:28:10.575+0000] {processor.py:161} INFO - Started process (PID=509) to work on /opt/airflow/dags/bigquerry_example.py
[2024-05-27T06:28:10.578+0000] {processor.py:830} INFO - Processing file /opt/airflow/dags/bigquerry_example.py for tasks to queue
[2024-05-27T06:28:10.580+0000] {logging_mixin.py:188} INFO - [2024-05-27T06:28:10.579+0000] {dagbag.py:545} INFO - Filling up the DagBag from /opt/airflow/dags/bigquerry_example.py
[2024-05-27T06:28:10.640+0000] {processor.py:840} INFO - DAG(s) 'bigquery_example' retrieved from /opt/airflow/dags/bigquerry_example.py
[2024-05-27T06:28:10.699+0000] {logging_mixin.py:188} INFO - [2024-05-27T06:28:10.698+0000] {dag.py:3096} INFO - Sync 1 DAGs
[2024-05-27T06:28:11.163+0000] {logging_mixin.py:188} INFO - [2024-05-27T06:28:11.162+0000] {dag.py:3954} INFO - Setting next_dagrun for bigquery_example to None, run_after=None
[2024-05-27T06:28:11.217+0000] {processor.py:183} INFO - Processing /opt/airflow/dags/bigquerry_example.py took 0.654 seconds
[2024-05-27T06:28:41.642+0000] {processor.py:161} INFO - Started process (PID=516) to work on /opt/airflow/dags/bigquerry_example.py
[2024-05-27T06:28:41.646+0000] {processor.py:830} INFO - Processing file /opt/airflow/dags/bigquerry_example.py for tasks to queue
[2024-05-27T06:28:41.649+0000] {logging_mixin.py:188} INFO - [2024-05-27T06:28:41.648+0000] {dagbag.py:545} INFO - Filling up the DagBag from /opt/airflow/dags/bigquerry_example.py
[2024-05-27T06:28:41.750+0000] {processor.py:840} INFO - DAG(s) 'bigquery_example' retrieved from /opt/airflow/dags/bigquerry_example.py
[2024-05-27T06:28:41.805+0000] {logging_mixin.py:188} INFO - [2024-05-27T06:28:41.804+0000] {dag.py:3096} INFO - Sync 1 DAGs
[2024-05-27T06:28:42.219+0000] {logging_mixin.py:188} INFO - [2024-05-27T06:28:42.218+0000] {dag.py:3954} INFO - Setting next_dagrun for bigquery_example to None, run_after=None
[2024-05-27T06:28:42.278+0000] {processor.py:183} INFO - Processing /opt/airflow/dags/bigquerry_example.py took 0.658 seconds
[2024-05-27T06:29:12.761+0000] {processor.py:161} INFO - Started process (PID=523) to work on /opt/airflow/dags/bigquerry_example.py
[2024-05-27T06:29:12.763+0000] {processor.py:830} INFO - Processing file /opt/airflow/dags/bigquerry_example.py for tasks to queue
[2024-05-27T06:29:12.767+0000] {logging_mixin.py:188} INFO - [2024-05-27T06:29:12.765+0000] {dagbag.py:545} INFO - Filling up the DagBag from /opt/airflow/dags/bigquerry_example.py
[2024-05-27T06:29:12.863+0000] {processor.py:840} INFO - DAG(s) 'bigquery_example' retrieved from /opt/airflow/dags/bigquerry_example.py
[2024-05-27T06:29:12.976+0000] {logging_mixin.py:188} INFO - [2024-05-27T06:29:12.974+0000] {dag.py:3096} INFO - Sync 1 DAGs
[2024-05-27T06:29:13.080+0000] {logging_mixin.py:188} INFO - [2024-05-27T06:29:13.079+0000] {dag.py:3954} INFO - Setting next_dagrun for bigquery_example to None, run_after=None
[2024-05-27T06:29:13.204+0000] {processor.py:183} INFO - Processing /opt/airflow/dags/bigquerry_example.py took 0.458 seconds
[2024-05-27T06:29:43.747+0000] {processor.py:161} INFO - Started process (PID=531) to work on /opt/airflow/dags/bigquerry_example.py
[2024-05-27T06:29:43.751+0000] {processor.py:830} INFO - Processing file /opt/airflow/dags/bigquerry_example.py for tasks to queue
[2024-05-27T06:29:43.753+0000] {logging_mixin.py:188} INFO - [2024-05-27T06:29:43.752+0000] {dagbag.py:545} INFO - Filling up the DagBag from /opt/airflow/dags/bigquerry_example.py
[2024-05-27T06:29:43.825+0000] {processor.py:840} INFO - DAG(s) 'bigquery_example' retrieved from /opt/airflow/dags/bigquerry_example.py
[2024-05-27T06:29:43.919+0000] {logging_mixin.py:188} INFO - [2024-05-27T06:29:43.918+0000] {dag.py:3096} INFO - Sync 1 DAGs
[2024-05-27T06:29:43.962+0000] {logging_mixin.py:188} INFO - [2024-05-27T06:29:43.962+0000] {dag.py:3954} INFO - Setting next_dagrun for bigquery_example to None, run_after=None
[2024-05-27T06:29:44.009+0000] {processor.py:183} INFO - Processing /opt/airflow/dags/bigquerry_example.py took 0.279 seconds
[2024-05-27T06:30:14.258+0000] {processor.py:161} INFO - Started process (PID=539) to work on /opt/airflow/dags/bigquerry_example.py
[2024-05-27T06:30:14.264+0000] {processor.py:830} INFO - Processing file /opt/airflow/dags/bigquerry_example.py for tasks to queue
[2024-05-27T06:30:14.268+0000] {logging_mixin.py:188} INFO - [2024-05-27T06:30:14.267+0000] {dagbag.py:545} INFO - Filling up the DagBag from /opt/airflow/dags/bigquerry_example.py
[2024-05-27T06:30:14.356+0000] {processor.py:840} INFO - DAG(s) 'bigquery_example' retrieved from /opt/airflow/dags/bigquerry_example.py
[2024-05-27T06:30:14.421+0000] {logging_mixin.py:188} INFO - [2024-05-27T06:30:14.420+0000] {dag.py:3096} INFO - Sync 1 DAGs
[2024-05-27T06:30:14.461+0000] {logging_mixin.py:188} INFO - [2024-05-27T06:30:14.461+0000] {dag.py:3954} INFO - Setting next_dagrun for bigquery_example to None, run_after=None
[2024-05-27T06:30:14.514+0000] {processor.py:183} INFO - Processing /opt/airflow/dags/bigquerry_example.py took 0.285 seconds
[2024-05-27T06:30:44.860+0000] {processor.py:161} INFO - Started process (PID=547) to work on /opt/airflow/dags/bigquerry_example.py
[2024-05-27T06:30:44.863+0000] {processor.py:830} INFO - Processing file /opt/airflow/dags/bigquerry_example.py for tasks to queue
[2024-05-27T06:30:44.866+0000] {logging_mixin.py:188} INFO - [2024-05-27T06:30:44.865+0000] {dagbag.py:545} INFO - Filling up the DagBag from /opt/airflow/dags/bigquerry_example.py
[2024-05-27T06:30:44.944+0000] {processor.py:840} INFO - DAG(s) 'bigquery_example' retrieved from /opt/airflow/dags/bigquerry_example.py
[2024-05-27T06:30:45.008+0000] {logging_mixin.py:188} INFO - [2024-05-27T06:30:45.007+0000] {dag.py:3096} INFO - Sync 1 DAGs
[2024-05-27T06:30:45.054+0000] {logging_mixin.py:188} INFO - [2024-05-27T06:30:45.053+0000] {dag.py:3954} INFO - Setting next_dagrun for bigquery_example to None, run_after=None
[2024-05-27T06:30:45.107+0000] {processor.py:183} INFO - Processing /opt/airflow/dags/bigquerry_example.py took 0.263 seconds
