[2024-05-27T17:54:14.149+0000] {processor.py:161} INFO - Started process (PID=107) to work on /opt/airflow/dags/orderslte.py
[2024-05-27T17:54:14.151+0000] {processor.py:830} INFO - Processing file /opt/airflow/dags/orderslte.py for tasks to queue
[2024-05-27T17:54:14.161+0000] {logging_mixin.py:188} INFO - [2024-05-27T17:54:14.160+0000] {dagbag.py:545} INFO - Filling up the DagBag from /opt/airflow/dags/orderslte.py
[2024-05-27T17:54:14.232+0000] {logging_mixin.py:188} INFO - CREATE OR REPLACE TABLE `datawarehouse-423912.OLAP_dataset.orders` AS
SELECT
  SAFE_CAST(order_date AS DATE) AS order_date,
  EXTRACT(MONTH FROM SAFE_CAST(order_date AS DATE)) AS month,
  EXTRACT(QUARTER FROM SAFE_CAST(order_date AS DATE)) AS quarter,
  EXTRACT(YEAR FROM SAFE_CAST(order_date AS DATE)) AS year,
  CASE
    WHEN EXTRACT(DAYOFWEEK FROM SAFE_CAST(order_date AS DATE)) IN (1, 7) THEN TRUE
    ELSE FALSE
  END AS weekend_flag
FROM
  `datawarehouse-423912.warehouse.orders`
WHERE
  SAFE_CAST(order_date AS DATE) IS NOT NULL;
[2024-05-27T17:54:14.263+0000] {processor.py:840} INFO - DAG(s) 'oltp_to_olap_transform' retrieved from /opt/airflow/dags/orderslte.py
[2024-05-27T17:54:14.301+0000] {logging_mixin.py:188} INFO - [2024-05-27T17:54:14.299+0000] {dag.py:3096} INFO - Sync 1 DAGs
[2024-05-27T17:54:14.352+0000] {logging_mixin.py:188} INFO - [2024-05-27T17:54:14.351+0000] {dag.py:3954} INFO - Setting next_dagrun for oltp_to_olap_transform to None, run_after=None
[2024-05-27T17:54:14.471+0000] {processor.py:183} INFO - Processing /opt/airflow/dags/orderslte.py took 0.336 seconds
[2024-05-27T17:54:45.192+0000] {processor.py:161} INFO - Started process (PID=115) to work on /opt/airflow/dags/orderslte.py
[2024-05-27T17:54:45.199+0000] {processor.py:830} INFO - Processing file /opt/airflow/dags/orderslte.py for tasks to queue
[2024-05-27T17:54:45.210+0000] {logging_mixin.py:188} INFO - [2024-05-27T17:54:45.209+0000] {dagbag.py:545} INFO - Filling up the DagBag from /opt/airflow/dags/orderslte.py
[2024-05-27T17:54:45.306+0000] {logging_mixin.py:188} INFO - CREATE OR REPLACE TABLE `datawarehouse-423912.OLAP_dataset.orders` AS
SELECT
  SAFE_CAST(order_date AS DATE) AS order_date,
  EXTRACT(MONTH FROM SAFE_CAST(order_date AS DATE)) AS month,
  EXTRACT(QUARTER FROM SAFE_CAST(order_date AS DATE)) AS quarter,
  EXTRACT(YEAR FROM SAFE_CAST(order_date AS DATE)) AS year,
  CASE
    WHEN EXTRACT(DAYOFWEEK FROM SAFE_CAST(order_date AS DATE)) IN (1, 7) THEN TRUE
    ELSE FALSE
  END AS weekend_flag
FROM
  `datawarehouse-423912.warehouse.orders`
WHERE
  SAFE_CAST(order_date AS DATE) IS NOT NULL;
[2024-05-27T17:54:45.331+0000] {processor.py:840} INFO - DAG(s) 'oltp_to_olap_transform' retrieved from /opt/airflow/dags/orderslte.py
[2024-05-27T17:54:46.159+0000] {logging_mixin.py:188} INFO - [2024-05-27T17:54:46.158+0000] {dag.py:3096} INFO - Sync 1 DAGs
[2024-05-27T17:54:46.197+0000] {logging_mixin.py:188} INFO - [2024-05-27T17:54:46.197+0000] {dag.py:3954} INFO - Setting next_dagrun for oltp_to_olap_transform to None, run_after=None
[2024-05-27T17:54:46.268+0000] {processor.py:183} INFO - Processing /opt/airflow/dags/orderslte.py took 1.105 seconds
[2024-05-27T17:55:16.623+0000] {processor.py:161} INFO - Started process (PID=123) to work on /opt/airflow/dags/orderslte.py
[2024-05-27T17:55:16.627+0000] {processor.py:830} INFO - Processing file /opt/airflow/dags/orderslte.py for tasks to queue
[2024-05-27T17:55:16.633+0000] {logging_mixin.py:188} INFO - [2024-05-27T17:55:16.632+0000] {dagbag.py:545} INFO - Filling up the DagBag from /opt/airflow/dags/orderslte.py
[2024-05-27T17:55:16.713+0000] {logging_mixin.py:188} INFO - CREATE OR REPLACE TABLE `datawarehouse-423912.OLAP_dataset.orders` AS
SELECT
  SAFE_CAST(order_date AS DATE) AS order_date,
  EXTRACT(MONTH FROM SAFE_CAST(order_date AS DATE)) AS month,
  EXTRACT(QUARTER FROM SAFE_CAST(order_date AS DATE)) AS quarter,
  EXTRACT(YEAR FROM SAFE_CAST(order_date AS DATE)) AS year,
  CASE
    WHEN EXTRACT(DAYOFWEEK FROM SAFE_CAST(order_date AS DATE)) IN (1, 7) THEN TRUE
    ELSE FALSE
  END AS weekend_flag
FROM
  `datawarehouse-423912.warehouse.orders`
WHERE
  SAFE_CAST(order_date AS DATE) IS NOT NULL;
[2024-05-27T17:55:16.745+0000] {processor.py:840} INFO - DAG(s) 'oltp_to_olap_transform' retrieved from /opt/airflow/dags/orderslte.py
[2024-05-27T17:55:16.894+0000] {logging_mixin.py:188} INFO - [2024-05-27T17:55:16.892+0000] {dag.py:3096} INFO - Sync 1 DAGs
[2024-05-27T17:55:18.475+0000] {logging_mixin.py:188} INFO - [2024-05-27T17:55:18.474+0000] {dag.py:3954} INFO - Setting next_dagrun for oltp_to_olap_transform to None, run_after=None
[2024-05-27T17:55:18.544+0000] {processor.py:183} INFO - Processing /opt/airflow/dags/orderslte.py took 1.938 seconds
[2024-05-27T17:55:49.058+0000] {processor.py:161} INFO - Started process (PID=131) to work on /opt/airflow/dags/orderslte.py
[2024-05-27T17:55:49.061+0000] {processor.py:830} INFO - Processing file /opt/airflow/dags/orderslte.py for tasks to queue
[2024-05-27T17:55:49.067+0000] {logging_mixin.py:188} INFO - [2024-05-27T17:55:49.066+0000] {dagbag.py:545} INFO - Filling up the DagBag from /opt/airflow/dags/orderslte.py
[2024-05-27T17:55:49.106+0000] {logging_mixin.py:188} INFO - CREATE OR REPLACE TABLE `datawarehouse-423912.OLAP_dataset.orders` AS
SELECT
  SAFE_CAST(order_date AS DATE) AS order_date,
  EXTRACT(MONTH FROM SAFE_CAST(order_date AS DATE)) AS month,
  EXTRACT(QUARTER FROM SAFE_CAST(order_date AS DATE)) AS quarter,
  EXTRACT(YEAR FROM SAFE_CAST(order_date AS DATE)) AS year,
  CASE
    WHEN EXTRACT(DAYOFWEEK FROM SAFE_CAST(order_date AS DATE)) IN (1, 7) THEN TRUE
    ELSE FALSE
  END AS weekend_flag
FROM
  `datawarehouse-423912.warehouse.orders`
WHERE
  SAFE_CAST(order_date AS DATE) IS NOT NULL;
[2024-05-27T17:55:49.138+0000] {processor.py:840} INFO - DAG(s) 'oltp_to_olap_transform' retrieved from /opt/airflow/dags/orderslte.py
[2024-05-27T17:55:49.176+0000] {logging_mixin.py:188} INFO - [2024-05-27T17:55:49.175+0000] {dag.py:3096} INFO - Sync 1 DAGs
[2024-05-27T17:55:49.207+0000] {logging_mixin.py:188} INFO - [2024-05-27T17:55:49.207+0000] {dag.py:3954} INFO - Setting next_dagrun for oltp_to_olap_transform to None, run_after=None
[2024-05-27T17:55:49.290+0000] {processor.py:183} INFO - Processing /opt/airflow/dags/orderslte.py took 0.248 seconds
[2024-05-27T17:56:19.946+0000] {processor.py:161} INFO - Started process (PID=139) to work on /opt/airflow/dags/orderslte.py
[2024-05-27T17:56:19.949+0000] {processor.py:830} INFO - Processing file /opt/airflow/dags/orderslte.py for tasks to queue
[2024-05-27T17:56:19.956+0000] {logging_mixin.py:188} INFO - [2024-05-27T17:56:19.955+0000] {dagbag.py:545} INFO - Filling up the DagBag from /opt/airflow/dags/orderslte.py
[2024-05-27T17:56:20.026+0000] {logging_mixin.py:188} INFO - CREATE OR REPLACE TABLE `datawarehouse-423912.OLAP_dataset.orders` AS
SELECT
  SAFE_CAST(order_date AS DATE) AS order_date,
  EXTRACT(MONTH FROM SAFE_CAST(order_date AS DATE)) AS month,
  EXTRACT(QUARTER FROM SAFE_CAST(order_date AS DATE)) AS quarter,
  EXTRACT(YEAR FROM SAFE_CAST(order_date AS DATE)) AS year,
  CASE
    WHEN EXTRACT(DAYOFWEEK FROM SAFE_CAST(order_date AS DATE)) IN (1, 7) THEN TRUE
    ELSE FALSE
  END AS weekend_flag
FROM
  `datawarehouse-423912.warehouse.orders`
WHERE
  SAFE_CAST(order_date AS DATE) IS NOT NULL;
[2024-05-27T17:56:20.082+0000] {processor.py:840} INFO - DAG(s) 'oltp_to_olap_transform' retrieved from /opt/airflow/dags/orderslte.py
[2024-05-27T17:56:20.906+0000] {logging_mixin.py:188} INFO - [2024-05-27T17:56:20.905+0000] {dag.py:3096} INFO - Sync 1 DAGs
[2024-05-27T17:56:20.937+0000] {logging_mixin.py:188} INFO - [2024-05-27T17:56:20.936+0000] {dag.py:3954} INFO - Setting next_dagrun for oltp_to_olap_transform to None, run_after=None
[2024-05-27T17:56:21.022+0000] {processor.py:183} INFO - Processing /opt/airflow/dags/orderslte.py took 1.090 seconds
[2024-05-27T17:56:51.907+0000] {processor.py:161} INFO - Started process (PID=148) to work on /opt/airflow/dags/orderslte.py
[2024-05-27T17:56:51.923+0000] {processor.py:830} INFO - Processing file /opt/airflow/dags/orderslte.py for tasks to queue
[2024-05-27T17:56:51.934+0000] {logging_mixin.py:188} INFO - [2024-05-27T17:56:51.932+0000] {dagbag.py:545} INFO - Filling up the DagBag from /opt/airflow/dags/orderslte.py
[2024-05-27T17:56:52.050+0000] {logging_mixin.py:188} INFO - CREATE OR REPLACE TABLE `datawarehouse-423912.OLAP_dataset.orders` AS
SELECT
  SAFE_CAST(order_date AS DATE) AS order_date,
  EXTRACT(MONTH FROM SAFE_CAST(order_date AS DATE)) AS month,
  EXTRACT(QUARTER FROM SAFE_CAST(order_date AS DATE)) AS quarter,
  EXTRACT(YEAR FROM SAFE_CAST(order_date AS DATE)) AS year,
  CASE
    WHEN EXTRACT(DAYOFWEEK FROM SAFE_CAST(order_date AS DATE)) IN (1, 7) THEN TRUE
    ELSE FALSE
  END AS weekend_flag
FROM
  `datawarehouse-423912.warehouse.orders`
WHERE
  SAFE_CAST(order_date AS DATE) IS NOT NULL;
[2024-05-27T17:56:52.084+0000] {processor.py:840} INFO - DAG(s) 'oltp_to_olap_transform' retrieved from /opt/airflow/dags/orderslte.py
[2024-05-27T17:56:52.172+0000] {logging_mixin.py:188} INFO - [2024-05-27T17:56:52.171+0000] {dag.py:3096} INFO - Sync 1 DAGs
[2024-05-27T17:56:52.234+0000] {logging_mixin.py:188} INFO - [2024-05-27T17:56:52.233+0000] {dag.py:3954} INFO - Setting next_dagrun for oltp_to_olap_transform to None, run_after=None
[2024-05-27T17:56:52.305+0000] {processor.py:183} INFO - Processing /opt/airflow/dags/orderslte.py took 0.428 seconds
[2024-05-27T17:57:22.500+0000] {processor.py:161} INFO - Started process (PID=156) to work on /opt/airflow/dags/orderslte.py
[2024-05-27T17:57:22.514+0000] {processor.py:830} INFO - Processing file /opt/airflow/dags/orderslte.py for tasks to queue
[2024-05-27T17:57:22.531+0000] {logging_mixin.py:188} INFO - [2024-05-27T17:57:22.530+0000] {dagbag.py:545} INFO - Filling up the DagBag from /opt/airflow/dags/orderslte.py
[2024-05-27T17:57:22.654+0000] {logging_mixin.py:188} INFO - CREATE OR REPLACE TABLE `datawarehouse-423912.OLAP_dataset.orders` AS
SELECT
  SAFE_CAST(order_date AS DATE) AS order_date,
  EXTRACT(MONTH FROM SAFE_CAST(order_date AS DATE)) AS month,
  EXTRACT(QUARTER FROM SAFE_CAST(order_date AS DATE)) AS quarter,
  EXTRACT(YEAR FROM SAFE_CAST(order_date AS DATE)) AS year,
  CASE
    WHEN EXTRACT(DAYOFWEEK FROM SAFE_CAST(order_date AS DATE)) IN (1, 7) THEN TRUE
    ELSE FALSE
  END AS weekend_flag
FROM
  `datawarehouse-423912.warehouse.orders`
WHERE
  SAFE_CAST(order_date AS DATE) IS NOT NULL;
[2024-05-27T17:57:22.694+0000] {processor.py:840} INFO - DAG(s) 'oltp_to_olap_transform' retrieved from /opt/airflow/dags/orderslte.py
[2024-05-27T17:57:22.797+0000] {logging_mixin.py:188} INFO - [2024-05-27T17:57:22.796+0000] {dag.py:3096} INFO - Sync 1 DAGs
[2024-05-27T17:57:22.860+0000] {logging_mixin.py:188} INFO - [2024-05-27T17:57:22.859+0000] {dag.py:3954} INFO - Setting next_dagrun for oltp_to_olap_transform to None, run_after=None
[2024-05-27T17:57:22.939+0000] {processor.py:183} INFO - Processing /opt/airflow/dags/orderslte.py took 0.460 seconds
[2024-05-27T17:57:34.978+0000] {processor.py:161} INFO - Started process (PID=157) to work on /opt/airflow/dags/orderslte.py
[2024-05-27T17:57:34.981+0000] {processor.py:830} INFO - Processing file /opt/airflow/dags/orderslte.py for tasks to queue
[2024-05-27T17:57:34.986+0000] {logging_mixin.py:188} INFO - [2024-05-27T17:57:34.985+0000] {dagbag.py:545} INFO - Filling up the DagBag from /opt/airflow/dags/orderslte.py
[2024-05-27T17:57:35.091+0000] {logging_mixin.py:188} INFO - CREATE OR REPLACE TABLE `datawarehouse-423912.OLAP_dataset.orders` AS
SELECT
  SAFE_CAST(order_date AS DATE) AS order_date,
  EXTRACT(MONTH FROM SAFE_CAST(order_date AS DATE)) AS month,
  EXTRACT(QUARTER FROM SAFE_CAST(order_date AS DATE)) AS quarter,
  EXTRACT(YEAR FROM SAFE_CAST(order_date AS DATE)) AS year,
  CASE
    WHEN EXTRACT(DAYOFWEEK FROM SAFE_CAST(order_date AS DATE)) IN (1, 7) THEN TRUE
    ELSE FALSE
  END AS weekend_flag
FROM
  `datawarehouse-423912.warehouse.orders`
WHERE
  SAFE_CAST(order_date AS DATE) IS NOT NULL;
[2024-05-27T17:57:35.121+0000] {processor.py:840} INFO - DAG(s) 'oltp_to_olap_oders_transform' retrieved from /opt/airflow/dags/orderslte.py
[2024-05-27T17:57:36.039+0000] {logging_mixin.py:188} INFO - [2024-05-27T17:57:36.036+0000] {override.py:1829} INFO - Created Permission View: can edit on DAG:oltp_to_olap_oders_transform
[2024-05-27T17:57:36.085+0000] {logging_mixin.py:188} INFO - [2024-05-27T17:57:36.084+0000] {override.py:1829} INFO - Created Permission View: can delete on DAG:oltp_to_olap_oders_transform
[2024-05-27T17:57:36.114+0000] {logging_mixin.py:188} INFO - [2024-05-27T17:57:36.113+0000] {override.py:1829} INFO - Created Permission View: can read on DAG:oltp_to_olap_oders_transform
[2024-05-27T17:57:36.120+0000] {logging_mixin.py:188} INFO - [2024-05-27T17:57:36.119+0000] {dag.py:3096} INFO - Sync 1 DAGs
[2024-05-27T17:57:36.169+0000] {logging_mixin.py:188} INFO - [2024-05-27T17:57:36.168+0000] {dag.py:3118} INFO - Creating ORM DAG for oltp_to_olap_oders_transform
[2024-05-27T17:57:36.180+0000] {logging_mixin.py:188} INFO - [2024-05-27T17:57:36.180+0000] {dag.py:3954} INFO - Setting next_dagrun for oltp_to_olap_oders_transform to None, run_after=None
[2024-05-27T17:57:36.243+0000] {processor.py:183} INFO - Processing /opt/airflow/dags/orderslte.py took 1.282 seconds
[2024-05-27T18:00:07.572+0000] {processor.py:161} INFO - Started process (PID=43) to work on /opt/airflow/dags/orderslte.py
[2024-05-27T18:00:07.624+0000] {processor.py:830} INFO - Processing file /opt/airflow/dags/orderslte.py for tasks to queue
[2024-05-27T18:00:07.712+0000] {logging_mixin.py:188} INFO - [2024-05-27T18:00:07.705+0000] {dagbag.py:545} INFO - Filling up the DagBag from /opt/airflow/dags/orderslte.py
[2024-05-27T18:00:07.939+0000] {logging_mixin.py:188} INFO - CREATE OR REPLACE TABLE `datawarehouse-423912.OLAP_dataset.orders` AS
SELECT
  SAFE_CAST(order_date AS DATE) AS order_date,
  EXTRACT(MONTH FROM SAFE_CAST(order_date AS DATE)) AS month,
  EXTRACT(QUARTER FROM SAFE_CAST(order_date AS DATE)) AS quarter,
  EXTRACT(YEAR FROM SAFE_CAST(order_date AS DATE)) AS year,
  CASE
    WHEN EXTRACT(DAYOFWEEK FROM SAFE_CAST(order_date AS DATE)) IN (1, 7) THEN TRUE
    ELSE FALSE
  END AS weekend_flag
FROM
  `datawarehouse-423912.warehouse.orders`
WHERE
  SAFE_CAST(order_date AS DATE) IS NOT NULL;
[2024-05-27T18:00:08.141+0000] {processor.py:840} INFO - DAG(s) 'oltp_to_olap_oders_transform' retrieved from /opt/airflow/dags/orderslte.py
[2024-05-27T18:00:09.685+0000] {logging_mixin.py:188} INFO - [2024-05-27T18:00:09.682+0000] {dag.py:3096} INFO - Sync 1 DAGs
[2024-05-27T18:00:14.732+0000] {logging_mixin.py:188} INFO - [2024-05-27T18:00:14.731+0000] {dag.py:3954} INFO - Setting next_dagrun for oltp_to_olap_oders_transform to None, run_after=None
[2024-05-27T18:00:14.864+0000] {processor.py:183} INFO - Processing /opt/airflow/dags/orderslte.py took 7.714 seconds
[2024-05-27T18:00:46.445+0000] {processor.py:161} INFO - Started process (PID=51) to work on /opt/airflow/dags/orderslte.py
[2024-05-27T18:00:46.490+0000] {processor.py:830} INFO - Processing file /opt/airflow/dags/orderslte.py for tasks to queue
[2024-05-27T18:00:46.638+0000] {logging_mixin.py:188} INFO - [2024-05-27T18:00:46.623+0000] {dagbag.py:545} INFO - Filling up the DagBag from /opt/airflow/dags/orderslte.py
[2024-05-27T18:00:46.890+0000] {logging_mixin.py:188} INFO - CREATE OR REPLACE TABLE `datawarehouse-423912.OLAP_dataset.orders` AS
SELECT
  SAFE_CAST(order_date AS DATE) AS order_date,
  EXTRACT(MONTH FROM SAFE_CAST(order_date AS DATE)) AS month,
  EXTRACT(QUARTER FROM SAFE_CAST(order_date AS DATE)) AS quarter,
  EXTRACT(YEAR FROM SAFE_CAST(order_date AS DATE)) AS year,
  CASE
    WHEN EXTRACT(DAYOFWEEK FROM SAFE_CAST(order_date AS DATE)) IN (1, 7) THEN TRUE
    ELSE FALSE
  END AS weekend_flag
FROM
  `datawarehouse-423912.warehouse.orders`
WHERE
  SAFE_CAST(order_date AS DATE) IS NOT NULL;
[2024-05-27T18:00:47.101+0000] {processor.py:840} INFO - DAG(s) 'oltp_to_olap_oders_transform' retrieved from /opt/airflow/dags/orderslte.py
[2024-05-27T18:00:47.403+0000] {logging_mixin.py:188} INFO - [2024-05-27T18:00:47.400+0000] {dag.py:3096} INFO - Sync 1 DAGs
[2024-05-27T18:00:47.542+0000] {logging_mixin.py:188} INFO - [2024-05-27T18:00:47.541+0000] {dag.py:3954} INFO - Setting next_dagrun for oltp_to_olap_oders_transform to None, run_after=None
[2024-05-27T18:00:47.641+0000] {processor.py:183} INFO - Processing /opt/airflow/dags/orderslte.py took 1.726 seconds
[2024-05-27T18:01:18.232+0000] {processor.py:161} INFO - Started process (PID=59) to work on /opt/airflow/dags/orderslte.py
[2024-05-27T18:01:18.235+0000] {processor.py:830} INFO - Processing file /opt/airflow/dags/orderslte.py for tasks to queue
[2024-05-27T18:01:18.252+0000] {logging_mixin.py:188} INFO - [2024-05-27T18:01:18.251+0000] {dagbag.py:545} INFO - Filling up the DagBag from /opt/airflow/dags/orderslte.py
[2024-05-27T18:01:18.405+0000] {logging_mixin.py:188} INFO - CREATE OR REPLACE TABLE `datawarehouse-423912.OLAP_dataset.orders` AS
SELECT
  SAFE_CAST(order_date AS DATE) AS order_date,
  EXTRACT(MONTH FROM SAFE_CAST(order_date AS DATE)) AS month,
  EXTRACT(QUARTER FROM SAFE_CAST(order_date AS DATE)) AS quarter,
  EXTRACT(YEAR FROM SAFE_CAST(order_date AS DATE)) AS year,
  CASE
    WHEN EXTRACT(DAYOFWEEK FROM SAFE_CAST(order_date AS DATE)) IN (1, 7) THEN TRUE
    ELSE FALSE
  END AS weekend_flag
FROM
  `datawarehouse-423912.warehouse.orders`
WHERE
  SAFE_CAST(order_date AS DATE) IS NOT NULL;
[2024-05-27T18:01:18.469+0000] {processor.py:840} INFO - DAG(s) 'oltp_to_olap_oders_transform' retrieved from /opt/airflow/dags/orderslte.py
[2024-05-27T18:01:18.568+0000] {logging_mixin.py:188} INFO - [2024-05-27T18:01:18.567+0000] {dag.py:3096} INFO - Sync 1 DAGs
[2024-05-27T18:01:18.609+0000] {logging_mixin.py:188} INFO - [2024-05-27T18:01:18.609+0000] {dag.py:3954} INFO - Setting next_dagrun for oltp_to_olap_oders_transform to None, run_after=None
[2024-05-27T18:01:18.700+0000] {processor.py:183} INFO - Processing /opt/airflow/dags/orderslte.py took 0.507 seconds
[2024-05-27T18:01:49.521+0000] {processor.py:161} INFO - Started process (PID=67) to work on /opt/airflow/dags/orderslte.py
[2024-05-27T18:01:49.529+0000] {processor.py:830} INFO - Processing file /opt/airflow/dags/orderslte.py for tasks to queue
[2024-05-27T18:01:49.538+0000] {logging_mixin.py:188} INFO - [2024-05-27T18:01:49.535+0000] {dagbag.py:545} INFO - Filling up the DagBag from /opt/airflow/dags/orderslte.py
[2024-05-27T18:01:49.598+0000] {logging_mixin.py:188} INFO - CREATE OR REPLACE TABLE `datawarehouse-423912.OLAP_dataset.orders` AS
SELECT
  SAFE_CAST(order_date AS DATE) AS order_date,
  EXTRACT(MONTH FROM SAFE_CAST(order_date AS DATE)) AS month,
  EXTRACT(QUARTER FROM SAFE_CAST(order_date AS DATE)) AS quarter,
  EXTRACT(YEAR FROM SAFE_CAST(order_date AS DATE)) AS year,
  CASE
    WHEN EXTRACT(DAYOFWEEK FROM SAFE_CAST(order_date AS DATE)) IN (1, 7) THEN TRUE
    ELSE FALSE
  END AS weekend_flag
FROM
  `datawarehouse-423912.warehouse.orders`
WHERE
  SAFE_CAST(order_date AS DATE) IS NOT NULL;
[2024-05-27T18:01:49.632+0000] {processor.py:840} INFO - DAG(s) 'oltp_to_olap_oders_transform' retrieved from /opt/airflow/dags/orderslte.py
[2024-05-27T18:01:49.715+0000] {logging_mixin.py:188} INFO - [2024-05-27T18:01:49.714+0000] {dag.py:3096} INFO - Sync 1 DAGs
[2024-05-27T18:01:49.758+0000] {logging_mixin.py:188} INFO - [2024-05-27T18:01:49.757+0000] {dag.py:3954} INFO - Setting next_dagrun for oltp_to_olap_oders_transform to None, run_after=None
[2024-05-27T18:01:49.804+0000] {processor.py:183} INFO - Processing /opt/airflow/dags/orderslte.py took 0.311 seconds
[2024-05-27T18:02:20.320+0000] {processor.py:161} INFO - Started process (PID=75) to work on /opt/airflow/dags/orderslte.py
[2024-05-27T18:02:20.324+0000] {processor.py:830} INFO - Processing file /opt/airflow/dags/orderslte.py for tasks to queue
[2024-05-27T18:02:20.329+0000] {logging_mixin.py:188} INFO - [2024-05-27T18:02:20.328+0000] {dagbag.py:545} INFO - Filling up the DagBag from /opt/airflow/dags/orderslte.py
[2024-05-27T18:02:20.383+0000] {logging_mixin.py:188} INFO - CREATE OR REPLACE TABLE `datawarehouse-423912.OLAP_dataset.orders` AS
SELECT
  SAFE_CAST(order_date AS DATE) AS order_date,
  EXTRACT(MONTH FROM SAFE_CAST(order_date AS DATE)) AS month,
  EXTRACT(QUARTER FROM SAFE_CAST(order_date AS DATE)) AS quarter,
  EXTRACT(YEAR FROM SAFE_CAST(order_date AS DATE)) AS year,
  CASE
    WHEN EXTRACT(DAYOFWEEK FROM SAFE_CAST(order_date AS DATE)) IN (1, 7) THEN TRUE
    ELSE FALSE
  END AS weekend_flag
FROM
  `datawarehouse-423912.warehouse.orders`
WHERE
  SAFE_CAST(order_date AS DATE) IS NOT NULL;
[2024-05-27T18:02:20.426+0000] {processor.py:840} INFO - DAG(s) 'oltp_to_olap_oders_transform' retrieved from /opt/airflow/dags/orderslte.py
[2024-05-27T18:02:20.519+0000] {logging_mixin.py:188} INFO - [2024-05-27T18:02:20.517+0000] {dag.py:3096} INFO - Sync 1 DAGs
[2024-05-27T18:02:20.562+0000] {logging_mixin.py:188} INFO - [2024-05-27T18:02:20.562+0000] {dag.py:3954} INFO - Setting next_dagrun for oltp_to_olap_oders_transform to None, run_after=None
[2024-05-27T18:02:20.620+0000] {processor.py:183} INFO - Processing /opt/airflow/dags/orderslte.py took 0.314 seconds
[2024-05-27T18:02:51.326+0000] {processor.py:161} INFO - Started process (PID=83) to work on /opt/airflow/dags/orderslte.py
[2024-05-27T18:02:51.339+0000] {processor.py:830} INFO - Processing file /opt/airflow/dags/orderslte.py for tasks to queue
[2024-05-27T18:02:51.346+0000] {logging_mixin.py:188} INFO - [2024-05-27T18:02:51.345+0000] {dagbag.py:545} INFO - Filling up the DagBag from /opt/airflow/dags/orderslte.py
[2024-05-27T18:02:51.435+0000] {logging_mixin.py:188} INFO - CREATE OR REPLACE TABLE `datawarehouse-423912.OLAP_dataset.orders` AS
SELECT
  SAFE_CAST(order_date AS DATE) AS order_date,
  EXTRACT(MONTH FROM SAFE_CAST(order_date AS DATE)) AS month,
  EXTRACT(QUARTER FROM SAFE_CAST(order_date AS DATE)) AS quarter,
  EXTRACT(YEAR FROM SAFE_CAST(order_date AS DATE)) AS year,
  CASE
    WHEN EXTRACT(DAYOFWEEK FROM SAFE_CAST(order_date AS DATE)) IN (1, 7) THEN TRUE
    ELSE FALSE
  END AS weekend_flag
FROM
  `datawarehouse-423912.warehouse.orders`
WHERE
  SAFE_CAST(order_date AS DATE) IS NOT NULL;
[2024-05-27T18:02:51.479+0000] {processor.py:840} INFO - DAG(s) 'oltp_to_olap_oders_transform' retrieved from /opt/airflow/dags/orderslte.py
[2024-05-27T18:02:51.597+0000] {logging_mixin.py:188} INFO - [2024-05-27T18:02:51.595+0000] {dag.py:3096} INFO - Sync 1 DAGs
[2024-05-27T18:02:51.707+0000] {logging_mixin.py:188} INFO - [2024-05-27T18:02:51.706+0000] {dag.py:3954} INFO - Setting next_dagrun for oltp_to_olap_oders_transform to None, run_after=None
[2024-05-27T18:03:03.325+0000] {processor.py:183} INFO - Processing /opt/airflow/dags/orderslte.py took 12.028 seconds
[2024-05-27T18:03:33.495+0000] {processor.py:161} INFO - Started process (PID=92) to work on /opt/airflow/dags/orderslte.py
[2024-05-27T18:03:33.498+0000] {processor.py:830} INFO - Processing file /opt/airflow/dags/orderslte.py for tasks to queue
[2024-05-27T18:03:33.507+0000] {logging_mixin.py:188} INFO - [2024-05-27T18:03:33.504+0000] {dagbag.py:545} INFO - Filling up the DagBag from /opt/airflow/dags/orderslte.py
[2024-05-27T18:03:33.554+0000] {logging_mixin.py:188} INFO - CREATE OR REPLACE TABLE `datawarehouse-423912.OLAP_dataset.orders` AS
SELECT
  SAFE_CAST(order_date AS DATE) AS order_date,
  EXTRACT(MONTH FROM SAFE_CAST(order_date AS DATE)) AS month,
  EXTRACT(QUARTER FROM SAFE_CAST(order_date AS DATE)) AS quarter,
  EXTRACT(YEAR FROM SAFE_CAST(order_date AS DATE)) AS year,
  CASE
    WHEN EXTRACT(DAYOFWEEK FROM SAFE_CAST(order_date AS DATE)) IN (1, 7) THEN TRUE
    ELSE FALSE
  END AS weekend_flag
FROM
  `datawarehouse-423912.warehouse.orders`
WHERE
  SAFE_CAST(order_date AS DATE) IS NOT NULL;
[2024-05-27T18:03:33.569+0000] {processor.py:840} INFO - DAG(s) 'oltp_to_olap_oders_transform' retrieved from /opt/airflow/dags/orderslte.py
[2024-05-27T18:03:33.646+0000] {logging_mixin.py:188} INFO - [2024-05-27T18:03:33.645+0000] {dag.py:3096} INFO - Sync 1 DAGs
[2024-05-27T18:03:33.717+0000] {logging_mixin.py:188} INFO - [2024-05-27T18:03:33.717+0000] {dag.py:3954} INFO - Setting next_dagrun for oltp_to_olap_oders_transform to None, run_after=None
[2024-05-27T18:03:33.798+0000] {processor.py:183} INFO - Processing /opt/airflow/dags/orderslte.py took 0.325 seconds
[2024-05-27T18:04:04.276+0000] {processor.py:161} INFO - Started process (PID=100) to work on /opt/airflow/dags/orderslte.py
[2024-05-27T18:04:04.283+0000] {processor.py:830} INFO - Processing file /opt/airflow/dags/orderslte.py for tasks to queue
[2024-05-27T18:04:04.299+0000] {logging_mixin.py:188} INFO - [2024-05-27T18:04:04.297+0000] {dagbag.py:545} INFO - Filling up the DagBag from /opt/airflow/dags/orderslte.py
[2024-05-27T18:04:04.419+0000] {logging_mixin.py:188} INFO - CREATE OR REPLACE TABLE `datawarehouse-423912.OLAP_dataset.orders` AS
SELECT
  SAFE_CAST(order_date AS DATE) AS order_date,
  EXTRACT(MONTH FROM SAFE_CAST(order_date AS DATE)) AS month,
  EXTRACT(QUARTER FROM SAFE_CAST(order_date AS DATE)) AS quarter,
  EXTRACT(YEAR FROM SAFE_CAST(order_date AS DATE)) AS year,
  CASE
    WHEN EXTRACT(DAYOFWEEK FROM SAFE_CAST(order_date AS DATE)) IN (1, 7) THEN TRUE
    ELSE FALSE
  END AS weekend_flag
FROM
  `datawarehouse-423912.warehouse.orders`
WHERE
  SAFE_CAST(order_date AS DATE) IS NOT NULL;
[2024-05-27T18:04:04.448+0000] {processor.py:840} INFO - DAG(s) 'oltp_to_olap_oders_transform' retrieved from /opt/airflow/dags/orderslte.py
[2024-05-27T18:04:04.513+0000] {logging_mixin.py:188} INFO - [2024-05-27T18:04:04.512+0000] {dag.py:3096} INFO - Sync 1 DAGs
[2024-05-27T18:04:04.541+0000] {logging_mixin.py:188} INFO - [2024-05-27T18:04:04.541+0000] {dag.py:3954} INFO - Setting next_dagrun for oltp_to_olap_oders_transform to None, run_after=None
[2024-05-27T18:04:04.590+0000] {processor.py:183} INFO - Processing /opt/airflow/dags/orderslte.py took 0.355 seconds
[2024-05-27T18:05:16.006+0000] {processor.py:161} INFO - Started process (PID=114) to work on /opt/airflow/dags/orderslte.py
[2024-05-27T18:05:16.016+0000] {processor.py:830} INFO - Processing file /opt/airflow/dags/orderslte.py for tasks to queue
[2024-05-27T18:05:16.031+0000] {logging_mixin.py:188} INFO - [2024-05-27T18:05:16.025+0000] {dagbag.py:545} INFO - Filling up the DagBag from /opt/airflow/dags/orderslte.py
[2024-05-27T18:05:16.143+0000] {logging_mixin.py:188} INFO - CREATE OR REPLACE TABLE `datawarehouse-423912.OLAP_dataset.orders` AS
SELECT
  SAFE_CAST(order_date AS DATE) AS order_date,
  EXTRACT(MONTH FROM SAFE_CAST(order_date AS DATE)) AS month,
  EXTRACT(QUARTER FROM SAFE_CAST(order_date AS DATE)) AS quarter,
  EXTRACT(YEAR FROM SAFE_CAST(order_date AS DATE)) AS year,
  CASE
    WHEN EXTRACT(DAYOFWEEK FROM SAFE_CAST(order_date AS DATE)) IN (1, 7) THEN TRUE
    ELSE FALSE
  END AS weekend_flag
FROM
  `datawarehouse-423912.warehouse.orders`
WHERE
  SAFE_CAST(order_date AS DATE) IS NOT NULL;
[2024-05-27T18:05:16.257+0000] {processor.py:840} INFO - DAG(s) 'oltp_to_olap_oders_transform' retrieved from /opt/airflow/dags/orderslte.py
[2024-05-27T18:05:16.565+0000] {logging_mixin.py:188} INFO - [2024-05-27T18:05:16.557+0000] {dag.py:3096} INFO - Sync 1 DAGs
[2024-05-27T18:05:16.860+0000] {logging_mixin.py:188} INFO - [2024-05-27T18:05:16.859+0000] {dag.py:3954} INFO - Setting next_dagrun for oltp_to_olap_oders_transform to None, run_after=None
[2024-05-27T18:05:16.971+0000] {processor.py:183} INFO - Processing /opt/airflow/dags/orderslte.py took 0.993 seconds
[2024-05-27T18:05:33.757+0000] {processor.py:161} INFO - Started process (PID=116) to work on /opt/airflow/dags/orderslte.py
[2024-05-27T18:05:33.765+0000] {processor.py:830} INFO - Processing file /opt/airflow/dags/orderslte.py for tasks to queue
[2024-05-27T18:05:33.795+0000] {logging_mixin.py:188} INFO - [2024-05-27T18:05:33.792+0000] {dagbag.py:545} INFO - Filling up the DagBag from /opt/airflow/dags/orderslte.py
[2024-05-27T18:05:34.078+0000] {logging_mixin.py:188} INFO - CREATE OR REPLACE TABLE `datawarehouse-423912.OLAP_dataset.orders` AS
SELECT
  SAFE_CAST(order_date AS DATE) AS order_date,
  EXTRACT(MONTH FROM SAFE_CAST(order_date AS DATE)) AS month,
  EXTRACT(QUARTER FROM SAFE_CAST(order_date AS DATE)) AS quarter,
  EXTRACT(YEAR FROM SAFE_CAST(order_date AS DATE)) AS year,
  CASE
    WHEN EXTRACT(DAYOFWEEK FROM SAFE_CAST(order_date AS DATE)) IN (1, 7) THEN TRUE
    ELSE FALSE
  END AS weekend_flag
FROM
  `datawarehouse-423912.warehouse.orders`
WHERE
  SAFE_CAST(order_date AS DATE) IS NOT NULL;
[2024-05-27T18:05:34.295+0000] {processor.py:840} INFO - DAG(s) 'oltp_to_olap_oders_transform' retrieved from /opt/airflow/dags/orderslte.py
[2024-05-27T18:05:34.637+0000] {logging_mixin.py:188} INFO - [2024-05-27T18:05:34.634+0000] {dag.py:3096} INFO - Sync 1 DAGs
[2024-05-27T18:05:34.830+0000] {logging_mixin.py:188} INFO - [2024-05-27T18:05:34.829+0000] {dag.py:3954} INFO - Setting next_dagrun for oltp_to_olap_oders_transform to None, run_after=None
[2024-05-27T18:05:35.461+0000] {processor.py:183} INFO - Processing /opt/airflow/dags/orderslte.py took 1.803 seconds
[2024-05-27T18:06:06.300+0000] {processor.py:161} INFO - Started process (PID=124) to work on /opt/airflow/dags/orderslte.py
[2024-05-27T18:06:06.304+0000] {processor.py:830} INFO - Processing file /opt/airflow/dags/orderslte.py for tasks to queue
[2024-05-27T18:06:06.312+0000] {logging_mixin.py:188} INFO - [2024-05-27T18:06:06.310+0000] {dagbag.py:545} INFO - Filling up the DagBag from /opt/airflow/dags/orderslte.py
[2024-05-27T18:06:06.394+0000] {logging_mixin.py:188} INFO - CREATE OR REPLACE TABLE `datawarehouse-423912.OLAP_dataset.orders` AS
SELECT
  SAFE_CAST(order_date AS DATE) AS order_date,
  EXTRACT(MONTH FROM SAFE_CAST(order_date AS DATE)) AS month,
  EXTRACT(QUARTER FROM SAFE_CAST(order_date AS DATE)) AS quarter,
  EXTRACT(YEAR FROM SAFE_CAST(order_date AS DATE)) AS year,
  CASE
    WHEN EXTRACT(DAYOFWEEK FROM SAFE_CAST(order_date AS DATE)) IN (1, 7) THEN TRUE
    ELSE FALSE
  END AS weekend_flag
FROM
  `datawarehouse-423912.warehouse.orders`
WHERE
  SAFE_CAST(order_date AS DATE) IS NOT NULL;
[2024-05-27T18:06:06.428+0000] {processor.py:840} INFO - DAG(s) 'oltp_to_olap_oders_transform' retrieved from /opt/airflow/dags/orderslte.py
[2024-05-27T18:06:06.505+0000] {logging_mixin.py:188} INFO - [2024-05-27T18:06:06.504+0000] {dag.py:3096} INFO - Sync 1 DAGs
[2024-05-27T18:06:06.559+0000] {logging_mixin.py:188} INFO - [2024-05-27T18:06:06.558+0000] {dag.py:3954} INFO - Setting next_dagrun for oltp_to_olap_oders_transform to None, run_after=None
[2024-05-27T18:06:06.611+0000] {processor.py:183} INFO - Processing /opt/airflow/dags/orderslte.py took 0.349 seconds
[2024-05-27T18:06:37.410+0000] {processor.py:161} INFO - Started process (PID=132) to work on /opt/airflow/dags/orderslte.py
[2024-05-27T18:06:37.412+0000] {processor.py:830} INFO - Processing file /opt/airflow/dags/orderslte.py for tasks to queue
[2024-05-27T18:06:37.417+0000] {logging_mixin.py:188} INFO - [2024-05-27T18:06:37.415+0000] {dagbag.py:545} INFO - Filling up the DagBag from /opt/airflow/dags/orderslte.py
[2024-05-27T18:06:37.454+0000] {logging_mixin.py:188} INFO - CREATE OR REPLACE TABLE `datawarehouse-423912.OLAP_dataset.orders` AS
SELECT
  SAFE_CAST(order_date AS DATE) AS order_date,
  EXTRACT(MONTH FROM SAFE_CAST(order_date AS DATE)) AS month,
  EXTRACT(QUARTER FROM SAFE_CAST(order_date AS DATE)) AS quarter,
  EXTRACT(YEAR FROM SAFE_CAST(order_date AS DATE)) AS year,
  CASE
    WHEN EXTRACT(DAYOFWEEK FROM SAFE_CAST(order_date AS DATE)) IN (1, 7) THEN TRUE
    ELSE FALSE
  END AS weekend_flag
FROM
  `datawarehouse-423912.warehouse.orders`
WHERE
  SAFE_CAST(order_date AS DATE) IS NOT NULL;
[2024-05-27T18:06:37.471+0000] {processor.py:840} INFO - DAG(s) 'oltp_to_olap_oders_transform' retrieved from /opt/airflow/dags/orderslte.py
[2024-05-27T18:06:37.517+0000] {logging_mixin.py:188} INFO - [2024-05-27T18:06:37.515+0000] {dag.py:3096} INFO - Sync 1 DAGs
[2024-05-27T18:06:40.630+0000] {logging_mixin.py:188} INFO - [2024-05-27T18:06:40.630+0000] {dag.py:3954} INFO - Setting next_dagrun for oltp_to_olap_oders_transform to None, run_after=None
[2024-05-27T18:06:40.677+0000] {processor.py:183} INFO - Processing /opt/airflow/dags/orderslte.py took 3.277 seconds
[2024-05-27T18:07:11.038+0000] {processor.py:161} INFO - Started process (PID=141) to work on /opt/airflow/dags/orderslte.py
[2024-05-27T18:07:11.042+0000] {processor.py:830} INFO - Processing file /opt/airflow/dags/orderslte.py for tasks to queue
[2024-05-27T18:07:11.059+0000] {logging_mixin.py:188} INFO - [2024-05-27T18:07:11.058+0000] {dagbag.py:545} INFO - Filling up the DagBag from /opt/airflow/dags/orderslte.py
[2024-05-27T18:07:11.124+0000] {logging_mixin.py:188} INFO - CREATE OR REPLACE TABLE `datawarehouse-423912.OLAP_dataset.orders` AS
SELECT
  SAFE_CAST(order_date AS DATE) AS order_date,
  EXTRACT(MONTH FROM SAFE_CAST(order_date AS DATE)) AS month,
  EXTRACT(QUARTER FROM SAFE_CAST(order_date AS DATE)) AS quarter,
  EXTRACT(YEAR FROM SAFE_CAST(order_date AS DATE)) AS year,
  CASE
    WHEN EXTRACT(DAYOFWEEK FROM SAFE_CAST(order_date AS DATE)) IN (1, 7) THEN TRUE
    ELSE FALSE
  END AS weekend_flag
FROM
  `datawarehouse-423912.warehouse.orders`
WHERE
  SAFE_CAST(order_date AS DATE) IS NOT NULL;
[2024-05-27T18:07:11.163+0000] {processor.py:840} INFO - DAG(s) 'oltp_to_olap_oders_transform' retrieved from /opt/airflow/dags/orderslte.py
[2024-05-27T18:07:11.895+0000] {logging_mixin.py:188} INFO - [2024-05-27T18:07:11.892+0000] {dag.py:3096} INFO - Sync 1 DAGs
[2024-05-27T18:07:11.938+0000] {logging_mixin.py:188} INFO - [2024-05-27T18:07:11.937+0000] {dag.py:3954} INFO - Setting next_dagrun for oltp_to_olap_oders_transform to None, run_after=None
[2024-05-27T18:07:12.024+0000] {processor.py:183} INFO - Processing /opt/airflow/dags/orderslte.py took 1.074 seconds
[2024-05-27T18:07:42.549+0000] {processor.py:161} INFO - Started process (PID=149) to work on /opt/airflow/dags/orderslte.py
[2024-05-27T18:07:42.555+0000] {processor.py:830} INFO - Processing file /opt/airflow/dags/orderslte.py for tasks to queue
[2024-05-27T18:07:42.585+0000] {logging_mixin.py:188} INFO - [2024-05-27T18:07:42.576+0000] {dagbag.py:545} INFO - Filling up the DagBag from /opt/airflow/dags/orderslte.py
[2024-05-27T18:07:42.744+0000] {logging_mixin.py:188} INFO - CREATE OR REPLACE TABLE `datawarehouse-423912.OLAP_dataset.orders` AS
SELECT
  SAFE_CAST(order_date AS DATE) AS order_date,
  EXTRACT(MONTH FROM SAFE_CAST(order_date AS DATE)) AS month,
  EXTRACT(QUARTER FROM SAFE_CAST(order_date AS DATE)) AS quarter,
  EXTRACT(YEAR FROM SAFE_CAST(order_date AS DATE)) AS year,
  CASE
    WHEN EXTRACT(DAYOFWEEK FROM SAFE_CAST(order_date AS DATE)) IN (1, 7) THEN TRUE
    ELSE FALSE
  END AS weekend_flag
FROM
  `datawarehouse-423912.warehouse.orders`
WHERE
  SAFE_CAST(order_date AS DATE) IS NOT NULL;
[2024-05-27T18:07:42.952+0000] {processor.py:840} INFO - DAG(s) 'oltp_to_olap_oders_transform' retrieved from /opt/airflow/dags/orderslte.py
[2024-05-27T18:07:47.734+0000] {logging_mixin.py:188} INFO - [2024-05-27T18:07:47.730+0000] {process_utils.py:263} INFO - Waiting up to 5 seconds for processes to exit...
