[2024-05-28T13:22:48.621+0000] {local_task_job_runner.py:120} INFO - ::group::Pre task execution logs
[2024-05-28T13:22:48.661+0000] {taskinstance.py:2076} INFO - Dependencies all met for dep_context=non-requeueable deps ti=<TaskInstance: loading_to_bigquerry.delay_bash_task manual__2024-05-28T13:20:47.490019+00:00 [queued]>
[2024-05-28T13:22:48.685+0000] {taskinstance.py:2076} INFO - Dependencies all met for dep_context=requeueable deps ti=<TaskInstance: loading_to_bigquerry.delay_bash_task manual__2024-05-28T13:20:47.490019+00:00 [queued]>
[2024-05-28T13:22:48.686+0000] {taskinstance.py:2306} INFO - Starting attempt 1 of 0
[2024-05-28T13:22:48.715+0000] {taskinstance.py:2330} INFO - Executing <Task(BashOperator): delay_bash_task> on 2024-05-28 13:20:47.490019+00:00
[2024-05-28T13:22:48.725+0000] {warnings.py:110} WARNING - /home/***/.local/lib/python3.12/site-packages/***/task/task_runner/standard_task_runner.py:61: DeprecationWarning: This process (pid=2756) is multi-threaded, use of fork() may lead to deadlocks in the child.
  pid = os.fork()

[2024-05-28T13:22:48.728+0000] {standard_task_runner.py:63} INFO - Started process 2758 to run task
[2024-05-28T13:22:48.728+0000] {standard_task_runner.py:90} INFO - Running: ['***', 'tasks', 'run', 'loading_to_bigquerry', 'delay_bash_task', 'manual__2024-05-28T13:20:47.490019+00:00', '--job-id', '398', '--raw', '--subdir', 'DAGS_FOLDER/load_to_bigquerry.py', '--cfg-path', '/tmp/tmpv__sbl43']
[2024-05-28T13:22:48.733+0000] {standard_task_runner.py:91} INFO - Job 398: Subtask delay_bash_task
[2024-05-28T13:22:48.830+0000] {task_command.py:426} INFO - Running <TaskInstance: loading_to_bigquerry.delay_bash_task manual__2024-05-28T13:20:47.490019+00:00 [running]> on host 9b03efc10d80
[2024-05-28T13:22:48.992+0000] {taskinstance.py:2648} INFO - Exporting env vars: AIRFLOW_CTX_DAG_OWNER='ngquynh' AIRFLOW_CTX_DAG_ID='loading_to_bigquerry' AIRFLOW_CTX_TASK_ID='delay_bash_task' AIRFLOW_CTX_EXECUTION_DATE='2024-05-28T13:20:47.490019+00:00' AIRFLOW_CTX_TRY_NUMBER='1' AIRFLOW_CTX_DAG_RUN_ID='manual__2024-05-28T13:20:47.490019+00:00'
[2024-05-28T13:22:48.995+0000] {taskinstance.py:430} INFO - ::endgroup::
[2024-05-28T13:22:49.020+0000] {subprocess.py:63} INFO - Tmp dir root location: /tmp
[2024-05-28T13:22:49.022+0000] {subprocess.py:75} INFO - Running command: ['/usr/bin/bash', '-c', 'sleep 5s']
[2024-05-28T13:22:49.040+0000] {subprocess.py:86} INFO - Output:
[2024-05-28T13:22:54.076+0000] {subprocess.py:97} INFO - Command exited with return code 0
[2024-05-28T13:22:54.078+0000] {taskinstance.py:441} INFO - ::group::Post task execution logs
[2024-05-28T13:22:54.105+0000] {taskinstance.py:1206} INFO - Marking task as SUCCESS. dag_id=loading_to_bigquerry, task_id=delay_bash_task, run_id=manual__2024-05-28T13:20:47.490019+00:00, execution_date=20240528T132047, start_date=20240528T132248, end_date=20240528T132254
[2024-05-28T13:22:54.165+0000] {local_task_job_runner.py:240} INFO - Task exited with return code 0
[2024-05-28T13:22:54.202+0000] {taskinstance.py:3498} INFO - 4 downstream tasks scheduled from follow-on schedule check
[2024-05-28T13:22:54.204+0000] {local_task_job_runner.py:222} INFO - ::endgroup::
