[2024-05-28T09:12:11.503+0000] {local_task_job_runner.py:120} INFO - ::group::Pre task execution logs
[2024-05-28T09:12:11.564+0000] {taskinstance.py:2076} INFO - Dependencies all met for dep_context=non-requeueable deps ti=<TaskInstance: oltp_to_olap_all_transform.transform_fact_table manual__2024-05-28T09:11:27.328375+00:00 [queued]>
[2024-05-28T09:12:11.601+0000] {taskinstance.py:2076} INFO - Dependencies all met for dep_context=requeueable deps ti=<TaskInstance: oltp_to_olap_all_transform.transform_fact_table manual__2024-05-28T09:11:27.328375+00:00 [queued]>
[2024-05-28T09:12:11.604+0000] {taskinstance.py:2306} INFO - Starting attempt 1 of 0
[2024-05-28T09:12:11.661+0000] {taskinstance.py:2330} INFO - Executing <Task(BigQueryInsertJobOperator): transform_fact_table> on 2024-05-28 09:11:27.328375+00:00
[2024-05-28T09:12:11.684+0000] {warnings.py:110} WARNING - /home/***/.local/lib/python3.12/site-packages/***/task/task_runner/standard_task_runner.py:61: DeprecationWarning: This process (pid=826) is multi-threaded, use of fork() may lead to deadlocks in the child.
  pid = os.fork()

[2024-05-28T09:12:11.693+0000] {standard_task_runner.py:63} INFO - Started process 835 to run task
[2024-05-28T09:12:11.690+0000] {standard_task_runner.py:90} INFO - Running: ['***', 'tasks', 'run', 'oltp_to_olap_all_transform', 'transform_fact_table', 'manual__2024-05-28T09:11:27.328375+00:00', '--job-id', '234', '--raw', '--subdir', 'DAGS_FOLDER/oltp_olap.py', '--cfg-path', '/tmp/tmpwhs9p2t9']
[2024-05-28T09:12:11.725+0000] {standard_task_runner.py:91} INFO - Job 234: Subtask transform_fact_table
[2024-05-28T09:12:11.892+0000] {task_command.py:426} INFO - Running <TaskInstance: oltp_to_olap_all_transform.transform_fact_table manual__2024-05-28T09:11:27.328375+00:00 [running]> on host 9b03efc10d80
[2024-05-28T09:12:12.154+0000] {taskinstance.py:2648} INFO - Exporting env vars: AIRFLOW_CTX_DAG_OWNER='ngquynh' AIRFLOW_CTX_DAG_ID='oltp_to_olap_all_transform' AIRFLOW_CTX_TASK_ID='transform_fact_table' AIRFLOW_CTX_EXECUTION_DATE='2024-05-28T09:11:27.328375+00:00' AIRFLOW_CTX_TRY_NUMBER='1' AIRFLOW_CTX_DAG_RUN_ID='manual__2024-05-28T09:11:27.328375+00:00'
[2024-05-28T09:12:12.161+0000] {taskinstance.py:430} INFO - ::endgroup::
[2024-05-28T09:12:12.234+0000] {connection.py:274} WARNING - Connection schemes (type: google_cloud_platform) shall not contain '_' according to RFC3986.
[2024-05-28T09:12:12.243+0000] {base.py:84} INFO - Using connection ID 'google_cloud_default' for task execution.
[2024-05-28T09:12:12.322+0000] {bigquery.py:2832} INFO - Executing: {'query': {'query': "DECLARE today_date DATE DEFAULT DATE '1998-05-06';\n\ncreate or replace table `datawarehouse-423912.OLAP_dataset.Fact_table_temp`\nas \nselect\norders.order_id,\norders.customer_id,\norders.order_date\nfrom\n`datawarehouse-423912.warehouse.orders` as orders\njoin\n`datawarehouse-423912.OLAP_dataset.Dim_Order_details` as order_details\non\norders. order_id = order_details.orderID", 'useLegacySql': False}}'
[2024-05-28T09:12:12.327+0000] {bigquery.py:1660} INFO - Inserting job ***_oltp_to_olap_all_transform_transform_fact_table_2024_05_28T09_11_27_328375_00_00_110f350deb3f95f04d103d1f3e020cb3
[2024-05-28T09:12:21.034+0000] {taskinstance.py:441} INFO - ::group::Post task execution logs
[2024-05-28T09:12:21.059+0000] {taskinstance.py:1206} INFO - Marking task as SUCCESS. dag_id=oltp_to_olap_all_transform, task_id=transform_fact_table, run_id=manual__2024-05-28T09:11:27.328375+00:00, execution_date=20240528T091127, start_date=20240528T091211, end_date=20240528T091221
[2024-05-28T09:12:21.088+0000] {local_task_job_runner.py:240} INFO - Task exited with return code 0
[2024-05-28T09:12:21.122+0000] {taskinstance.py:3498} INFO - 1 downstream tasks scheduled from follow-on schedule check
[2024-05-28T09:12:21.124+0000] {local_task_job_runner.py:222} INFO - ::endgroup::
