[2024-05-28T09:03:48.045+0000] {local_task_job_runner.py:120} INFO - ::group::Pre task execution logs
[2024-05-28T09:03:48.173+0000] {taskinstance.py:2076} INFO - Dependencies all met for dep_context=non-requeueable deps ti=<TaskInstance: oltp_to_olap_all_transform.transform_dim_orders_details manual__2024-05-28T09:03:12.641308+00:00 [queued]>
[2024-05-28T09:03:48.226+0000] {taskinstance.py:2076} INFO - Dependencies all met for dep_context=requeueable deps ti=<TaskInstance: oltp_to_olap_all_transform.transform_dim_orders_details manual__2024-05-28T09:03:12.641308+00:00 [queued]>
[2024-05-28T09:03:48.228+0000] {taskinstance.py:2306} INFO - Starting attempt 1 of 0
[2024-05-28T09:03:48.293+0000] {taskinstance.py:2330} INFO - Executing <Task(BigQueryInsertJobOperator): transform_dim_orders_details> on 2024-05-28 09:03:12.641308+00:00
[2024-05-28T09:03:48.374+0000] {warnings.py:110} WARNING - /home/***/.local/lib/python3.12/site-packages/***/task/task_runner/standard_task_runner.py:61: DeprecationWarning: This process (pid=672) is multi-threaded, use of fork() may lead to deadlocks in the child.
  pid = os.fork()

[2024-05-28T09:03:48.427+0000] {standard_task_runner.py:63} INFO - Started process 679 to run task
[2024-05-28T09:03:48.418+0000] {standard_task_runner.py:90} INFO - Running: ['***', 'tasks', 'run', 'oltp_to_olap_all_transform', 'transform_dim_orders_details', 'manual__2024-05-28T09:03:12.641308+00:00', '--job-id', '218', '--raw', '--subdir', 'DAGS_FOLDER/oltp_olap.py', '--cfg-path', '/tmp/tmpwh7m3wjx']
[2024-05-28T09:03:48.501+0000] {standard_task_runner.py:91} INFO - Job 218: Subtask transform_dim_orders_details
[2024-05-28T09:03:49.363+0000] {task_command.py:426} INFO - Running <TaskInstance: oltp_to_olap_all_transform.transform_dim_orders_details manual__2024-05-28T09:03:12.641308+00:00 [running]> on host 9b03efc10d80
[2024-05-28T09:03:50.012+0000] {taskinstance.py:2648} INFO - Exporting env vars: AIRFLOW_CTX_DAG_OWNER='ngquynh' AIRFLOW_CTX_DAG_ID='oltp_to_olap_all_transform' AIRFLOW_CTX_TASK_ID='transform_dim_orders_details' AIRFLOW_CTX_EXECUTION_DATE='2024-05-28T09:03:12.641308+00:00' AIRFLOW_CTX_TRY_NUMBER='1' AIRFLOW_CTX_DAG_RUN_ID='manual__2024-05-28T09:03:12.641308+00:00'
[2024-05-28T09:03:50.020+0000] {taskinstance.py:430} INFO - ::endgroup::
[2024-05-28T09:03:50.234+0000] {connection.py:274} WARNING - Connection schemes (type: google_cloud_platform) shall not contain '_' according to RFC3986.
[2024-05-28T09:03:50.275+0000] {base.py:84} INFO - Using connection ID 'google_cloud_default' for task execution.
[2024-05-28T09:03:50.614+0000] {bigquery.py:2832} INFO - Executing: {'query': {'query': 'create or replace table `datawarehouse-423912.OLAP_dataset.Dim_Order_details` as\nselect \n*\nfrom\n`datawarehouse-423912.warehouse.orderdetails`', 'useLegacySql': False}}'
[2024-05-28T09:03:50.629+0000] {bigquery.py:1660} INFO - Inserting job ***_oltp_to_olap_all_transform_transform_dim_orders_details_2024_05_28T09_03_12_641308_00_00_c4fb0f4dc2791a9b56d1cffb67583d32
[2024-05-28T09:03:57.777+0000] {taskinstance.py:441} INFO - ::group::Post task execution logs
[2024-05-28T09:03:57.836+0000] {taskinstance.py:1206} INFO - Marking task as SUCCESS. dag_id=oltp_to_olap_all_transform, task_id=transform_dim_orders_details, run_id=manual__2024-05-28T09:03:12.641308+00:00, execution_date=20240528T090312, start_date=20240528T090348, end_date=20240528T090357
[2024-05-28T09:03:57.934+0000] {local_task_job_runner.py:240} INFO - Task exited with return code 0
[2024-05-28T09:03:57.952+0000] {local_task_job_runner.py:222} INFO - ::endgroup::
