[2024-05-28T09:34:34.650+0000] {local_task_job_runner.py:120} INFO - ::group::Pre task execution logs
[2024-05-28T09:34:34.673+0000] {taskinstance.py:2076} INFO - Dependencies all met for dep_context=non-requeueable deps ti=<TaskInstance: oltp_to_olap_all_transform.transform_Order_Fact_Table manual__2024-05-28T09:33:22.145032+00:00 [queued]>
[2024-05-28T09:34:34.686+0000] {taskinstance.py:2076} INFO - Dependencies all met for dep_context=requeueable deps ti=<TaskInstance: oltp_to_olap_all_transform.transform_Order_Fact_Table manual__2024-05-28T09:33:22.145032+00:00 [queued]>
[2024-05-28T09:34:34.687+0000] {taskinstance.py:2306} INFO - Starting attempt 1 of 0
[2024-05-28T09:34:34.708+0000] {taskinstance.py:2330} INFO - Executing <Task(BigQueryInsertJobOperator): transform_Order_Fact_Table> on 2024-05-28 09:33:22.145032+00:00
[2024-05-28T09:34:34.717+0000] {warnings.py:110} WARNING - /home/***/.local/lib/python3.12/site-packages/***/task/task_runner/standard_task_runner.py:61: DeprecationWarning: This process (pid=1255) is multi-threaded, use of fork() may lead to deadlocks in the child.
  pid = os.fork()

[2024-05-28T09:34:34.720+0000] {standard_task_runner.py:63} INFO - Started process 1257 to run task
[2024-05-28T09:34:34.721+0000] {standard_task_runner.py:90} INFO - Running: ['***', 'tasks', 'run', 'oltp_to_olap_all_transform', 'transform_Order_Fact_Table', 'manual__2024-05-28T09:33:22.145032+00:00', '--job-id', '282', '--raw', '--subdir', 'DAGS_FOLDER/oltp_olap.py', '--cfg-path', '/tmp/tmpzst2v7c0']
[2024-05-28T09:34:34.725+0000] {standard_task_runner.py:91} INFO - Job 282: Subtask transform_Order_Fact_Table
[2024-05-28T09:34:34.787+0000] {task_command.py:426} INFO - Running <TaskInstance: oltp_to_olap_all_transform.transform_Order_Fact_Table manual__2024-05-28T09:33:22.145032+00:00 [running]> on host 9b03efc10d80
[2024-05-28T09:34:34.933+0000] {taskinstance.py:2648} INFO - Exporting env vars: AIRFLOW_CTX_DAG_OWNER='ngquynh' AIRFLOW_CTX_DAG_ID='oltp_to_olap_all_transform' AIRFLOW_CTX_TASK_ID='transform_Order_Fact_Table' AIRFLOW_CTX_EXECUTION_DATE='2024-05-28T09:33:22.145032+00:00' AIRFLOW_CTX_TRY_NUMBER='1' AIRFLOW_CTX_DAG_RUN_ID='manual__2024-05-28T09:33:22.145032+00:00'
[2024-05-28T09:34:34.936+0000] {taskinstance.py:430} INFO - ::endgroup::
[2024-05-28T09:34:34.985+0000] {connection.py:274} WARNING - Connection schemes (type: google_cloud_platform) shall not contain '_' according to RFC3986.
[2024-05-28T09:34:34.989+0000] {base.py:84} INFO - Using connection ID 'google_cloud_default' for task execution.
[2024-05-28T09:34:35.065+0000] {bigquery.py:2832} INFO - Executing: {'query': {'query': 'create or replace table `datawarehouse-423912.OLAP_dataset.Order_fact_table` as\nwith RFM_table as (\n  select\n  fact.customer_id,\n  fact.order_id,\n  fact.order_date,\n  rfm.Recency,\n  rfm.Frequency,\n  rfm.Monetary,\n  sale.total_revenue\n  from\n  `datawarehouse-423912.OLAP_dataset.Fact_table` as fact\n  join\n  `datawarehouse-423912.OLAP_dataset.RFM_table` as rfm\n  on \n fact.customer_id = rfm.customer_id\n  JOIN\n  `datawarehouse-423912.OLAP_dataset.Sale_table` as sale\n  ON\n  fact.order_id = sale.orderID\n)\n\nselect * from RFM_table;', 'useLegacySql': False}}'
[2024-05-28T09:34:35.067+0000] {bigquery.py:1660} INFO - Inserting job ***_oltp_to_olap_all_transform_transform_Order_Fact_Table_2024_05_28T09_33_22_145032_00_00_c8bea1e1b7f2f1b78caa8b54461d9338
[2024-05-28T09:34:55.858+0000] {taskinstance.py:441} INFO - ::group::Post task execution logs
[2024-05-28T09:34:55.898+0000] {taskinstance.py:1206} INFO - Marking task as SUCCESS. dag_id=oltp_to_olap_all_transform, task_id=transform_Order_Fact_Table, run_id=manual__2024-05-28T09:33:22.145032+00:00, execution_date=20240528T093322, start_date=20240528T093434, end_date=20240528T093455
[2024-05-28T09:34:55.958+0000] {local_task_job_runner.py:240} INFO - Task exited with return code 0
[2024-05-28T09:34:55.985+0000] {taskinstance.py:3498} INFO - 0 downstream tasks scheduled from follow-on schedule check
[2024-05-28T09:34:55.987+0000] {local_task_job_runner.py:222} INFO - ::endgroup::
