[2024-05-28T13:13:27.181+0000] {local_task_job_runner.py:120} INFO - ::group::Pre task execution logs
[2024-05-28T13:13:27.208+0000] {taskinstance.py:2076} INFO - Dependencies all met for dep_context=non-requeueable deps ti=<TaskInstance: loading_to_bigquerry.load_suppliers_to_bq manual__2024-05-28T13:11:45.617626+00:00 [queued]>
[2024-05-28T13:13:27.223+0000] {taskinstance.py:2076} INFO - Dependencies all met for dep_context=requeueable deps ti=<TaskInstance: loading_to_bigquerry.load_suppliers_to_bq manual__2024-05-28T13:11:45.617626+00:00 [queued]>
[2024-05-28T13:13:27.224+0000] {taskinstance.py:2306} INFO - Starting attempt 1 of 0
[2024-05-28T13:13:27.248+0000] {taskinstance.py:2330} INFO - Executing <Task(GCSToBigQueryOperator): load_suppliers_to_bq> on 2024-05-28 13:11:45.617626+00:00
[2024-05-28T13:13:27.258+0000] {warnings.py:110} WARNING - /home/***/.local/lib/python3.12/site-packages/***/task/task_runner/standard_task_runner.py:61: DeprecationWarning: This process (pid=2562) is multi-threaded, use of fork() may lead to deadlocks in the child.
  pid = os.fork()

[2024-05-28T13:13:27.261+0000] {standard_task_runner.py:63} INFO - Started process 2564 to run task
[2024-05-28T13:13:27.261+0000] {standard_task_runner.py:90} INFO - Running: ['***', 'tasks', 'run', 'loading_to_bigquerry', 'load_suppliers_to_bq', 'manual__2024-05-28T13:11:45.617626+00:00', '--job-id', '370', '--raw', '--subdir', 'DAGS_FOLDER/load_to_bigquerry.py', '--cfg-path', '/tmp/tmpj3859fw9']
[2024-05-28T13:13:27.266+0000] {standard_task_runner.py:91} INFO - Job 370: Subtask load_suppliers_to_bq
[2024-05-28T13:13:27.347+0000] {task_command.py:426} INFO - Running <TaskInstance: loading_to_bigquerry.load_suppliers_to_bq manual__2024-05-28T13:11:45.617626+00:00 [running]> on host 9b03efc10d80
[2024-05-28T13:13:27.485+0000] {taskinstance.py:2648} INFO - Exporting env vars: AIRFLOW_CTX_DAG_OWNER='ngquynh' AIRFLOW_CTX_DAG_ID='loading_to_bigquerry' AIRFLOW_CTX_TASK_ID='load_suppliers_to_bq' AIRFLOW_CTX_EXECUTION_DATE='2024-05-28T13:11:45.617626+00:00' AIRFLOW_CTX_TRY_NUMBER='1' AIRFLOW_CTX_DAG_RUN_ID='manual__2024-05-28T13:11:45.617626+00:00'
[2024-05-28T13:13:27.488+0000] {taskinstance.py:430} INFO - ::endgroup::
[2024-05-28T13:13:27.523+0000] {connection.py:274} WARNING - Connection schemes (type: google_cloud_platform) shall not contain '_' according to RFC3986.
[2024-05-28T13:13:27.527+0000] {base.py:84} INFO - Using connection ID 'google_cloud_default' for task execution.
[2024-05-28T13:13:27.529+0000] {gcs_to_bigquery.py:380} INFO - Using existing BigQuery table for storing data...
[2024-05-28T13:13:27.592+0000] {gcs_to_bigquery.py:384} INFO - Executing: {'load': {'autodetect': True, 'createDisposition': 'CREATE_IF_NEEDED', 'destinationTable': {'projectId': 'datawarehouse-423912', 'datasetId': 'warehouse', 'tableId': 'suppliers'}, 'sourceFormat': 'CSV', 'sourceUris': ['gs://warehouse8/dataupdated/suppliers.csv'], 'writeDisposition': 'WRITE_TRUNCATE', 'ignoreUnknownValues': True, 'schema': {'fields': [{'name': 'supplierID', 'type': 'INTEGER', 'mode': 'NULLABLE'}, {'name': 'companyName', 'type': 'STRING', 'mode': 'NULLABLE'}, {'name': 'contactName', 'type': 'STRING', 'mode': 'NULLABLE'}, {'name': 'contactTitle', 'type': 'STRING', 'mode': 'NULLABLE'}, {'name': 'address', 'type': 'STRING', 'mode': 'NULLABLE'}, {'name': 'city', 'type': 'STRING', 'mode': 'NULLABLE'}, {'name': 'region', 'type': 'STRING', 'mode': 'NULLABLE'}, {'name': 'postalCode', 'type': 'STRING', 'mode': 'NULLABLE'}, {'name': 'country', 'type': 'STRING', 'mode': 'NULLABLE'}, {'name': 'phone', 'type': 'STRING', 'mode': 'NULLABLE'}, {'name': 'fax', 'type': 'STRING', 'mode': 'NULLABLE'}, {'name': 'homePage', 'type': 'STRING', 'mode': 'NULLABLE'}]}, 'maxBadRecords': 10, 'skipLeadingRows': 1, 'fieldDelimiter': ',', 'quote': None, 'allowQuotedNewlines': False, 'encoding': 'UTF-8'}}
[2024-05-28T13:13:27.594+0000] {bigquery.py:1660} INFO - Inserting job ***_loading_to_bigquerry_load_suppliers_to_bq_2024_05_28T13_11_45_617626_00_00_fa5fbac7e8d4ef89668a80b8a6ad7241
[2024-05-28T13:13:31.325+0000] {connectionpool.py:874} WARNING - Retrying (Retry(total=2, connect=None, read=None, redirect=None, status=None)) after connection broken by 'SSLError(SSLEOFError(8, '[SSL: UNEXPECTED_EOF_WHILE_READING] EOF occurred in violation of protocol (_ssl.c:1000)'))': /token
[2024-05-28T13:13:36.083+0000] {taskinstance.py:441} INFO - ::group::Post task execution logs
[2024-05-28T13:13:36.093+0000] {taskinstance.py:1206} INFO - Marking task as SUCCESS. dag_id=loading_to_bigquerry, task_id=load_suppliers_to_bq, run_id=manual__2024-05-28T13:11:45.617626+00:00, execution_date=20240528T131145, start_date=20240528T131327, end_date=20240528T131336
[2024-05-28T13:13:36.151+0000] {local_task_job_runner.py:240} INFO - Task exited with return code 0
[2024-05-28T13:13:36.179+0000] {taskinstance.py:3498} INFO - 1 downstream tasks scheduled from follow-on schedule check
[2024-05-28T13:13:36.181+0000] {local_task_job_runner.py:222} INFO - ::endgroup::
