[2024-05-28T13:23:20.933+0000] {local_task_job_runner.py:120} INFO - ::group::Pre task execution logs
[2024-05-28T13:23:20.960+0000] {taskinstance.py:2076} INFO - Dependencies all met for dep_context=non-requeueable deps ti=<TaskInstance: loading_to_bigquerry.transform_fact_table manual__2024-05-28T13:20:47.490019+00:00 [queued]>
[2024-05-28T13:23:20.977+0000] {taskinstance.py:2076} INFO - Dependencies all met for dep_context=requeueable deps ti=<TaskInstance: loading_to_bigquerry.transform_fact_table manual__2024-05-28T13:20:47.490019+00:00 [queued]>
[2024-05-28T13:23:20.979+0000] {taskinstance.py:2306} INFO - Starting attempt 1 of 0
[2024-05-28T13:23:20.999+0000] {taskinstance.py:2330} INFO - Executing <Task(BigQueryInsertJobOperator): transform_fact_table> on 2024-05-28 13:20:47.490019+00:00
[2024-05-28T13:23:21.011+0000] {warnings.py:110} WARNING - /home/***/.local/lib/python3.12/site-packages/***/task/task_runner/standard_task_runner.py:61: DeprecationWarning: This process (pid=2779) is multi-threaded, use of fork() may lead to deadlocks in the child.
  pid = os.fork()

[2024-05-28T13:23:21.014+0000] {standard_task_runner.py:63} INFO - Started process 2781 to run task
[2024-05-28T13:23:21.014+0000] {standard_task_runner.py:90} INFO - Running: ['***', 'tasks', 'run', 'loading_to_bigquerry', 'transform_fact_table', 'manual__2024-05-28T13:20:47.490019+00:00', '--job-id', '403', '--raw', '--subdir', 'DAGS_FOLDER/load_to_bigquerry.py', '--cfg-path', '/tmp/tmpgn22bquy']
[2024-05-28T13:23:21.018+0000] {standard_task_runner.py:91} INFO - Job 403: Subtask transform_fact_table
[2024-05-28T13:23:21.082+0000] {task_command.py:426} INFO - Running <TaskInstance: loading_to_bigquerry.transform_fact_table manual__2024-05-28T13:20:47.490019+00:00 [running]> on host 9b03efc10d80
[2024-05-28T13:23:21.214+0000] {taskinstance.py:2648} INFO - Exporting env vars: AIRFLOW_CTX_DAG_OWNER='ngquynh' AIRFLOW_CTX_DAG_ID='loading_to_bigquerry' AIRFLOW_CTX_TASK_ID='transform_fact_table' AIRFLOW_CTX_EXECUTION_DATE='2024-05-28T13:20:47.490019+00:00' AIRFLOW_CTX_TRY_NUMBER='1' AIRFLOW_CTX_DAG_RUN_ID='manual__2024-05-28T13:20:47.490019+00:00'
[2024-05-28T13:23:21.217+0000] {taskinstance.py:430} INFO - ::endgroup::
[2024-05-28T13:23:21.248+0000] {connection.py:274} WARNING - Connection schemes (type: google_cloud_platform) shall not contain '_' according to RFC3986.
[2024-05-28T13:23:21.252+0000] {base.py:84} INFO - Using connection ID 'google_cloud_default' for task execution.
[2024-05-28T13:23:21.319+0000] {bigquery.py:2832} INFO - Executing: {'query': {'query': "DECLARE today_date DATE DEFAULT DATE '1998-05-06';\n\ncreate or replace table `datawarehouse-423912.OLAP_dataset.Fact_table`\nas \nselect\norders.order_id,\norders.customer_id,\norders.order_date\nfrom\n`datawarehouse-423912.warehouse.orders` as orders\njoin\n`datawarehouse-423912.OLAP_dataset.Dim_Order_details` as order_details\non\norders. order_id = order_details.orderID", 'useLegacySql': False}}'
[2024-05-28T13:23:21.321+0000] {bigquery.py:1660} INFO - Inserting job ***_loading_to_bigquerry_transform_fact_table_2024_05_28T13_20_47_490019_00_00_c8c4e0a39cbb640c516d446305ec3250
[2024-05-28T13:23:25.723+0000] {taskinstance.py:441} INFO - ::group::Post task execution logs
[2024-05-28T13:23:25.748+0000] {taskinstance.py:1206} INFO - Marking task as SUCCESS. dag_id=loading_to_bigquerry, task_id=transform_fact_table, run_id=manual__2024-05-28T13:20:47.490019+00:00, execution_date=20240528T132047, start_date=20240528T132320, end_date=20240528T132325
[2024-05-28T13:23:25.807+0000] {local_task_job_runner.py:240} INFO - Task exited with return code 0
[2024-05-28T13:23:25.850+0000] {taskinstance.py:3498} INFO - 1 downstream tasks scheduled from follow-on schedule check
[2024-05-28T13:23:25.853+0000] {local_task_job_runner.py:222} INFO - ::endgroup::
