[2024-05-28T13:13:11.798+0000] {local_task_job_runner.py:120} INFO - ::group::Pre task execution logs
[2024-05-28T13:13:11.864+0000] {taskinstance.py:2076} INFO - Dependencies all met for dep_context=non-requeueable deps ti=<TaskInstance: loading_to_bigquerry.load_regions_to_bq manual__2024-05-28T13:11:45.617626+00:00 [queued]>
[2024-05-28T13:13:11.880+0000] {taskinstance.py:2076} INFO - Dependencies all met for dep_context=requeueable deps ti=<TaskInstance: loading_to_bigquerry.load_regions_to_bq manual__2024-05-28T13:11:45.617626+00:00 [queued]>
[2024-05-28T13:13:11.881+0000] {taskinstance.py:2306} INFO - Starting attempt 1 of 0
[2024-05-28T13:13:11.901+0000] {taskinstance.py:2330} INFO - Executing <Task(GCSToBigQueryOperator): load_regions_to_bq> on 2024-05-28 13:11:45.617626+00:00
[2024-05-28T13:13:11.909+0000] {warnings.py:110} WARNING - /home/***/.local/lib/python3.12/site-packages/***/task/task_runner/standard_task_runner.py:61: DeprecationWarning: This process (pid=2549) is multi-threaded, use of fork() may lead to deadlocks in the child.
  pid = os.fork()

[2024-05-28T13:13:11.911+0000] {standard_task_runner.py:63} INFO - Started process 2551 to run task
[2024-05-28T13:13:11.912+0000] {standard_task_runner.py:90} INFO - Running: ['***', 'tasks', 'run', 'loading_to_bigquerry', 'load_regions_to_bq', 'manual__2024-05-28T13:11:45.617626+00:00', '--job-id', '368', '--raw', '--subdir', 'DAGS_FOLDER/load_to_bigquerry.py', '--cfg-path', '/tmp/tmpitkh33uv']
[2024-05-28T13:13:11.915+0000] {standard_task_runner.py:91} INFO - Job 368: Subtask load_regions_to_bq
[2024-05-28T13:13:11.961+0000] {task_command.py:426} INFO - Running <TaskInstance: loading_to_bigquerry.load_regions_to_bq manual__2024-05-28T13:11:45.617626+00:00 [running]> on host 9b03efc10d80
[2024-05-28T13:13:12.060+0000] {taskinstance.py:2648} INFO - Exporting env vars: AIRFLOW_CTX_DAG_OWNER='ngquynh' AIRFLOW_CTX_DAG_ID='loading_to_bigquerry' AIRFLOW_CTX_TASK_ID='load_regions_to_bq' AIRFLOW_CTX_EXECUTION_DATE='2024-05-28T13:11:45.617626+00:00' AIRFLOW_CTX_TRY_NUMBER='1' AIRFLOW_CTX_DAG_RUN_ID='manual__2024-05-28T13:11:45.617626+00:00'
[2024-05-28T13:13:12.062+0000] {taskinstance.py:430} INFO - ::endgroup::
[2024-05-28T13:13:12.084+0000] {connection.py:274} WARNING - Connection schemes (type: google_cloud_platform) shall not contain '_' according to RFC3986.
[2024-05-28T13:13:12.086+0000] {base.py:84} INFO - Using connection ID 'google_cloud_default' for task execution.
[2024-05-28T13:13:12.087+0000] {gcs_to_bigquery.py:380} INFO - Using existing BigQuery table for storing data...
[2024-05-28T13:13:12.136+0000] {gcs_to_bigquery.py:384} INFO - Executing: {'load': {'autodetect': True, 'createDisposition': 'CREATE_IF_NEEDED', 'destinationTable': {'projectId': 'datawarehouse-423912', 'datasetId': 'warehouse', 'tableId': 'regions'}, 'sourceFormat': 'CSV', 'sourceUris': ['gs://warehouse8/dataupdated/regions.csv'], 'writeDisposition': 'WRITE_TRUNCATE', 'ignoreUnknownValues': True, 'schema': {'fields': [{'name': 'regionID', 'type': 'INTEGER', 'mode': 'NULLABLE'}, {'name': 'regionDescription', 'type': 'STRING', 'mode': 'NULLABLE'}]}, 'maxBadRecords': 10, 'skipLeadingRows': 1, 'fieldDelimiter': ',', 'quote': None, 'allowQuotedNewlines': False, 'encoding': 'UTF-8'}}
[2024-05-28T13:13:12.137+0000] {bigquery.py:1660} INFO - Inserting job ***_loading_to_bigquerry_load_regions_to_bq_2024_05_28T13_11_45_617626_00_00_c308f97c5caa42b4215bf126f1e8e2b6
[2024-05-28T13:13:17.325+0000] {taskinstance.py:441} INFO - ::group::Post task execution logs
[2024-05-28T13:13:17.337+0000] {taskinstance.py:1206} INFO - Marking task as SUCCESS. dag_id=loading_to_bigquerry, task_id=load_regions_to_bq, run_id=manual__2024-05-28T13:11:45.617626+00:00, execution_date=20240528T131145, start_date=20240528T131311, end_date=20240528T131317
[2024-05-28T13:13:17.385+0000] {local_task_job_runner.py:240} INFO - Task exited with return code 0
[2024-05-28T13:13:17.421+0000] {taskinstance.py:3498} INFO - 1 downstream tasks scheduled from follow-on schedule check
[2024-05-28T13:13:17.423+0000] {local_task_job_runner.py:222} INFO - ::endgroup::
