[2024-05-28T13:17:23.618+0000] {local_task_job_runner.py:120} INFO - ::group::Pre task execution logs
[2024-05-28T13:17:23.644+0000] {taskinstance.py:2076} INFO - Dependencies all met for dep_context=non-requeueable deps ti=<TaskInstance: loading_to_bigquerry.transform_dim_customer manual__2024-05-28T13:15:34.596496+00:00 [queued]>
[2024-05-28T13:17:23.661+0000] {taskinstance.py:2076} INFO - Dependencies all met for dep_context=requeueable deps ti=<TaskInstance: loading_to_bigquerry.transform_dim_customer manual__2024-05-28T13:15:34.596496+00:00 [queued]>
[2024-05-28T13:17:23.663+0000] {taskinstance.py:2306} INFO - Starting attempt 1 of 0
[2024-05-28T13:17:23.693+0000] {taskinstance.py:2330} INFO - Executing <Task(BigQueryInsertJobOperator): transform_dim_customer> on 2024-05-28 13:15:34.596496+00:00
[2024-05-28T13:17:23.704+0000] {warnings.py:110} WARNING - /home/***/.local/lib/python3.12/site-packages/***/task/task_runner/standard_task_runner.py:61: DeprecationWarning: This process (pid=2656) is multi-threaded, use of fork() may lead to deadlocks in the child.
  pid = os.fork()

[2024-05-28T13:17:23.707+0000] {standard_task_runner.py:63} INFO - Started process 2658 to run task
[2024-05-28T13:17:23.707+0000] {standard_task_runner.py:90} INFO - Running: ['***', 'tasks', 'run', 'loading_to_bigquerry', 'transform_dim_customer', 'manual__2024-05-28T13:15:34.596496+00:00', '--job-id', '386', '--raw', '--subdir', 'DAGS_FOLDER/load_to_bigquerry.py', '--cfg-path', '/tmp/tmpvn9m9_9w']
[2024-05-28T13:17:23.713+0000] {standard_task_runner.py:91} INFO - Job 386: Subtask transform_dim_customer
[2024-05-28T13:17:23.795+0000] {task_command.py:426} INFO - Running <TaskInstance: loading_to_bigquerry.transform_dim_customer manual__2024-05-28T13:15:34.596496+00:00 [running]> on host 9b03efc10d80
[2024-05-28T13:17:23.935+0000] {taskinstance.py:2648} INFO - Exporting env vars: AIRFLOW_CTX_DAG_OWNER='ngquynh' AIRFLOW_CTX_DAG_ID='loading_to_bigquerry' AIRFLOW_CTX_TASK_ID='transform_dim_customer' AIRFLOW_CTX_EXECUTION_DATE='2024-05-28T13:15:34.596496+00:00' AIRFLOW_CTX_TRY_NUMBER='1' AIRFLOW_CTX_DAG_RUN_ID='manual__2024-05-28T13:15:34.596496+00:00'
[2024-05-28T13:17:23.937+0000] {taskinstance.py:430} INFO - ::endgroup::
[2024-05-28T13:17:23.968+0000] {connection.py:274} WARNING - Connection schemes (type: google_cloud_platform) shall not contain '_' according to RFC3986.
[2024-05-28T13:17:23.971+0000] {base.py:84} INFO - Using connection ID 'google_cloud_default' for task execution.
[2024-05-28T13:17:24.036+0000] {bigquery.py:2832} INFO - Executing: {'query': {'query': '-- dây là tạo từ oltp sang olap\ncreate or replace table `datawarehouse-423912.OLAP_dataset.Dim_customer` as\nselect \ncustomerID,\ncontactName,\naddress,\ncity,\nphone,\ncountry\nfrom\n`datawarehouse-423912.warehouse.newupdated_customers`', 'useLegacySql': False}}'
[2024-05-28T13:17:24.038+0000] {bigquery.py:1660} INFO - Inserting job ***_loading_to_bigquerry_transform_dim_customer_2024_05_28T13_15_34_596496_00_00_64c84ae62858a669315d665d2584fd6a
[2024-05-28T13:17:27.705+0000] {taskinstance.py:441} INFO - ::group::Post task execution logs
[2024-05-28T13:17:27.727+0000] {taskinstance.py:1206} INFO - Marking task as SUCCESS. dag_id=loading_to_bigquerry, task_id=transform_dim_customer, run_id=manual__2024-05-28T13:15:34.596496+00:00, execution_date=20240528T131534, start_date=20240528T131723, end_date=20240528T131727
[2024-05-28T13:17:27.777+0000] {local_task_job_runner.py:240} INFO - Task exited with return code 0
[2024-05-28T13:17:27.803+0000] {taskinstance.py:3498} INFO - 0 downstream tasks scheduled from follow-on schedule check
[2024-05-28T13:17:27.806+0000] {local_task_job_runner.py:222} INFO - ::endgroup::
