[2024-05-28T06:47:14.434+0000] {local_task_job_runner.py:120} INFO - ::group::Pre task execution logs
[2024-05-28T06:47:14.484+0000] {taskinstance.py:2076} INFO - Dependencies all met for dep_context=non-requeueable deps ti=<TaskInstance: oltp_to_olap_all_transform.load_dim_orders_details manual__2024-05-28T06:46:44.375049+00:00 [queued]>
[2024-05-28T06:47:14.508+0000] {taskinstance.py:2076} INFO - Dependencies all met for dep_context=requeueable deps ti=<TaskInstance: oltp_to_olap_all_transform.load_dim_orders_details manual__2024-05-28T06:46:44.375049+00:00 [queued]>
[2024-05-28T06:47:14.510+0000] {taskinstance.py:2306} INFO - Starting attempt 1 of 0
[2024-05-28T06:47:14.560+0000] {taskinstance.py:2330} INFO - Executing <Task(BigQueryInsertJobOperator): load_dim_orders_details> on 2024-05-28 06:46:44.375049+00:00
[2024-05-28T06:47:14.597+0000] {warnings.py:110} WARNING - /home/***/.local/lib/python3.12/site-packages/***/task/task_runner/standard_task_runner.py:61: DeprecationWarning: This process (pid=270) is multi-threaded, use of fork() may lead to deadlocks in the child.
  pid = os.fork()

[2024-05-28T06:47:14.605+0000] {standard_task_runner.py:63} INFO - Started process 284 to run task
[2024-05-28T06:47:14.597+0000] {standard_task_runner.py:90} INFO - Running: ['***', 'tasks', 'run', 'oltp_to_olap_all_transform', 'load_dim_orders_details', 'manual__2024-05-28T06:46:44.375049+00:00', '--job-id', '181', '--raw', '--subdir', 'DAGS_FOLDER/oltp_olap.py', '--cfg-path', '/tmp/tmp06_xxq43']
[2024-05-28T06:47:14.615+0000] {standard_task_runner.py:91} INFO - Job 181: Subtask load_dim_orders_details
[2024-05-28T06:47:14.769+0000] {task_command.py:426} INFO - Running <TaskInstance: oltp_to_olap_all_transform.load_dim_orders_details manual__2024-05-28T06:46:44.375049+00:00 [running]> on host 9b03efc10d80
[2024-05-28T06:47:15.209+0000] {taskinstance.py:2648} INFO - Exporting env vars: AIRFLOW_CTX_DAG_OWNER='ngquynh' AIRFLOW_CTX_DAG_ID='oltp_to_olap_all_transform' AIRFLOW_CTX_TASK_ID='load_dim_orders_details' AIRFLOW_CTX_EXECUTION_DATE='2024-05-28T06:46:44.375049+00:00' AIRFLOW_CTX_TRY_NUMBER='1' AIRFLOW_CTX_DAG_RUN_ID='manual__2024-05-28T06:46:44.375049+00:00'
[2024-05-28T06:47:15.243+0000] {taskinstance.py:430} INFO - ::endgroup::
[2024-05-28T06:47:15.498+0000] {connection.py:274} WARNING - Connection schemes (type: google_cloud_platform) shall not contain '_' according to RFC3986.
[2024-05-28T06:47:15.534+0000] {base.py:84} INFO - Using connection ID 'google_cloud_default' for task execution.
[2024-05-28T06:47:15.793+0000] {bigquery.py:2832} INFO - Executing: {'query': {'query': 'create or replace table `datawarehouse-423912.OLAP_dataset.Dim_Order_details` as\nselect \n*\nfrom\n`datawarehouse-423912.warehouse.orderdetails`', 'useLegacySql': False}}'
[2024-05-28T06:47:15.799+0000] {bigquery.py:1660} INFO - Inserting job ***_oltp_to_olap_all_transform_load_dim_orders_details_2024_05_28T06_46_44_375049_00_00_101d9c152a52f4425b668877265d7e9e
[2024-05-28T06:47:19.174+0000] {taskinstance.py:441} INFO - ::group::Post task execution logs
[2024-05-28T06:47:19.199+0000] {taskinstance.py:1206} INFO - Marking task as SUCCESS. dag_id=oltp_to_olap_all_transform, task_id=load_dim_orders_details, run_id=manual__2024-05-28T06:46:44.375049+00:00, execution_date=20240528T064644, start_date=20240528T064714, end_date=20240528T064719
[2024-05-28T06:47:19.235+0000] {local_task_job_runner.py:240} INFO - Task exited with return code 0
[2024-05-28T06:47:19.255+0000] {taskinstance.py:3498} INFO - 0 downstream tasks scheduled from follow-on schedule check
[2024-05-28T06:47:19.258+0000] {local_task_job_runner.py:222} INFO - ::endgroup::
