[2024-05-28T08:54:43.593+0000] {local_task_job_runner.py:120} INFO - ::group::Pre task execution logs
[2024-05-28T08:54:43.785+0000] {taskinstance.py:2076} INFO - Dependencies all met for dep_context=non-requeueable deps ti=<TaskInstance: oltp_to_olap_all_transform.transform_dim_orders_details manual__2024-05-28T08:54:22.880138+00:00 [queued]>
[2024-05-28T08:54:43.838+0000] {taskinstance.py:2076} INFO - Dependencies all met for dep_context=requeueable deps ti=<TaskInstance: oltp_to_olap_all_transform.transform_dim_orders_details manual__2024-05-28T08:54:22.880138+00:00 [queued]>
[2024-05-28T08:54:43.855+0000] {taskinstance.py:2306} INFO - Starting attempt 1 of 0
[2024-05-28T08:54:43.910+0000] {taskinstance.py:2330} INFO - Executing <Task(BigQueryInsertJobOperator): transform_dim_orders_details> on 2024-05-28 08:54:22.880138+00:00
[2024-05-28T08:54:44.057+0000] {warnings.py:110} WARNING - /home/***/.local/lib/python3.12/site-packages/***/task/task_runner/standard_task_runner.py:61: DeprecationWarning: This process (pid=521) is multi-threaded, use of fork() may lead to deadlocks in the child.
  pid = os.fork()

[2024-05-28T08:54:44.090+0000] {standard_task_runner.py:63} INFO - Started process 529 to run task
[2024-05-28T08:54:44.089+0000] {standard_task_runner.py:90} INFO - Running: ['***', 'tasks', 'run', 'oltp_to_olap_all_transform', 'transform_dim_orders_details', 'manual__2024-05-28T08:54:22.880138+00:00', '--job-id', '203', '--raw', '--subdir', 'DAGS_FOLDER/oltp_olap.py', '--cfg-path', '/tmp/tmpbvijtj2r']
[2024-05-28T08:54:44.107+0000] {standard_task_runner.py:91} INFO - Job 203: Subtask transform_dim_orders_details
[2024-05-28T08:54:44.344+0000] {task_command.py:426} INFO - Running <TaskInstance: oltp_to_olap_all_transform.transform_dim_orders_details manual__2024-05-28T08:54:22.880138+00:00 [running]> on host 9b03efc10d80
[2024-05-28T08:54:45.065+0000] {taskinstance.py:2648} INFO - Exporting env vars: AIRFLOW_CTX_DAG_OWNER='ngquynh' AIRFLOW_CTX_DAG_ID='oltp_to_olap_all_transform' AIRFLOW_CTX_TASK_ID='transform_dim_orders_details' AIRFLOW_CTX_EXECUTION_DATE='2024-05-28T08:54:22.880138+00:00' AIRFLOW_CTX_TRY_NUMBER='1' AIRFLOW_CTX_DAG_RUN_ID='manual__2024-05-28T08:54:22.880138+00:00'
[2024-05-28T08:54:45.069+0000] {taskinstance.py:430} INFO - ::endgroup::
[2024-05-28T08:54:45.141+0000] {connection.py:274} WARNING - Connection schemes (type: google_cloud_platform) shall not contain '_' according to RFC3986.
[2024-05-28T08:54:45.150+0000] {base.py:84} INFO - Using connection ID 'google_cloud_default' for task execution.
[2024-05-28T08:54:45.316+0000] {bigquery.py:2832} INFO - Executing: {'query': {'query': 'create or replace table `datawarehouse-423912.OLAP_dataset.Dim_Order_details` as\nselect \n*\nfrom\n`datawarehouse-423912.warehouse.orderdetails`', 'useLegacySql': False}}'
[2024-05-28T08:54:45.325+0000] {bigquery.py:1660} INFO - Inserting job ***_oltp_to_olap_all_transform_transform_dim_orders_details_2024_05_28T08_54_22_880138_00_00_ba17a72fb01133bba908ccc0965ef76c
[2024-05-28T08:54:52.969+0000] {taskinstance.py:441} INFO - ::group::Post task execution logs
[2024-05-28T08:54:53.008+0000] {taskinstance.py:1206} INFO - Marking task as SUCCESS. dag_id=oltp_to_olap_all_transform, task_id=transform_dim_orders_details, run_id=manual__2024-05-28T08:54:22.880138+00:00, execution_date=20240528T085422, start_date=20240528T085443, end_date=20240528T085453
[2024-05-28T08:54:53.090+0000] {local_task_job_runner.py:240} INFO - Task exited with return code 0
[2024-05-28T08:54:53.104+0000] {local_task_job_runner.py:222} INFO - ::endgroup::
